[I 2025-06-19 20:13:11,507] Trial 31 finished with value: 0.1068337810726358 and parameters: {'learning_rate': 0.005015083778871673, 'num_leaves': 490, 'min_data_in_leaf': 421, 'lambda_l2': 0.37521868290770044, 'subsample': 0.8009764817368503, 'colsample_bytree': 0.542100680551961}. Best is trial 11 with value: 0.10686291830013028.
Early stopping, best iteration is:
[661]	training's rmse: 0.943177	valid_1's rmse: 0.991046
[I 2025-06-19 20:15:29,993] Trial 33 finished with value: 0.11807412243354738 and parameters: {'learning_rate': 0.006908030702515099, 'num_leaves': 453, 'min_data_in_leaf': 529, 'lambda_l2': 0.5774943058521932, 'subsample': 0.9393780003830385, 'colsample_bytree': 0.6482884743633488}. Best is trial 11 with value: 0.11936504261646605.
Did not meet early stopping. Best iteration is:
[1000]	training's rmse: 0.946018	valid_1's rmse: 0.987986
Training until validation scores don't improve for 10 rounds
Early stopping, best iteration is:
[379]	training's rmse: 0.968932	valid_1's rmse: 0.992357
Training until validation scores don't improve for 10 rounds
Training until validation scores don't improve for 10 rounds
Training until validation scores don't improve for 10 rounds
Early stopping, best iteration is:
[760]	training's rmse: 0.943267	valid_1's rmse: 0.990817
Training until validation scores don't improve for 10 rounds
Early stopping, best iteration is:
[696]	training's rmse: 0.956742	valid_1's rmse: 0.991862
Did not meet early stopping. Best iteration is:
[999]	training's rmse: 0.944959	valid_1's rmse: 0.991278
Training until validation scores don't improve for 10 rounds
Training until validation scores don't improve for 10 rounds
Early stopping, best iteration is:
[307]	training's rmse: 0.974019	valid_1's rmse: 0.99578
Training until validation scores don't improve for 10 rounds
Early stopping, best iteration is:
[939]	training's rmse: 0.94751	valid_1's rmse: 0.990595
Did not meet early stopping. Best iteration is:
[998]	training's rmse: 0.945076	valid_1's rmse: 0.989301
Training until validation scores don't improve for 10 rounds
Early stopping, best iteration is:
[830]	training's rmse: 0.944491	valid_1's rmse: 0.992485
[I 2025-06-19 20:49:03,019] Trial 32 finished with value: 0.10665704139110459 and parameters: {'learning_rate': 0.005215842778798323, 'num_leaves': 316, 'min_data_in_leaf': 465, 'lambda_l2': 0.39093715940290386, 'subsample': 0.8011097757848401, 'colsample_bytree': 0.5436018599408247}. Best is trial 11 with value: 0.10686291830013028.
Training until validation scores don't improve for 10 rounds
Early stopping, best iteration is:
[905]	training's rmse: 0.947892	valid_1's rmse: 0.991679
Early stopping, best iteration is:
[301]	training's rmse: 0.962327	valid_1's rmse: 0.992359
Training until validation scores don't improve for 10 rounds
Early stopping, best iteration is:
[560]	training's rmse: 0.939049	valid_1's rmse: 0.991044
Training until validation scores don't improve for 10 rounds
Early stopping, best iteration is:
[240]	training's rmse: 0.968559	valid_1's rmse: 0.995791
Training until validation scores don't improve for 10 rounds
Early stopping, best iteration is:
[359]	training's rmse: 0.95869	valid_1's rmse: 0.992977
[I 2025-06-19 21:22:20,781] Trial 33 finished with value: 0.10583683968941039 and parameters: {'learning_rate': 0.00703679030491281, 'num_leaves': 472, 'min_data_in_leaf': 512, 'lambda_l2': 0.31136013274492735, 'subsample': 0.7168662669856509, 'colsample_bytree': 0.6282888459419786}. Best is trial 11 with value: 0.10686291830013028.
Training until validation scores don't improve for 10 rounds
Early stopping, best iteration is:
[222]	training's rmse: 0.964431	valid_1's rmse: 0.992568
Training until validation scores don't improve for 10 rounds
Early stopping, best iteration is:
[255]	training's rmse: 0.960442	valid_1's rmse: 0.991609
Training until validation scores don't improve for 10 rounds
Did not meet early stopping. Best iteration is:
[1000]	training's rmse: 0.944182	valid_1's rmse: 0.989595
[I 2025-06-19 22:05:31,874] Trial 34 finished with value: 0.1292227198669475 and parameters: {'learning_rate': 0.005195124309249352, 'num_leaves': 1056, 'min_data_in_leaf': 788, 'lambda_l2': 0.22549882572618984, 'subsample': 0.9604350161867004, 'colsample_bytree': 0.6840274642366511}. Best is trial 20 with value: 0.13002762747781185.
2023q1 406
Training until validation scores don't improve for 10 rounds
Training until validation scores don't improve for 10 rounds
Early stopping, best iteration is:
[196]	training's rmse: 0.967616	valid_1's rmse: 0.995856
Training until validation scores don't improve for 10 rounds
Did not meet early stopping. Best iteration is:
[1000]	training's rmse: 0.946564	valid_1's rmse: 0.991047
[I 2025-06-19 22:10:30,143] Trial 34 finished with value: 0.11848486828901976 and parameters: {'learning_rate': 0.0051525739669746155, 'num_leaves': 871, 'min_data_in_leaf': 787, 'lambda_l2': 0.42944353617051195, 'subsample': 0.8691957454110601, 'colsample_bytree': 0.5944427574087042}. Best is trial 11 with value: 0.11936504261646605.
2023q2 662
Early stopping, best iteration is:
[497]	training's rmse: 0.94126	valid_1's rmse: 0.992528
[I 2025-06-19 22:13:53,667] Trial 34 finished with value: 0.10543528968915415 and parameters: {'learning_rate': 0.00894897949792496, 'num_leaves': 626, 'min_data_in_leaf': 629, 'lambda_l2': 0.23739739484296157, 'subsample': 0.8283390750845544, 'colsample_bytree': 0.5333099097986672}. Best is trial 11 with value: 0.10686291830013028.
2024q1 553
Completed 2023q2, Results collected.
Completed 2023q1, Results collected.
Completed 2024q1, Results collected.
Completed all folds. Results saved to pkl files.
