[I 2025-06-21 14:34:37,316] Trial 17 finished with value: 0.5412391966908021 and parameters: {'learning_rate': 0.013743281575540105, 'num_leaves': 1469, 'min_data_in_leaf': 1024, 'lambda_l2': 0.15218823499681622, 'subsample': 0.7199540063901204, 'colsample_bytree': 0.5934082707841031}. Best is trial 4 with value: 0.5452967307296768.
Early stopping, best iteration is:
[109]	training's ndcg@1000: 0.627334	valid_1's ndcg@1000: 0.489297
Training until validation scores don't improve for 10 rounds
Early stopping, best iteration is:
[74]	training's ndcg@1000: 0.545104	valid_1's ndcg@1000: 0.490059
Early stopping, best iteration is:
[102]	training's ndcg@1000: 0.525925	valid_1's ndcg@1000: 0.504245
Early stopping, best iteration is:
[143]	training's ndcg@1000: 0.595116	valid_1's ndcg@1000: 0.486088
[I 2025-06-21 14:35:00,829] Trial 17 finished with value: 0.5211485275267959 and parameters: {'learning_rate': 0.024819173442778047, 'num_leaves': 507, 'min_data_in_leaf': 1206, 'lambda_l2': 0.6618241639583862, 'subsample': 0.8106835010363014, 'colsample_bytree': 0.7477031419338074}. Best is trial 11 with value: 0.5225841810537267.
Training until validation scores don't improve for 10 rounds
Training until validation scores don't improve for 10 rounds
Early stopping, best iteration is:
[49]	training's ndcg@1000: 0.541777	valid_1's ndcg@1000: 0.506904
Training until validation scores don't improve for 10 rounds
Training until validation scores don't improve for 10 rounds
Training until validation scores don't improve for 10 rounds
Early stopping, best iteration is:
[27]	training's ndcg@1000: 0.524816	valid_1's ndcg@1000: 0.48865
Training until validation scores don't improve for 10 rounds
Early stopping, best iteration is:
[54]	training's ndcg@1000: 0.538377	valid_1's ndcg@1000: 0.485931
Early stopping, best iteration is:
[82]	training's ndcg@1000: 0.581884	valid_1's ndcg@1000: 0.545695
Training until validation scores don't improve for 10 rounds
Early stopping, best iteration is:
[82]	training's ndcg@1000: 0.559428	valid_1's ndcg@1000: 0.507552
Early stopping, best iteration is:
[66]	training's ndcg@1000: 0.601943	valid_1's ndcg@1000: 0.493249
[I 2025-06-21 14:35:57,744] Trial 17 finished with value: 0.5250558253726333 and parameters: {'learning_rate': 0.013666040412222146, 'num_leaves': 1441, 'min_data_in_leaf': 677, 'lambda_l2': 0.06019767305588797, 'subsample': 0.6836468890640497, 'colsample_bytree': 0.6119567645151368}. Best is trial 17 with value: 0.5250558253726333.
Early stopping, best iteration is:
[117]	training's ndcg@1000: 0.56163	valid_1's ndcg@1000: 0.498001
[I 2025-06-21 14:36:08,116] Trial 18 finished with value: 0.5444619318991606 and parameters: {'learning_rate': 0.0141176567370561, 'num_leaves': 804, 'min_data_in_leaf': 1938, 'lambda_l2': 0.7838284429619001, 'subsample': 0.6885816655854667, 'colsample_bytree': 0.8804602228777996}. Best is trial 14 with value: 0.5525900785421649.
Training until validation scores don't improve for 10 rounds
Training until validation scores don't improve for 10 rounds
Training until validation scores don't improve for 10 rounds
Early stopping, best iteration is:
[78]	training's ndcg@1000: 0.526292	valid_1's ndcg@1000: 0.495545
[I 2025-06-21 14:36:21,406] Trial 18 finished with value: 0.5294705602687219 and parameters: {'learning_rate': 0.005063582057657616, 'num_leaves': 244, 'min_data_in_leaf': 1902, 'lambda_l2': 0.8714779166586092, 'subsample': 0.7319193982521143, 'colsample_bytree': 0.7931962299501991}. Best is trial 13 with value: 0.5368769613001092.
Early stopping, best iteration is:
[55]	training's ndcg@1000: 0.542021	valid_1's ndcg@1000: 0.487135
Training until validation scores don't improve for 10 rounds
Training until validation scores don't improve for 10 rounds
Training until validation scores don't improve for 10 rounds
Early stopping, best iteration is:
[82]	training's ndcg@1000: 0.564618	valid_1's ndcg@1000: 0.49682
Early stopping, best iteration is:
[72]	training's ndcg@1000: 0.525504	valid_1's ndcg@1000: 0.518996
Early stopping, best iteration is:
[98]	training's ndcg@1000: 0.594117	valid_1's ndcg@1000: 0.522474
Training until validation scores don't improve for 10 rounds
Early stopping, best iteration is:
[95]	training's ndcg@1000: 0.583978	valid_1's ndcg@1000: 0.543774
Training until validation scores don't improve for 10 rounds
Early stopping, best iteration is:
[39]	training's ndcg@1000: 0.531691	valid_1's ndcg@1000: 0.475832
[I 2025-06-21 14:37:18,586] Trial 19 finished with value: 0.5133573884450869 and parameters: {'learning_rate': 0.01577859020760943, 'num_leaves': 1010, 'min_data_in_leaf': 980, 'lambda_l2': 0.39341517811769555, 'subsample': 0.9545263625748903, 'colsample_bytree': 0.5483480260596987}. Best is trial 6 with value: 0.5168964705489263.
Training until validation scores don't improve for 10 rounds
Early stopping, best iteration is:
[138]	training's ndcg@1000: 0.601364	valid_1's ndcg@1000: 0.534884
Training until validation scores don't improve for 10 rounds
Training until validation scores don't improve for 10 rounds
Early stopping, best iteration is:
[46]	training's ndcg@1000: 0.544151	valid_1's ndcg@1000: 0.492554
Training until validation scores don't improve for 10 rounds
Early stopping, best iteration is:
[19]	training's ndcg@1000: 0.572994	valid_1's ndcg@1000: 0.4931
Early stopping, best iteration is:
[23]	training's ndcg@1000: 0.551564	valid_1's ndcg@1000: 0.531706
Early stopping, best iteration is:
[96]	training's ndcg@1000: 0.53951	valid_1's ndcg@1000: 0.48953
Training until validation scores don't improve for 10 rounds
Training until validation scores don't improve for 10 rounds
Early stopping, best iteration is:
[44]	training's ndcg@1000: 0.518683	valid_1's ndcg@1000: 0.487602
Early stopping, best iteration is:
[50]	training's ndcg@1000: 0.553522	valid_1's ndcg@1000: 0.507802
Training until validation scores don't improve for 10 rounds
Training until validation scores don't improve for 10 rounds
Training until validation scores don't improve for 10 rounds
Training until validation scores don't improve for 10 rounds
Early stopping, best iteration is:
[36]	training's ndcg@1000: 0.580845	valid_1's ndcg@1000: 0.488419
[I 2025-06-21 14:38:30,138] Trial 18 finished with value: 0.5384559981709589 and parameters: {'learning_rate': 0.00787493284549963, 'num_leaves': 1379, 'min_data_in_leaf': 527, 'lambda_l2': 0.16363636866624987, 'subsample': 0.650091733107408, 'colsample_bytree': 0.7446639560157334}. Best is trial 4 with value: 0.5452967307296768.
Early stopping, best iteration is:
[116]	training's ndcg@1000: 0.610697	valid_1's ndcg@1000: 0.517565
Early stopping, best iteration is:
[36]	training's ndcg@1000: 0.526657	valid_1's ndcg@1000: 0.484562
Training until validation scores don't improve for 10 rounds
Early stopping, best iteration is:
[118]	training's ndcg@1000: 0.585596	valid_1's ndcg@1000: 0.485249
[I 2025-06-21 14:38:41,939] Trial 18 finished with value: 0.5217352393133247 and parameters: {'learning_rate': 0.023684840498777598, 'num_leaves': 379, 'min_data_in_leaf': 1278, 'lambda_l2': 0.39455244502783515, 'subsample': 0.8322436022301652, 'colsample_bytree': 0.6976435997677082}. Best is trial 11 with value: 0.5225841810537267.
Training until validation scores don't improve for 10 rounds
Early stopping, best iteration is:
[46]	training's ndcg@1000: 0.520909	valid_1's ndcg@1000: 0.484607
Training until validation scores don't improve for 10 rounds
Early stopping, best iteration is:
[101]	training's ndcg@1000: 0.590219	valid_1's ndcg@1000: 0.499226
Training until validation scores don't improve for 10 rounds
Early stopping, best iteration is:
[8]	training's ndcg@1000: 0.552142	valid_1's ndcg@1000: 0.49433
[I 2025-06-21 14:39:14,700] Trial 19 finished with value: 0.5475616041302473 and parameters: {'learning_rate': 0.023873041515694433, 'num_leaves': 329, 'min_data_in_leaf': 1284, 'lambda_l2': 0.18583503198955376, 'subsample': 0.638283076601889, 'colsample_bytree': 0.5819875393767858}. Best is trial 14 with value: 0.5525900785421649.
Training until validation scores don't improve for 10 rounds
Training until validation scores don't improve for 10 rounds
Early stopping, best iteration is:
[13]	training's ndcg@1000: 0.520036	valid_1's ndcg@1000: 0.486061
[I 2025-06-21 14:39:21,688] Trial 18 finished with value: 0.5206140815463047 and parameters: {'learning_rate': 0.010567449967548654, 'num_leaves': 1431, 'min_data_in_leaf': 1051, 'lambda_l2': 0.8469370811018582, 'subsample': 0.817845397141915, 'colsample_bytree': 0.5853701081959555}. Best is trial 17 with value: 0.5250558253726333.
Training until validation scores don't improve for 10 rounds
Early stopping, best iteration is:
[89]	training's ndcg@1000: 0.540824	valid_1's ndcg@1000: 0.506832
Early stopping, best iteration is:
[56]	training's ndcg@1000: 0.525361	valid_1's ndcg@1000: 0.485974
Early stopping, best iteration is:
[141]	training's ndcg@1000: 0.606502	valid_1's ndcg@1000: 0.549162
Training until validation scores don't improve for 10 rounds
Training until validation scores don't improve for 10 rounds
Early stopping, best iteration is:
[17]	training's ndcg@1000: 0.53562	valid_1's ndcg@1000: 0.496655
[I 2025-06-21 14:39:51,483] Trial 19 finished with value: 0.5350285558665321 and parameters: {'learning_rate': 0.028063727082111665, 'num_leaves': 1489, 'min_data_in_leaf': 1781, 'lambda_l2': 0.27526481571822214, 'subsample': 0.6512826261556051, 'colsample_bytree': 0.8973825581789581}. Best is trial 13 with value: 0.5368769613001092.
Early stopping, best iteration is:
[36]	training's ndcg@1000: 0.54821	valid_1's ndcg@1000: 0.536311
Training until validation scores don't improve for 10 rounds
Training until validation scores don't improve for 10 rounds
Training until validation scores don't improve for 10 rounds
Training until validation scores don't improve for 10 rounds
Early stopping, best iteration is:
[11]	training's ndcg@1000: 0.511212	valid_1's ndcg@1000: 0.47129
[I 2025-06-21 14:40:21,150] Trial 20 finished with value: 0.5112273554472733 and parameters: {'learning_rate': 0.014074457748901644, 'num_leaves': 913, 'min_data_in_leaf': 1286, 'lambda_l2': 0.6675019266724902, 'subsample': 0.8549133506355089, 'colsample_bytree': 0.5914342304696111}. Best is trial 6 with value: 0.5168964705489263.
Training until validation scores don't improve for 10 rounds
Early stopping, best iteration is:
[113]	training's ndcg@1000: 0.555248	valid_1's ndcg@1000: 0.496995
Training until validation scores don't improve for 10 rounds
Early stopping, best iteration is:
[24]	training's ndcg@1000: 0.547589	valid_1's ndcg@1000: 0.527958
Early stopping, best iteration is:
[126]	training's ndcg@1000: 0.603939	valid_1's ndcg@1000: 0.525825
Early stopping, best iteration is:
[54]	training's ndcg@1000: 0.638772	valid_1's ndcg@1000: 0.522903
Early stopping, best iteration is:
[85]	training's ndcg@1000: 0.56424	valid_1's ndcg@1000: 0.532807
Training until validation scores don't improve for 10 rounds
Training until validation scores don't improve for 10 rounds
Early stopping, best iteration is:
[11]	training's ndcg@1000: 0.527367	valid_1's ndcg@1000: 0.487932
Early stopping, best iteration is:
[52]	training's ndcg@1000: 0.531888	valid_1's ndcg@1000: 0.491059
Training until validation scores don't improve for 10 rounds
Training until validation scores don't improve for 10 rounds
Training until validation scores don't improve for 10 rounds
Training until validation scores don't improve for 10 rounds
Training until validation scores don't improve for 10 rounds
Early stopping, best iteration is:
[27]	training's ndcg@1000: 0.607802	valid_1's ndcg@1000: 0.483415
Early stopping, best iteration is:
[105]	training's ndcg@1000: 0.581997	valid_1's ndcg@1000: 0.510541
Training until validation scores don't improve for 10 rounds
Early stopping, best iteration is:
[41]	training's ndcg@1000: 0.545821	valid_1's ndcg@1000: 0.486256
Early stopping, best iteration is:
[162]	training's ndcg@1000: 0.633135	valid_1's ndcg@1000: 0.500344
Training until validation scores don't improve for 10 rounds
Training until validation scores don't improve for 10 rounds
Training until validation scores don't improve for 10 rounds
Early stopping, best iteration is:
[196]	training's ndcg@1000: 0.590142	valid_1's ndcg@1000: 0.486895
[I 2025-06-21 14:42:33,621] Trial 19 finished with value: 0.521470611286974 and parameters: {'learning_rate': 0.019409846142825475, 'num_leaves': 557, 'min_data_in_leaf': 1800, 'lambda_l2': 0.527145359200596, 'subsample': 0.8222612252265907, 'colsample_bytree': 0.8059259136281514}. Best is trial 11 with value: 0.5225841810537267.
Training until validation scores don't improve for 10 rounds
Early stopping, best iteration is:
[252]	training's ndcg@1000: 0.670893	valid_1's ndcg@1000: 0.518745
Early stopping, best iteration is:
[25]	training's ndcg@1000: 0.540108	valid_1's ndcg@1000: 0.486347
Early stopping, best iteration is:
[62]	training's ndcg@1000: 0.564398	valid_1's ndcg@1000: 0.49699
Early stopping, best iteration is:
[50]	training's ndcg@1000: 0.5663	valid_1's ndcg@1000: 0.489385
[I 2025-06-21 14:42:47,525] Trial 19 finished with value: 0.5423055177926291 and parameters: {'learning_rate': 0.024942214635462638, 'num_leaves': 417, 'min_data_in_leaf': 503, 'lambda_l2': 0.6536302081120842, 'subsample': 0.7198603528425502, 'colsample_bytree': 0.6495133821738861}. Best is trial 4 with value: 0.5452967307296768.
Training until validation scores don't improve for 10 rounds
Training until validation scores don't improve for 10 rounds
Training until validation scores don't improve for 10 rounds
Training until validation scores don't improve for 10 rounds
Early stopping, best iteration is:
[35]	training's ndcg@1000: 0.514213	valid_1's ndcg@1000: 0.501877
Training until validation scores don't improve for 10 rounds
Early stopping, best iteration is:
[95]	training's ndcg@1000: 0.693529	valid_1's ndcg@1000: 0.489132
Early stopping, best iteration is:
[71]	training's ndcg@1000: 0.557275	valid_1's ndcg@1000: 0.479182
Early stopping, best iteration is:
[96]	training's ndcg@1000: 0.580836	valid_1's ndcg@1000: 0.501171
[I 2025-06-21 14:43:36,675] Trial 21 finished with value: 0.5140182640693093 and parameters: {'learning_rate': 0.01638993527674488, 'num_leaves': 1996, 'min_data_in_leaf': 1379, 'lambda_l2': 0.0679136902687163, 'subsample': 0.9841547225177075, 'colsample_bytree': 0.7069348897761438}. Best is trial 6 with value: 0.5168964705489263.
[I 2025-06-21 14:43:37,068] Trial 20 finished with value: 0.5352712772443746 and parameters: {'learning_rate': 0.023910731420992773, 'num_leaves': 1219, 'min_data_in_leaf': 1740, 'lambda_l2': 0.22809278088517315, 'subsample': 0.8185355612474965, 'colsample_bytree': 0.9172007641932529}. Best is trial 13 with value: 0.5368769613001092.
Early stopping, best iteration is:
[91]	training's ndcg@1000: 0.556368	valid_1's ndcg@1000: 0.544708
Training until validation scores don't improve for 10 rounds
Training until validation scores don't improve for 10 rounds
Training until validation scores don't improve for 10 rounds
Training until validation scores don't improve for 10 rounds
Early stopping, best iteration is:
[148]	training's ndcg@1000: 0.557501	valid_1's ndcg@1000: 0.497341
Training until validation scores don't improve for 10 rounds
Early stopping, best iteration is:
[247]	training's ndcg@1000: 0.666527	valid_1's ndcg@1000: 0.504452
[I 2025-06-21 14:44:28,117] Trial 20 finished with value: 0.5483902088886475 and parameters: {'learning_rate': 0.020939025430416133, 'num_leaves': 1632, 'min_data_in_leaf': 464, 'lambda_l2': 0.9696722100836244, 'subsample': 0.8038703845135236, 'colsample_bytree': 0.8102153538562928}. Best is trial 14 with value: 0.5525900785421649.
Early stopping, best iteration is:
[103]	training's ndcg@1000: 0.552795	valid_1's ndcg@1000: 0.490451
Early stopping, best iteration is:
[98]	training's ndcg@1000: 0.565394	valid_1's ndcg@1000: 0.521612
Training until validation scores don't improve for 10 rounds
Early stopping, best iteration is:
[186]	training's ndcg@1000: 0.617125	valid_1's ndcg@1000: 0.536573
Early stopping, best iteration is:
[70]	training's ndcg@1000: 0.667877	valid_1's ndcg@1000: 0.494694
[I 2025-06-21 14:44:56,946] Trial 19 finished with value: 0.5256625571645875 and parameters: {'learning_rate': 0.0259886691404228, 'num_leaves': 1115, 'min_data_in_leaf': 522, 'lambda_l2': 0.05953095704347644, 'subsample': 0.7241246024945417, 'colsample_bytree': 0.9356064311292488}. Best is trial 19 with value: 0.5256625571645875.
Early stopping, best iteration is:
[22]	training's ndcg@1000: 0.516636	valid_1's ndcg@1000: 0.488565
Training until validation scores don't improve for 10 rounds
Training until validation scores don't improve for 10 rounds
Training until validation scores don't improve for 10 rounds
Early stopping, best iteration is:
[43]	training's ndcg@1000: 0.531069	valid_1's ndcg@1000: 0.485721
Early stopping, best iteration is:
[132]	training's ndcg@1000: 0.598466	valid_1's ndcg@1000: 0.545403
Training until validation scores don't improve for 10 rounds
Training until validation scores don't improve for 10 rounds
Training until validation scores don't improve for 10 rounds
Early stopping, best iteration is:
[20]	training's ndcg@1000: 0.510171	valid_1's ndcg@1000: 0.518334
Early stopping, best iteration is:
[71]	training's ndcg@1000: 0.563526	valid_1's ndcg@1000: 0.50925
Early stopping, best iteration is:
[55]	training's ndcg@1000: 0.529567	valid_1's ndcg@1000: 0.480818
Early stopping, best iteration is:
[81]	training's ndcg@1000: 0.566607	valid_1's ndcg@1000: 0.494155
[I 2025-06-21 14:45:45,886] Trial 20 finished with value: 0.5186009746140783 and parameters: {'learning_rate': 0.01649051638021804, 'num_leaves': 593, 'min_data_in_leaf': 1520, 'lambda_l2': 0.7843593090217079, 'subsample': 0.8693554801942474, 'colsample_bytree': 0.6933665993670193}. Best is trial 11 with value: 0.5225841810537267.
Training until validation scores don't improve for 10 rounds
Training until validation scores don't improve for 10 rounds
Early stopping, best iteration is:
[26]	training's ndcg@1000: 0.52652	valid_1's ndcg@1000: 0.485577
Training until validation scores don't improve for 10 rounds
Training until validation scores don't improve for 10 rounds
Training until validation scores don't improve for 10 rounds
Training until validation scores don't improve for 10 rounds
Early stopping, best iteration is:
[53]	training's ndcg@1000: 0.530866	valid_1's ndcg@1000: 0.488934
Early stopping, best iteration is:
[120]	training's ndcg@1000: 0.598241	valid_1's ndcg@1000: 0.537539
Early stopping, best iteration is:
[29]	training's ndcg@1000: 0.548614	valid_1's ndcg@1000: 0.495406
Early stopping, best iteration is:
[73]	training's ndcg@1000: 0.546222	valid_1's ndcg@1000: 0.507261
Early stopping, best iteration is:
[75]	training's ndcg@1000: 0.568133	valid_1's ndcg@1000: 0.489335
[I 2025-06-21 14:46:41,501] Trial 20 finished with value: 0.5384535908919437 and parameters: {'learning_rate': 0.007569549662236423, 'num_leaves': 1279, 'min_data_in_leaf': 874, 'lambda_l2': 0.23112228669203494, 'subsample': 0.6408744578527651, 'colsample_bytree': 0.8951715943470546}. Best is trial 4 with value: 0.5452967307296768.
Training until validation scores don't improve for 10 rounds
Training until validation scores don't improve for 10 rounds
Training until validation scores don't improve for 10 rounds
Training until validation scores don't improve for 10 rounds
Early stopping, best iteration is:
[64]	training's ndcg@1000: 0.537466	valid_1's ndcg@1000: 0.475772
[I 2025-06-21 14:47:05,571] Trial 22 finished with value: 0.5130010785538275 and parameters: {'learning_rate': 0.015751864267622005, 'num_leaves': 1203, 'min_data_in_leaf': 807, 'lambda_l2': 0.593087866769944, 'subsample': 0.765234478352745, 'colsample_bytree': 0.5121287977199407}. Best is trial 6 with value: 0.5168964705489263.
Early stopping, best iteration is:
[47]	training's ndcg@1000: 0.528283	valid_1's ndcg@1000: 0.48606
Training until validation scores don't improve for 10 rounds
Early stopping, best iteration is:
[35]	training's ndcg@1000: 0.548081	valid_1's ndcg@1000: 0.498764
[I 2025-06-21 14:47:13,222] Trial 21 finished with value: 0.5350028809324496 and parameters: {'learning_rate': 0.022202278724489623, 'num_leaves': 1906, 'min_data_in_leaf': 1586, 'lambda_l2': 0.2126946341554008, 'subsample': 0.6738502302737504, 'colsample_bytree': 0.7015825911201612}. Best is trial 13 with value: 0.5368769613001092.
Training until validation scores don't improve for 10 rounds
Early stopping, best iteration is:
[179]	training's ndcg@1000: 0.634597	valid_1's ndcg@1000: 0.518642
Early stopping, best iteration is:
[142]	training's ndcg@1000: 0.590737	valid_1's ndcg@1000: 0.497598
Training until validation scores don't improve for 10 rounds
Early stopping, best iteration is:
[110]	training's ndcg@1000: 0.564472	valid_1's ndcg@1000: 0.546265
Training until validation scores don't improve for 10 rounds
Early stopping, best iteration is:
[19]	training's ndcg@1000: 0.513421	valid_1's ndcg@1000: 0.484178
Early stopping, best iteration is:
[14]	training's ndcg@1000: 0.515143	valid_1's ndcg@1000: 0.486465
Training until validation scores don't improve for 10 rounds
