[I 2025-06-21 15:15:21,696] Trial 30 finished with value: 0.5164403872783793 and parameters: {'learning_rate': 0.029324812908091226, 'num_leaves': 1293, 'min_data_in_leaf': 1092, 'lambda_l2': 0.004460917691742505, 'subsample': 0.6646329867800027, 'colsample_bytree': 0.6312754123340045}. Best is trial 6 with value: 0.5168964705489263.
Early stopping, best iteration is:
[126]	training's ndcg@1000: 0.601671	valid_1's ndcg@1000: 0.516808
Training until validation scores don't improve for 10 rounds
Training until validation scores don't improve for 10 rounds
Early stopping, best iteration is:
[34]	training's ndcg@1000: 0.546411	valid_1's ndcg@1000: 0.487193
Early stopping, best iteration is:
[24]	training's ndcg@1000: 0.509122	valid_1's ndcg@1000: 0.517093
Training until validation scores don't improve for 10 rounds
Training until validation scores don't improve for 10 rounds
Early stopping, best iteration is:
[99]	training's ndcg@1000: 0.619643	valid_1's ndcg@1000: 0.501208
[I 2025-06-21 15:16:02,656] Trial 28 finished with value: 0.5350682501020673 and parameters: {'learning_rate': 0.014796477134520054, 'num_leaves': 1788, 'min_data_in_leaf': 561, 'lambda_l2': 0.15919308770480145, 'subsample': 0.6769150755998878, 'colsample_bytree': 0.7123049223212261}. Best is trial 23 with value: 0.5370032470095417.
Training until validation scores don't improve for 10 rounds
Early stopping, best iteration is:
[33]	training's ndcg@1000: 0.555899	valid_1's ndcg@1000: 0.480928
[I 2025-06-21 15:16:10,243] Trial 28 finished with value: 0.5208056128840797 and parameters: {'learning_rate': 0.021571192264225627, 'num_leaves': 1577, 'min_data_in_leaf': 610, 'lambda_l2': 0.34813619971806686, 'subsample': 0.9872924126084007, 'colsample_bytree': 0.6657825301798366}. Best is trial 11 with value: 0.5225841810537267.
Training until validation scores don't improve for 10 rounds
Early stopping, best iteration is:
[54]	training's ndcg@1000: 0.589507	valid_1's ndcg@1000: 0.492181
Training until validation scores don't improve for 10 rounds
Early stopping, best iteration is:
[68]	training's ndcg@1000: 0.554341	valid_1's ndcg@1000: 0.487899
Early stopping, best iteration is:
[48]	training's ndcg@1000: 0.526074	valid_1's ndcg@1000: 0.487325
[I 2025-06-21 15:16:33,160] Trial 28 finished with value: 0.5347817525354344 and parameters: {'learning_rate': 0.008880976649420044, 'num_leaves': 1268, 'min_data_in_leaf': 592, 'lambda_l2': 0.8337062489344763, 'subsample': 0.6080358904706059, 'colsample_bytree': 0.9782368413965346}. Best is trial 4 with value: 0.5452967307296768.
Early stopping, best iteration is:
[161]	training's ndcg@1000: 0.62046	valid_1's ndcg@1000: 0.503115
[I 2025-06-21 15:16:35,668] Trial 29 finished with value: 0.5516061714894074 and parameters: {'learning_rate': 0.02709351120324164, 'num_leaves': 1865, 'min_data_in_leaf': 1393, 'lambda_l2': 0.7033473605748316, 'subsample': 0.6574540171501485, 'colsample_bytree': 0.8425796113479977}. Best is trial 14 with value: 0.5525900785421649.
Training until validation scores don't improve for 10 rounds
Training until validation scores don't improve for 10 rounds
Early stopping, best iteration is:
[30]	training's ndcg@1000: 0.550821	valid_1's ndcg@1000: 0.528229
Training until validation scores don't improve for 10 rounds
Early stopping, best iteration is:
[69]	training's ndcg@1000: 0.545	valid_1's ndcg@1000: 0.504493
Training until validation scores don't improve for 10 rounds
Early stopping, best iteration is:
[52]	training's ndcg@1000: 0.591368	valid_1's ndcg@1000: 0.486128
Training until validation scores don't improve for 10 rounds
Training until validation scores don't improve for 10 rounds
Early stopping, best iteration is:
[11]	training's ndcg@1000: 0.513685	valid_1's ndcg@1000: 0.48307
Early stopping, best iteration is:
[59]	training's ndcg@1000: 0.546244	valid_1's ndcg@1000: 0.539618
Training until validation scores don't improve for 10 rounds
Early stopping, best iteration is:
[81]	training's ndcg@1000: 0.578569	valid_1's ndcg@1000: 0.5491
Training until validation scores don't improve for 10 rounds
Early stopping, best iteration is:
[54]	training's ndcg@1000: 0.571481	valid_1's ndcg@1000: 0.507017
Training until validation scores don't improve for 10 rounds
Training until validation scores don't improve for 10 rounds
Early stopping, best iteration is:
[9]	training's ndcg@1000: 0.513697	valid_1's ndcg@1000: 0.48561
[I 2025-06-21 15:17:55,945] Trial 28 finished with value: 0.5194764805337747 and parameters: {'learning_rate': 0.013871109566635939, 'num_leaves': 1131, 'min_data_in_leaf': 1683, 'lambda_l2': 0.8830383286354152, 'subsample': 0.8436977739824798, 'colsample_bytree': 0.6503097165050273}. Best is trial 19 with value: 0.5256625571645875.
Training until validation scores don't improve for 10 rounds
Early stopping, best iteration is:
[79]	training's ndcg@1000: 0.554521	valid_1's ndcg@1000: 0.495578
Early stopping, best iteration is:
[67]	training's ndcg@1000: 0.609308	valid_1's ndcg@1000: 0.488727
Training until validation scores don't improve for 10 rounds
Training until validation scores don't improve for 10 rounds
Early stopping, best iteration is:
[171]	training's ndcg@1000: 0.60143	valid_1's ndcg@1000: 0.538153
Training until validation scores don't improve for 10 rounds
Training until validation scores don't improve for 10 rounds
Early stopping, best iteration is:
[120]	training's ndcg@1000: 0.610172	valid_1's ndcg@1000: 0.526948
Training until validation scores don't improve for 10 rounds
Early stopping, best iteration is:
[65]	training's ndcg@1000: 0.541706	valid_1's ndcg@1000: 0.522461
Early stopping, best iteration is:
[99]	training's ndcg@1000: 0.603571	valid_1's ndcg@1000: 0.497586
Early stopping, best iteration is:
[49]	training's ndcg@1000: 0.583196	valid_1's ndcg@1000: 0.480497
[I 2025-06-21 15:19:00,175] Trial 31 finished with value: 0.5161234972304013 and parameters: {'learning_rate': 0.02972350750653972, 'num_leaves': 1395, 'min_data_in_leaf': 1087, 'lambda_l2': 0.02891029729527968, 'subsample': 0.6580379212035429, 'colsample_bytree': 0.6361486577984025}. Best is trial 6 with value: 0.5168964705489263.
Early stopping, best iteration is:
[118]	training's ndcg@1000: 0.581039	valid_1's ndcg@1000: 0.49473
Training until validation scores don't improve for 10 rounds
Training until validation scores don't improve for 10 rounds
Training until validation scores don't improve for 10 rounds
Training until validation scores don't improve for 10 rounds
Training until validation scores don't improve for 10 rounds
Early stopping, best iteration is:
[31]	training's ndcg@1000: 0.534193	valid_1's ndcg@1000: 0.486942
Training until validation scores don't improve for 10 rounds
Early stopping, best iteration is:
[182]	training's ndcg@1000: 0.611667	valid_1's ndcg@1000: 0.518041
Early stopping, best iteration is:
[69]	training's ndcg@1000: 0.583019	valid_1's ndcg@1000: 0.498928
Early stopping, best iteration is:
[149]	training's ndcg@1000: 0.630765	valid_1's ndcg@1000: 0.501946
[I 2025-06-21 15:19:55,874] Trial 29 finished with value: 0.5334455018862638 and parameters: {'learning_rate': 0.01755978732991888, 'num_leaves': 714, 'min_data_in_leaf': 562, 'lambda_l2': 0.38848775649639977, 'subsample': 0.8497143758313122, 'colsample_bytree': 0.906394180469417}. Best is trial 23 with value: 0.5370032470095417.
Early stopping, best iteration is:
[74]	training's ndcg@1000: 0.607879	valid_1's ndcg@1000: 0.492846
Training until validation scores don't improve for 10 rounds
Training until validation scores don't improve for 10 rounds
Early stopping, best iteration is:
[31]	training's ndcg@1000: 0.53339	valid_1's ndcg@1000: 0.485649
Training until validation scores don't improve for 10 rounds
Early stopping, best iteration is:
[86]	training's ndcg@1000: 0.574284	valid_1's ndcg@1000: 0.498303
Training until validation scores don't improve for 10 rounds
[I 2025-06-21 15:20:31,722] Trial 30 finished with value: 0.549097725173282 and parameters: {'learning_rate': 0.021970188113984917, 'num_leaves': 551, 'min_data_in_leaf': 1667, 'lambda_l2': 0.5456971871167129, 'subsample': 0.9944026555991508, 'colsample_bytree': 0.9033049533655064}. Best is trial 14 with value: 0.5525900785421649.
Training until validation scores don't improve for 10 rounds
Early stopping, best iteration is:
[205]	training's ndcg@1000: 0.624232	valid_1's ndcg@1000: 0.487688
[I 2025-06-21 15:20:34,033] Trial 29 finished with value: 0.5218401101005314 and parameters: {'learning_rate': 0.02195518045837234, 'num_leaves': 998, 'min_data_in_leaf': 1085, 'lambda_l2': 0.6004921908242719, 'subsample': 0.9064159134870059, 'colsample_bytree': 0.6587677851835594}. Best is trial 11 with value: 0.5225841810537267.
Early stopping, best iteration is:
[52]	training's ndcg@1000: 0.577626	valid_1's ndcg@1000: 0.490057
[I 2025-06-21 15:20:47,868] Trial 29 finished with value: 0.5429064572240436 and parameters: {'learning_rate': 0.020746092473790407, 'num_leaves': 1505, 'min_data_in_leaf': 1406, 'lambda_l2': 0.06527566895180292, 'subsample': 0.8879727395350112, 'colsample_bytree': 0.9707743314284236}. Best is trial 4 with value: 0.5452967307296768.
Early stopping, best iteration is:
[57]	training's ndcg@1000: 0.596581	valid_1's ndcg@1000: 0.487439
Training until validation scores don't improve for 10 rounds
Training until validation scores don't improve for 10 rounds
Training until validation scores don't improve for 10 rounds
Early stopping, best iteration is:
[110]	training's ndcg@1000: 0.64166	valid_1's ndcg@1000: 0.535005
Training until validation scores don't improve for 10 rounds
Training until validation scores don't improve for 10 rounds
Early stopping, best iteration is:
[92]	training's ndcg@1000: 0.559702	valid_1's ndcg@1000: 0.493461
[I 2025-06-21 15:21:32,908] Trial 29 finished with value: 0.5230526587942338 and parameters: {'learning_rate': 0.01933445232412893, 'num_leaves': 1213, 'min_data_in_leaf': 1952, 'lambda_l2': 0.2019295565449768, 'subsample': 0.8858286214319774, 'colsample_bytree': 0.907773572915781}. Best is trial 19 with value: 0.5256625571645875.
Early stopping, best iteration is:
[139]	training's ndcg@1000: 0.607027	valid_1's ndcg@1000: 0.545941
Early stopping, best iteration is:
[54]	training's ndcg@1000: 0.629008	valid_1's ndcg@1000: 0.504325
Early stopping, best iteration is:
[148]	training's ndcg@1000: 0.598072	valid_1's ndcg@1000: 0.550983
Early stopping, best iteration is:
[84]	training's ndcg@1000: 0.624287	valid_1's ndcg@1000: 0.489219
Training until validation scores don't improve for 10 rounds
Early stopping, best iteration is:
[26]	training's ndcg@1000: 0.577257	valid_1's ndcg@1000: 0.506436
Training until validation scores don't improve for 10 rounds
Training until validation scores don't improve for 10 rounds
Training until validation scores don't improve for 10 rounds
Training until validation scores don't improve for 10 rounds
Training until validation scores don't improve for 10 rounds
Early stopping, best iteration is:
[158]	training's ndcg@1000: 0.622001	valid_1's ndcg@1000: 0.538624
Training until validation scores don't improve for 10 rounds
Early stopping, best iteration is:
[52]	training's ndcg@1000: 0.584704	valid_1's ndcg@1000: 0.479759
Early stopping, best iteration is:
[43]	training's ndcg@1000: 0.640473	valid_1's ndcg@1000: 0.523389
[I 2025-06-21 15:22:50,599] Trial 32 finished with value: 0.5166463750942283 and parameters: {'learning_rate': 0.0299329915977392, 'num_leaves': 1380, 'min_data_in_leaf': 1126, 'lambda_l2': 0.024822666294658288, 'subsample': 0.6755471116808387, 'colsample_bytree': 0.6437748033034029}. Best is trial 6 with value: 0.5168964705489263.
Early stopping, best iteration is:
[87]	training's ndcg@1000: 0.673913	valid_1's ndcg@1000: 0.497767
Early stopping, best iteration is:
[168]	training's ndcg@1000: 0.613984	valid_1's ndcg@1000: 0.527178
Early stopping, best iteration is:
[73]	training's ndcg@1000: 0.621447	valid_1's ndcg@1000: 0.498928
Training until validation scores don't improve for 10 rounds
Training until validation scores don't improve for 10 rounds
Training until validation scores don't improve for 10 rounds
Training until validation scores don't improve for 10 rounds
Early stopping, best iteration is:
[30]	training's ndcg@1000: 0.562766	valid_1's ndcg@1000: 0.490767
Training until validation scores don't improve for 10 rounds
Early stopping, best iteration is:
[134]	training's ndcg@1000: 0.615069	valid_1's ndcg@1000: 0.517662
Training until validation scores don't improve for 10 rounds
Early stopping, best iteration is:
[131]	training's ndcg@1000: 0.60157	valid_1's ndcg@1000: 0.501318
Early stopping, best iteration is:
[36]	training's ndcg@1000: 0.610989	valid_1's ndcg@1000: 0.490543
Early stopping, best iteration is:
[25]	training's ndcg@1000: 0.57949	valid_1's ndcg@1000: 0.498753
[I 2025-06-21 15:24:00,611] Trial 30 finished with value: 0.5355442248229573 and parameters: {'learning_rate': 0.02277103311909684, 'num_leaves': 1600, 'min_data_in_leaf': 965, 'lambda_l2': 0.0019879408914192896, 'subsample': 0.9981616700932605, 'colsample_bytree': 0.8493662187516922}. Best is trial 23 with value: 0.5370032470095417.
Early stopping, best iteration is:
[38]	training's ndcg@1000: 0.637828	valid_1's ndcg@1000: 0.487933
Training until validation scores don't improve for 10 rounds
Training until validation scores don't improve for 10 rounds
Early stopping, best iteration is:
[39]	training's ndcg@1000: 0.577451	valid_1's ndcg@1000: 0.486294
Training until validation scores don't improve for 10 rounds
Training until validation scores don't improve for 10 rounds
Training until validation scores don't improve for 10 rounds
Early stopping, best iteration is:
[96]	training's ndcg@1000: 0.595892	valid_1's ndcg@1000: 0.50082
[I 2025-06-21 15:24:37,103] Trial 31 finished with value: 0.5518849090006721 and parameters: {'learning_rate': 0.029734961874153688, 'num_leaves': 1967, 'min_data_in_leaf': 1665, 'lambda_l2': 0.46566033634871384, 'subsample': 0.8576404858333493, 'colsample_bytree': 0.9893870343372239}. Best is trial 14 with value: 0.5525900785421649.
Early stopping, best iteration is:
[54]	training's ndcg@1000: 0.559053	valid_1's ndcg@1000: 0.489539
[I 2025-06-21 15:24:39,306] Trial 30 finished with value: 0.5432190724751196 and parameters: {'learning_rate': 0.029131517346116294, 'num_leaves': 649, 'min_data_in_leaf': 1544, 'lambda_l2': 0.6117297093791323, 'subsample': 0.9968286774796877, 'colsample_bytree': 0.6690026606357169}. Best is trial 4 with value: 0.5452967307296768.
Training until validation scores don't improve for 10 rounds
Early stopping, best iteration is:
[133]	training's ndcg@1000: 0.572592	valid_1's ndcg@1000: 0.534476
Training until validation scores don't improve for 10 rounds
Early stopping, best iteration is:
[70]	training's ndcg@1000: 0.649974	valid_1's ndcg@1000: 0.485775
[I 2025-06-21 15:25:12,258] Trial 30 finished with value: 0.5228593829614852 and parameters: {'learning_rate': 0.029495575836952448, 'num_leaves': 925, 'min_data_in_leaf': 735, 'lambda_l2': 0.012558900581815845, 'subsample': 0.6038332365240999, 'colsample_bytree': 0.8166061925943043}. Best is trial 30 with value: 0.5228593829614852.
Training until validation scores don't improve for 10 rounds
Training until validation scores don't improve for 10 rounds
Early stopping, best iteration is:
[48]	training's ndcg@1000: 0.588813	valid_1's ndcg@1000: 0.489829
Early stopping, best iteration is:
[47]	training's ndcg@1000: 0.538215	valid_1's ndcg@1000: 0.545325
Training until validation scores don't improve for 10 rounds
Early stopping, best iteration is:
[186]	training's ndcg@1000: 0.610908	valid_1's ndcg@1000: 0.546033
Training until validation scores don't improve for 10 rounds
Training until validation scores don't improve for 10 rounds
Training until validation scores don't improve for 10 rounds
Early stopping, best iteration is:
[160]	training's ndcg@1000: 0.59047	valid_1's ndcg@1000: 0.511642
Early stopping, best iteration is:
[116]	training's ndcg@1000: 0.723134	valid_1's ndcg@1000: 0.489454
Early stopping, best iteration is:
[72]	training's ndcg@1000: 0.607391	valid_1's ndcg@1000: 0.481862
[I 2025-06-21 15:26:18,469] Trial 33 finished with value: 0.5163917190486738 and parameters: {'learning_rate': 0.029919381640250937, 'num_leaves': 1408, 'min_data_in_leaf': 1130, 'lambda_l2': 0.009743393220568275, 'subsample': 0.6499097139663984, 'colsample_bytree': 0.6390973704736143}. Best is trial 6 with value: 0.5168964705489263.
Training until validation scores don't improve for 10 rounds
Early stopping, best iteration is:
[141]	training's ndcg@1000: 0.600576	valid_1's ndcg@1000: 0.527446
Early stopping, best iteration is:
[67]	training's ndcg@1000: 0.686486	valid_1's ndcg@1000: 0.504705
Training until validation scores don't improve for 10 rounds
Training until validation scores don't improve for 10 rounds
Early stopping, best iteration is:
[139]	training's ndcg@1000: 0.595658	valid_1's ndcg@1000: 0.536492
Training until validation scores don't improve for 10 rounds
Training until validation scores don't improve for 10 rounds
Early stopping, best iteration is:
[72]	training's ndcg@1000: 0.556585	valid_1's ndcg@1000: 0.497408
Training until validation scores don't improve for 10 rounds
Training until validation scores don't improve for 10 rounds
Early stopping, best iteration is:
[138]	training's ndcg@1000: 0.606211	valid_1's ndcg@1000: 0.501241
Early stopping, best iteration is:
[88]	training's ndcg@1000: 0.636677	valid_1's ndcg@1000: 0.492719
Training until validation scores don't improve for 10 rounds
Early stopping, best iteration is:
[48]	training's ndcg@1000: 0.663111	valid_1's ndcg@1000: 0.494868
Early stopping, best iteration is:
[168]	training's ndcg@1000: 0.615446	valid_1's ndcg@1000: 0.517755
Early stopping, best iteration is:
[100]	training's ndcg@1000: 0.714068	valid_1's ndcg@1000: 0.495609
[I 2025-06-21 15:27:50,128] Trial 30 finished with value: 0.5263812107516677 and parameters: {'learning_rate': 0.023088376080409874, 'num_leaves': 1381, 'min_data_in_leaf': 462, 'lambda_l2': 0.014631878014915965, 'subsample': 0.6607430216986924, 'colsample_bytree': 0.505858552770998}. Best is trial 30 with value: 0.5263812107516677.
Training until validation scores don't improve for 10 rounds
Early stopping, best iteration is:
[66]	training's ndcg@1000: 0.550151	valid_1's ndcg@1000: 0.498545
[I 2025-06-21 15:27:53,571] Trial 31 finished with value: 0.5356274778103697 and parameters: {'learning_rate': 0.026263251212570414, 'num_leaves': 1680, 'min_data_in_leaf': 1994, 'lambda_l2': 0.6137134991684134, 'subsample': 0.9730555557389997, 'colsample_bytree': 0.8491575984557209}. Best is trial 23 with value: 0.5370032470095417.
Early stopping, best iteration is:
[41]	training's ndcg@1000: 0.552189	valid_1's ndcg@1000: 0.488786
[I 2025-06-21 15:27:59,685] Trial 31 finished with value: 0.5412632195827678 and parameters: {'learning_rate': 0.02867882084667607, 'num_leaves': 519, 'min_data_in_leaf': 1480, 'lambda_l2': 0.6188869395091939, 'subsample': 0.9927794534447418, 'colsample_bytree': 0.6751746690881647}. Best is trial 4 with value: 0.5452967307296768.
Training until validation scores don't improve for 10 rounds
Training until validation scores don't improve for 10 rounds
Training until validation scores don't improve for 10 rounds
Early stopping, best iteration is:
[44]	training's ndcg@1000: 0.59753	valid_1's ndcg@1000: 0.486744
Training until validation scores don't improve for 10 rounds
Training until validation scores don't improve for 10 rounds
Training until validation scores don't improve for 10 rounds
Early stopping, best iteration is:
[26]	training's ndcg@1000: 0.630294	valid_1's ndcg@1000: 0.490489
Early stopping, best iteration is:
[136]	training's ndcg@1000: 0.602953	valid_1's ndcg@1000: 0.501234
[I 2025-06-21 15:28:48,447] Trial 32 finished with value: 0.5515808601396728 and parameters: {'learning_rate': 0.02615221376803288, 'num_leaves': 606, 'min_data_in_leaf': 1702, 'lambda_l2': 0.6243844753724923, 'subsample': 0.8517052252679084, 'colsample_bytree': 0.9901937697837931}. Best is trial 14 with value: 0.5525900785421649.
Early stopping, best iteration is:
[85]	training's ndcg@1000: 0.575878	valid_1's ndcg@1000: 0.533217
Training until validation scores don't improve for 10 rounds
Early stopping, best iteration is:
[123]	training's ndcg@1000: 0.584944	valid_1's ndcg@1000: 0.549502
Early stopping, best iteration is:
[49]	training's ndcg@1000: 0.654428	valid_1's ndcg@1000: 0.524683
Training until validation scores don't improve for 10 rounds
Training until validation scores don't improve for 10 rounds
Training until validation scores don't improve for 10 rounds
Early stopping, best iteration is:
[88]	training's ndcg@1000: 0.64468	valid_1's ndcg@1000: 0.489832
Training until validation scores don't improve for 10 rounds
Training until validation scores don't improve for 10 rounds
Early stopping, best iteration is:
[112]	training's ndcg@1000: 0.587706	valid_1's ndcg@1000: 0.54486
Early stopping, best iteration is:
[83]	training's ndcg@1000: 0.58024	valid_1's ndcg@1000: 0.50955
Early stopping, best iteration is:
[16]	training's ndcg@1000: 0.613008	valid_1's ndcg@1000: 0.485995
Early stopping, best iteration is:
[152]	training's ndcg@1000: 0.606439	valid_1's ndcg@1000: 0.526653
Training until validation scores don't improve for 10 rounds
Early stopping, best iteration is:
[113]	training's ndcg@1000: 0.746076	valid_1's ndcg@1000: 0.486599
