Loading factor data from /project/model_share/share_1/factor_data1/fac20250528/fac20250528.fea...
Loading return data from /project/model_share/share_1/label_data/label1.fea...
Loading liquid data from /project/model_share/share_1/label_data/can_trade_amt1.fea...
2023q1
[I 2025-06-25 05:54:02,806] A new study created in memory with name: LightGBM_Tuning_2023q1
Training until validation scores don't improve for 10 rounds
2023q2
[I 2025-06-25 05:55:00,836] A new study created in memory with name: LightGBM_Tuning_2023q2
Early stopping, best iteration is:
[136]	training's w_rmse: 0.935988	valid_1's w_rmse: 0.988098
Training until validation scores don't improve for 10 rounds
Training until validation scores don't improve for 10 rounds
Early stopping, best iteration is:
[34]	training's w_rmse: 0.984206	valid_1's w_rmse: 0.995074
2023q3
Early stopping, best iteration is:
[15]	training's w_rmse: 0.980807	valid_1's w_rmse: 0.994415
[I 2025-06-25 05:56:02,213] A new study created in memory with name: LightGBM_Tuning_2023q3
Training until validation scores don't improve for 10 rounds
Training until validation scores don't improve for 10 rounds
Training until validation scores don't improve for 10 rounds
Early stopping, best iteration is:
[82]	training's w_rmse: 0.952989	valid_1's w_rmse: 0.987706
2023q4
Early stopping, best iteration is:
[76]	training's w_rmse: 0.976706	valid_1's w_rmse: 0.99236
Early stopping, best iteration is:
[19]	training's w_rmse: 0.980312	valid_1's w_rmse: 0.994924
[I 2025-06-25 05:57:07,267] A new study created in memory with name: LightGBM_Tuning_2023q4
Training until validation scores don't improve for 10 rounds
Training until validation scores don't improve for 10 rounds
Training until validation scores don't improve for 10 rounds
Training until validation scores don't improve for 10 rounds
Early stopping, best iteration is:
[121]	training's w_rmse: 0.941234	valid_1's w_rmse: 0.987864
Early stopping, best iteration is:
[76]	training's w_rmse: 0.986594	valid_1's w_rmse: 0.993892
[I 2025-06-25 05:58:08,567] Trial 0 finished with value: 0.1125985420079398 and parameters: {'learning_rate': 0.06463194644861224, 'num_leaves': 765, 'min_data_in_leaf': 778, 'lambda_l2': 0.07131923900091941, 'subsample': 0.9880711507327831, 'colsample_bytree': 0.8346293287360493}. Best is trial 0 with value: 0.1125985420079398.
2024q1
[I 2025-06-25 05:58:17,823] A new study created in memory with name: LightGBM_Tuning_2024q1
Early stopping, best iteration is:
[99]	training's w_rmse: 0.946483	valid_1's w_rmse: 0.988138
Early stopping, best iteration is:
[221]	training's w_rmse: 0.958885	valid_1's w_rmse: 0.988104
Training until validation scores don't improve for 10 rounds
Training until validation scores don't improve for 10 rounds
Training until validation scores don't improve for 10 rounds
Early stopping, best iteration is:
[144]	training's w_rmse: 0.959744	valid_1's w_rmse: 0.988464
Early stopping, best iteration is:
[23]	training's w_rmse: 0.974488	valid_1's w_rmse: 0.990002
Training until validation scores don't improve for 10 rounds
Training until validation scores don't improve for 10 rounds
2024q2
[I 2025-06-25 05:59:26,758] A new study created in memory with name: LightGBM_Tuning_2024q2
Early stopping, best iteration is:
[205]	training's w_rmse: 0.977526	valid_1's w_rmse: 0.989751
Training until validation scores don't improve for 10 rounds
Training until validation scores don't improve for 10 rounds
Early stopping, best iteration is:
[13]	training's w_rmse: 0.988048	valid_1's w_rmse: 0.994944
Early stopping, best iteration is:
[105]	training's w_rmse: 0.944743	valid_1's w_rmse: 0.988268
Training until validation scores don't improve for 10 rounds
Early stopping, best iteration is:
[21]	training's w_rmse: 0.981209	valid_1's w_rmse: 0.990646
Early stopping, best iteration is:
[104]	training's w_rmse: 0.937425	valid_1's w_rmse: 0.988906
Training until validation scores don't improve for 10 rounds
Training until validation scores don't improve for 10 rounds
Early stopping, best iteration is:
[335]	training's w_rmse: 0.948315	valid_1's w_rmse: 0.987666
[I 2025-06-25 06:00:35,350] Trial 0 finished with value: 0.0959338626662923 and parameters: {'learning_rate': 0.02777943909530303, 'num_leaves': 1400, 'min_data_in_leaf': 1242, 'lambda_l2': 0.06096186350486654, 'subsample': 0.8862023673087069, 'colsample_bytree': 0.9157641949333508}. Best is trial 0 with value: 0.0959338626662923.
Training until validation scores don't improve for 10 rounds
Early stopping, best iteration is:
[149]	training's w_rmse: 0.960329	valid_1's w_rmse: 0.987847
Training until validation scores don't improve for 10 rounds
Training until validation scores don't improve for 10 rounds
Early stopping, best iteration is:
[28]	training's w_rmse: 0.977716	valid_1's w_rmse: 0.990607
Early stopping, best iteration is:
[17]	training's w_rmse: 0.978661	valid_1's w_rmse: 0.994042
Early stopping, best iteration is:
[61]	training's w_rmse: 0.959232	valid_1's w_rmse: 0.99241
[I 2025-06-25 06:01:10,076] Trial 0 finished with value: 0.09434005529405001 and parameters: {'learning_rate': 0.04171564539298382, 'num_leaves': 1243, 'min_data_in_leaf': 460, 'lambda_l2': 0.5658576273033817, 'subsample': 0.6945650397212015, 'colsample_bytree': 0.6923686256997776}. Best is trial 0 with value: 0.09434005529405001.
Training until validation scores don't improve for 10 rounds
Training until validation scores don't improve for 10 rounds
Early stopping, best iteration is:
[10]	training's w_rmse: 0.978526	valid_1's w_rmse: 0.994617
Training until validation scores don't improve for 10 rounds
Early stopping, best iteration is:
[24]	training's w_rmse: 0.97947	valid_1's w_rmse: 0.991854
Training until validation scores don't improve for 10 rounds
Early stopping, best iteration is:
[144]	training's w_rmse: 0.960882	valid_1's w_rmse: 0.987793
[I 2025-06-25 06:01:48,461] Trial 1 finished with value: 0.1089597137940668 and parameters: {'learning_rate': 0.0622418630800949, 'num_leaves': 1756, 'min_data_in_leaf': 1975, 'lambda_l2': 0.30056673187007765, 'subsample': 0.8838633259987536, 'colsample_bytree': 0.5160744041989642}. Best is trial 0 with value: 0.1125985420079398.
Training until validation scores don't improve for 10 rounds
Early stopping, best iteration is:
[53]	training's w_rmse: 0.960313	valid_1's w_rmse: 0.987482
Training until validation scores don't improve for 10 rounds
[I 2025-06-25 06:02:00,473] Trial 0 finished with value: 0.08595282712336308 and parameters: {'learning_rate': 0.0681027068227496, 'num_leaves': 467, 'min_data_in_leaf': 719, 'lambda_l2': 0.44491629974581104, 'subsample': 0.6221997968265068, 'colsample_bytree': 0.8752603081884904}. Best is trial 0 with value: 0.08595282712336308.
Early stopping, best iteration is:
[594]	training's w_rmse: 0.961783	valid_1's w_rmse: 0.987845
Early stopping, best iteration is:
[30]	training's w_rmse: 0.987634	valid_1's w_rmse: 0.995562
Early stopping, best iteration is:
[20]	training's w_rmse: 0.968622	valid_1's w_rmse: 0.992217
Training until validation scores don't improve for 10 rounds
Training until validation scores don't improve for 10 rounds
Early stopping, best iteration is:
[54]	training's w_rmse: 0.97104	valid_1's w_rmse: 0.987915
[I 2025-06-25 06:02:31,546] Trial 0 finished with value: 0.07982435706163082 and parameters: {'learning_rate': 0.07963749783699786, 'num_leaves': 1043, 'min_data_in_leaf': 1881, 'lambda_l2': 0.12059622108219437, 'subsample': 0.7336117086958316, 'colsample_bytree': 0.7723003507459494}. Best is trial 0 with value: 0.07982435706163082.
Training until validation scores don't improve for 10 rounds
Training until validation scores don't improve for 10 rounds
Early stopping, best iteration is:
[106]	training's w_rmse: 0.956438	valid_1's w_rmse: 0.988548
Training until validation scores don't improve for 10 rounds
Training until validation scores don't improve for 10 rounds
Early stopping, best iteration is:
[23]	training's w_rmse: 0.981693	valid_1's w_rmse: 0.99072
Training until validation scores don't improve for 10 rounds
Early stopping, best iteration is:
[36]	training's w_rmse: 0.954243	valid_1's w_rmse: 0.988887
Training until validation scores don't improve for 10 rounds
Early stopping, best iteration is:
[9]	training's w_rmse: 0.987128	valid_1's w_rmse: 0.995151
Early stopping, best iteration is:
[66]	training's w_rmse: 0.972294	valid_1's w_rmse: 0.989947
Training until validation scores don't improve for 10 rounds
Early stopping, best iteration is:
[169]	training's w_rmse: 0.970382	valid_1's w_rmse: 0.989013
Training until validation scores don't improve for 10 rounds
Early stopping, best iteration is:
[171]	training's w_rmse: 0.948987	valid_1's w_rmse: 0.989381
Training until validation scores don't improve for 10 rounds
Early stopping, best iteration is:
[46]	training's w_rmse: 0.950648	valid_1's w_rmse: 0.988767
Training until validation scores don't improve for 10 rounds
[I 2025-06-25 06:04:09,592] Trial 1 finished with value: 0.0942550866097676 and parameters: {'learning_rate': 0.08125882356078379, 'num_leaves': 1099, 'min_data_in_leaf': 429, 'lambda_l2': 0.24382616283412273, 'subsample': 0.7046970162013939, 'colsample_bytree': 0.8785548146775097}. Best is trial 0 with value: 0.0959338626662923.
Early stopping, best iteration is:
[97]	training's w_rmse: 0.959409	valid_1's w_rmse: 0.988323
Training until validation scores don't improve for 10 rounds
Early stopping, best iteration is:
[519]	training's w_rmse: 0.963395	valid_1's w_rmse: 0.990025
[I 2025-06-25 06:04:40,643] Trial 0 finished with value: 0.08667096037630576 and parameters: {'learning_rate': 0.011167131432598863, 'num_leaves': 1070, 'min_data_in_leaf': 1786, 'lambda_l2': 0.08606899918585775, 'subsample': 0.9216484451171751, 'colsample_bytree': 0.7640283180874421}. Best is trial 0 with value: 0.08667096037630576.
Training until validation scores don't improve for 10 rounds
Early stopping, best iteration is:
[17]	training's w_rmse: 0.984026	valid_1's w_rmse: 0.99432
Early stopping, best iteration is:
[133]	training's w_rmse: 0.958319	valid_1's w_rmse: 0.989416
Training until validation scores don't improve for 10 rounds
Training until validation scores don't improve for 10 rounds
Early stopping, best iteration is:
[147]	training's w_rmse: 0.972793	valid_1's w_rmse: 0.988851
Early stopping, best iteration is:
[30]	training's w_rmse: 0.981615	valid_1's w_rmse: 0.994719
Training until validation scores don't improve for 10 rounds
Early stopping, best iteration is:
[88]	training's w_rmse: 0.961504	valid_1's w_rmse: 0.988485
[I 2025-06-25 06:05:23,496] Trial 2 finished with value: 0.10813061843748659 and parameters: {'learning_rate': 0.0955615254484693, 'num_leaves': 1735, 'min_data_in_leaf': 1888, 'lambda_l2': 0.6928573183765249, 'subsample': 0.8860170056161476, 'colsample_bytree': 0.8935287962551168}. Best is trial 0 with value: 0.1125985420079398.
Training until validation scores don't improve for 10 rounds
Training until validation scores don't improve for 10 rounds
Early stopping, best iteration is:
[18]	training's w_rmse: 0.981291	valid_1's w_rmse: 0.993237
Early stopping, best iteration is:
[83]	training's w_rmse: 0.966949	valid_1's w_rmse: 0.987265
[I 2025-06-25 06:05:46,763] Trial 1 finished with value: 0.0830857373369922 and parameters: {'learning_rate': 0.06649574529393003, 'num_leaves': 1048, 'min_data_in_leaf': 1897, 'lambda_l2': 0.9620015123581919, 'subsample': 0.6087589427793555, 'colsample_bytree': 0.5840807958591132}. Best is trial 0 with value: 0.08595282712336308.
Early stopping, best iteration is:
[60]	training's w_rmse: 0.973432	valid_1's w_rmse: 0.990983
Training until validation scores don't improve for 10 rounds
Training until validation scores don't improve for 10 rounds
Training until validation scores don't improve for 10 rounds
Training until validation scores don't improve for 10 rounds
Early stopping, best iteration is:
[38]	training's w_rmse: 0.969467	valid_1's w_rmse: 0.989501
Training until validation scores don't improve for 10 rounds
Training until validation scores don't improve for 10 rounds
Early stopping, best iteration is:
[53]	training's w_rmse: 0.975556	valid_1's w_rmse: 0.99201
Early stopping, best iteration is:
[16]	training's w_rmse: 0.981555	valid_1's w_rmse: 0.990885
Early stopping, best iteration is:
[159]	training's w_rmse: 0.952601	valid_1's w_rmse: 0.987771
Early stopping, best iteration is:
[106]	training's w_rmse: 0.975494	valid_1's w_rmse: 0.992745
[I 2025-06-25 06:06:46,301] Trial 1 finished with value: 0.08710476546317394 and parameters: {'learning_rate': 0.02579908205062051, 'num_leaves': 725, 'min_data_in_leaf': 1556, 'lambda_l2': 0.2684154989868468, 'subsample': 0.6044954018845999, 'colsample_bytree': 0.9814251231852713}. Best is trial 0 with value: 0.09434005529405001.
Training until validation scores don't improve for 10 rounds
Training until validation scores don't improve for 10 rounds
Early stopping, best iteration is:
[124]	training's w_rmse: 0.961343	valid_1's w_rmse: 0.986994
[I 2025-06-25 06:07:08,034] Trial 1 finished with value: 0.08566518807953855 and parameters: {'learning_rate': 0.028575432592739976, 'num_leaves': 1542, 'min_data_in_leaf': 815, 'lambda_l2': 0.8134228571788537, 'subsample': 0.6579226436458723, 'colsample_bytree': 0.6439903694545486}. Best is trial 1 with value: 0.08566518807953855.
Training until validation scores don't improve for 10 rounds
Training until validation scores don't improve for 10 rounds
Training until validation scores don't improve for 10 rounds
Early stopping, best iteration is:
[18]	training's w_rmse: 0.984658	valid_1's w_rmse: 0.994715
Early stopping, best iteration is:
[95]	training's w_rmse: 0.954225	valid_1's w_rmse: 0.989858
Early stopping, best iteration is:
[10]	training's w_rmse: 0.98464	valid_1's w_rmse: 0.995318
Early stopping, best iteration is:
[154]	training's w_rmse: 0.927433	valid_1's w_rmse: 0.987627
Early stopping, best iteration is:
[147]	training's w_rmse: 0.956863	valid_1's w_rmse: 0.988059
Training until validation scores don't improve for 10 rounds
Early stopping, best iteration is:
[21]	training's w_rmse: 0.980258	valid_1's w_rmse: 0.990846
Training until validation scores don't improve for 10 rounds
Training until validation scores don't improve for 10 rounds
Training until validation scores don't improve for 10 rounds
Early stopping, best iteration is:
[10]	training's w_rmse: 0.98553	valid_1's w_rmse: 0.994377
Early stopping, best iteration is:
[59]	training's w_rmse: 0.958393	valid_1's w_rmse: 0.988832
Training until validation scores don't improve for 10 rounds
Training until validation scores don't improve for 10 rounds
Training until validation scores don't improve for 10 rounds
Early stopping, best iteration is:
[156]	training's w_rmse: 0.953155	valid_1's w_rmse: 0.98728
Early stopping, best iteration is:
[26]	training's w_rmse: 0.977295	valid_1's w_rmse: 0.990598
Early stopping, best iteration is:
[47]	training's w_rmse: 0.966048	valid_1's w_rmse: 0.990237
[I 2025-06-25 06:08:44,300] Trial 1 finished with value: 0.09043592010749207 and parameters: {'learning_rate': 0.048768883983859763, 'num_leaves': 590, 'min_data_in_leaf': 551, 'lambda_l2': 0.5830396203241627, 'subsample': 0.9736124921650493, 'colsample_bytree': 0.5092511567595488}. Best is trial 1 with value: 0.09043592010749207.
Training until validation scores don't improve for 10 rounds
Training until validation scores don't improve for 10 rounds
Early stopping, best iteration is:
[48]	training's w_rmse: 0.97001	valid_1's w_rmse: 0.987238
[I 2025-06-25 06:08:59,856] Trial 2 finished with value: 0.08230127956538587 and parameters: {'learning_rate': 0.09545967432535836, 'num_leaves': 1554, 'min_data_in_leaf': 1850, 'lambda_l2': 0.8854584540217375, 'subsample': 0.7049659871656737, 'colsample_bytree': 0.5756326173878031}. Best is trial 0 with value: 0.08595282712336308.
Early stopping, best iteration is:
[192]	training's w_rmse: 0.951947	valid_1's w_rmse: 0.988009
Training until validation scores don't improve for 10 rounds
Training until validation scores don't improve for 10 rounds
[I 2025-06-25 06:09:09,959] Trial 2 finished with value: 0.09587648529415893 and parameters: {'learning_rate': 0.03139131743924212, 'num_leaves': 963, 'min_data_in_leaf': 829, 'lambda_l2': 0.04228163416002817, 'subsample': 0.7919716498072953, 'colsample_bytree': 0.8885375296527738}. Best is trial 0 with value: 0.0959338626662923.
Early stopping, best iteration is:
[52]	training's w_rmse: 0.961295	valid_1's w_rmse: 0.988922
Early stopping, best iteration is:
[20]	training's w_rmse: 0.980383	valid_1's w_rmse: 0.991658
Training until validation scores don't improve for 10 rounds
Early stopping, best iteration is:
[24]	training's w_rmse: 0.984541	valid_1's w_rmse: 0.993945
Training until validation scores don't improve for 10 rounds
Training until validation scores don't improve for 10 rounds
Training until validation scores don't improve for 10 rounds
Training until validation scores don't improve for 10 rounds
Early stopping, best iteration is:
[236]	training's w_rmse: 0.940393	valid_1's w_rmse: 0.987356
[I 2025-06-25 06:09:59,724] Trial 3 finished with value: 0.11322911607311086 and parameters: {'learning_rate': 0.05244126530415246, 'num_leaves': 1186, 'min_data_in_leaf': 1263, 'lambda_l2': 0.7020502743718884, 'subsample': 0.8996553743616629, 'colsample_bytree': 0.5575397815887335}. Best is trial 3 with value: 0.11322911607311086.
Early stopping, best iteration is:
[38]	training's w_rmse: 0.966364	valid_1's w_rmse: 0.992859
[I 2025-06-25 06:10:02,258] Trial 2 finished with value: 0.0895455740225265 and parameters: {'learning_rate': 0.07236665013730699, 'num_leaves': 1536, 'min_data_in_leaf': 706, 'lambda_l2': 0.5019406462635206, 'subsample': 0.6111314524977196, 'colsample_bytree': 0.5182354148644811}. Best is trial 0 with value: 0.09434005529405001.
Early stopping, best iteration is:
[65]	training's w_rmse: 0.986702	valid_1's w_rmse: 0.995219
Training until validation scores don't improve for 10 rounds
Early stopping, best iteration is:
[70]	training's w_rmse: 0.964896	valid_1's w_rmse: 0.987674
[I 2025-06-25 06:10:11,192] Trial 2 finished with value: 0.08005539467932617 and parameters: {'learning_rate': 0.07841429121208347, 'num_leaves': 1546, 'min_data_in_leaf': 1613, 'lambda_l2': 0.07831958974800113, 'subsample': 0.8860206990771182, 'colsample_bytree': 0.7296362638025875}. Best is trial 1 with value: 0.08566518807953855.
Early stopping, best iteration is:
[47]	training's w_rmse: 0.978324	valid_1's w_rmse: 0.990048
Training until validation scores don't improve for 10 rounds
Training until validation scores don't improve for 10 rounds
Training until validation scores don't improve for 10 rounds
Early stopping, best iteration is:
[8]	training's w_rmse: 0.98763	valid_1's w_rmse: 0.9957
Training until validation scores don't improve for 10 rounds
Early stopping, best iteration is:
[117]	training's w_rmse: 0.966458	valid_1's w_rmse: 0.989413
Training until validation scores don't improve for 10 rounds
Early stopping, best iteration is:
[64]	training's w_rmse: 0.943825	valid_1's w_rmse: 0.988501
Early stopping, best iteration is:
[153]	training's w_rmse: 0.980114	valid_1's w_rmse: 0.992498
Training until validation scores don't improve for 10 rounds
Early stopping, best iteration is:
[28]	training's w_rmse: 0.976144	valid_1's w_rmse: 0.989786
Early stopping, best iteration is:
[149]	training's w_rmse: 0.960685	valid_1's w_rmse: 0.988261
Early stopping, best iteration is:
[111]	training's w_rmse: 0.968052	valid_1's w_rmse: 0.989785
Training until validation scores don't improve for 10 rounds
Training until validation scores don't improve for 10 rounds
Training until validation scores don't improve for 10 rounds
Early stopping, best iteration is:
[10]	training's w_rmse: 0.979413	valid_1's w_rmse: 0.994376
Training until validation scores don't improve for 10 rounds
Training until validation scores don't improve for 10 rounds
Training until validation scores don't improve for 10 rounds
Early stopping, best iteration is:
[71]	training's w_rmse: 0.957331	valid_1's w_rmse: 0.989305
Early stopping, best iteration is:
[83]	training's w_rmse: 0.970132	valid_1's w_rmse: 0.990499
[I 2025-06-25 06:12:33,744] Trial 2 finished with value: 0.08500907982149494 and parameters: {'learning_rate': 0.042413033458989544, 'num_leaves': 1671, 'min_data_in_leaf': 1622, 'lambda_l2': 0.3453382641506689, 'subsample': 0.9571484548372737, 'colsample_bytree': 0.9094358014083483}. Best is trial 1 with value: 0.09043592010749207.
Training until validation scores don't improve for 10 rounds
Early stopping, best iteration is:
[64]	training's w_rmse: 0.941879	valid_1's w_rmse: 0.988139
Training until validation scores don't improve for 10 rounds
Training until validation scores don't improve for 10 rounds
Early stopping, best iteration is:
[392]	training's w_rmse: 0.968052	valid_1's w_rmse: 0.988322
Early stopping, best iteration is:
[52]	training's w_rmse: 0.963421	valid_1's w_rmse: 0.992856
