[I 2025-06-21 10:25:33,643] Trial 33 finished with value: 0.5213941377583959 and parameters: {'learning_rate': 0.02797399411322671, 'num_leaves': 1808, 'min_data_in_leaf': 1758, 'lambda_l2': 0.09204117294950598, 'subsample': 0.7344505471904887, 'colsample_bytree': 0.8524020029928503}. Best is trial 4 with value: 0.5230962823888797.
Training until validation scores don't improve for 10 rounds
Early stopping, best iteration is:
[26]	training's ndcg@1000: 0.539984	valid_1's ndcg@1000: 0.544375
Training until validation scores don't improve for 10 rounds
Early stopping, best iteration is:
[70]	training's ndcg@1000: 0.667318	valid_1's ndcg@1000: 0.511164
Training until validation scores don't improve for 10 rounds
Early stopping, best iteration is:
[54]	training's ndcg@1000: 0.547562	valid_1's ndcg@1000: 0.50665
Early stopping, best iteration is:
[66]	training's ndcg@1000: 0.697385	valid_1's ndcg@1000: 0.52268
Training until validation scores don't improve for 10 rounds
Early stopping, best iteration is:
[193]	training's ndcg@1000: 0.605486	valid_1's ndcg@1000: 0.539421
Training until validation scores don't improve for 10 rounds
Training until validation scores don't improve for 10 rounds
Training until validation scores don't improve for 10 rounds
Training until validation scores don't improve for 10 rounds
Early stopping, best iteration is:
[81]	training's ndcg@1000: 0.563387	valid_1's ndcg@1000: 0.497172
Early stopping, best iteration is:
[191]	training's ndcg@1000: 0.646633	valid_1's ndcg@1000: 0.529762
Early stopping, best iteration is:
[31]	training's ndcg@1000: 0.648919	valid_1's ndcg@1000: 0.482816
Early stopping, best iteration is:
[82]	training's ndcg@1000: 0.687089	valid_1's ndcg@1000: 0.499525
Training until validation scores don't improve for 10 rounds
Early stopping, best iteration is:
[133]	training's ndcg@1000: 0.588348	valid_1's ndcg@1000: 0.514882
Training until validation scores don't improve for 10 rounds
Early stopping, best iteration is:
[71]	training's ndcg@1000: 0.561443	valid_1's ndcg@1000: 0.494266
Training until validation scores don't improve for 10 rounds
Training until validation scores don't improve for 10 rounds
Early stopping, best iteration is:
[61]	training's ndcg@1000: 0.578323	valid_1's ndcg@1000: 0.497943
Training until validation scores don't improve for 10 rounds
Early stopping, best iteration is:
[25]	training's ndcg@1000: 0.549395	valid_1's ndcg@1000: 0.495081
Training until validation scores don't improve for 10 rounds
[I 2025-06-21 10:29:13,003] Trial 30 finished with value: 0.5499595610792054 and parameters: {'learning_rate': 0.018650257713273898, 'num_leaves': 912, 'min_data_in_leaf': 1689, 'lambda_l2': 0.3768394418794999, 'subsample': 0.8543729440635536, 'colsample_bytree': 0.7653814673137063}. Best is trial 20 with value: 0.5532878817055384.
Early stopping, best iteration is:
[40]	training's ndcg@1000: 0.548349	valid_1's ndcg@1000: 0.481416
Early stopping, best iteration is:
[40]	training's ndcg@1000: 0.633136	valid_1's ndcg@1000: 0.499228
[I 2025-06-21 10:29:26,033] Trial 34 finished with value: 0.5207191725202781 and parameters: {'learning_rate': 0.014561461888577244, 'num_leaves': 1917, 'min_data_in_leaf': 1471, 'lambda_l2': 0.017831166250051655, 'subsample': 0.6909902953771238, 'colsample_bytree': 0.5475111888006061}. Best is trial 4 with value: 0.5230962823888797.
2024q1 70
[I 2025-06-21 10:29:26,075] Trial 31 finished with value: 0.5365408796946496 and parameters: {'learning_rate': 0.026850393397306698, 'num_leaves': 1261, 'min_data_in_leaf': 446, 'lambda_l2': 0.0819444683752569, 'subsample': 0.7104287900107479, 'colsample_bytree': 0.6262988025060805}. Best is trial 30 with value: 0.5379662066714672.
Training until validation scores don't improve for 10 rounds
Early stopping, best iteration is:
[62]	training's ndcg@1000: 0.69884	valid_1's ndcg@1000: 0.48914
Training until validation scores don't improve for 10 rounds
Early stopping, best iteration is:
[49]	training's ndcg@1000: 0.570023	valid_1's ndcg@1000: 0.489567
[I 2025-06-21 10:29:55,018] Trial 34 finished with value: 0.5411403433323378 and parameters: {'learning_rate': 0.025689788759432217, 'num_leaves': 316, 'min_data_in_leaf': 896, 'lambda_l2': 0.19799228644524683, 'subsample': 0.7289973738148227, 'colsample_bytree': 0.5555602324020648}. Best is trial 0 with value: 0.5442122638226504.
2023q2 139
Training until validation scores don't improve for 10 rounds
Training until validation scores don't improve for 10 rounds
Early stopping, best iteration is:
[155]	training's ndcg@1000: 0.595394	valid_1's ndcg@1000: 0.54539
Completed 2024q1, Results collected.
Early stopping, best iteration is:
[58]	training's ndcg@1000: 0.656693	valid_1's ndcg@1000: 0.532195
Early stopping, best iteration is:
[63]	training's ndcg@1000: 0.702359	valid_1's ndcg@1000: 0.493276
Training until validation scores don't improve for 10 rounds
[I 2025-06-21 10:31:20,179] Trial 31 finished with value: 0.5257982836400613 and parameters: {'learning_rate': 0.026830541258273242, 'num_leaves': 1613, 'min_data_in_leaf': 413, 'lambda_l2': 0.009007204719072494, 'subsample': 0.6026421704444549, 'colsample_bytree': 0.9288820223384223}. Best is trial 30 with value: 0.52585760587302.
Completed 2023q2, Results collected.
Training until validation scores don't improve for 10 rounds
Training until validation scores don't improve for 10 rounds
Early stopping, best iteration is:
[171]	training's ndcg@1000: 0.609702	valid_1's ndcg@1000: 0.538479
Training until validation scores don't improve for 10 rounds
Early stopping, best iteration is:
[67]	training's ndcg@1000: 0.672657	valid_1's ndcg@1000: 0.509537
Early stopping, best iteration is:
[37]	training's ndcg@1000: 0.551016	valid_1's ndcg@1000: 0.509258
Early stopping, best iteration is:
[56]	training's ndcg@1000: 0.6931	valid_1's ndcg@1000: 0.522171
Training until validation scores don't improve for 10 rounds
Training until validation scores don't improve for 10 rounds
Training until validation scores don't improve for 10 rounds
Early stopping, best iteration is:
[153]	training's ndcg@1000: 0.610386	valid_1's ndcg@1000: 0.502055
[I 2025-06-21 10:34:00,903] Trial 31 finished with value: 0.549904754444196 and parameters: {'learning_rate': 0.02498306553200012, 'num_leaves': 1801, 'min_data_in_leaf': 1995, 'lambda_l2': 0.38518063777802747, 'subsample': 0.8193709014254691, 'colsample_bytree': 0.8976753026405159}. Best is trial 20 with value: 0.5532878817055384.
Early stopping, best iteration is:
[37]	training's ndcg@1000: 0.66371	valid_1's ndcg@1000: 0.481928
Training until validation scores don't improve for 10 rounds
Early stopping, best iteration is:
[71]	training's ndcg@1000: 0.682731	valid_1's ndcg@1000: 0.49937
Training until validation scores don't improve for 10 rounds
Early stopping, best iteration is:
[31]	training's ndcg@1000: 0.661191	valid_1's ndcg@1000: 0.487914
Training until validation scores don't improve for 10 rounds
Early stopping, best iteration is:
[139]	training's ndcg@1000: 0.657438	valid_1's ndcg@1000: 0.544972
Training until validation scores don't improve for 10 rounds
Training until validation scores don't improve for 10 rounds
Early stopping, best iteration is:
[79]	training's ndcg@1000: 0.68985	valid_1's ndcg@1000: 0.500964
[I 2025-06-21 10:36:40,963] Trial 32 finished with value: 0.5370981480182917 and parameters: {'learning_rate': 0.02825386079520616, 'num_leaves': 960, 'min_data_in_leaf': 545, 'lambda_l2': 0.01343725736168237, 'subsample': 0.7440872324979767, 'colsample_bytree': 0.648471754729335}. Best is trial 30 with value: 0.5379662066714672.
Early stopping, best iteration is:
[50]	training's ndcg@1000: 0.692262	valid_1's ndcg@1000: 0.493599
[I 2025-06-21 10:36:46,999] Trial 32 finished with value: 0.5251165071289596 and parameters: {'learning_rate': 0.029830788428452167, 'num_leaves': 1306, 'min_data_in_leaf': 402, 'lambda_l2': 0.010633114310398461, 'subsample': 0.6056967112858299, 'colsample_bytree': 0.9265038591667072}. Best is trial 30 with value: 0.52585760587302.
Training until validation scores don't improve for 10 rounds
Training until validation scores don't improve for 10 rounds
Early stopping, best iteration is:
[153]	training's ndcg@1000: 0.671254	valid_1's ndcg@1000: 0.539664
Early stopping, best iteration is:
[44]	training's ndcg@1000: 0.62237	valid_1's ndcg@1000: 0.523224
Training until validation scores don't improve for 10 rounds
Early stopping, best iteration is:
[82]	training's ndcg@1000: 0.649502	valid_1's ndcg@1000: 0.533687
Training until validation scores don't improve for 10 rounds
Early stopping, best iteration is:
[34]	training's ndcg@1000: 0.612612	valid_1's ndcg@1000: 0.484228
Training until validation scores don't improve for 10 rounds
Early stopping, best iteration is:
[188]	training's ndcg@1000: 0.699659	valid_1's ndcg@1000: 0.518261
Training until validation scores don't improve for 10 rounds
Early stopping, best iteration is:
[60]	training's ndcg@1000: 0.63004	valid_1's ndcg@1000: 0.510093
Training until validation scores don't improve for 10 rounds
Training until validation scores don't improve for 10 rounds
Early stopping, best iteration is:
[81]	training's ndcg@1000: 0.676569	valid_1's ndcg@1000: 0.488493
Early stopping, best iteration is:
[100]	training's ndcg@1000: 0.640925	valid_1's ndcg@1000: 0.502096
[I 2025-06-21 10:40:47,904] Trial 32 finished with value: 0.5530049654790667 and parameters: {'learning_rate': 0.028664967287063088, 'num_leaves': 1685, 'min_data_in_leaf': 510, 'lambda_l2': 0.5313991951740399, 'subsample': 0.9142589969489922, 'colsample_bytree': 0.854576278167628}. Best is trial 20 with value: 0.5532878817055384.
Training until validation scores don't improve for 10 rounds
Training until validation scores don't improve for 10 rounds
Early stopping, best iteration is:
[69]	training's ndcg@1000: 0.645177	valid_1's ndcg@1000: 0.498834
Early stopping, best iteration is:
[27]	training's ndcg@1000: 0.547025	valid_1's ndcg@1000: 0.537608
Training until validation scores don't improve for 10 rounds
Training until validation scores don't improve for 10 rounds
Early stopping, best iteration is:
[74]	training's ndcg@1000: 0.66924	valid_1's ndcg@1000: 0.494144
[I 2025-06-21 10:42:10,774] Trial 33 finished with value: 0.5254402417426742 and parameters: {'learning_rate': 0.027937630778915763, 'num_leaves': 1533, 'min_data_in_leaf': 535, 'lambda_l2': 0.07773467316309, 'subsample': 0.6023493280478589, 'colsample_bytree': 0.9208072197130887}. Best is trial 30 with value: 0.52585760587302.
Early stopping, best iteration is:
[41]	training's ndcg@1000: 0.56129	valid_1's ndcg@1000: 0.53199
Early stopping, best iteration is:
[36]	training's ndcg@1000: 0.607149	valid_1's ndcg@1000: 0.4984
[I 2025-06-21 10:42:38,206] Trial 33 finished with value: 0.5360294287261709 and parameters: {'learning_rate': 0.026058458989550136, 'num_leaves': 1790, 'min_data_in_leaf': 530, 'lambda_l2': 0.12049468785393874, 'subsample': 0.6917445635216357, 'colsample_bytree': 0.7088351982190728}. Best is trial 30 with value: 0.5379662066714672.
Training until validation scores don't improve for 10 rounds
Training until validation scores don't improve for 10 rounds
Training until validation scores don't improve for 10 rounds
Early stopping, best iteration is:
[56]	training's ndcg@1000: 0.626614	valid_1's ndcg@1000: 0.522329
Early stopping, best iteration is:
[40]	training's ndcg@1000: 0.565451	valid_1's ndcg@1000: 0.53201
Early stopping, best iteration is:
[141]	training's ndcg@1000: 0.638287	valid_1's ndcg@1000: 0.518507
Training until validation scores don't improve for 10 rounds
Training until validation scores don't improve for 10 rounds
Training until validation scores don't improve for 10 rounds
Early stopping, best iteration is:
[38]	training's ndcg@1000: 0.608234	valid_1's ndcg@1000: 0.483027
Training until validation scores don't improve for 10 rounds
Early stopping, best iteration is:
[113]	training's ndcg@1000: 0.635132	valid_1's ndcg@1000: 0.511407
Early stopping, best iteration is:
[191]	training's ndcg@1000: 0.663247	valid_1's ndcg@1000: 0.504469
[I 2025-06-21 10:45:20,419] Trial 33 finished with value: 0.5494121294713243 and parameters: {'learning_rate': 0.02838773901257262, 'num_leaves': 1656, 'min_data_in_leaf': 963, 'lambda_l2': 0.526445507762802, 'subsample': 0.9077629133209313, 'colsample_bytree': 0.8504127262837597}. Best is trial 20 with value: 0.5532878817055384.
Early stopping, best iteration is:
[36]	training's ndcg@1000: 0.607511	valid_1's ndcg@1000: 0.487766
Training until validation scores don't improve for 10 rounds
Training until validation scores don't improve for 10 rounds
Training until validation scores don't improve for 10 rounds
Early stopping, best iteration is:
[41]	training's ndcg@1000: 0.578559	valid_1's ndcg@1000: 0.49609
Early stopping, best iteration is:
[77]	training's ndcg@1000: 0.585258	valid_1's ndcg@1000: 0.541445
Early stopping, best iteration is:
[45]	training's ndcg@1000: 0.620428	valid_1's ndcg@1000: 0.492628
[I 2025-06-21 10:46:44,483] Trial 34 finished with value: 0.5243679637898131 and parameters: {'learning_rate': 0.027519624139874785, 'num_leaves': 1514, 'min_data_in_leaf': 574, 'lambda_l2': 0.0976082550595842, 'subsample': 0.6000003871742626, 'colsample_bytree': 0.9642260250115936}. Best is trial 30 with value: 0.52585760587302.
2023q4 53
Training until validation scores don't improve for 10 rounds
Training until validation scores don't improve for 10 rounds
Early stopping, best iteration is:
[46]	training's ndcg@1000: 0.580977	valid_1's ndcg@1000: 0.499027
[I 2025-06-21 10:47:27,372] Trial 34 finished with value: 0.5348899192120007 and parameters: {'learning_rate': 0.028289503550076558, 'num_leaves': 1111, 'min_data_in_leaf': 730, 'lambda_l2': 0.2902780803774058, 'subsample': 0.657469671884744, 'colsample_bytree': 0.5410560220149531}. Best is trial 30 with value: 0.5379662066714672.
2023q3 95
Early stopping, best iteration is:
[133]	training's ndcg@1000: 0.631133	valid_1's ndcg@1000: 0.539831
Completed 2023q4, Results collected.
Training until validation scores don't improve for 10 rounds
Early stopping, best iteration is:
[158]	training's ndcg@1000: 0.654228	valid_1's ndcg@1000: 0.518246
Completed 2023q3, Results collected.
Training until validation scores don't improve for 10 rounds
Early stopping, best iteration is:
[25]	training's ndcg@1000: 0.562031	valid_1's ndcg@1000: 0.495576
[I 2025-06-21 10:49:55,108] Trial 34 finished with value: 0.5497726549288996 and parameters: {'learning_rate': 0.02969590998374781, 'num_leaves': 1298, 'min_data_in_leaf': 742, 'lambda_l2': 0.7006462772647873, 'subsample': 0.9256700412325611, 'colsample_bytree': 0.795304275211007}. Best is trial 20 with value: 0.5532878817055384.
2023q1 155
Completed 2023q1, Results collected.
Completed all folds. Results saved to pkl files.
