Loading factor data from /project/model_share/share_1/factor_data1/fac20250528/fac20250528.fea...
Loading return data from /project/model_share/share_1/label_data/label1.fea...
Loading liquid data from /project/model_share/share_1/label_data/can_trade_amt1.fea...
2023q1
[I 2025-06-21 13:27:12,138] A new study created in memory with name: LightGBM_Tuning_2023q1
Training until validation scores don't improve for 10 rounds
Early stopping, best iteration is:
[15]	training's ndcg@1000: 0.525844	valid_1's ndcg@1000: 0.53605
2023q2
[I 2025-06-21 13:27:59,679] A new study created in memory with name: LightGBM_Tuning_2023q2
Training until validation scores don't improve for 10 rounds
Early stopping, best iteration is:
[63]	training's ndcg@1000: 0.536789	valid_1's ndcg@1000: 0.528596
Training until validation scores don't improve for 10 rounds
Early stopping, best iteration is:
[48]	training's ndcg@1000: 0.515865	valid_1's ndcg@1000: 0.5405
2023q3
[I 2025-06-21 13:28:55,571] A new study created in memory with name: LightGBM_Tuning_2023q3
Training until validation scores don't improve for 10 rounds
Early stopping, best iteration is:
[41]	training's ndcg@1000: 0.542531	valid_1's ndcg@1000: 0.507224
Training until validation scores don't improve for 10 rounds
Training until validation scores don't improve for 10 rounds
Early stopping, best iteration is:
[62]	training's ndcg@1000: 0.528648	valid_1's ndcg@1000: 0.518162
Training until validation scores don't improve for 10 rounds
2023q4
Early stopping, best iteration is:
[42]	training's ndcg@1000: 0.546068	valid_1's ndcg@1000: 0.494709
[I 2025-06-21 13:29:52,074] Trial 0 finished with value: 0.5423248141194597 and parameters: {'learning_rate': 0.006591764858692541, 'num_leaves': 930, 'min_data_in_leaf': 1510, 'lambda_l2': 0.5462644039485103, 'subsample': 0.8633547741423452, 'colsample_bytree': 0.7421976787887177}. Best is trial 0 with value: 0.5423248141194597.
[I 2025-06-21 13:29:53,585] A new study created in memory with name: LightGBM_Tuning_2023q4
Training until validation scores don't improve for 10 rounds
Early stopping, best iteration is:
[53]	training's ndcg@1000: 0.533145	valid_1's ndcg@1000: 0.488569
Early stopping, best iteration is:
[259]	training's ndcg@1000: 0.556416	valid_1's ndcg@1000: 0.533609
Training until validation scores don't improve for 10 rounds
Training until validation scores don't improve for 10 rounds
Early stopping, best iteration is:
[23]	training's ndcg@1000: 0.524324	valid_1's ndcg@1000: 0.535487
2024q1
Training until validation scores don't improve for 10 rounds
[I 2025-06-21 13:30:52,656] A new study created in memory with name: LightGBM_Tuning_2024q1
Early stopping, best iteration is:
[18]	training's ndcg@1000: 0.53205	valid_1's ndcg@1000: 0.485009
[I 2025-06-21 13:30:54,292] Trial 0 finished with value: 0.5337769188175268 and parameters: {'learning_rate': 0.005058316863671598, 'num_leaves': 1819, 'min_data_in_leaf': 1465, 'lambda_l2': 0.8483978165891146, 'subsample': 0.7665413299310685, 'colsample_bytree': 0.5692512110880279}. Best is trial 0 with value: 0.5337769188175268.
Training until validation scores don't improve for 10 rounds
Training until validation scores don't improve for 10 rounds
Early stopping, best iteration is:
[103]	training's ndcg@1000: 0.566474	valid_1's ndcg@1000: 0.523333
Early stopping, best iteration is:
[104]	training's ndcg@1000: 0.553764	valid_1's ndcg@1000: 0.531547
Training until validation scores don't improve for 10 rounds
Training until validation scores don't improve for 10 rounds
Early stopping, best iteration is:
[174]	training's ndcg@1000: 0.547759	valid_1's ndcg@1000: 0.508528
Training until validation scores don't improve for 10 rounds
Early stopping, best iteration is:
[68]	training's ndcg@1000: 0.537481	valid_1's ndcg@1000: 0.507331
Training until validation scores don't improve for 10 rounds
2024q2
Early stopping, best iteration is:
[69]	training's ndcg@1000: 0.542846	valid_1's ndcg@1000: 0.542177
Early stopping, best iteration is:
[53]	training's ndcg@1000: 0.544338	valid_1's ndcg@1000: 0.488676
[I 2025-06-21 13:31:53,470] A new study created in memory with name: LightGBM_Tuning_2024q2
Early stopping, best iteration is:
[135]	training's ndcg@1000: 0.570529	valid_1's ndcg@1000: 0.513585
Training until validation scores don't improve for 10 rounds
Training until validation scores don't improve for 10 rounds
Early stopping, best iteration is:
[71]	training's ndcg@1000: 0.536414	valid_1's ndcg@1000: 0.494251
Training until validation scores don't improve for 10 rounds
Training until validation scores don't improve for 10 rounds
Training until validation scores don't improve for 10 rounds
Early stopping, best iteration is:
[76]	training's ndcg@1000: 0.54471	valid_1's ndcg@1000: 0.496502
Early stopping, best iteration is:
[36]	training's ndcg@1000: 0.536514	valid_1's ndcg@1000: 0.485288
Early stopping, best iteration is:
[30]	training's ndcg@1000: 0.524984	valid_1's ndcg@1000: 0.485984
Training until validation scores don't improve for 10 rounds
Early stopping, best iteration is:
[64]	training's ndcg@1000: 0.552257	valid_1's ndcg@1000: 0.517868
Early stopping, best iteration is:
[35]	training's ndcg@1000: 0.544471	valid_1's ndcg@1000: 0.495296
[I 2025-06-21 13:32:44,227] Trial 1 finished with value: 0.544346990799757 and parameters: {'learning_rate': 0.018241650070337567, 'num_leaves': 1494, 'min_data_in_leaf': 1834, 'lambda_l2': 0.892882454930855, 'subsample': 0.9114237113151391, 'colsample_bytree': 0.7674945326085427}. Best is trial 1 with value: 0.544346990799757.
Training until validation scores don't improve for 10 rounds
Training until validation scores don't improve for 10 rounds
Training until validation scores don't improve for 10 rounds
Early stopping, best iteration is:
[58]	training's ndcg@1000: 0.530582	valid_1's ndcg@1000: 0.496962
Training until validation scores don't improve for 10 rounds
[I 2025-06-21 13:33:07,339] Trial 0 finished with value: 0.5330159969947885 and parameters: {'learning_rate': 0.01153337344806048, 'num_leaves': 221, 'min_data_in_leaf': 1866, 'lambda_l2': 0.8729975429778377, 'subsample': 0.9225464182328497, 'colsample_bytree': 0.8793222546387506}. Best is trial 0 with value: 0.5330159969947885.
Early stopping, best iteration is:
[25]	training's ndcg@1000: 0.527487	valid_1's ndcg@1000: 0.492339
Training until validation scores don't improve for 10 rounds
Training until validation scores don't improve for 10 rounds
Early stopping, best iteration is:
[49]	training's ndcg@1000: 0.530782	valid_1's ndcg@1000: 0.485054
Early stopping, best iteration is:
[28]	training's ndcg@1000: 0.552349	valid_1's ndcg@1000: 0.487989
Early stopping, best iteration is:
[48]	training's ndcg@1000: 0.541041	valid_1's ndcg@1000: 0.491863
[I 2025-06-21 13:33:23,728] Trial 0 finished with value: 0.5227907107563656 and parameters: {'learning_rate': 0.024304651246394776, 'num_leaves': 1700, 'min_data_in_leaf': 961, 'lambda_l2': 0.8855142030688984, 'subsample': 0.9779150530563165, 'colsample_bytree': 0.5777974358892033}. Best is trial 0 with value: 0.5227907107563656.
Training until validation scores don't improve for 10 rounds
Early stopping, best iteration is:
[116]	training's ndcg@1000: 0.578278	valid_1's ndcg@1000: 0.542939
Training until validation scores don't improve for 10 rounds
Training until validation scores don't improve for 10 rounds
Training until validation scores don't improve for 10 rounds
Training until validation scores don't improve for 10 rounds
Early stopping, best iteration is:
[96]	training's ndcg@1000: 0.553275	valid_1's ndcg@1000: 0.484174
Early stopping, best iteration is:
[61]	training's ndcg@1000: 0.534765	valid_1's ndcg@1000: 0.486858
[I 2025-06-21 13:34:06,276] Trial 0 finished with value: 0.5205040754223261 and parameters: {'learning_rate': 0.01632958924698582, 'num_leaves': 591, 'min_data_in_leaf': 1892, 'lambda_l2': 0.15733275671331426, 'subsample': 0.840477764012141, 'colsample_bytree': 0.5391088380943994}. Best is trial 0 with value: 0.5205040754223261.
Early stopping, best iteration is:
[39]	training's ndcg@1000: 0.514037	valid_1's ndcg@1000: 0.516544
Early stopping, best iteration is:
[53]	training's ndcg@1000: 0.557075	valid_1's ndcg@1000: 0.487871
[I 2025-06-21 13:34:12,598] Trial 1 finished with value: 0.5355780054676357 and parameters: {'learning_rate': 0.006248157127250826, 'num_leaves': 1875, 'min_data_in_leaf': 523, 'lambda_l2': 0.5622925856229698, 'subsample': 0.6602876049532276, 'colsample_bytree': 0.8531423505040076}. Best is trial 1 with value: 0.5355780054676357.
Training until validation scores don't improve for 10 rounds
Early stopping, best iteration is:
[164]	training's ndcg@1000: 0.613639	valid_1's ndcg@1000: 0.535875
Early stopping, best iteration is:
[47]	training's ndcg@1000: 0.558601	valid_1's ndcg@1000: 0.531116
Training until validation scores don't improve for 10 rounds
Training until validation scores don't improve for 10 rounds
Training until validation scores don't improve for 10 rounds
Training until validation scores don't improve for 10 rounds
Early stopping, best iteration is:
[23]	training's ndcg@1000: 0.524636	valid_1's ndcg@1000: 0.472664
[I 2025-06-21 13:34:47,501] Trial 0 finished with value: 0.5114606926578027 and parameters: {'learning_rate': 0.007804592590997237, 'num_leaves': 507, 'min_data_in_leaf': 577, 'lambda_l2': 0.578274167447275, 'subsample': 0.9157858908974387, 'colsample_bytree': 0.5444562349555141}. Best is trial 0 with value: 0.5114606926578027.
Early stopping, best iteration is:
[39]	training's ndcg@1000: 0.52407	valid_1's ndcg@1000: 0.485357
Training until validation scores don't improve for 10 rounds
Early stopping, best iteration is:
[93]	training's ndcg@1000: 0.518903	valid_1's ndcg@1000: 0.502948
Training until validation scores don't improve for 10 rounds
Early stopping, best iteration is:
[95]	training's ndcg@1000: 0.537856	valid_1's ndcg@1000: 0.543532
Early stopping, best iteration is:
[64]	training's ndcg@1000: 0.57121	valid_1's ndcg@1000: 0.511405
Training until validation scores don't improve for 10 rounds
Training until validation scores don't improve for 10 rounds
Early stopping, best iteration is:
[32]	training's ndcg@1000: 0.530253	valid_1's ndcg@1000: 0.48614
Training until validation scores don't improve for 10 rounds
Early stopping, best iteration is:
[156]	training's ndcg@1000: 0.613544	valid_1's ndcg@1000: 0.511785
Early stopping, best iteration is:
[64]	training's ndcg@1000: 0.525131	valid_1's ndcg@1000: 0.485239
Training until validation scores don't improve for 10 rounds
Early stopping, best iteration is:
[91]	training's ndcg@1000: 0.524345	valid_1's ndcg@1000: 0.491646
Training until validation scores don't improve for 10 rounds
Early stopping, best iteration is:
[62]	training's ndcg@1000: 0.542317	valid_1's ndcg@1000: 0.51793
Early stopping, best iteration is:
[44]	training's ndcg@1000: 0.567146	valid_1's ndcg@1000: 0.497331
[I 2025-06-21 13:36:00,671] Trial 2 finished with value: 0.5465432602165086 and parameters: {'learning_rate': 0.013530345634592333, 'num_leaves': 1369, 'min_data_in_leaf': 1305, 'lambda_l2': 0.15329976723488203, 'subsample': 0.6000308393003898, 'colsample_bytree': 0.839693663284651}. Best is trial 2 with value: 0.5465432602165086.
Training until validation scores don't improve for 10 rounds
Training until validation scores don't improve for 10 rounds
Training until validation scores don't improve for 10 rounds
Early stopping, best iteration is:
[61]	training's ndcg@1000: 0.56617	valid_1's ndcg@1000: 0.497256
Early stopping, best iteration is:
[48]	training's ndcg@1000: 0.543101	valid_1's ndcg@1000: 0.485067
Training until validation scores don't improve for 10 rounds
Training until validation scores don't improve for 10 rounds
Early stopping, best iteration is:
[45]	training's ndcg@1000: 0.518376	valid_1's ndcg@1000: 0.489502
Training until validation scores don't improve for 10 rounds
Early stopping, best iteration is:
[98]	training's ndcg@1000: 0.526918	valid_1's ndcg@1000: 0.489247
[I 2025-06-21 13:36:38,256] Trial 1 finished with value: 0.5202500153057762 and parameters: {'learning_rate': 0.005042283745133248, 'num_leaves': 1705, 'min_data_in_leaf': 1590, 'lambda_l2': 0.5358994615469237, 'subsample': 0.8375986978678305, 'colsample_bytree': 0.7686804151423525}. Best is trial 0 with value: 0.5227907107563656.
Training until validation scores don't improve for 10 rounds
Training until validation scores don't improve for 10 rounds
Early stopping, best iteration is:
[100]	training's ndcg@1000: 0.59309	valid_1's ndcg@1000: 0.543948
Early stopping, best iteration is:
[37]	training's ndcg@1000: 0.549714	valid_1's ndcg@1000: 0.497856
[I 2025-06-21 13:37:04,353] Trial 1 finished with value: 0.5360096269760186 and parameters: {'learning_rate': 0.02416846173747043, 'num_leaves': 507, 'min_data_in_leaf': 1327, 'lambda_l2': 0.35898716712844503, 'subsample': 0.8293593063563536, 'colsample_bytree': 0.7399588242077131}. Best is trial 1 with value: 0.5360096269760186.
Training until validation scores don't improve for 10 rounds
Training until validation scores don't improve for 10 rounds
Early stopping, best iteration is:
[41]	training's ndcg@1000: 0.540577	valid_1's ndcg@1000: 0.485571
Early stopping, best iteration is:
[204]	training's ndcg@1000: 0.574978	valid_1's ndcg@1000: 0.496501
Early stopping, best iteration is:
[80]	training's ndcg@1000: 0.525912	valid_1's ndcg@1000: 0.480263
[I 2025-06-21 13:37:19,825] Trial 1 finished with value: 0.5173546936413717 and parameters: {'learning_rate': 0.008954923852484604, 'num_leaves': 480, 'min_data_in_leaf': 1257, 'lambda_l2': 0.9965253125177281, 'subsample': 0.6790639924353261, 'colsample_bytree': 0.6338096160163622}. Best is trial 0 with value: 0.5205040754223261.
Early stopping, best iteration is:
[40]	training's ndcg@1000: 0.518124	valid_1's ndcg@1000: 0.51597
Training until validation scores don't improve for 10 rounds
Training until validation scores don't improve for 10 rounds
Early stopping, best iteration is:
[56]	training's ndcg@1000: 0.522237	valid_1's ndcg@1000: 0.528191
Training until validation scores don't improve for 10 rounds
Early stopping, best iteration is:
[68]	training's ndcg@1000: 0.578843	valid_1's ndcg@1000: 0.533141
Training until validation scores don't improve for 10 rounds
Training until validation scores don't improve for 10 rounds
Training until validation scores don't improve for 10 rounds
Early stopping, best iteration is:
[80]	training's ndcg@1000: 0.552434	valid_1's ndcg@1000: 0.487774
[I 2025-06-21 13:38:06,486] Trial 2 finished with value: 0.5372732265877054 and parameters: {'learning_rate': 0.008370416649755547, 'num_leaves': 1506, 'min_data_in_leaf': 792, 'lambda_l2': 0.7819640857972728, 'subsample': 0.6011776060829844, 'colsample_bytree': 0.9589163602618067}. Best is trial 2 with value: 0.5372732265877054.
Early stopping, best iteration is:
[82]	training's ndcg@1000: 0.533816	valid_1's ndcg@1000: 0.484756
Early stopping, best iteration is:
[91]	training's ndcg@1000: 0.554193	valid_1's ndcg@1000: 0.505706
Training until validation scores don't improve for 10 rounds
Training until validation scores don't improve for 10 rounds
Early stopping, best iteration is:
[57]	training's ndcg@1000: 0.53051	valid_1's ndcg@1000: 0.505724
Training until validation scores don't improve for 10 rounds
Early stopping, best iteration is:
[117]	training's ndcg@1000: 0.585214	valid_1's ndcg@1000: 0.478979
[I 2025-06-21 13:38:44,683] Trial 1 finished with value: 0.5133412250960173 and parameters: {'learning_rate': 0.02411812876924257, 'num_leaves': 1778, 'min_data_in_leaf': 682, 'lambda_l2': 0.7582628575052485, 'subsample': 0.9068151099143335, 'colsample_bytree': 0.6671128983539087}. Best is trial 1 with value: 0.5133412250960173.
Training until validation scores don't improve for 10 rounds
Training until validation scores don't improve for 10 rounds
Early stopping, best iteration is:
[12]	training's ndcg@1000: 0.520531	valid_1's ndcg@1000: 0.487669
Early stopping, best iteration is:
[165]	training's ndcg@1000: 0.643789	valid_1's ndcg@1000: 0.518079
Early stopping, best iteration is:
[90]	training's ndcg@1000: 0.569311	valid_1's ndcg@1000: 0.547815
Training until validation scores don't improve for 10 rounds
Early stopping, best iteration is:
[49]	training's ndcg@1000: 0.528392	valid_1's ndcg@1000: 0.484477
Training until validation scores don't improve for 10 rounds
Early stopping, best iteration is:
[16]	training's ndcg@1000: 0.518533	valid_1's ndcg@1000: 0.486648
Training until validation scores don't improve for 10 rounds
Early stopping, best iteration is:
[166]	training's ndcg@1000: 0.553274	valid_1's ndcg@1000: 0.496469
Training until validation scores don't improve for 10 rounds
Training until validation scores don't improve for 10 rounds
Training until validation scores don't improve for 10 rounds
Early stopping, best iteration is:
[65]	training's ndcg@1000: 0.586705	valid_1's ndcg@1000: 0.500484
[I 2025-06-21 13:39:50,543] Trial 3 finished with value: 0.5497716136865003 and parameters: {'learning_rate': 0.023702444372342844, 'num_leaves': 1303, 'min_data_in_leaf': 1180, 'lambda_l2': 0.29010533574999364, 'subsample': 0.723547558187798, 'colsample_bytree': 0.8419619487436844}. Best is trial 3 with value: 0.5497716136865003.
Early stopping, best iteration is:
[128]	training's ndcg@1000: 0.582653	valid_1's ndcg@1000: 0.494572
Early stopping, best iteration is:
[54]	training's ndcg@1000: 0.528674	valid_1's ndcg@1000: 0.487388
Training until validation scores don't improve for 10 rounds
[I 2025-06-21 13:40:01,270] Trial 2 finished with value: 0.5204296352195771 and parameters: {'learning_rate': 0.006290083024606059, 'num_leaves': 336, 'min_data_in_leaf': 1469, 'lambda_l2': 0.37581815800564944, 'subsample': 0.716637829099154, 'colsample_bytree': 0.9905986009782062}. Best is trial 0 with value: 0.5227907107563656.
Early stopping, best iteration is:
[126]	training's ndcg@1000: 0.59468	valid_1's ndcg@1000: 0.526714
Training until validation scores don't improve for 10 rounds
Early stopping, best iteration is:
[35]	training's ndcg@1000: 0.527876	valid_1's ndcg@1000: 0.485744
Early stopping, best iteration is:
[39]	training's ndcg@1000: 0.529584	valid_1's ndcg@1000: 0.497403
[I 2025-06-21 13:40:13,025] Trial 2 finished with value: 0.5315006367013712 and parameters: {'learning_rate': 0.008859731761742741, 'num_leaves': 1994, 'min_data_in_leaf': 1879, 'lambda_l2': 0.47872941209170383, 'subsample': 0.8285829511648919, 'colsample_bytree': 0.6189740098485427}. Best is trial 1 with value: 0.5360096269760186.
Training until validation scores don't improve for 10 rounds
Early stopping, best iteration is:
[13]	training's ndcg@1000: 0.532305	valid_1's ndcg@1000: 0.534274
Training until validation scores don't improve for 10 rounds
Training until validation scores don't improve for 10 rounds
Training until validation scores don't improve for 10 rounds
Training until validation scores don't improve for 10 rounds
Training until validation scores don't improve for 10 rounds
Early stopping, best iteration is:
[30]	training's ndcg@1000: 0.528332	valid_1's ndcg@1000: 0.52893
Early stopping, best iteration is:
[92]	training's ndcg@1000: 0.560086	valid_1's ndcg@1000: 0.483857
[I 2025-06-21 13:40:56,346] Trial 2 finished with value: 0.5197705655733293 and parameters: {'learning_rate': 0.020112007602525454, 'num_leaves': 1421, 'min_data_in_leaf': 1086, 'lambda_l2': 0.6278228771876511, 'subsample': 0.7776388731236756, 'colsample_bytree': 0.8518679669449929}. Best is trial 0 with value: 0.5205040754223261.
Training until validation scores don't improve for 10 rounds
Early stopping, best iteration is:
[16]	training's ndcg@1000: 0.536886	valid_1's ndcg@1000: 0.525986
Early stopping, best iteration is:
[73]	training's ndcg@1000: 0.541971	valid_1's ndcg@1000: 0.488258
Early stopping, best iteration is:
[76]	training's ndcg@1000: 0.565586	valid_1's ndcg@1000: 0.522373
Early stopping, best iteration is:
[140]	training's ndcg@1000: 0.608253	valid_1's ndcg@1000: 0.500592
Training until validation scores don't improve for 10 rounds
Training until validation scores don't improve for 10 rounds
Early stopping, best iteration is:
[29]	training's ndcg@1000: 0.535954	valid_1's ndcg@1000: 0.505974
Training until validation scores don't improve for 10 rounds
Training until validation scores don't improve for 10 rounds
Training until validation scores don't improve for 10 rounds
Early stopping, best iteration is:
[48]	training's ndcg@1000: 0.52864	valid_1's ndcg@1000: 0.502286
Training until validation scores don't improve for 10 rounds
Early stopping, best iteration is:
[36]	training's ndcg@1000: 0.549077	valid_1's ndcg@1000: 0.504454
Early stopping, best iteration is:
[31]	training's ndcg@1000: 0.56126	valid_1's ndcg@1000: 0.490144
[I 2025-06-21 13:41:49,704] Trial 3 finished with value: 0.5413330002258226 and parameters: {'learning_rate': 0.016016176271202467, 'num_leaves': 281, 'min_data_in_leaf': 603, 'lambda_l2': 0.030158733280286842, 'subsample': 0.679379378413119, 'colsample_bytree': 0.7103932836747902}. Best is trial 3 with value: 0.5413330002258226.
Early stopping, best iteration is:
[41]	training's ndcg@1000: 0.554064	valid_1's ndcg@1000: 0.485731
Training until validation scores don't improve for 10 rounds
Early stopping, best iteration is:
[104]	training's ndcg@1000: 0.54711	valid_1's ndcg@1000: 0.479719
Training until validation scores don't improve for 10 rounds
