[I 2025-06-17 14:05:59,304] Trial 23 finished with value: 0.12249348497349155 and parameters: {'learning_rate': 0.008136117552012255, 'num_leaves': 1611, 'min_data_in_leaf': 872, 'lambda_l2': 0.9900726209431375, 'subsample': 0.9455253928296756, 'colsample_bytree': 0.5596115831548703}. Best is trial 21 with value: 0.12316451233919598.
Early stopping, best iteration is:
[325]	training's rmse: 0.00738521	valid_1's rmse: 0.007902
Early stopping, best iteration is:
[702]	training's rmse: 0.00676797	valid_1's rmse: 0.00708361
Training until validation scores don't improve for 10 rounds
Training until validation scores don't improve for 10 rounds
Training until validation scores don't improve for 10 rounds
Training until validation scores don't improve for 10 rounds
Early stopping, best iteration is:
[273]	training's rmse: 0.00707897	valid_1's rmse: 0.00639554
[I 2025-06-17 14:07:21,851] Trial 33 finished with value: 0.11563858503901517 and parameters: {'learning_rate': 0.009717360971890994, 'num_leaves': 524, 'min_data_in_leaf': 401, 'lambda_l2': 0.6990528297760157, 'subsample': 0.9027299421482672, 'colsample_bytree': 0.5432023038336533}. Best is trial 32 with value: 0.1163539108876473.
Early stopping, best iteration is:
[625]	training's rmse: 0.00696004	valid_1's rmse: 0.00850265
[I 2025-06-17 14:08:04,540] Trial 34 finished with value: 0.11622515059675025 and parameters: {'learning_rate': 0.005156606161103156, 'num_leaves': 211, 'min_data_in_leaf': 522, 'lambda_l2': 0.5149952867460429, 'subsample': 0.6604814040031092, 'colsample_bytree': 0.5050570717810836}. Best is trial 17 with value: 0.11695291524917746.
2024Q2 520
Early stopping, best iteration is:
[263]	training's rmse: 0.00694611	valid_1's rmse: 0.00867021
Early stopping, best iteration is:
[280]	training's rmse: 0.00778566	valid_1's rmse: 0.00804267
Training until validation scores don't improve for 10 rounds
Training until validation scores don't improve for 10 rounds
Training until validation scores don't improve for 10 rounds
Early stopping, best iteration is:
[281]	training's rmse: 0.00663316	valid_1's rmse: 0.00805689
Early stopping, best iteration is:
[802]	training's rmse: 0.00705536	valid_1's rmse: 0.00707105
[I 2025-06-17 14:09:59,949] Trial 27 finished with value: 0.1276407403040628 and parameters: {'learning_rate': 0.00809215281470486, 'num_leaves': 1739, 'min_data_in_leaf': 589, 'lambda_l2': 0.26397895659555354, 'subsample': 0.8859848209161322, 'colsample_bytree': 0.6096726808007227}. Best is trial 26 with value: 0.12797213997994783.
Early stopping, best iteration is:
[118]	training's rmse: 0.00737757	valid_1's rmse: 0.00806804
Training until validation scores don't improve for 10 rounds
Training until validation scores don't improve for 10 rounds
Early stopping, best iteration is:
[208]	training's rmse: 0.00807862	valid_1's rmse: 0.00740825
[I 2025-06-17 14:10:41,805] Trial 21 finished with value: 0.13020880437170765 and parameters: {'learning_rate': 0.00941273511171771, 'num_leaves': 2000, 'min_data_in_leaf': 910, 'lambda_l2': 0.926082147568324, 'subsample': 0.7578395549748836, 'colsample_bytree': 0.6912193990753817}. Best is trial 15 with value: 0.13079275423092462.
Training until validation scores don't improve for 10 rounds
Early stopping, best iteration is:
[348]	training's rmse: 0.00679428	valid_1's rmse: 0.007402
Training until validation scores don't improve for 10 rounds
Early stopping, best iteration is:
[197]	training's rmse: 0.00714059	valid_1's rmse: 0.00680069
Completed 2024Q2, Results collected.
Early stopping, best iteration is:
[209]	training's rmse: 0.00753159	valid_1's rmse: 0.00740361
Training until validation scores don't improve for 10 rounds
Training until validation scores don't improve for 10 rounds
Early stopping, best iteration is:
[222]	training's rmse: 0.00723442	valid_1's rmse: 0.00639947
[I 2025-06-17 14:13:05,582] Trial 34 finished with value: 0.11373439727361896 and parameters: {'learning_rate': 0.011309485545519547, 'num_leaves': 201, 'min_data_in_leaf': 550, 'lambda_l2': 0.7843699050289951, 'subsample': 0.9476018019741714, 'colsample_bytree': 0.5818746574994993}. Best is trial 32 with value: 0.1163539108876473.
2024Q1 382
Training until validation scores don't improve for 10 rounds
Did not meet early stopping. Best iteration is:
[1000]	training's rmse: 0.00674186	valid_1's rmse: 0.00817938
Early stopping, best iteration is:
[249]	training's rmse: 0.00762328	valid_1's rmse: 0.00677842
[I 2025-06-17 14:14:36,967] Trial 24 finished with value: 0.12136745953990113 and parameters: {'learning_rate': 0.013830332839065925, 'num_leaves': 1958, 'min_data_in_leaf': 562, 'lambda_l2': 0.7636991162565755, 'subsample': 0.88456215342208, 'colsample_bytree': 0.6520884278387532}. Best is trial 21 with value: 0.12316451233919598.
Training until validation scores don't improve for 10 rounds
Training until validation scores don't improve for 10 rounds
Training until validation scores don't improve for 10 rounds
Completed 2024Q1, Results collected.
Early stopping, best iteration is:
[505]	training's rmse: 0.0077475	valid_1's rmse: 0.00828425
Early stopping, best iteration is:
[165]	training's rmse: 0.00791154	valid_1's rmse: 0.00665606
[I 2025-06-17 14:16:26,658] Trial 15 finished with value: 0.12432717396845966 and parameters: {'learning_rate': 0.01002280865913641, 'num_leaves': 1634, 'min_data_in_leaf': 675, 'lambda_l2': 0.7817604920345296, 'subsample': 0.674214249454362, 'colsample_bytree': 0.6883707266494254}. Best is trial 12 with value: 0.12609116242082147.
Early stopping, best iteration is:
[363]	training's rmse: 0.0070476	valid_1's rmse: 0.00867043
Training until validation scores don't improve for 10 rounds
Training until validation scores don't improve for 10 rounds
Training until validation scores don't improve for 10 rounds
Early stopping, best iteration is:
[598]	training's rmse: 0.00697587	valid_1's rmse: 0.00790325
Early stopping, best iteration is:
[161]	training's rmse: 0.00743552	valid_1's rmse: 0.00806986
Training until validation scores don't improve for 10 rounds
Training until validation scores don't improve for 10 rounds
Early stopping, best iteration is:
[413]	training's rmse: 0.00761213	valid_1's rmse: 0.00867518
Training until validation scores don't improve for 10 rounds
Early stopping, best iteration is:
[500]	training's rmse: 0.00748767	valid_1's rmse: 0.00740023
Early stopping, best iteration is:
[466]	training's rmse: 0.00728178	valid_1's rmse: 0.00840734
Training until validation scores don't improve for 10 rounds
Early stopping, best iteration is:
[812]	training's rmse: 0.00731907	valid_1's rmse: 0.00663995
Training until validation scores don't improve for 10 rounds
Training until validation scores don't improve for 10 rounds
Early stopping, best iteration is:
[351]	training's rmse: 0.00772467	valid_1's rmse: 0.00677876
[I 2025-06-17 14:22:57,971] Trial 25 finished with value: 0.12242313447885177 and parameters: {'learning_rate': 0.011484834707150634, 'num_leaves': 1746, 'min_data_in_leaf': 1065, 'lambda_l2': 0.697206500609654, 'subsample': 0.9441252618289495, 'colsample_bytree': 0.5594380069997297}. Best is trial 21 with value: 0.12316451233919598.
Training until validation scores don't improve for 10 rounds
Early stopping, best iteration is:
[924]	training's rmse: 0.00764853	valid_1's rmse: 0.00803449
Training until validation scores don't improve for 10 rounds
Early stopping, best iteration is:
[407]	training's rmse: 0.00736884	valid_1's rmse: 0.00820568
Early stopping, best iteration is:
[381]	training's rmse: 0.00707288	valid_1's rmse: 0.00867296
Training until validation scores don't improve for 10 rounds
Training until validation scores don't improve for 10 rounds
Early stopping, best iteration is:
[898]	training's rmse: 0.00715016	valid_1's rmse: 0.00707383
[I 2025-06-17 14:26:40,733] Trial 28 finished with value: 0.12731211233400805 and parameters: {'learning_rate': 0.005311714383128092, 'num_leaves': 1982, 'min_data_in_leaf': 606, 'lambda_l2': 0.3659288751746012, 'subsample': 0.8460050017568148, 'colsample_bytree': 0.6453470895849609}. Best is trial 26 with value: 0.12797213997994783.
Early stopping, best iteration is:
[397]	training's rmse: 0.0080906	valid_1's rmse: 0.00740856
[I 2025-06-17 14:27:01,789] Trial 22 finished with value: 0.12996661228790682 and parameters: {'learning_rate': 0.005322744832402066, 'num_leaves': 1803, 'min_data_in_leaf': 1154, 'lambda_l2': 0.9731950612980953, 'subsample': 0.8454014263735321, 'colsample_bytree': 0.6738856443348195}. Best is trial 15 with value: 0.13079275423092462.
Training until validation scores don't improve for 10 rounds
Early stopping, best iteration is:
[230]	training's rmse: 0.00741013	valid_1's rmse: 0.00806786
Training until validation scores don't improve for 10 rounds
Training until validation scores don't improve for 10 rounds
Early stopping, best iteration is:
[457]	training's rmse: 0.00752563	valid_1's rmse: 0.00790486
Early stopping, best iteration is:
[498]	training's rmse: 0.00756955	valid_1's rmse: 0.008274
Early stopping, best iteration is:
[770]	training's rmse: 0.00659214	valid_1's rmse: 0.00817634
Training until validation scores don't improve for 10 rounds
Training until validation scores don't improve for 10 rounds
Training until validation scores don't improve for 10 rounds
Early stopping, best iteration is:
[760]	training's rmse: 0.00740752	valid_1's rmse: 0.00739834
Training until validation scores don't improve for 10 rounds
Early stopping, best iteration is:
[241]	training's rmse: 0.00757735	valid_1's rmse: 0.00867475
Early stopping, best iteration is:
[315]	training's rmse: 0.00696643	valid_1's rmse: 0.00790324
Early stopping, best iteration is:
[341]	training's rmse: 0.00793457	valid_1's rmse: 0.00665694
[I 2025-06-17 14:33:11,990] Trial 16 finished with value: 0.12436173975111646 and parameters: {'learning_rate': 0.0050435761065276245, 'num_leaves': 1074, 'min_data_in_leaf': 852, 'lambda_l2': 0.786611936712651, 'subsample': 0.6034171734392973, 'colsample_bytree': 0.8880779564202657}. Best is trial 12 with value: 0.12609116242082147.
Training until validation scores don't improve for 10 rounds
Training until validation scores don't improve for 10 rounds
Training until validation scores don't improve for 10 rounds
Early stopping, best iteration is:
[417]	training's rmse: 0.00771833	valid_1's rmse: 0.00677899
[I 2025-06-17 14:34:38,263] Trial 26 finished with value: 0.12257937416829315 and parameters: {'learning_rate': 0.0073137657791464104, 'num_leaves': 1611, 'min_data_in_leaf': 750, 'lambda_l2': 0.9080977572620715, 'subsample': 0.8764299671940269, 'colsample_bytree': 0.6042591378499117}. Best is trial 21 with value: 0.12316451233919598.
Early stopping, best iteration is:
[268]	training's rmse: 0.00780767	valid_1's rmse: 0.00804343
Training until validation scores don't improve for 10 rounds
Training until validation scores don't improve for 10 rounds
Early stopping, best iteration is:
[599]	training's rmse: 0.0071875	valid_1's rmse: 0.00663849
Early stopping, best iteration is:
[182]	training's rmse: 0.00726039	valid_1's rmse: 0.00840793
Training until validation scores don't improve for 10 rounds
Training until validation scores don't improve for 10 rounds
Early stopping, best iteration is:
[396]	training's rmse: 0.00693589	valid_1's rmse: 0.00866834
Early stopping, best iteration is:
[309]	training's rmse: 0.00797625	valid_1's rmse: 0.00740544
[I 2025-06-17 14:38:17,174] Trial 23 finished with value: 0.12903380743823817 and parameters: {'learning_rate': 0.008921781575011473, 'num_leaves': 1620, 'min_data_in_leaf': 894, 'lambda_l2': 0.6487178468687993, 'subsample': 0.7846025023811412, 'colsample_bytree': 0.7677096456230548}. Best is trial 15 with value: 0.13079275423092462.
Training until validation scores don't improve for 10 rounds
Training until validation scores don't improve for 10 rounds
Early stopping, best iteration is:
[170]	training's rmse: 0.00737866	valid_1's rmse: 0.00806808
Early stopping, best iteration is:
[506]	training's rmse: 0.00711132	valid_1's rmse: 0.00707508
[I 2025-06-17 14:40:05,788] Trial 29 finished with value: 0.12771371430382733 and parameters: {'learning_rate': 0.008365977152999488, 'num_leaves': 1575, 'min_data_in_leaf': 438, 'lambda_l2': 0.5179933877877356, 'subsample': 0.9218744713789367, 'colsample_bytree': 0.6287760696446895}. Best is trial 26 with value: 0.12797213997994783.
Early stopping, best iteration is:
[251]	training's rmse: 0.00720386	valid_1's rmse: 0.00820082
Training until validation scores don't improve for 10 rounds
Training until validation scores don't improve for 10 rounds
Early stopping, best iteration is:
[269]	training's rmse: 0.00763413	valid_1's rmse: 0.00828223
Training until validation scores don't improve for 10 rounds
Training until validation scores don't improve for 10 rounds
Early stopping, best iteration is:
[538]	training's rmse: 0.00678238	valid_1's rmse: 0.00818067
Early stopping, best iteration is:
[469]	training's rmse: 0.0073983	valid_1's rmse: 0.00739974
Training until validation scores don't improve for 10 rounds
Early stopping, best iteration is:
[218]	training's rmse: 0.00752493	valid_1's rmse: 0.00867254
Training until validation scores don't improve for 10 rounds
Early stopping, best iteration is:
[261]	training's rmse: 0.00738139	valid_1's rmse: 0.00789961
Training until validation scores don't improve for 10 rounds
Early stopping, best iteration is:
[336]	training's rmse: 0.00700151	valid_1's rmse: 0.00790516
Training until validation scores don't improve for 10 rounds
Training until validation scores don't improve for 10 rounds
Early stopping, best iteration is:
[303]	training's rmse: 0.00767277	valid_1's rmse: 0.00677854
[I 2025-06-17 14:45:55,583] Trial 27 finished with value: 0.1224187363641758 and parameters: {'learning_rate': 0.009730485942448824, 'num_leaves': 1824, 'min_data_in_leaf': 570, 'lambda_l2': 0.9401343871147991, 'subsample': 0.9447295060698218, 'colsample_bytree': 0.5546704171212009}. Best is trial 21 with value: 0.12316451233919598.
Early stopping, best iteration is:
[243]	training's rmse: 0.007745	valid_1's rmse: 0.00804073
Training until validation scores don't improve for 10 rounds
Early stopping, best iteration is:
[145]	training's rmse: 0.00790518	valid_1's rmse: 0.00665579
[I 2025-06-17 14:47:05,020] Trial 17 finished with value: 0.12558351425400704 and parameters: {'learning_rate': 0.01057122208923214, 'num_leaves': 1622, 'min_data_in_leaf': 528, 'lambda_l2': 0.8680387280980819, 'subsample': 0.7768169698309695, 'colsample_bytree': 0.7374404882578037}. Best is trial 12 with value: 0.12609116242082147.
Training until validation scores don't improve for 10 rounds
Early stopping, best iteration is:
[490]	training's rmse: 0.00732636	valid_1's rmse: 0.0066409
Early stopping, best iteration is:
[253]	training's rmse: 0.00705245	valid_1's rmse: 0.00867173
Training until validation scores don't improve for 10 rounds
Training until validation scores don't improve for 10 rounds
Training until validation scores don't improve for 10 rounds
Early stopping, best iteration is:
[133]	training's rmse: 0.00733969	valid_1's rmse: 0.00840994
Early stopping, best iteration is:
[273]	training's rmse: 0.00791756	valid_1's rmse: 0.00740268
Early stopping, best iteration is:
[112]	training's rmse: 0.00743913	valid_1's rmse: 0.0080687
[I 2025-06-17 14:49:19,821] Trial 24 finished with value: 0.12859266345454703 and parameters: {'learning_rate': 0.010047903087117265, 'num_leaves': 1855, 'min_data_in_leaf': 661, 'lambda_l2': 0.8707446512206856, 'subsample': 0.9947073202072673, 'colsample_bytree': 0.6507751711979228}. Best is trial 15 with value: 0.13079275423092462.
Training until validation scores don't improve for 10 rounds
Training until validation scores don't improve for 10 rounds
Training until validation scores don't improve for 10 rounds
Early stopping, best iteration is:
[132]	training's rmse: 0.00739993	valid_1's rmse: 0.00820641
Early stopping, best iteration is:
[681]	training's rmse: 0.00710126	valid_1's rmse: 0.00707202
Early stopping, best iteration is:
[295]	training's rmse: 0.00753641	valid_1's rmse: 0.00740274
[I 2025-06-17 14:51:17,064] Trial 30 finished with value: 0.12679750554692457 and parameters: {'learning_rate': 0.009491796862553682, 'num_leaves': 1776, 'min_data_in_leaf': 692, 'lambda_l2': 0.5912203430529788, 'subsample': 0.76557487677412, 'colsample_bytree': 0.5894564656810087}. Best is trial 26 with value: 0.12797213997994783.
Training until validation scores don't improve for 10 rounds
Training until validation scores don't improve for 10 rounds
Training until validation scores don't improve for 10 rounds
Early stopping, best iteration is:
[128]	training's rmse: 0.00759941	valid_1's rmse: 0.00790579
Training until validation scores don't improve for 10 rounds
Early stopping, best iteration is:
[316]	training's rmse: 0.00766685	valid_1's rmse: 0.00677925
[I 2025-06-17 14:53:27,919] Trial 28 finished with value: 0.12120418834744306 and parameters: {'learning_rate': 0.015621302030540293, 'num_leaves': 2000, 'min_data_in_leaf': 1040, 'lambda_l2': 0.7944560019923552, 'subsample': 0.8033577796137572, 'colsample_bytree': 0.6551679154777572}. Best is trial 21 with value: 0.12316451233919598.
Early stopping, best iteration is:
[102]	training's rmse: 0.00797612	valid_1's rmse: 0.00665846
[I 2025-06-17 14:53:55,460] Trial 18 finished with value: 0.1232486948292848 and parameters: {'learning_rate': 0.018467196983412947, 'num_leaves': 484, 'min_data_in_leaf': 1355, 'lambda_l2': 0.014737207060335766, 'subsample': 0.7176939328776313, 'colsample_bytree': 0.6486774644908626}. Best is trial 12 with value: 0.12609116242082147.
Did not meet early stopping. Best iteration is:
[1000]	training's rmse: 0.00762239	valid_1's rmse: 0.00827405
Training until validation scores don't improve for 10 rounds
Training until validation scores don't improve for 10 rounds
Training until validation scores don't improve for 10 rounds
Early stopping, best iteration is:
[358]	training's rmse: 0.00698741	valid_1's rmse: 0.0086696
Early stopping, best iteration is:
[936]	training's rmse: 0.00655506	valid_1's rmse: 0.00817635
Early stopping, best iteration is:
[218]	training's rmse: 0.00728735	valid_1's rmse: 0.00840787
Training until validation scores don't improve for 10 rounds
Training until validation scores don't improve for 10 rounds
Early stopping, best iteration is:
[475]	training's rmse: 0.00760439	valid_1's rmse: 0.00867623
Training until validation scores don't improve for 10 rounds
Early stopping, best iteration is:
[146]	training's rmse: 0.00741142	valid_1's rmse: 0.00806907
Training until validation scores don't improve for 10 rounds
Training until validation scores don't improve for 10 rounds
Early stopping, best iteration is:
[187]	training's rmse: 0.00737321	valid_1's rmse: 0.00820655
Early stopping, best iteration is:
[364]	training's rmse: 0.00695676	valid_1's rmse: 0.00790274
Early stopping, best iteration is:
[358]	training's rmse: 0.0079262	valid_1's rmse: 0.00804949
Training until validation scores don't improve for 10 rounds
Training until validation scores don't improve for 10 rounds
Early stopping, best iteration is:
[493]	training's rmse: 0.00741194	valid_1's rmse: 0.00739875
Training until validation scores don't improve for 10 rounds
Training until validation scores don't improve for 10 rounds
Early stopping, best iteration is:
[224]	training's rmse: 0.00751724	valid_1's rmse: 0.007904
Early stopping, best iteration is:
[345]	training's rmse: 0.00766233	valid_1's rmse: 0.0067781
[I 2025-06-17 15:02:24,176] Trial 29 finished with value: 0.12279184521738662 and parameters: {'learning_rate': 0.012374842265299533, 'num_leaves': 1544, 'min_data_in_leaf': 839, 'lambda_l2': 0.5521383326166972, 'subsample': 0.9652481640629686, 'colsample_bytree': 0.5040423209341665}. Best is trial 21 with value: 0.12316451233919598.
Training until validation scores don't improve for 10 rounds
Early stopping, best iteration is:
[427]	training's rmse: 0.0081012	valid_1's rmse: 0.00740905
[I 2025-06-17 15:02:44,170] Trial 25 finished with value: 0.1292578839465813 and parameters: {'learning_rate': 0.00530993096013397, 'num_leaves': 2000, 'min_data_in_leaf': 1377, 'lambda_l2': 0.8162438424398237, 'subsample': 0.7376176019274243, 'colsample_bytree': 0.6198189590679054}. Best is trial 15 with value: 0.13079275423092462.
Early stopping, best iteration is:
[623]	training's rmse: 0.00721144	valid_1's rmse: 0.00663873
Training until validation scores don't improve for 10 rounds
Training until validation scores don't improve for 10 rounds
Training until validation scores don't improve for 10 rounds
Early stopping, best iteration is:
[161]	training's rmse: 0.00794059	valid_1's rmse: 0.00665655
