Loading factor data from /project/model_share/share_1/factor_data/fac20250212/fac20250212.fea...
Loading return data from /project/model_share/share_1/label_data/label1.fea...
Loading liquid data from /project/model_share/share_1/label_data/can_trade_amt1.fea...
2023Q1
[I 2025-06-17 09:34:21,238] A new study created in memory with name: LightGBM_Tuning_2023Q1
Training until validation scores don't improve for 10 rounds
Early stopping, best iteration is:
[270]	training's rmse: 0.00772272	valid_1's rmse: 0.00828278
2023Q2
[I 2025-06-17 09:37:01,362] A new study created in memory with name: LightGBM_Tuning_2023Q2
Training until validation scores don't improve for 10 rounds
Training until validation scores don't improve for 10 rounds
2023Q3
[I 2025-06-17 09:38:16,003] A new study created in memory with name: LightGBM_Tuning_2023Q3
Early stopping, best iteration is:
[130]	training's rmse: 0.00742709	valid_1's rmse: 0.00841524
Early stopping, best iteration is:
[208]	training's rmse: 0.00760238	valid_1's rmse: 0.00867494
Training until validation scores don't improve for 10 rounds
Training until validation scores don't improve for 10 rounds
Training until validation scores don't improve for 10 rounds
Early stopping, best iteration is:
[149]	training's rmse: 0.0074639	valid_1's rmse: 0.00820935
Training until validation scores don't improve for 10 rounds
Early stopping, best iteration is:
[371]	training's rmse: 0.00702934	valid_1's rmse: 0.00867184
Early stopping, best iteration is:
[359]	training's rmse: 0.00771109	valid_1's rmse: 0.0080376
2023Q4
[I 2025-06-17 09:41:21,261] A new study created in memory with name: LightGBM_Tuning_2023Q4
Training until validation scores don't improve for 10 rounds
Early stopping, best iteration is:
[293]	training's rmse: 0.00753452	valid_1's rmse: 0.00790356
Training until validation scores don't improve for 10 rounds
Training until validation scores don't improve for 10 rounds
Early stopping, best iteration is:
[168]	training's rmse: 0.00742327	valid_1's rmse: 0.00806933
Early stopping, best iteration is:
[294]	training's rmse: 0.0068258	valid_1's rmse: 0.00818447
Early stopping, best iteration is:
[208]	training's rmse: 0.00807308	valid_1's rmse: 0.00740804
[I 2025-06-17 09:43:03,615] Trial 0 finished with value: 0.12870976455856611 and parameters: {'learning_rate': 0.01046154478698152, 'num_leaves': 706, 'min_data_in_leaf': 1062, 'lambda_l2': 0.9822625010318852, 'subsample': 0.9353286825182234, 'colsample_bytree': 0.734244566882279}. Best is trial 0 with value: 0.12870976455856611.
Training until validation scores don't improve for 10 rounds
Training until validation scores don't improve for 10 rounds
Training until validation scores don't improve for 10 rounds
Training until validation scores don't improve for 10 rounds
Early stopping, best iteration is:
[230]	training's rmse: 0.00698538	valid_1's rmse: 0.00790308
Early stopping, best iteration is:
[133]	training's rmse: 0.00800783	valid_1's rmse: 0.00666198
[I 2025-06-17 09:44:29,723] Trial 0 finished with value: 0.1215436796509157 and parameters: {'learning_rate': 0.013913280674920755, 'num_leaves': 1834, 'min_data_in_leaf': 1892, 'lambda_l2': 0.6363840034926455, 'subsample': 0.824968053569253, 'colsample_bytree': 0.9827831016217291}. Best is trial 0 with value: 0.1215436796509157.
Early stopping, best iteration is:
[284]	training's rmse: 0.00765785	valid_1's rmse: 0.00827925
Early stopping, best iteration is:
[518]	training's rmse: 0.00746242	valid_1's rmse: 0.00740099
2024Q1
Training until validation scores don't improve for 10 rounds
Training until validation scores don't improve for 10 rounds
Training until validation scores don't improve for 10 rounds
Early stopping, best iteration is:
[215]	training's rmse: 0.00741931	valid_1's rmse: 0.00664338
Early stopping, best iteration is:
[206]	training's rmse: 0.00734388	valid_1's rmse: 0.00840889
Early stopping, best iteration is:
[191]	training's rmse: 0.00756413	valid_1's rmse: 0.00867442
Training until validation scores don't improve for 10 rounds
[I 2025-06-17 09:53:24,157] A new study created in memory with name: LightGBM_Tuning_2024Q1
Training until validation scores don't improve for 10 rounds
Training until validation scores don't improve for 10 rounds
Training until validation scores don't improve for 10 rounds
Training until validation scores don't improve for 10 rounds
Early stopping, best iteration is:
[139]	training's rmse: 0.00748042	valid_1's rmse: 0.00820943
Early stopping, best iteration is:
[167]	training's rmse: 0.00654252	valid_1's rmse: 0.00805692
Early stopping, best iteration is:
[300]	training's rmse: 0.00774389	valid_1's rmse: 0.00678075
[I 2025-06-17 09:54:52,036] Trial 0 finished with value: 0.12123388950592118 and parameters: {'learning_rate': 0.010587214309834664, 'num_leaves': 1893, 'min_data_in_leaf': 942, 'lambda_l2': 0.5148264917991432, 'subsample': 0.6852367586794001, 'colsample_bytree': 0.8049414591588272}. Best is trial 0 with value: 0.12123388950592118.
Early stopping, best iteration is:
[321]	training's rmse: 0.00720141	valid_1's rmse: 0.00707615
[I 2025-06-17 09:54:57,007] Trial 0 finished with value: 0.12435437501261816 and parameters: {'learning_rate': 0.022061618575275607, 'num_leaves': 1685, 'min_data_in_leaf': 1143, 'lambda_l2': 0.671394091884318, 'subsample': 0.8616934018635823, 'colsample_bytree': 0.8416581965021885}. Best is trial 0 with value: 0.12435437501261816.
Training until validation scores don't improve for 10 rounds
Training until validation scores don't improve for 10 rounds
Training until validation scores don't improve for 10 rounds
Training until validation scores don't improve for 10 rounds
Early stopping, best iteration is:
[272]	training's rmse: 0.00772353	valid_1's rmse: 0.00804115
Early stopping, best iteration is:
[200]	training's rmse: 0.00671381	valid_1's rmse: 0.0074008
Early stopping, best iteration is:
[346]	training's rmse: 0.00682144	valid_1's rmse: 0.00818158
Early stopping, best iteration is:
[198]	training's rmse: 0.00709416	valid_1's rmse: 0.00867258
Early stopping, best iteration is:
[231]	training's rmse: 0.0075635	valid_1's rmse: 0.00790293
Training until validation scores don't improve for 10 rounds
Training until validation scores don't improve for 10 rounds
Training until validation scores don't improve for 10 rounds
Training until validation scores don't improve for 10 rounds
Early stopping, best iteration is:
[86]	training's rmse: 0.0071165	valid_1's rmse: 0.00680147
Early stopping, best iteration is:
[153]	training's rmse: 0.00708036	valid_1's rmse: 0.00790636
Training until validation scores don't improve for 10 rounds
Early stopping, best iteration is:
[99]	training's rmse: 0.00744753	valid_1's rmse: 0.00806983
Training until validation scores don't improve for 10 rounds
Training until validation scores don't improve for 10 rounds
Early stopping, best iteration is:
[140]	training's rmse: 0.00801289	valid_1's rmse: 0.00665751
[I 2025-06-17 09:57:52,580] Trial 1 finished with value: 0.12309551074718858 and parameters: {'learning_rate': 0.01272515774821812, 'num_leaves': 212, 'min_data_in_leaf': 907, 'lambda_l2': 0.2979807909799148, 'subsample': 0.9461762188734153, 'colsample_bytree': 0.538795882446274}. Best is trial 1 with value: 0.12309551074718858.
Early stopping, best iteration is:
[268]	training's rmse: 0.00793989	valid_1's rmse: 0.00740364
[I 2025-06-17 09:58:03,747] Trial 1 finished with value: 0.12877249174462135 and parameters: {'learning_rate': 0.01286507016431996, 'num_leaves': 1585, 'min_data_in_leaf': 1043, 'lambda_l2': 0.046339621158824396, 'subsample': 0.7007891135000672, 'colsample_bytree': 0.8399830549294518}. Best is trial 1 with value: 0.12877249174462135.
Early stopping, best iteration is:
[178]	training's rmse: 0.00706598	valid_1's rmse: 0.00639621
[I 2025-06-17 09:58:13,632] Trial 0 finished with value: 0.11293778855055853 and parameters: {'learning_rate': 0.024643451669176784, 'num_leaves': 428, 'min_data_in_leaf': 984, 'lambda_l2': 0.9996637329310333, 'subsample': 0.9179539422187935, 'colsample_bytree': 0.7605069694958897}. Best is trial 0 with value: 0.11293778855055853.
Early stopping, best iteration is:
[249]	training's rmse: 0.00741744	valid_1's rmse: 0.00664305
Training until validation scores don't improve for 10 rounds
Training until validation scores don't improve for 10 rounds
Training until validation scores don't improve for 10 rounds
Training until validation scores don't improve for 10 rounds
Early stopping, best iteration is:
[117]	training's rmse: 0.00732105	valid_1's rmse: 0.00841059
Early stopping, best iteration is:
[128]	training's rmse: 0.00738794	valid_1's rmse: 0.00708471
[I 2025-06-17 09:59:22,996] Trial 1 finished with value: 0.12385979949287271 and parameters: {'learning_rate': 0.028629319533946603, 'num_leaves': 1022, 'min_data_in_leaf': 1757, 'lambda_l2': 0.35125370058855565, 'subsample': 0.8151480024562355, 'colsample_bytree': 0.780590074849463}. Best is trial 0 with value: 0.12435437501261816.
Early stopping, best iteration is:
[82]	training's rmse: 0.00659701	valid_1's rmse: 0.00806364
Early stopping, best iteration is:
[271]	training's rmse: 0.00757522	valid_1's rmse: 0.0082748
Training until validation scores don't improve for 10 rounds
2024Q2
Training until validation scores don't improve for 10 rounds
Training until validation scores don't improve for 10 rounds
Training until validation scores don't improve for 10 rounds
Early stopping, best iteration is:
[100]	training's rmse: 0.0074103	valid_1's rmse: 0.00820573
Early stopping, best iteration is:
[95]	training's rmse: 0.00762377	valid_1's rmse: 0.00867866
Early stopping, best iteration is:
[117]	training's rmse: 0.0067408	valid_1's rmse: 0.00740361
Did not meet early stopping. Best iteration is:
[1000]	training's rmse: 0.006891	valid_1's rmse: 0.0081862
[I 2025-06-17 10:06:39,841] A new study created in memory with name: LightGBM_Tuning_2024Q2
Training until validation scores don't improve for 10 rounds
Training until validation scores don't improve for 10 rounds
Training until validation scores don't improve for 10 rounds
Training until validation scores don't improve for 10 rounds
Early stopping, best iteration is:
[29]	training's rmse: 0.00671944	valid_1's rmse: 0.0079576
Training until validation scores don't improve for 10 rounds
Training until validation scores don't improve for 10 rounds
Early stopping, best iteration is:
[86]	training's rmse: 0.00703784	valid_1's rmse: 0.00679977
Training until validation scores don't improve for 10 rounds
Early stopping, best iteration is:
[101]	training's rmse: 0.00760408	valid_1's rmse: 0.00790633
Early stopping, best iteration is:
[209]	training's rmse: 0.00760629	valid_1's rmse: 0.00740499
Early stopping, best iteration is:
[192]	training's rmse: 0.0077145	valid_1's rmse: 0.00804042
Training until validation scores don't improve for 10 rounds
Early stopping, best iteration is:
[322]	training's rmse: 0.00684296	valid_1's rmse: 0.00665415
Training until validation scores don't improve for 10 rounds
Training until validation scores don't improve for 10 rounds
Early stopping, best iteration is:
[632]	training's rmse: 0.00708773	valid_1's rmse: 0.00790623
Early stopping, best iteration is:
[106]	training's rmse: 0.00708669	valid_1's rmse: 0.0063995
[I 2025-06-17 10:09:09,192] Trial 1 finished with value: 0.11125352714503074 and parameters: {'learning_rate': 0.023476584823280734, 'num_leaves': 1783, 'min_data_in_leaf': 511, 'lambda_l2': 0.9810288224381599, 'subsample': 0.6194682560155007, 'colsample_bytree': 0.892501566601059}. Best is trial 0 with value: 0.11293778855055853.
Training until validation scores don't improve for 10 rounds
Training until validation scores don't improve for 10 rounds
Early stopping, best iteration is:
[75]	training's rmse: 0.00799105	valid_1's rmse: 0.00665942
[I 2025-06-17 10:09:25,331] Trial 2 finished with value: 0.12326628810285836 and parameters: {'learning_rate': 0.02134696106816228, 'num_leaves': 925, 'min_data_in_leaf': 1185, 'lambda_l2': 0.5720461234261991, 'subsample': 0.7518043133463371, 'colsample_bytree': 0.6217013418338861}. Best is trial 2 with value: 0.12326628810285836.
Training until validation scores don't improve for 10 rounds
Early stopping, best iteration is:
[108]	training's rmse: 0.00806057	valid_1's rmse: 0.00740999
[I 2025-06-17 10:09:46,068] Trial 2 finished with value: 0.12740027128952908 and parameters: {'learning_rate': 0.026008252251383708, 'num_leaves': 912, 'min_data_in_leaf': 1534, 'lambda_l2': 0.3432557254260753, 'subsample': 0.6148440650628031, 'colsample_bytree': 0.836972326091313}. Best is trial 1 with value: 0.12877249174462135.
Training until validation scores don't improve for 10 rounds
Early stopping, best iteration is:
[277]	training's rmse: 0.00680098	valid_1's rmse: 0.00708869
Early stopping, best iteration is:
[304]	training's rmse: 0.00766571	valid_1's rmse: 0.00677969
[I 2025-06-17 10:10:06,661] Trial 1 finished with value: 0.12071860978774011 and parameters: {'learning_rate': 0.018651748777427323, 'num_leaves': 531, 'min_data_in_leaf': 1216, 'lambda_l2': 0.3188879252973059, 'subsample': 0.6687198929177725, 'colsample_bytree': 0.6252384747945232}. Best is trial 0 with value: 0.12123388950592118.
Training until validation scores don't improve for 10 rounds
Early stopping, best iteration is:
[291]	training's rmse: 0.00661341	valid_1's rmse: 0.00805714
Training until validation scores don't improve for 10 rounds
Training until validation scores don't improve for 10 rounds
Early stopping, best iteration is:
[76]	training's rmse: 0.00734262	valid_1's rmse: 0.00841211
Training until validation scores don't improve for 10 rounds
Training until validation scores don't improve for 10 rounds
Early stopping, best iteration is:
[257]	training's rmse: 0.0069556	valid_1's rmse: 0.00850845
[I 2025-06-17 10:11:23,582] Trial 0 finished with value: 0.11061690957205947 and parameters: {'learning_rate': 0.01360637695661315, 'num_leaves': 1528, 'min_data_in_leaf': 1566, 'lambda_l2': 0.2134467471999446, 'subsample': 0.9641848280754797, 'colsample_bytree': 0.9070907842396165}. Best is trial 0 with value: 0.11061690957205947.
Early stopping, best iteration is:
[725]	training's rmse: 0.00748234	valid_1's rmse: 0.00664322
Training until validation scores don't improve for 10 rounds
Early stopping, best iteration is:
[130]	training's rmse: 0.00696733	valid_1's rmse: 0.00867372
Early stopping, best iteration is:
[357]	training's rmse: 0.00679942	valid_1's rmse: 0.00740187
Training until validation scores don't improve for 10 rounds
Early stopping, best iteration is:
[17]	training's rmse: 0.00671073	valid_1's rmse: 0.00795485
Early stopping, best iteration is:
[77]	training's rmse: 0.00739562	valid_1's rmse: 0.00820629
Training until validation scores don't improve for 10 rounds
Training until validation scores don't improve for 10 rounds
Training until validation scores don't improve for 10 rounds
Training until validation scores don't improve for 10 rounds
Training until validation scores don't improve for 10 rounds
Early stopping, best iteration is:
[145]	training's rmse: 0.00716903	valid_1's rmse: 0.0068023
Early stopping, best iteration is:
[60]	training's rmse: 0.00738038	valid_1's rmse: 0.00807004
Early stopping, best iteration is:
[183]	training's rmse: 0.00679325	valid_1's rmse: 0.00665214
Early stopping, best iteration is:
[82]	training's rmse: 0.0075733	valid_1's rmse: 0.0079082
Training until validation scores don't improve for 10 rounds
Training until validation scores don't improve for 10 rounds
Training until validation scores don't improve for 10 rounds
Early stopping, best iteration is:
[146]	training's rmse: 0.00677629	valid_1's rmse: 0.00708855
Training until validation scores don't improve for 10 rounds
Early stopping, best iteration is:
[293]	training's rmse: 0.00716247	valid_1's rmse: 0.00639629
[I 2025-06-17 10:14:32,796] Trial 2 finished with value: 0.11449589487587818 and parameters: {'learning_rate': 0.015683705441902788, 'num_leaves': 265, 'min_data_in_leaf': 1774, 'lambda_l2': 0.8068262367024073, 'subsample': 0.7742909385174411, 'colsample_bytree': 0.5672165607606587}. Best is trial 2 with value: 0.11449589487587818.
Did not meet early stopping. Best iteration is:
[1000]	training's rmse: 0.00729985	valid_1's rmse: 0.00707599
[I 2025-06-17 10:14:38,028] Trial 2 finished with value: 0.12519862505887208 and parameters: {'learning_rate': 0.007087073048957816, 'num_leaves': 201, 'min_data_in_leaf': 1707, 'lambda_l2': 0.6893412932303004, 'subsample': 0.7855178560078581, 'colsample_bytree': 0.7568791183017605}. Best is trial 2 with value: 0.12519862505887208.
Early stopping, best iteration is:
[136]	training's rmse: 0.00746933	valid_1's rmse: 0.00740754
Training until validation scores don't improve for 10 rounds
Early stopping, best iteration is:
[58]	training's rmse: 0.00797632	valid_1's rmse: 0.00666021
[I 2025-06-17 10:14:43,183] Trial 3 finished with value: 0.12131614965842247 and parameters: {'learning_rate': 0.029728565333357982, 'num_leaves': 1663, 'min_data_in_leaf': 1223, 'lambda_l2': 0.7672697007356097, 'subsample': 0.9836733011913781, 'colsample_bytree': 0.8174616595460347}. Best is trial 2 with value: 0.12326628810285836.
Early stopping, best iteration is:
[181]	training's rmse: 0.00689226	valid_1's rmse: 0.00848923
[I 2025-06-17 10:15:07,112] Trial 1 finished with value: 0.11074960353147051 and parameters: {'learning_rate': 0.02848631003178827, 'num_leaves': 225, 'min_data_in_leaf': 1331, 'lambda_l2': 0.02472214549460816, 'subsample': 0.6130135253726886, 'colsample_bytree': 0.7609078050395579}. Best is trial 1 with value: 0.11074960353147051.
Training until validation scores don't improve for 10 rounds
Training until validation scores don't improve for 10 rounds
Training until validation scores don't improve for 10 rounds
Training until validation scores don't improve for 10 rounds
Training until validation scores don't improve for 10 rounds
Early stopping, best iteration is:
[809]	training's rmse: 0.00740133	valid_1's rmse: 0.00826908
Early stopping, best iteration is:
[53]	training's rmse: 0.00670727	valid_1's rmse: 0.00795742
Early stopping, best iteration is:
[169]	training's rmse: 0.00660482	valid_1's rmse: 0.00805757
Early stopping, best iteration is:
[81]	training's rmse: 0.00741784	valid_1's rmse: 0.00841457
Early stopping, best iteration is:
[125]	training's rmse: 0.0076394	valid_1's rmse: 0.00678198
[I 2025-06-17 10:16:15,973] Trial 2 finished with value: 0.11751359252738353 and parameters: {'learning_rate': 0.029413698487094173, 'num_leaves': 1611, 'min_data_in_leaf': 672, 'lambda_l2': 0.09761614123962936, 'subsample': 0.7869061740345388, 'colsample_bytree': 0.9465925945633202}. Best is trial 0 with value: 0.12123388950592118.
Training until validation scores don't improve for 10 rounds
Early stopping, best iteration is:
[523]	training's rmse: 0.00679998	valid_1's rmse: 0.00818065
Training until validation scores don't improve for 10 rounds
Training until validation scores don't improve for 10 rounds
Training until validation scores don't improve for 10 rounds
Training until validation scores don't improve for 10 rounds
Training until validation scores don't improve for 10 rounds
Early stopping, best iteration is:
[84]	training's rmse: 0.00747014	valid_1's rmse: 0.00820863
Early stopping, best iteration is:
[250]	training's rmse: 0.00675116	valid_1's rmse: 0.0074008
Early stopping, best iteration is:
[477]	training's rmse: 0.0068608	valid_1's rmse: 0.0066522
Early stopping, best iteration is:
[180]	training's rmse: 0.00709096	valid_1's rmse: 0.00867226
Early stopping, best iteration is:
[234]	training's rmse: 0.00706718	valid_1's rmse: 0.00790423
Training until validation scores don't improve for 10 rounds
Training until validation scores don't improve for 10 rounds
Training until validation scores don't improve for 10 rounds
Training until validation scores don't improve for 10 rounds
Training until validation scores don't improve for 10 rounds
Early stopping, best iteration is:
[127]	training's rmse: 0.00710445	valid_1's rmse: 0.00680137
Early stopping, best iteration is:
[99]	training's rmse: 0.00763727	valid_1's rmse: 0.00790877
Early stopping, best iteration is:
[72]	training's rmse: 0.00747711	valid_1's rmse: 0.00807222
Early stopping, best iteration is:
[393]	training's rmse: 0.00681844	valid_1's rmse: 0.00708867
Training until validation scores don't improve for 10 rounds
Training until validation scores don't improve for 10 rounds
Early stopping, best iteration is:
[324]	training's rmse: 0.00751267	valid_1's rmse: 0.00867188
Early stopping, best iteration is:
[391]	training's rmse: 0.00739331	valid_1's rmse: 0.00664094
Training until validation scores don't improve for 10 rounds
Early stopping, best iteration is:
[272]	training's rmse: 0.00704636	valid_1's rmse: 0.00639521
[I 2025-06-17 10:20:19,553] Trial 3 finished with value: 0.1131335021767667 and parameters: {'learning_rate': 0.01761632527017325, 'num_leaves': 1260, 'min_data_in_leaf': 1031, 'lambda_l2': 0.9204227744322362, 'subsample': 0.7848358793535227, 'colsample_bytree': 0.8880733969322365}. Best is trial 2 with value: 0.11449589487587818.
Early stopping, best iteration is:
[248]	training's rmse: 0.00754222	valid_1's rmse: 0.00740233
Early stopping, best iteration is:
[343]	training's rmse: 0.00698564	valid_1's rmse: 0.0085287
