Loading factor data from /project/model_share/share_1/factor_data1/fac20250528/fac20250528.fea...
Loading return data from /project/model_share/share_1/label_data/label1.fea...
Loading liquid data from /project/model_share/share_1/label_data/can_trade_amt1.fea...
2023q1
[I 2025-06-19 10:53:51,452] A new study created in memory with name: LightGBM_Tuning_2023q1
Training until validation scores don't improve for 10 rounds
2023q2
[I 2025-06-19 10:55:26,963] A new study created in memory with name: LightGBM_Tuning_2023q2
Training until validation scores don't improve for 10 rounds
Early stopping, best iteration is:
[310]	training's rmse: 0.941113	valid_1's rmse: 0.988021
2023q3
[I 2025-06-19 10:57:11,106] A new study created in memory with name: LightGBM_Tuning_2023q3
Training until validation scores don't improve for 10 rounds
Early stopping, best iteration is:
[270]	training's rmse: 0.962554	valid_1's rmse: 0.991973
Training until validation scores don't improve for 10 rounds
Early stopping, best iteration is:
[206]	training's rmse: 0.952392	valid_1's rmse: 0.991707
Early stopping, best iteration is:
[231]	training's rmse: 0.961186	valid_1's rmse: 0.991894
2023q4
Training until validation scores don't improve for 10 rounds
[I 2025-06-19 10:59:16,558] A new study created in memory with name: LightGBM_Tuning_2023q4
Training until validation scores don't improve for 10 rounds
Training until validation scores don't improve for 10 rounds
Training until validation scores don't improve for 10 rounds
Early stopping, best iteration is:
[149]	training's rmse: 0.971872	valid_1's rmse: 0.992085
Early stopping, best iteration is:
[308]	training's rmse: 0.958469	valid_1's rmse: 0.99103
Early stopping, best iteration is:
[238]	training's rmse: 0.948341	valid_1's rmse: 0.989643
Early stopping, best iteration is:
[148]	training's rmse: 0.963768	valid_1's rmse: 0.99297
Training until validation scores don't improve for 10 rounds
2024q1
Training until validation scores don't improve for 10 rounds
Training until validation scores don't improve for 10 rounds
Training until validation scores don't improve for 10 rounds
Early stopping, best iteration is:
[296]	training's rmse: 0.959074	valid_1's rmse: 0.992126
Early stopping, best iteration is:
[90]	training's rmse: 0.975841	valid_1's rmse: 0.995199
Early stopping, best iteration is:
[250]	training's rmse: 0.959118	valid_1's rmse: 0.990986
Training until validation scores don't improve for 10 rounds
Training until validation scores don't improve for 10 rounds
Early stopping, best iteration is:
[386]	training's rmse: 0.931475	valid_1's rmse: 0.989579
[I 2025-06-19 11:03:58,840] Trial 0 finished with value: 0.12700048766285374 and parameters: {'learning_rate': 0.021794114777781263, 'num_leaves': 1934, 'min_data_in_leaf': 877, 'lambda_l2': 0.8787381438688696, 'subsample': 0.6076929206255136, 'colsample_bytree': 0.6380791763146874}. Best is trial 0 with value: 0.12700048766285374.
Early stopping, best iteration is:
[339]	training's rmse: 0.957262	valid_1's rmse: 0.99139
[I 2025-06-19 11:04:59,101] Trial 0 finished with value: 0.11625995060307498 and parameters: {'learning_rate': 0.017679732629675125, 'num_leaves': 1058, 'min_data_in_leaf': 1417, 'lambda_l2': 0.34561876389918733, 'subsample': 0.8519930202232064, 'colsample_bytree': 0.9402094059391364}. Best is trial 0 with value: 0.11625995060307498.
Early stopping, best iteration is:
[262]	training's rmse: 0.9564	valid_1's rmse: 0.991479
Training until validation scores don't improve for 10 rounds
Training until validation scores don't improve for 10 rounds
Training until validation scores don't improve for 10 rounds
Early stopping, best iteration is:
[203]	training's rmse: 0.956561	valid_1's rmse: 0.991813
Early stopping, best iteration is:
[254]	training's rmse: 0.960243	valid_1's rmse: 0.993215
[I 2025-06-19 11:06:37,729] Trial 0 finished with value: 0.11255908235620118 and parameters: {'learning_rate': 0.0206514075504926, 'num_leaves': 208, 'min_data_in_leaf': 1129, 'lambda_l2': 0.7201904654399417, 'subsample': 0.798560517208528, 'colsample_bytree': 0.6455245662157076}. Best is trial 0 with value: 0.11255908235620118.
[I 2025-06-19 11:06:51,925] A new study created in memory with name: LightGBM_Tuning_2024q1
Early stopping, best iteration is:
[231]	training's rmse: 0.957138	valid_1's rmse: 0.993025
[I 2025-06-19 11:06:54,694] Trial 0 finished with value: 0.10493206218158675 and parameters: {'learning_rate': 0.019558562556844968, 'num_leaves': 944, 'min_data_in_leaf': 1262, 'lambda_l2': 0.24005227243485983, 'subsample': 0.6959449971565079, 'colsample_bytree': 0.6915468838951002}. Best is trial 0 with value: 0.10493206218158675.
Training until validation scores don't improve for 10 rounds
Training until validation scores don't improve for 10 rounds
Training until validation scores don't improve for 10 rounds
Training until validation scores don't improve for 10 rounds
Early stopping, best iteration is:
[185]	training's rmse: 0.957415	valid_1's rmse: 0.991104
Training until validation scores don't improve for 10 rounds
Early stopping, best iteration is:
[206]	training's rmse: 0.958455	valid_1's rmse: 0.991982
Early stopping, best iteration is:
[153]	training's rmse: 0.967241	valid_1's rmse: 0.992658
Early stopping, best iteration is:
[421]	training's rmse: 0.948119	valid_1's rmse: 0.988201
Training until validation scores don't improve for 10 rounds
Training until validation scores don't improve for 10 rounds
Early stopping, best iteration is:
[183]	training's rmse: 0.956369	valid_1's rmse: 0.992055
Early stopping, best iteration is:
[91]	training's rmse: 0.97863	valid_1's rmse: 0.995139
Early stopping, best iteration is:
[221]	training's rmse: 0.965472	valid_1's rmse: 0.992589
Training until validation scores don't improve for 10 rounds
Training until validation scores don't improve for 10 rounds
Early stopping, best iteration is:
[247]	training's rmse: 0.950851	valid_1's rmse: 0.991189
[I 2025-06-19 11:11:03,405] Trial 1 finished with value: 0.11707583407713262 and parameters: {'learning_rate': 0.02550124081992513, 'num_leaves': 851, 'min_data_in_leaf': 1136, 'lambda_l2': 0.5963732986238738, 'subsample': 0.6908483219447129, 'colsample_bytree': 0.7221109648931564}. Best is trial 1 with value: 0.11707583407713262.
Early stopping, best iteration is:
[313]	training's rmse: 0.953111	valid_1's rmse: 0.991695
Training until validation scores don't improve for 10 rounds
Training until validation scores don't improve for 10 rounds
Early stopping, best iteration is:
[125]	training's rmse: 0.9562	valid_1's rmse: 0.991961
Training until validation scores don't improve for 10 rounds
Early stopping, best iteration is:
[215]	training's rmse: 0.961613	valid_1's rmse: 0.993144
[I 2025-06-19 11:13:08,664] Trial 1 finished with value: 0.10449138065089164 and parameters: {'learning_rate': 0.018277257401082287, 'num_leaves': 242, 'min_data_in_leaf': 1079, 'lambda_l2': 0.28250680995360944, 'subsample': 0.7496664337987836, 'colsample_bytree': 0.7932305810273899}. Best is trial 0 with value: 0.10493206218158675.
Early stopping, best iteration is:
[197]	training's rmse: 0.942413	valid_1's rmse: 0.991172
Training until validation scores don't improve for 10 rounds
Training until validation scores don't improve for 10 rounds
Early stopping, best iteration is:
[109]	training's rmse: 0.962963	valid_1's rmse: 0.992663
Early stopping, best iteration is:
[154]	training's rmse: 0.94818	valid_1's rmse: 0.992277
Training until validation scores don't improve for 10 rounds
Training until validation scores don't improve for 10 rounds
Early stopping, best iteration is:
[62]	training's rmse: 0.976043	valid_1's rmse: 0.995298
Early stopping, best iteration is:
[217]	training's rmse: 0.939272	valid_1's rmse: 0.991348
[I 2025-06-19 11:16:33,764] Trial 2 finished with value: 0.11527869808368299 and parameters: {'learning_rate': 0.0297964002820471, 'num_leaves': 957, 'min_data_in_leaf': 793, 'lambda_l2': 0.8068963710054349, 'subsample': 0.8118952435259104, 'colsample_bytree': 0.669330972393137}. Best is trial 1 with value: 0.11707583407713262.
Training until validation scores don't improve for 10 rounds
Training until validation scores don't improve for 10 rounds
Early stopping, best iteration is:
[150]	training's rmse: 0.957561	valid_1's rmse: 0.991968
Training until validation scores don't improve for 10 rounds
Early stopping, best iteration is:
[595]	training's rmse: 0.971327	valid_1's rmse: 0.99231
Early stopping, best iteration is:
[223]	training's rmse: 0.944692	valid_1's rmse: 0.99316
[I 2025-06-19 11:19:51,445] Trial 2 finished with value: 0.10305418649266432 and parameters: {'learning_rate': 0.019788504338833026, 'num_leaves': 1175, 'min_data_in_leaf': 740, 'lambda_l2': 0.6145542107825117, 'subsample': 0.9061952995676659, 'colsample_bytree': 0.9971011784534543}. Best is trial 0 with value: 0.10493206218158675.
Training until validation scores don't improve for 10 rounds
Training until validation scores don't improve for 10 rounds
Early stopping, best iteration is:
[192]	training's rmse: 0.963101	valid_1's rmse: 0.992632
Training until validation scores don't improve for 10 rounds
Early stopping, best iteration is:
[105]	training's rmse: 0.977474	valid_1's rmse: 0.995159
Did not meet early stopping. Best iteration is:
[1000]	training's rmse: 0.961305	valid_1's rmse: 0.991068
Training until validation scores don't improve for 10 rounds
Training until validation scores don't improve for 10 rounds
Early stopping, best iteration is:
[252]	training's rmse: 0.959751	valid_1's rmse: 0.992016
Training until validation scores don't improve for 10 rounds
Early stopping, best iteration is:
[894]	training's rmse: 0.963102	valid_1's rmse: 0.991964
Training until validation scores don't improve for 10 rounds
Early stopping, best iteration is:
[334]	training's rmse: 0.950657	valid_1's rmse: 0.992844
[I 2025-06-19 11:32:03,734] Trial 3 finished with value: 0.10397956224821546 and parameters: {'learning_rate': 0.013175906617166354, 'num_leaves': 335, 'min_data_in_leaf': 791, 'lambda_l2': 0.9605372698512118, 'subsample': 0.7392551489577925, 'colsample_bytree': 0.997116200439663}. Best is trial 0 with value: 0.10493206218158675.
Training until validation scores don't improve for 10 rounds
Early stopping, best iteration is:
[152]	training's rmse: 0.974435	valid_1's rmse: 0.993002
Training until validation scores don't improve for 10 rounds
Early stopping, best iteration is:
[99]	training's rmse: 0.981958	valid_1's rmse: 0.995297
Did not meet early stopping. Best iteration is:
[1000]	training's rmse: 0.962532	valid_1's rmse: 0.991429
[I 2025-06-19 11:35:29,885] Trial 3 finished with value: 0.11644366842214554 and parameters: {'learning_rate': 0.005300882679200637, 'num_leaves': 1487, 'min_data_in_leaf': 1602, 'lambda_l2': 0.6788186171767443, 'subsample': 0.61775357080338, 'colsample_bytree': 0.9401811758497769}. Best is trial 1 with value: 0.11707583407713262.
Training until validation scores don't improve for 10 rounds
Training until validation scores don't improve for 10 rounds
Early stopping, best iteration is:
[195]	training's rmse: 0.970004	valid_1's rmse: 0.992232
Early stopping, best iteration is:
[328]	training's rmse: 0.964319	valid_1's rmse: 0.991874
Training until validation scores don't improve for 10 rounds
Training until validation scores don't improve for 10 rounds
Training until validation scores don't improve for 10 rounds
Training until validation scores don't improve for 10 rounds
Training until validation scores don't improve for 10 rounds
Early stopping, best iteration is:
[174]	training's rmse: 0.961823	valid_1's rmse: 0.991796
Early stopping, best iteration is:
[299]	training's rmse: 0.96175	valid_1's rmse: 0.991173
Early stopping, best iteration is:
[223]	training's rmse: 0.970073	valid_1's rmse: 0.993472
[I 2025-06-19 11:38:56,827] Trial 4 finished with value: 0.10366086891037984 and parameters: {'learning_rate': 0.015352214569101994, 'num_leaves': 1272, 'min_data_in_leaf': 1840, 'lambda_l2': 0.17422150190639574, 'subsample': 0.8986186485119319, 'colsample_bytree': 0.8308770446499706}. Best is trial 0 with value: 0.10493206218158675.
Early stopping, best iteration is:
[349]	training's rmse: 0.953189	valid_1's rmse: 0.991396
Early stopping, best iteration is:
[329]	training's rmse: 0.953734	valid_1's rmse: 0.991542
2024q2
Training until validation scores don't improve for 10 rounds
Training until validation scores don't improve for 10 rounds
Training until validation scores don't improve for 10 rounds
Training until validation scores don't improve for 10 rounds
Early stopping, best iteration is:
[154]	training's rmse: 0.961529	valid_1's rmse: 0.992972
[I 2025-06-19 11:43:43,088] A new study created in memory with name: LightGBM_Tuning_2024q2
Training until validation scores don't improve for 10 rounds
Early stopping, best iteration is:
[395]	training's rmse: 0.949385	valid_1's rmse: 0.989537
Early stopping, best iteration is:
[314]	training's rmse: 0.947666	valid_1's rmse: 0.990755
Early stopping, best iteration is:
[161]	training's rmse: 0.97248	valid_1's rmse: 0.996041
Early stopping, best iteration is:
[192]	training's rmse: 0.968784	valid_1's rmse: 0.992368
Training until validation scores don't improve for 10 rounds
Training until validation scores don't improve for 10 rounds
Training until validation scores don't improve for 10 rounds
Training until validation scores don't improve for 10 rounds
Training until validation scores don't improve for 10 rounds
Training until validation scores don't improve for 10 rounds
Early stopping, best iteration is:
[68]	training's rmse: 0.979147	valid_1's rmse: 0.99507
Early stopping, best iteration is:
[143]	training's rmse: 0.964131	valid_1's rmse: 0.993537
Early stopping, best iteration is:
[354]	training's rmse: 0.958816	valid_1's rmse: 0.991241
[I 2025-06-19 11:49:05,782] Trial 4 finished with value: 0.11569351575553552 and parameters: {'learning_rate': 0.02055194147755483, 'num_leaves': 1114, 'min_data_in_leaf': 1888, 'lambda_l2': 0.34480073234081576, 'subsample': 0.8584858595557587, 'colsample_bytree': 0.911054553809017}. Best is trial 1 with value: 0.11707583407713262.
Early stopping, best iteration is:
[247]	training's rmse: 0.95536	valid_1's rmse: 0.993141
[I 2025-06-19 11:49:16,272] Trial 1 finished with value: 0.1133908101446176 and parameters: {'learning_rate': 0.01956853598519071, 'num_leaves': 1706, 'min_data_in_leaf': 1054, 'lambda_l2': 0.6284129916148908, 'subsample': 0.9263658091762708, 'colsample_bytree': 0.6950516390762405}. Best is trial 1 with value: 0.1133908101446176.
Training until validation scores don't improve for 10 rounds
Training until validation scores don't improve for 10 rounds
Training until validation scores don't improve for 10 rounds
Training until validation scores don't improve for 10 rounds
Early stopping, best iteration is:
[434]	training's rmse: 0.945519	valid_1's rmse: 0.989676
[I 2025-06-19 11:50:48,245] Trial 1 finished with value: 0.1278623197332329 and parameters: {'learning_rate': 0.014433837141375406, 'num_leaves': 1043, 'min_data_in_leaf': 1011, 'lambda_l2': 0.6853146116092749, 'subsample': 0.606680105053255, 'colsample_bytree': 0.805732379146941}. Best is trial 1 with value: 0.1278623197332329.
Early stopping, best iteration is:
[178]	training's rmse: 0.962559	valid_1's rmse: 0.991906
Early stopping, best iteration is:
[219]	training's rmse: 0.952574	valid_1's rmse: 0.99268
Training until validation scores don't improve for 10 rounds
Training until validation scores don't improve for 10 rounds
Early stopping, best iteration is:
[216]	training's rmse: 0.948319	valid_1's rmse: 0.991976
Early stopping, best iteration is:
[301]	training's rmse: 0.964132	valid_1's rmse: 0.991938
Early stopping, best iteration is:
[273]	training's rmse: 0.961823	valid_1's rmse: 0.993085
Training until validation scores don't improve for 10 rounds
[I 2025-06-19 11:52:34,352] Trial 0 finished with value: 0.10456295261979096 and parameters: {'learning_rate': 0.009263083192129092, 'num_leaves': 951, 'min_data_in_leaf': 765, 'lambda_l2': 0.14362382411928087, 'subsample': 0.6777672085264581, 'colsample_bytree': 0.8263217885096483}. Best is trial 0 with value: 0.10456295261979096.
Training until validation scores don't improve for 10 rounds
Training until validation scores don't improve for 10 rounds
Early stopping, best iteration is:
[185]	training's rmse: 0.959711	valid_1's rmse: 0.993281
[I 2025-06-19 11:53:29,489] Trial 5 finished with value: 0.1038624229883745 and parameters: {'learning_rate': 0.020951540021394394, 'num_leaves': 1527, 'min_data_in_leaf': 1193, 'lambda_l2': 0.988443451059946, 'subsample': 0.8284771820778083, 'colsample_bytree': 0.6092195293946381}. Best is trial 0 with value: 0.10493206218158675.
Early stopping, best iteration is:
[160]	training's rmse: 0.961867	valid_1's rmse: 0.994274
Training until validation scores don't improve for 10 rounds
Training until validation scores don't improve for 10 rounds
Training until validation scores don't improve for 10 rounds
Early stopping, best iteration is:
[469]	training's rmse: 0.948627	valid_1's rmse: 0.988204
Early stopping, best iteration is:
[276]	training's rmse: 0.940437	valid_1's rmse: 0.991536
Early stopping, best iteration is:
[72]	training's rmse: 0.964946	valid_1's rmse: 0.992906
Training until validation scores don't improve for 10 rounds
Early stopping, best iteration is:
[162]	training's rmse: 0.960439	valid_1's rmse: 0.993331
[I 2025-06-19 11:56:26,147] Trial 0 finished with value: 0.10067227095987538 and parameters: {'learning_rate': 0.01589055103532447, 'num_leaves': 1980, 'min_data_in_leaf': 666, 'lambda_l2': 0.23382665360613109, 'subsample': 0.8234695191790876, 'colsample_bytree': 0.7334752625064691}. Best is trial 0 with value: 0.10067227095987538.
Early stopping, best iteration is:
[486]	training's rmse: 0.950718	valid_1's rmse: 0.990768
Training until validation scores don't improve for 10 rounds
Early stopping, best iteration is:
[139]	training's rmse: 0.959551	valid_1's rmse: 0.992503
Training until validation scores don't improve for 10 rounds
Training until validation scores don't improve for 10 rounds
Early stopping, best iteration is:
[74]	training's rmse: 0.976717	valid_1's rmse: 0.994063
Training until validation scores don't improve for 10 rounds
Early stopping, best iteration is:
[43]	training's rmse: 0.976876	valid_1's rmse: 0.995126
Training until validation scores don't improve for 10 rounds
Early stopping, best iteration is:
[173]	training's rmse: 0.955106	valid_1's rmse: 0.991321
Training until validation scores don't improve for 10 rounds
Early stopping, best iteration is:
[417]	training's rmse: 0.951086	valid_1's rmse: 0.991414
Training until validation scores don't improve for 10 rounds
Training until validation scores don't improve for 10 rounds
Early stopping, best iteration is:
[181]	training's rmse: 0.959194	valid_1's rmse: 0.99259
Training until validation scores don't improve for 10 rounds
Training until validation scores don't improve for 10 rounds
Early stopping, best iteration is:
[395]	training's rmse: 0.954906	valid_1's rmse: 0.991915
Early stopping, best iteration is:
[85]	training's rmse: 0.974143	valid_1's rmse: 0.99471
Early stopping, best iteration is:
[133]	training's rmse: 0.952492	valid_1's rmse: 0.991737
Early stopping, best iteration is:
[247]	training's rmse: 0.944974	valid_1's rmse: 0.993234
[I 2025-06-19 12:01:44,567] Trial 2 finished with value: 0.11282948466948763 and parameters: {'learning_rate': 0.014870406816086468, 'num_leaves': 745, 'min_data_in_leaf': 524, 'lambda_l2': 0.9227061813439629, 'subsample': 0.7993966438598382, 'colsample_bytree': 0.8687418884994589}. Best is trial 1 with value: 0.1133908101446176.
Training until validation scores don't improve for 10 rounds
Training until validation scores don't improve for 10 rounds
Early stopping, best iteration is:
[270]	training's rmse: 0.936776	valid_1's rmse: 0.991126
Training until validation scores don't improve for 10 rounds
Early stopping, best iteration is:
[79]	training's rmse: 0.975352	valid_1's rmse: 0.993744
[I 2025-06-19 12:02:37,410] Trial 1 finished with value: 0.09859412334096782 and parameters: {'learning_rate': 0.027308537586363372, 'num_leaves': 1170, 'min_data_in_leaf': 1381, 'lambda_l2': 0.7956444033738288, 'subsample': 0.9842288093245107, 'colsample_bytree': 0.9331632962466961}. Best is trial 0 with value: 0.10067227095987538.
Training until validation scores don't improve for 10 rounds
Early stopping, best iteration is:
[388]	training's rmse: 0.952814	valid_1's rmse: 0.989656
Early stopping, best iteration is:
[89]	training's rmse: 0.961609	valid_1's rmse: 0.99347
[I 2025-06-19 12:03:24,458] Trial 6 finished with value: 0.10310021400108679 and parameters: {'learning_rate': 0.02827836895825735, 'num_leaves': 1030, 'min_data_in_leaf': 754, 'lambda_l2': 0.4918150202078354, 'subsample': 0.8713228736677711, 'colsample_bytree': 0.7511054973138493}. Best is trial 0 with value: 0.10493206218158675.
Training until validation scores don't improve for 10 rounds
Training until validation scores don't improve for 10 rounds
Training until validation scores don't improve for 10 rounds
Early stopping, best iteration is:
[426]	training's rmse: 0.955301	valid_1's rmse: 0.991267
