[I 2025-06-25 06:30:43,886] Trial 8 finished with value: 0.11182382025466807 and parameters: {'learning_rate': 0.046937843877228734, 'num_leaves': 889, 'min_data_in_leaf': 1521, 'lambda_l2': 0.8161767592624289, 'subsample': 0.916044621761921, 'colsample_bytree': 0.7665940996825906}. Best is trial 6 with value: 0.11716865399191098.
Early stopping, best iteration is:
[374]	training's w_rmse: 0.92665	valid_1's w_rmse: 0.987848
Training until validation scores don't improve for 10 rounds
Early stopping, best iteration is:
[25]	training's w_rmse: 0.978891	valid_1's w_rmse: 0.992546
Early stopping, best iteration is:
[331]	training's w_rmse: 0.95904	valid_1's w_rmse: 0.986655
[I 2025-06-25 06:31:01,846] Trial 7 finished with value: 0.08324940794612087 and parameters: {'learning_rate': 0.021213598458795755, 'num_leaves': 962, 'min_data_in_leaf': 1615, 'lambda_l2': 0.3667955557970174, 'subsample': 0.8618841535435501, 'colsample_bytree': 0.5887720888694334}. Best is trial 3 with value: 0.08850777424716247.
Training until validation scores don't improve for 10 rounds
Training until validation scores don't improve for 10 rounds
Training until validation scores don't improve for 10 rounds
Training until validation scores don't improve for 10 rounds
Training until validation scores don't improve for 10 rounds
Early stopping, best iteration is:
[109]	training's w_rmse: 0.971201	valid_1's w_rmse: 0.990491
[I 2025-06-25 06:31:46,565] Trial 6 finished with value: 0.08638664102001324 and parameters: {'learning_rate': 0.03612573052178011, 'num_leaves': 1195, 'min_data_in_leaf': 1955, 'lambda_l2': 0.09295754301872872, 'subsample': 0.9364293265284596, 'colsample_bytree': 0.9650025898634804}. Best is trial 4 with value: 0.09144273357636691.
Early stopping, best iteration is:
[36]	training's w_rmse: 0.978529	valid_1's w_rmse: 0.990742
Early stopping, best iteration is:
[47]	training's w_rmse: 0.97628	valid_1's w_rmse: 0.993867
Early stopping, best iteration is:
[84]	training's w_rmse: 0.95859	valid_1's w_rmse: 0.988451
Early stopping, best iteration is:
[368]	training's w_rmse: 0.976907	valid_1's w_rmse: 0.992731
[I 2025-06-25 06:31:59,717] Trial 6 finished with value: 0.08793624222113523 and parameters: {'learning_rate': 0.008104623080773943, 'num_leaves': 1802, 'min_data_in_leaf': 1908, 'lambda_l2': 0.4946025117298728, 'subsample': 0.8929985860775451, 'colsample_bytree': 0.806568853104302}. Best is trial 0 with value: 0.09434005529405001.
Training until validation scores don't improve for 10 rounds
Training until validation scores don't improve for 10 rounds
Training until validation scores don't improve for 10 rounds
Training until validation scores don't improve for 10 rounds
Early stopping, best iteration is:
[63]	training's w_rmse: 0.970196	valid_1's w_rmse: 0.990321
Training until validation scores don't improve for 10 rounds
Early stopping, best iteration is:
[21]	training's w_rmse: 0.979449	valid_1's w_rmse: 0.993081
Early stopping, best iteration is:
[343]	training's w_rmse: 0.951077	valid_1's w_rmse: 0.987577
Early stopping, best iteration is:
[100]	training's w_rmse: 0.956538	valid_1's w_rmse: 0.988424
[I 2025-06-25 06:32:51,165] Trial 8 finished with value: 0.09310291315103078 and parameters: {'learning_rate': 0.07546079759167497, 'num_leaves': 458, 'min_data_in_leaf': 1248, 'lambda_l2': 0.9197575792490283, 'subsample': 0.8469850479129356, 'colsample_bytree': 0.649789432397668}. Best is trial 4 with value: 0.0983582473269544.
Training until validation scores don't improve for 10 rounds
Training until validation scores don't improve for 10 rounds
Early stopping, best iteration is:
[144]	training's w_rmse: 0.958814	valid_1's w_rmse: 0.986942
Early stopping, best iteration is:
[116]	training's w_rmse: 0.986145	valid_1's w_rmse: 0.995376
[I 2025-06-25 06:33:17,421] Trial 6 finished with value: 0.08886482236806278 and parameters: {'learning_rate': 0.026572718415063326, 'num_leaves': 1604, 'min_data_in_leaf': 816, 'lambda_l2': 0.6570561831973432, 'subsample': 0.9584968514401968, 'colsample_bytree': 0.8883736048727888}. Best is trial 3 with value: 0.0915630807142072.
Early stopping, best iteration is:
[32]	training's w_rmse: 0.979153	valid_1's w_rmse: 0.991571
Training until validation scores don't improve for 10 rounds
Training until validation scores don't improve for 10 rounds
Early stopping, best iteration is:
[19]	training's w_rmse: 0.98712	valid_1's w_rmse: 0.995368
Early stopping, best iteration is:
[45]	training's w_rmse: 0.96659	valid_1's w_rmse: 0.989642
Early stopping, best iteration is:
[64]	training's w_rmse: 0.980978	valid_1's w_rmse: 0.994104
Training until validation scores don't improve for 10 rounds
Training until validation scores don't improve for 10 rounds
Training until validation scores don't improve for 10 rounds
Training until validation scores don't improve for 10 rounds
Early stopping, best iteration is:
[37]	training's w_rmse: 0.982585	valid_1's w_rmse: 0.992575
Early stopping, best iteration is:
[35]	training's w_rmse: 0.966531	valid_1's w_rmse: 0.989499
Training until validation scores don't improve for 10 rounds
Training until validation scores don't improve for 10 rounds
Early stopping, best iteration is:
[152]	training's w_rmse: 0.955623	valid_1's w_rmse: 0.986979
[I 2025-06-25 06:34:25,053] Trial 8 finished with value: 0.08227307878802903 and parameters: {'learning_rate': 0.05344317395931886, 'num_leaves': 1695, 'min_data_in_leaf': 1601, 'lambda_l2': 0.18215164138247186, 'subsample': 0.659532386953967, 'colsample_bytree': 0.7047049258612177}. Best is trial 3 with value: 0.08850777424716247.
Training until validation scores don't improve for 10 rounds
Training until validation scores don't improve for 10 rounds
Training until validation scores don't improve for 10 rounds
Early stopping, best iteration is:
[24]	training's w_rmse: 0.973832	valid_1's w_rmse: 0.990586
Early stopping, best iteration is:
[160]	training's w_rmse: 0.933101	valid_1's w_rmse: 0.987774
Early stopping, best iteration is:
[164]	training's w_rmse: 0.961812	valid_1's w_rmse: 0.988091
Early stopping, best iteration is:
[159]	training's w_rmse: 0.910661	valid_1's w_rmse: 0.98878
Training until validation scores don't improve for 10 rounds
Training until validation scores don't improve for 10 rounds
Early stopping, best iteration is:
[31]	training's w_rmse: 0.969547	valid_1's w_rmse: 0.990338
Early stopping, best iteration is:
[498]	training's w_rmse: 0.970825	valid_1's w_rmse: 0.988765
Training until validation scores don't improve for 10 rounds
Early stopping, best iteration is:
[426]	training's w_rmse: 0.943372	valid_1's w_rmse: 0.986635
Early stopping, best iteration is:
[60]	training's w_rmse: 0.962102	valid_1's w_rmse: 0.989915
[I 2025-06-25 06:36:23,503] Trial 7 finished with value: 0.09051447195709279 and parameters: {'learning_rate': 0.04094838278071129, 'num_leaves': 1393, 'min_data_in_leaf': 570, 'lambda_l2': 0.692790030646452, 'subsample': 0.8041040857963314, 'colsample_bytree': 0.7542932325483578}. Best is trial 4 with value: 0.09144273357636691.
Training until validation scores don't improve for 10 rounds
Training until validation scores don't improve for 10 rounds
Training until validation scores don't improve for 10 rounds
Early stopping, best iteration is:
[227]	training's w_rmse: 0.954624	valid_1's w_rmse: 0.987646
[I 2025-06-25 06:36:36,862] Trial 9 finished with value: 0.09379107396756413 and parameters: {'learning_rate': 0.043509411904062135, 'num_leaves': 482, 'min_data_in_leaf': 1656, 'lambda_l2': 0.2608360933920266, 'subsample': 0.6553366084364746, 'colsample_bytree': 0.5645467683532566}. Best is trial 4 with value: 0.0983582473269544.
Early stopping, best iteration is:
[20]	training's w_rmse: 0.976713	valid_1's w_rmse: 0.994025
Early stopping, best iteration is:
[19]	training's w_rmse: 0.976497	valid_1's w_rmse: 0.99127
Training until validation scores don't improve for 10 rounds
Training until validation scores don't improve for 10 rounds
Early stopping, best iteration is:
[13]	training's w_rmse: 0.98534	valid_1's w_rmse: 0.993808
Training until validation scores don't improve for 10 rounds
Training until validation scores don't improve for 10 rounds
Training until validation scores don't improve for 10 rounds
Early stopping, best iteration is:
[21]	training's w_rmse: 0.984556	valid_1's w_rmse: 0.995114
Early stopping, best iteration is:
[50]	training's w_rmse: 0.96087	valid_1's w_rmse: 0.987505
[I 2025-06-25 06:37:33,007] Trial 9 finished with value: 0.0826681221435666 and parameters: {'learning_rate': 0.07980720449610335, 'num_leaves': 1359, 'min_data_in_leaf': 949, 'lambda_l2': 0.4391021193595541, 'subsample': 0.8629698729085478, 'colsample_bytree': 0.8251277177237744}. Best is trial 3 with value: 0.08850777424716247.
Training until validation scores don't improve for 10 rounds
Early stopping, best iteration is:
[78]	training's w_rmse: 0.945607	valid_1's w_rmse: 0.987555
[I 2025-06-25 06:37:49,571] Trial 7 finished with value: 0.09002174152450466 and parameters: {'learning_rate': 0.05087102567818245, 'num_leaves': 582, 'min_data_in_leaf': 402, 'lambda_l2': 0.10243381965613796, 'subsample': 0.9867309746841018, 'colsample_bytree': 0.8985807944895018}. Best is trial 3 with value: 0.0915630807142072.
Early stopping, best iteration is:
[33]	training's w_rmse: 0.974076	valid_1's w_rmse: 0.989852
Training until validation scores don't improve for 10 rounds
Training until validation scores don't improve for 10 rounds
Early stopping, best iteration is:
[40]	training's w_rmse: 0.979365	valid_1's w_rmse: 0.992412
Early stopping, best iteration is:
[45]	training's w_rmse: 0.979566	valid_1's w_rmse: 0.990362
Training until validation scores don't improve for 10 rounds
Training until validation scores don't improve for 10 rounds
Early stopping, best iteration is:
[45]	training's w_rmse: 0.96979	valid_1's w_rmse: 0.989003
Training until validation scores don't improve for 10 rounds
Training until validation scores don't improve for 10 rounds
Early stopping, best iteration is:
[649]	training's w_rmse: 0.928518	valid_1's w_rmse: 0.986569
Early stopping, best iteration is:
[80]	training's w_rmse: 0.970793	valid_1's w_rmse: 0.989958
[I 2025-06-25 06:39:14,361] Trial 9 finished with value: 0.11683681591836825 and parameters: {'learning_rate': 0.01529202495298147, 'num_leaves': 541, 'min_data_in_leaf': 699, 'lambda_l2': 0.18311129295601392, 'subsample': 0.9267494304740335, 'colsample_bytree': 0.7162848857769955}. Best is trial 6 with value: 0.11716865399191098.
Early stopping, best iteration is:
[101]	training's w_rmse: 0.966355	valid_1's w_rmse: 0.988338
Training until validation scores don't improve for 10 rounds
Early stopping, best iteration is:
[160]	training's w_rmse: 0.97179	valid_1's w_rmse: 0.989404
Early stopping, best iteration is:
[873]	training's w_rmse: 0.959112	valid_1's w_rmse: 0.988102
Early stopping, best iteration is:
[33]	training's w_rmse: 0.975861	valid_1's w_rmse: 0.990769
[I 2025-06-25 06:39:33,928] Trial 8 finished with value: 0.08438190808426323 and parameters: {'learning_rate': 0.07227527081759855, 'num_leaves': 234, 'min_data_in_leaf': 776, 'lambda_l2': 0.4132497444389971, 'subsample': 0.7177284438396568, 'colsample_bytree': 0.9496762363157316}. Best is trial 4 with value: 0.09144273357636691.
Training until validation scores don't improve for 10 rounds
Training until validation scores don't improve for 10 rounds
Training until validation scores don't improve for 10 rounds
Early stopping, best iteration is:
[46]	training's w_rmse: 0.978703	valid_1's w_rmse: 0.991276
Early stopping, best iteration is:
[91]	training's w_rmse: 0.956413	valid_1's w_rmse: 0.988464
Training until validation scores don't improve for 10 rounds
Training until validation scores don't improve for 10 rounds
Training until validation scores don't improve for 10 rounds
Early stopping, best iteration is:
[117]	training's w_rmse: 0.96539	valid_1's w_rmse: 0.98832
[I 2025-06-25 06:40:16,147] Trial 10 finished with value: 0.09301540823438464 and parameters: {'learning_rate': 0.0459455995566173, 'num_leaves': 749, 'min_data_in_leaf': 1356, 'lambda_l2': 0.8503093631615258, 'subsample': 0.7554119866747866, 'colsample_bytree': 0.8401289301277152}. Best is trial 4 with value: 0.0983582473269544.
Early stopping, best iteration is:
[24]	training's w_rmse: 0.980715	valid_1's w_rmse: 0.993305
Training until validation scores don't improve for 10 rounds
Training until validation scores don't improve for 10 rounds
Early stopping, best iteration is:
[11]	training's w_rmse: 0.985261	valid_1's w_rmse: 0.994962
Training until validation scores don't improve for 10 rounds
Early stopping, best iteration is:
[9]	training's w_rmse: 0.987452	valid_1's w_rmse: 0.995526
Training until validation scores don't improve for 10 rounds
Early stopping, best iteration is:
[137]	training's w_rmse: 0.961822	valid_1's w_rmse: 0.986957
[I 2025-06-25 06:41:06,706] Trial 10 finished with value: 0.08336194417384879 and parameters: {'learning_rate': 0.03688230863157194, 'num_leaves': 254, 'min_data_in_leaf': 1035, 'lambda_l2': 0.13836685537040216, 'subsample': 0.8270391023869686, 'colsample_bytree': 0.6512520659152508}. Best is trial 3 with value: 0.08850777424716247.
Training until validation scores don't improve for 10 rounds
Early stopping, best iteration is:
[43]	training's w_rmse: 0.973064	valid_1's w_rmse: 0.989786
Training until validation scores don't improve for 10 rounds
Early stopping, best iteration is:
[74]	training's w_rmse: 0.96151	valid_1's w_rmse: 0.98809
Early stopping, best iteration is:
[19]	training's w_rmse: 0.982338	valid_1's w_rmse: 0.992842
Training until validation scores don't improve for 10 rounds
Early stopping, best iteration is:
[24]	training's w_rmse: 0.974284	valid_1's w_rmse: 0.990622
Early stopping, best iteration is:
[315]	training's w_rmse: 0.956953	valid_1's w_rmse: 0.989014
Training until validation scores don't improve for 10 rounds
Early stopping, best iteration is:
[428]	training's w_rmse: 0.971883	valid_1's w_rmse: 0.992382
[I 2025-06-25 06:42:02,404] Trial 7 finished with value: 0.09000588411994496 and parameters: {'learning_rate': 0.007288767096744514, 'num_leaves': 1112, 'min_data_in_leaf': 1318, 'lambda_l2': 0.7762181611788281, 'subsample': 0.6683490892470518, 'colsample_bytree': 0.8956081410427139}. Best is trial 0 with value: 0.09434005529405001.
Training until validation scores don't improve for 10 rounds
Training until validation scores don't improve for 10 rounds
Early stopping, best iteration is:
[45]	training's w_rmse: 0.972592	valid_1's w_rmse: 0.98898
Early stopping, best iteration is:
[85]	training's w_rmse: 0.958443	valid_1's w_rmse: 0.988075
[I 2025-06-25 06:42:23,596] Trial 10 finished with value: 0.10817181500464051 and parameters: {'learning_rate': 0.0822569200811983, 'num_leaves': 555, 'min_data_in_leaf': 1315, 'lambda_l2': 0.9506411359921804, 'subsample': 0.9097129203538894, 'colsample_bytree': 0.6850525437317375}. Best is trial 6 with value: 0.11716865399191098.
Training until validation scores don't improve for 10 rounds
Training until validation scores don't improve for 10 rounds
Early stopping, best iteration is:
[27]	training's w_rmse: 0.971918	valid_1's w_rmse: 0.990468
Training until validation scores don't improve for 10 rounds
Early stopping, best iteration is:
[207]	training's w_rmse: 0.93337	valid_1's w_rmse: 0.987373
Early stopping, best iteration is:
[17]	training's w_rmse: 0.985657	valid_1's w_rmse: 0.99523
Training until validation scores don't improve for 10 rounds
Training until validation scores don't improve for 10 rounds
Early stopping, best iteration is:
[116]	training's w_rmse: 0.955971	valid_1's w_rmse: 0.988448
[I 2025-06-25 06:43:10,578] Trial 11 finished with value: 0.09028424202303773 and parameters: {'learning_rate': 0.09104545325311422, 'num_leaves': 697, 'min_data_in_leaf': 1753, 'lambda_l2': 0.8850095346056933, 'subsample': 0.755600686626511, 'colsample_bytree': 0.5761505583116382}. Best is trial 4 with value: 0.0983582473269544.
Training until validation scores don't improve for 10 rounds
Early stopping, best iteration is:
[117]	training's w_rmse: 0.976631	valid_1's w_rmse: 0.993748
Early stopping, best iteration is:
[20]	training's w_rmse: 0.976279	valid_1's w_rmse: 0.991408
Training until validation scores don't improve for 10 rounds
Training until validation scores don't improve for 10 rounds
Early stopping, best iteration is:
[197]	training's w_rmse: 0.932527	valid_1's w_rmse: 0.987477
Training until validation scores don't improve for 10 rounds
Early stopping, best iteration is:
[50]	training's w_rmse: 0.971033	valid_1's w_rmse: 0.990256
[I 2025-06-25 06:43:49,091] Trial 9 finished with value: 0.0896675355875108 and parameters: {'learning_rate': 0.04086339167435565, 'num_leaves': 869, 'min_data_in_leaf': 782, 'lambda_l2': 0.23090784000671472, 'subsample': 0.7137656534364225, 'colsample_bytree': 0.5170373132293702}. Best is trial 4 with value: 0.09144273357636691.
Early stopping, best iteration is:
[11]	training's w_rmse: 0.987436	valid_1's w_rmse: 0.995442
Early stopping, best iteration is:
[112]	training's w_rmse: 0.955702	valid_1's w_rmse: 0.988627
Training until validation scores don't improve for 10 rounds
Training until validation scores don't improve for 10 rounds
Training until validation scores don't improve for 10 rounds
Early stopping, best iteration is:
[76]	training's w_rmse: 0.951072	valid_1's w_rmse: 0.987302
[I 2025-06-25 06:44:20,739] Trial 11 finished with value: 0.08287481068739967 and parameters: {'learning_rate': 0.08461030292142398, 'num_leaves': 393, 'min_data_in_leaf': 969, 'lambda_l2': 0.4474662188114177, 'subsample': 0.6695948075838863, 'colsample_bytree': 0.8187113009722643}. Best is trial 3 with value: 0.08850777424716247.
Early stopping, best iteration is:
[18]	training's w_rmse: 0.982435	valid_1's w_rmse: 0.994326
Training until validation scores don't improve for 10 rounds
Training until validation scores don't improve for 10 rounds
Training until validation scores don't improve for 10 rounds
Early stopping, best iteration is:
[20]	training's w_rmse: 0.98361	valid_1's w_rmse: 0.992816
Early stopping, best iteration is:
[9]	training's w_rmse: 0.981227	valid_1's w_rmse: 0.99351
Training until validation scores don't improve for 10 rounds
Early stopping, best iteration is:
[115]	training's w_rmse: 0.955018	valid_1's w_rmse: 0.988603
Training until validation scores don't improve for 10 rounds
Training until validation scores don't improve for 10 rounds
Early stopping, best iteration is:
[44]	training's w_rmse: 0.977049	valid_1's w_rmse: 0.990164
Training until validation scores don't improve for 10 rounds
Early stopping, best iteration is:
[61]	training's w_rmse: 0.971552	valid_1's w_rmse: 0.988689
Early stopping, best iteration is:
[20]	training's w_rmse: 0.969983	valid_1's w_rmse: 0.990082
Early stopping, best iteration is:
[156]	training's w_rmse: 0.94252	valid_1's w_rmse: 0.986731
Training until validation scores don't improve for 10 rounds
Training until validation scores don't improve for 10 rounds
Early stopping, best iteration is:
[366]	training's w_rmse: 0.955719	valid_1's w_rmse: 0.986705
Training until validation scores don't improve for 10 rounds
[I 2025-06-25 06:45:56,191] Trial 8 finished with value: 0.08712301691862513 and parameters: {'learning_rate': 0.010612491017020036, 'num_leaves': 513, 'min_data_in_leaf': 659, 'lambda_l2': 0.1730452244977161, 'subsample': 0.9620287686204976, 'colsample_bytree': 0.7711982883113992}. Best is trial 3 with value: 0.0915630807142072.
Early stopping, best iteration is:
[78]	training's w_rmse: 0.963812	valid_1's w_rmse: 0.992599
[I 2025-06-25 06:45:59,568] Trial 8 finished with value: 0.09164841413139632 and parameters: {'learning_rate': 0.04319587496306057, 'num_leaves': 493, 'min_data_in_leaf': 761, 'lambda_l2': 0.776904753006272, 'subsample': 0.8778709063300121, 'colsample_bytree': 0.8879311371980645}. Best is trial 0 with value: 0.09434005529405001.
Training until validation scores don't improve for 10 rounds
Training until validation scores don't improve for 10 rounds
Early stopping, best iteration is:
[100]	training's w_rmse: 0.964685	valid_1's w_rmse: 0.988442
[I 2025-06-25 06:46:12,715] Trial 12 finished with value: 0.08999906597350532 and parameters: {'learning_rate': 0.07279742091741608, 'num_leaves': 1638, 'min_data_in_leaf': 1774, 'lambda_l2': 0.8280538311400527, 'subsample': 0.9878964685915979, 'colsample_bytree': 0.8810027424809971}. Best is trial 4 with value: 0.0983582473269544.
Early stopping, best iteration is:
[124]	training's w_rmse: 0.953526	valid_1's w_rmse: 0.989525
Early stopping, best iteration is:
[60]	training's w_rmse: 0.943962	valid_1's w_rmse: 0.988407
Training until validation scores don't improve for 10 rounds
Training until validation scores don't improve for 10 rounds
Early stopping, best iteration is:
[183]	training's w_rmse: 0.937484	valid_1's w_rmse: 0.987453
