[I 2025-06-17 15:03:44,447] Trial 19 finished with value: 0.12413143584436528 and parameters: {'learning_rate': 0.009843181261153178, 'num_leaves': 1445, 'min_data_in_leaf': 754, 'lambda_l2': 0.6507937438834228, 'subsample': 0.6528896659091713, 'colsample_bytree': 0.7656383639929784}. Best is trial 12 with value: 0.12609116242082147.
Early stopping, best iteration is:
[135]	training's rmse: 0.0069574	valid_1's rmse: 0.00867255
Training until validation scores don't improve for 10 rounds
Training until validation scores don't improve for 10 rounds
Early stopping, best iteration is:
[59]	training's rmse: 0.00738466	valid_1's rmse: 0.00806944
Early stopping, best iteration is:
[141]	training's rmse: 0.00729568	valid_1's rmse: 0.00840888
Training until validation scores don't improve for 10 rounds
Training until validation scores don't improve for 10 rounds
Early stopping, best iteration is:
[96]	training's rmse: 0.00756476	valid_1's rmse: 0.00740751
Early stopping, best iteration is:
[844]	training's rmse: 0.00752361	valid_1's rmse: 0.00826892
Early stopping, best iteration is:
[132]	training's rmse: 0.00736785	valid_1's rmse: 0.00820437
Training until validation scores don't improve for 10 rounds
Training until validation scores don't improve for 10 rounds
Early stopping, best iteration is:
[799]	training's rmse: 0.0069921	valid_1's rmse: 0.00707158
Training until validation scores don't improve for 10 rounds
[I 2025-06-17 15:07:37,310] Trial 31 finished with value: 0.12759257695357493 and parameters: {'learning_rate': 0.007218805048407606, 'num_leaves': 1596, 'min_data_in_leaf': 414, 'lambda_l2': 0.5446880065114049, 'subsample': 0.9434717205964621, 'colsample_bytree': 0.6454068102368458}. Best is trial 26 with value: 0.12797213997994783.
Early stopping, best iteration is:
[100]	training's rmse: 0.00769872	valid_1's rmse: 0.00678224
[I 2025-06-17 15:07:42,846] Trial 30 finished with value: 0.11767141951204477 and parameters: {'learning_rate': 0.02971121911705276, 'num_leaves': 1873, 'min_data_in_leaf': 664, 'lambda_l2': 0.6940198362088252, 'subsample': 0.9251211799576363, 'colsample_bytree': 0.7747637196822478}. Best is trial 21 with value: 0.12316451233919598.
Early stopping, best iteration is:
[133]	training's rmse: 0.00755837	valid_1's rmse: 0.00790582
Training until validation scores don't improve for 10 rounds
Training until validation scores don't improve for 10 rounds
Early stopping, best iteration is:
[299]	training's rmse: 0.00763479	valid_1's rmse: 0.00867559
Training until validation scores don't improve for 10 rounds
Training until validation scores don't improve for 10 rounds
Early stopping, best iteration is:
[102]	training's rmse: 0.00794799	valid_1's rmse: 0.00665519
[I 2025-06-17 15:09:40,441] Trial 20 finished with value: 0.12462924162784803 and parameters: {'learning_rate': 0.018298708718959274, 'num_leaves': 1213, 'min_data_in_leaf': 1033, 'lambda_l2': 0.702453373030024, 'subsample': 0.8007728275471083, 'colsample_bytree': 0.5289306393525536}. Best is trial 12 with value: 0.12609116242082147.
Training until validation scores don't improve for 10 rounds
Early stopping, best iteration is:
[408]	training's rmse: 0.00690629	valid_1's rmse: 0.0086689
Training until validation scores don't improve for 10 rounds
Early stopping, best iteration is:
[650]	training's rmse: 0.00767072	valid_1's rmse: 0.00803255
Early stopping, best iteration is:
[955]	training's rmse: 0.00664304	valid_1's rmse: 0.00817711
Training until validation scores don't improve for 10 rounds
Training until validation scores don't improve for 10 rounds
Early stopping, best iteration is:
[218]	training's rmse: 0.00730746	valid_1's rmse: 0.00806786
Early stopping, best iteration is:
[366]	training's rmse: 0.00728818	valid_1's rmse: 0.00840851
Training until validation scores don't improve for 10 rounds
Early stopping, best iteration is:
[365]	training's rmse: 0.00805975	valid_1's rmse: 0.00740749
[I 2025-06-17 15:14:19,273] Trial 26 finished with value: 0.12934113567120925 and parameters: {'learning_rate': 0.007875886060513074, 'num_leaves': 220, 'min_data_in_leaf': 894, 'lambda_l2': 0.9149627653788537, 'subsample': 0.676626114204232, 'colsample_bytree': 0.7412079345511081}. Best is trial 15 with value: 0.13079275423092462.
Training until validation scores don't improve for 10 rounds
Training until validation scores don't improve for 10 rounds
Early stopping, best iteration is:
[495]	training's rmse: 0.00693678	valid_1's rmse: 0.00790282
Early stopping, best iteration is:
[396]	training's rmse: 0.00743287	valid_1's rmse: 0.00740058
Training until validation scores don't improve for 10 rounds
Training until validation scores don't improve for 10 rounds
Early stopping, best iteration is:
[362]	training's rmse: 0.00734158	valid_1's rmse: 0.00820331
Training until validation scores don't improve for 10 rounds
Early stopping, best iteration is:
[336]	training's rmse: 0.00762326	valid_1's rmse: 0.0067776
[I 2025-06-17 15:19:22,627] Trial 31 finished with value: 0.12269391028374306 and parameters: {'learning_rate': 0.00959335036575208, 'num_leaves': 1382, 'min_data_in_leaf': 511, 'lambda_l2': 0.8619446847845643, 'subsample': 0.8576129719881213, 'colsample_bytree': 0.5249680843584043}. Best is trial 21 with value: 0.12316451233919598.
Early stopping, best iteration is:
[669]	training's rmse: 0.00743247	valid_1's rmse: 0.00827168
Early stopping, best iteration is:
[771]	training's rmse: 0.00722039	valid_1's rmse: 0.00663776
Training until validation scores don't improve for 10 rounds
Training until validation scores don't improve for 10 rounds
Training until validation scores don't improve for 10 rounds
Early stopping, best iteration is:
[387]	training's rmse: 0.00690542	valid_1's rmse: 0.00866876
Early stopping, best iteration is:
[477]	training's rmse: 0.00744896	valid_1's rmse: 0.00790262
Training until validation scores don't improve for 10 rounds
Early stopping, best iteration is:
[379]	training's rmse: 0.00743628	valid_1's rmse: 0.00867083
Training until validation scores don't improve for 10 rounds
Early stopping, best iteration is:
[168]	training's rmse: 0.00735695	valid_1's rmse: 0.00806765
Training until validation scores don't improve for 10 rounds
Early stopping, best iteration is:
[891]	training's rmse: 0.00704861	valid_1's rmse: 0.00707196
[I 2025-06-17 15:25:09,544] Trial 32 finished with value: 0.127813574224505 and parameters: {'learning_rate': 0.006673063545720771, 'num_leaves': 1582, 'min_data_in_leaf': 515, 'lambda_l2': 0.41029760288299355, 'subsample': 0.8150069269698946, 'colsample_bytree': 0.6265606799293597}. Best is trial 26 with value: 0.12797213997994783.
Training until validation scores don't improve for 10 rounds
Training until validation scores don't improve for 10 rounds
Early stopping, best iteration is:
[315]	training's rmse: 0.00790712	valid_1's rmse: 0.00665552
[I 2025-06-17 15:26:30,451] Trial 21 finished with value: 0.12520548208622523 and parameters: {'learning_rate': 0.005035521476399306, 'num_leaves': 1106, 'min_data_in_leaf': 580, 'lambda_l2': 0.9985679421359398, 'subsample': 0.6723271521282052, 'colsample_bytree': 0.7361772560085393}. Best is trial 12 with value: 0.12609116242082147.
Training until validation scores don't improve for 10 rounds
Early stopping, best iteration is:
[442]	training's rmse: 0.00737232	valid_1's rmse: 0.00739884
Early stopping, best iteration is:
[516]	training's rmse: 0.00758648	valid_1's rmse: 0.00803442
Training until validation scores don't improve for 10 rounds
Training until validation scores don't improve for 10 rounds
Did not meet early stopping. Best iteration is:
[999]	training's rmse: 0.00674751	valid_1's rmse: 0.0081802
Early stopping, best iteration is:
[260]	training's rmse: 0.00721765	valid_1's rmse: 0.00840637
Early stopping, best iteration is:
[270]	training's rmse: 0.00767082	valid_1's rmse: 0.00677884
[I 2025-06-17 15:30:14,759] Trial 32 finished with value: 0.1223433982510633 and parameters: {'learning_rate': 0.01013638727129915, 'num_leaves': 1211, 'min_data_in_leaf': 506, 'lambda_l2': 0.6187696200280524, 'subsample': 0.8702264936255083, 'colsample_bytree': 0.5398644864407824}. Best is trial 21 with value: 0.12316451233919598.
Training until validation scores don't improve for 10 rounds
Training until validation scores don't improve for 10 rounds
Training until validation scores don't improve for 10 rounds
Early stopping, best iteration is:
[319]	training's rmse: 0.00796625	valid_1's rmse: 0.00740621
[I 2025-06-17 15:31:51,616] Trial 27 finished with value: 0.13008849679630596 and parameters: {'learning_rate': 0.006678513605152162, 'num_leaves': 1657, 'min_data_in_leaf': 563, 'lambda_l2': 0.6461131133010929, 'subsample': 0.835879059482377, 'colsample_bytree': 0.6982983158736004}. Best is trial 15 with value: 0.13079275423092462.
Training until validation scores don't improve for 10 rounds
Early stopping, best iteration is:
[229]	training's rmse: 0.0073082	valid_1's rmse: 0.00820403
Early stopping, best iteration is:
[746]	training's rmse: 0.00692669	valid_1's rmse: 0.00790184
Training until validation scores don't improve for 10 rounds
Training until validation scores don't improve for 10 rounds
Early stopping, best iteration is:
[791]	training's rmse: 0.00695214	valid_1's rmse: 0.00866938
Early stopping, best iteration is:
[632]	training's rmse: 0.00738017	valid_1's rmse: 0.00826839
Training until validation scores don't improve for 10 rounds
Early stopping, best iteration is:
[242]	training's rmse: 0.00747901	valid_1's rmse: 0.00790298
Training until validation scores don't improve for 10 rounds
Training until validation scores don't improve for 10 rounds
Early stopping, best iteration is:
[739]	training's rmse: 0.00735082	valid_1's rmse: 0.00664137
Early stopping, best iteration is:
[223]	training's rmse: 0.00751892	valid_1's rmse: 0.00867383
Early stopping, best iteration is:
[342]	training's rmse: 0.0073854	valid_1's rmse: 0.00806793
Training until validation scores don't improve for 10 rounds
Training until validation scores don't improve for 10 rounds
Training until validation scores don't improve for 10 rounds
Early stopping, best iteration is:
[217]	training's rmse: 0.00785437	valid_1's rmse: 0.00665523
[I 2025-06-17 15:39:34,413] Trial 22 finished with value: 0.12493803569684794 and parameters: {'learning_rate': 0.007322549246433755, 'num_leaves': 1306, 'min_data_in_leaf': 401, 'lambda_l2': 0.8559670688795111, 'subsample': 0.6913319374384429, 'colsample_bytree': 0.7337777510806797}. Best is trial 12 with value: 0.12609116242082147.
Training until validation scores don't improve for 10 rounds
Early stopping, best iteration is:
[393]	training's rmse: 0.00759346	valid_1's rmse: 0.00803605
Training until validation scores don't improve for 10 rounds
Early stopping, best iteration is:
[936]	training's rmse: 0.00714688	valid_1's rmse: 0.00707321
[I 2025-06-17 15:43:02,313] Trial 33 finished with value: 0.12755339218798004 and parameters: {'learning_rate': 0.005032179580927062, 'num_leaves': 1513, 'min_data_in_leaf': 571, 'lambda_l2': 0.40940423526348735, 'subsample': 0.8203463891470875, 'colsample_bytree': 0.5315860463543753}. Best is trial 26 with value: 0.12797213997994783.
Early stopping, best iteration is:
[363]	training's rmse: 0.00720656	valid_1's rmse: 0.00840635
Early stopping, best iteration is:
[816]	training's rmse: 0.00746078	valid_1's rmse: 0.0073993
Training until validation scores don't improve for 10 rounds
Early stopping, best iteration is:
[181]	training's rmse: 0.0080572	valid_1's rmse: 0.00740783
[I 2025-06-17 15:43:44,956] Trial 28 finished with value: 0.13031016677541418 and parameters: {'learning_rate': 0.010625904587263403, 'num_leaves': 1444, 'min_data_in_leaf': 757, 'lambda_l2': 0.9732780029391981, 'subsample': 0.8695665499316885, 'colsample_bytree': 0.6419366627203471}. Best is trial 15 with value: 0.13079275423092462.
Training until validation scores don't improve for 10 rounds
Training until validation scores don't improve for 10 rounds
Training until validation scores don't improve for 10 rounds
Early stopping, best iteration is:
[806]	training's rmse: 0.00676219	valid_1's rmse: 0.00818081
Early stopping, best iteration is:
[591]	training's rmse: 0.00751256	valid_1's rmse: 0.00827134
Early stopping, best iteration is:
[366]	training's rmse: 0.00724754	valid_1's rmse: 0.00820294
Training until validation scores don't improve for 10 rounds
Early stopping, best iteration is:
[631]	training's rmse: 0.00767814	valid_1's rmse: 0.0067777
[I 2025-06-17 15:47:57,034] Trial 33 finished with value: 0.12349183236770761 and parameters: {'learning_rate': 0.005038133512482146, 'num_leaves': 1035, 'min_data_in_leaf': 646, 'lambda_l2': 0.43407595814501976, 'subsample': 0.8221081595269397, 'colsample_bytree': 0.5916880986537798}. Best is trial 33 with value: 0.12349183236770761.
Training until validation scores don't improve for 10 rounds
Training until validation scores don't improve for 10 rounds
Training until validation scores don't improve for 10 rounds
Early stopping, best iteration is:
[393]	training's rmse: 0.00703147	valid_1's rmse: 0.00790558
Early stopping, best iteration is:
[220]	training's rmse: 0.00758609	valid_1's rmse: 0.0086753
Training until validation scores don't improve for 10 rounds
Early stopping, best iteration is:
[274]	training's rmse: 0.00751849	valid_1's rmse: 0.00790496
Training until validation scores don't improve for 10 rounds
Training until validation scores don't improve for 10 rounds
Early stopping, best iteration is:
[528]	training's rmse: 0.00697137	valid_1's rmse: 0.00866972
Early stopping, best iteration is:
[406]	training's rmse: 0.00766894	valid_1's rmse: 0.00803633
Training until validation scores don't improve for 10 rounds
Early stopping, best iteration is:
[754]	training's rmse: 0.00729228	valid_1's rmse: 0.00663907
Early stopping, best iteration is:
[246]	training's rmse: 0.00789427	valid_1's rmse: 0.00665575
[I 2025-06-17 15:53:22,311] Trial 23 finished with value: 0.12452662238195272 and parameters: {'learning_rate': 0.006670722443404242, 'num_leaves': 1568, 'min_data_in_leaf': 567, 'lambda_l2': 0.9813830324115037, 'subsample': 0.7345865094190877, 'colsample_bytree': 0.8718610565917706}. Best is trial 12 with value: 0.12609116242082147.
Training until validation scores don't improve for 10 rounds
Early stopping, best iteration is:
[239]	training's rmse: 0.00738905	valid_1's rmse: 0.0080673
Training until validation scores don't improve for 10 rounds
Training until validation scores don't improve for 10 rounds
Training until validation scores don't improve for 10 rounds
Early stopping, best iteration is:
[208]	training's rmse: 0.00806695	valid_1's rmse: 0.00740891
[I 2025-06-17 15:55:26,679] Trial 29 finished with value: 0.13010766403900592 and parameters: {'learning_rate': 0.01076522681999528, 'num_leaves': 612, 'min_data_in_leaf': 1088, 'lambda_l2': 0.978740495562502, 'subsample': 0.9111551729092715, 'colsample_bytree': 0.7258029105389622}. Best is trial 15 with value: 0.13079275423092462.
Early stopping, best iteration is:
[206]	training's rmse: 0.00726657	valid_1's rmse: 0.00840642
Training until validation scores don't improve for 10 rounds
Training until validation scores don't improve for 10 rounds
Early stopping, best iteration is:
[849]	training's rmse: 0.00712955	valid_1's rmse: 0.00707494
[I 2025-06-17 15:57:21,639] Trial 34 finished with value: 0.1262264028502117 and parameters: {'learning_rate': 0.006815609256903915, 'num_leaves': 1700, 'min_data_in_leaf': 693, 'lambda_l2': 0.2806765141738766, 'subsample': 0.7891787477748817, 'colsample_bytree': 0.7600665736966437}. Best is trial 26 with value: 0.12797213997994783.
2023Q4 692
Early stopping, best iteration is:
[200]	training's rmse: 0.00732209	valid_1's rmse: 0.00820281
Early stopping, best iteration is:
[272]	training's rmse: 0.00773244	valid_1's rmse: 0.00828398
Early stopping, best iteration is:
[722]	training's rmse: 0.00739211	valid_1's rmse: 0.00739892
Training until validation scores don't improve for 10 rounds
Training until validation scores don't improve for 10 rounds
Training until validation scores don't improve for 10 rounds
Early stopping, best iteration is:
[246]	training's rmse: 0.00756953	valid_1's rmse: 0.00867384
Early stopping, best iteration is:
[326]	training's rmse: 0.00736973	valid_1's rmse: 0.00789972
Training until validation scores don't improve for 10 rounds
Training until validation scores don't improve for 10 rounds
Early stopping, best iteration is:
[528]	training's rmse: 0.00763911	valid_1's rmse: 0.00677683
[I 2025-06-17 16:01:52,361] Trial 34 finished with value: 0.12331153226536659 and parameters: {'learning_rate': 0.007169277390849663, 'num_leaves': 992, 'min_data_in_leaf': 658, 'lambda_l2': 0.48686118088563124, 'subsample': 0.7635445088635393, 'colsample_bytree': 0.5860683750434652}. Best is trial 33 with value: 0.12349183236770761.
2023Q3 645
Early stopping, best iteration is:
[153]	training's rmse: 0.00791363	valid_1's rmse: 0.00665558
[I 2025-06-17 16:02:30,554] Trial 24 finished with value: 0.1254107509673854 and parameters: {'learning_rate': 0.011427262177025815, 'num_leaves': 1044, 'min_data_in_leaf': 750, 'lambda_l2': 0.8371945182798104, 'subsample': 0.646761397989018, 'colsample_bytree': 0.6497350678893998}. Best is trial 12 with value: 0.12609116242082147.
Training until validation scores don't improve for 10 rounds
Early stopping, best iteration is:
[387]	training's rmse: 0.00770124	valid_1's rmse: 0.00804005
Completed 2023Q4, Results collected.
Training until validation scores don't improve for 10 rounds
Early stopping, best iteration is:
[252]	training's rmse: 0.00722855	valid_1's rmse: 0.00840752
Training until validation scores don't improve for 10 rounds
Early stopping, best iteration is:
[355]	training's rmse: 0.00793382	valid_1's rmse: 0.0074033
[I 2025-06-17 16:06:43,351] Trial 30 finished with value: 0.12879756492520178 and parameters: {'learning_rate': 0.00928523697319353, 'num_leaves': 1873, 'min_data_in_leaf': 963, 'lambda_l2': 0.8246673692632918, 'subsample': 0.7919385176929907, 'colsample_bytree': 0.7946565047164824}. Best is trial 15 with value: 0.13079275423092462.
Training until validation scores don't improve for 10 rounds
Early stopping, best iteration is:
[206]	training's rmse: 0.00733659	valid_1's rmse: 0.00820373
Training until validation scores don't improve for 10 rounds
Completed 2023Q3, Results collected.
Early stopping, best iteration is:
[482]	training's rmse: 0.00746784	valid_1's rmse: 0.00827099
Training until validation scores don't improve for 10 rounds
Early stopping, best iteration is:
[212]	training's rmse: 0.00753352	valid_1's rmse: 0.00867379
Early stopping, best iteration is:
[391]	training's rmse: 0.00731587	valid_1's rmse: 0.00789997
Training until validation scores don't improve for 10 rounds
Training until validation scores don't improve for 10 rounds
Early stopping, best iteration is:
[293]	training's rmse: 0.00769119	valid_1's rmse: 0.00803874
Early stopping, best iteration is:
[212]	training's rmse: 0.00784589	valid_1's rmse: 0.00665447
[I 2025-06-17 16:15:02,893] Trial 25 finished with value: 0.12514018542759142 and parameters: {'learning_rate': 0.008568551105683409, 'num_leaves': 1761, 'min_data_in_leaf': 526, 'lambda_l2': 0.9240703889817935, 'subsample': 0.704558062118847, 'colsample_bytree': 0.7874669892112631}. Best is trial 12 with value: 0.12609116242082147.
Training until validation scores don't improve for 10 rounds
Training until validation scores don't improve for 10 rounds
Early stopping, best iteration is:
[256]	training's rmse: 0.00794235	valid_1's rmse: 0.00740391
[I 2025-06-17 16:17:24,677] Trial 31 finished with value: 0.1306072456031053 and parameters: {'learning_rate': 0.011197234132437818, 'num_leaves': 1475, 'min_data_in_leaf': 780, 'lambda_l2': 0.9943475771629583, 'subsample': 0.8645704340225026, 'colsample_bytree': 0.628524283913307}. Best is trial 15 with value: 0.13079275423092462.
Training until validation scores don't improve for 10 rounds
Early stopping, best iteration is:
[441]	training's rmse: 0.00726762	valid_1's rmse: 0.00840557
Training until validation scores don't improve for 10 rounds
Early stopping, best iteration is:
[822]	training's rmse: 0.0074036	valid_1's rmse: 0.00826843
Early stopping, best iteration is:
[363]	training's rmse: 0.00736599	valid_1's rmse: 0.00820335
Training until validation scores don't improve for 10 rounds
Training until validation scores don't improve for 10 rounds
Early stopping, best iteration is:
[259]	training's rmse: 0.00756912	valid_1's rmse: 0.00867464
Training until validation scores don't improve for 10 rounds
Early stopping, best iteration is:
[491]	training's rmse: 0.00747459	valid_1's rmse: 0.00790186
Training until validation scores don't improve for 10 rounds
Early stopping, best iteration is:
[518]	training's rmse: 0.00760825	valid_1's rmse: 0.00803324
Training until validation scores don't improve for 10 rounds
Early stopping, best iteration is:
[323]	training's rmse: 0.00791456	valid_1's rmse: 0.0066562
[I 2025-06-17 16:30:14,657] Trial 26 finished with value: 0.12620098837448127 and parameters: {'learning_rate': 0.005339705516388933, 'num_leaves': 1221, 'min_data_in_leaf': 753, 'lambda_l2': 0.9984480178577574, 'subsample': 0.6679030377896975, 'colsample_bytree': 0.7143950822597604}. Best is trial 26 with value: 0.12620098837448127.
Early stopping, best iteration is:
[256]	training's rmse: 0.0080421	valid_1's rmse: 0.00740576
