[I 2025-06-19 16:01:59,027] Trial 19 finished with value: 0.1057180191584953 and parameters: {'learning_rate': 0.014245016119187904, 'num_leaves': 392, 'min_data_in_leaf': 1142, 'lambda_l2': 0.5958897830753996, 'subsample': 0.8364464447914629, 'colsample_bytree': 0.6803688649404257}. Best is trial 11 with value: 0.10686291830013028.
Early stopping, best iteration is:
[458]	training's rmse: 0.965621	valid_1's rmse: 0.991883
Early stopping, best iteration is:
[291]	training's rmse: 0.94414	valid_1's rmse: 0.991397
Training until validation scores don't improve for 10 rounds
Training until validation scores don't improve for 10 rounds
Early stopping, best iteration is:
[361]	training's rmse: 0.973696	valid_1's rmse: 0.993464
[I 2025-06-19 16:03:16,155] Trial 23 finished with value: 0.10067814512593277 and parameters: {'learning_rate': 0.006980999040541247, 'num_leaves': 965, 'min_data_in_leaf': 1516, 'lambda_l2': 0.882380670776773, 'subsample': 0.9364742256150608, 'colsample_bytree': 0.883381395951104}. Best is trial 13 with value: 0.10163344794665438.
Early stopping, best iteration is:
[598]	training's rmse: 0.939475	valid_1's rmse: 0.990853
[I 2025-06-19 16:03:26,095] Trial 22 finished with value: 0.11826880836803497 and parameters: {'learning_rate': 0.008912782384387582, 'num_leaves': 382, 'min_data_in_leaf': 512, 'lambda_l2': 0.25814511616966335, 'subsample': 0.9553861793130856, 'colsample_bytree': 0.6090477547981616}. Best is trial 11 with value: 0.11936504261646605.
Training until validation scores don't improve for 10 rounds
Early stopping, best iteration is:
[115]	training's rmse: 0.964079	valid_1's rmse: 0.992569
Early stopping, best iteration is:
[356]	training's rmse: 0.970045	valid_1's rmse: 0.992029
Early stopping, best iteration is:
[370]	training's rmse: 0.965108	valid_1's rmse: 0.992685
Training until validation scores don't improve for 10 rounds
Training until validation scores don't improve for 10 rounds
Training until validation scores don't improve for 10 rounds
Training until validation scores don't improve for 10 rounds
Training until validation scores don't improve for 10 rounds
Early stopping, best iteration is:
[317]	training's rmse: 0.941361	valid_1's rmse: 0.989063
Early stopping, best iteration is:
[240]	training's rmse: 0.959057	valid_1's rmse: 0.992114
Early stopping, best iteration is:
[401]	training's rmse: 0.967926	valid_1's rmse: 0.991126
Training until validation scores don't improve for 10 rounds
Early stopping, best iteration is:
[178]	training's rmse: 0.951899	valid_1's rmse: 0.991457
Early stopping, best iteration is:
[370]	training's rmse: 0.971455	valid_1's rmse: 0.993628
Early stopping, best iteration is:
[199]	training's rmse: 0.97921	valid_1's rmse: 0.995044
Training until validation scores don't improve for 10 rounds
Training until validation scores don't improve for 10 rounds
Training until validation scores don't improve for 10 rounds
Training until validation scores don't improve for 10 rounds
Training until validation scores don't improve for 10 rounds
Early stopping, best iteration is:
[90]	training's rmse: 0.969905	valid_1's rmse: 0.995994
Early stopping, best iteration is:
[398]	training's rmse: 0.931337	valid_1's rmse: 0.989289
[I 2025-06-19 16:07:10,681] Trial 21 finished with value: 0.1287625045793345 and parameters: {'learning_rate': 0.017767138702367895, 'num_leaves': 1621, 'min_data_in_leaf': 738, 'lambda_l2': 0.41040940474931187, 'subsample': 0.7680261422776892, 'colsample_bytree': 0.5772157898568612}. Best is trial 20 with value: 0.13002762747781185.
Early stopping, best iteration is:
[388]	training's rmse: 0.968536	valid_1's rmse: 0.993428
[I 2025-06-19 16:07:21,215] Trial 21 finished with value: 0.11350792234912681 and parameters: {'learning_rate': 0.011008011540991777, 'num_leaves': 429, 'min_data_in_leaf': 1900, 'lambda_l2': 0.6817469206598059, 'subsample': 0.7635643634597569, 'colsample_bytree': 0.5773807665138537}. Best is trial 5 with value: 0.11514199242296116.
Training until validation scores don't improve for 10 rounds
Early stopping, best iteration is:
[331]	training's rmse: 0.948377	valid_1's rmse: 0.99094
Training until validation scores don't improve for 10 rounds
Training until validation scores don't improve for 10 rounds
Early stopping, best iteration is:
[476]	training's rmse: 0.966043	valid_1's rmse: 0.992911
Training until validation scores don't improve for 10 rounds
Early stopping, best iteration is:
[488]	training's rmse: 0.963397	valid_1's rmse: 0.99203
Early stopping, best iteration is:
[177]	training's rmse: 0.955182	valid_1's rmse: 0.992993
[I 2025-06-19 16:09:03,424] Trial 20 finished with value: 0.10418728070940379 and parameters: {'learning_rate': 0.021170977372042103, 'num_leaves': 609, 'min_data_in_leaf': 883, 'lambda_l2': 0.9889068759555025, 'subsample': 0.7909299449851275, 'colsample_bytree': 0.5550138612473986}. Best is trial 11 with value: 0.10686291830013028.
Training until validation scores don't improve for 10 rounds
Training until validation scores don't improve for 10 rounds
Training until validation scores don't improve for 10 rounds
Early stopping, best iteration is:
[738]	training's rmse: 0.956771	valid_1's rmse: 0.99164
Early stopping, best iteration is:
[330]	training's rmse: 0.946495	valid_1's rmse: 0.992115
Early stopping, best iteration is:
[554]	training's rmse: 0.920176	valid_1's rmse: 0.987416
Training until validation scores don't improve for 10 rounds
Early stopping, best iteration is:
[472]	training's rmse: 0.966381	valid_1's rmse: 0.99429
Training until validation scores don't improve for 10 rounds
Training until validation scores don't improve for 10 rounds
Training until validation scores don't improve for 10 rounds
Early stopping, best iteration is:
[439]	training's rmse: 0.971423	valid_1's rmse: 0.992429
Early stopping, best iteration is:
[438]	training's rmse: 0.964261	valid_1's rmse: 0.99333
[I 2025-06-19 16:12:05,114] Trial 28 finished with value: 0.10498904625364855 and parameters: {'learning_rate': 0.006320401604050092, 'num_leaves': 1841, 'min_data_in_leaf': 1028, 'lambda_l2': 0.48608839837233064, 'subsample': 0.9608120830795218, 'colsample_bytree': 0.7432896123744201}. Best is trial 10 with value: 0.10532221307082346.
Early stopping, best iteration is:
[428]	training's rmse: 0.968074	valid_1's rmse: 0.99195
Training until validation scores don't improve for 10 rounds
Training until validation scores don't improve for 10 rounds
Training until validation scores don't improve for 10 rounds
Early stopping, best iteration is:
[406]	training's rmse: 0.93189	valid_1's rmse: 0.991374
Early stopping, best iteration is:
[578]	training's rmse: 0.929202	valid_1's rmse: 0.990827
[I 2025-06-19 16:13:34,069] Trial 23 finished with value: 0.11639854129272846 and parameters: {'learning_rate': 0.01206309575260233, 'num_leaves': 398, 'min_data_in_leaf': 546, 'lambda_l2': 0.4622261057561221, 'subsample': 0.9991115107152492, 'colsample_bytree': 0.9970804463810586}. Best is trial 11 with value: 0.11936504261646605.
Early stopping, best iteration is:
[445]	training's rmse: 0.967805	valid_1's rmse: 0.993353
[I 2025-06-19 16:13:42,371] Trial 24 finished with value: 0.10058351648141282 and parameters: {'learning_rate': 0.005366167797623304, 'num_leaves': 438, 'min_data_in_leaf': 842, 'lambda_l2': 0.6625603001185022, 'subsample': 0.8771575218601996, 'colsample_bytree': 0.954361637775746}. Best is trial 13 with value: 0.10163344794665438.
Early stopping, best iteration is:
[251]	training's rmse: 0.971772	valid_1's rmse: 0.992951
Training until validation scores don't improve for 10 rounds
Training until validation scores don't improve for 10 rounds
Training until validation scores don't improve for 10 rounds
Training until validation scores don't improve for 10 rounds
Early stopping, best iteration is:
[73]	training's rmse: 0.967079	valid_1's rmse: 0.993828
Early stopping, best iteration is:
[813]	training's rmse: 0.95444	valid_1's rmse: 0.990756
Training until validation scores don't improve for 10 rounds
Early stopping, best iteration is:
[148]	training's rmse: 0.981732	valid_1's rmse: 0.995151
Training until validation scores don't improve for 10 rounds
Early stopping, best iteration is:
[162]	training's rmse: 0.942807	valid_1's rmse: 0.992693
Early stopping, best iteration is:
[869]	training's rmse: 0.948667	valid_1's rmse: 0.990828
Training until validation scores don't improve for 10 rounds
Early stopping, best iteration is:
[568]	training's rmse: 0.960091	valid_1's rmse: 0.991822
Training until validation scores don't improve for 10 rounds
Early stopping, best iteration is:
[495]	training's rmse: 0.923213	valid_1's rmse: 0.989201
Training until validation scores don't improve for 10 rounds
Early stopping, best iteration is:
[96]	training's rmse: 0.959967	valid_1's rmse: 0.994456
Training until validation scores don't improve for 10 rounds
Training until validation scores don't improve for 10 rounds
Training until validation scores don't improve for 10 rounds
Early stopping, best iteration is:
[554]	training's rmse: 0.959426	valid_1's rmse: 0.991731
Early stopping, best iteration is:
[741]	training's rmse: 0.956897	valid_1's rmse: 0.993011
[I 2025-06-19 16:17:58,620] Trial 22 finished with value: 0.11416632337173871 and parameters: {'learning_rate': 0.0073697069649817926, 'num_leaves': 653, 'min_data_in_leaf': 1344, 'lambda_l2': 0.5537108953078157, 'subsample': 0.6877026112210802, 'colsample_bytree': 0.6293162372621347}. Best is trial 5 with value: 0.11514199242296116.
Early stopping, best iteration is:
[160]	training's rmse: 0.94375	valid_1's rmse: 0.992928
[I 2025-06-19 16:18:16,262] Trial 25 finished with value: 0.09957351499329004 and parameters: {'learning_rate': 0.02516770617454619, 'num_leaves': 749, 'min_data_in_leaf': 554, 'lambda_l2': 0.5246958596576163, 'subsample': 0.9266609315714045, 'colsample_bytree': 0.8105987580317928}. Best is trial 13 with value: 0.10163344794665438.
Early stopping, best iteration is:
[365]	training's rmse: 0.975546	valid_1's rmse: 0.995854
Training until validation scores don't improve for 10 rounds
Training until validation scores don't improve for 10 rounds
Training until validation scores don't improve for 10 rounds
Early stopping, best iteration is:
[617]	training's rmse: 0.956803	valid_1's rmse: 0.990918
Training until validation scores don't improve for 10 rounds
Early stopping, best iteration is:
[318]	training's rmse: 0.969878	valid_1's rmse: 0.992293
Early stopping, best iteration is:
[229]	training's rmse: 0.974691	valid_1's rmse: 0.993788
Training until validation scores don't improve for 10 rounds
Early stopping, best iteration is:
[645]	training's rmse: 0.909812	valid_1's rmse: 0.989188
[I 2025-06-19 16:20:04,852] Trial 22 finished with value: 0.12922737218057814 and parameters: {'learning_rate': 0.010697893034499407, 'num_leaves': 1131, 'min_data_in_leaf': 413, 'lambda_l2': 0.6181632458499557, 'subsample': 0.7728987772249035, 'colsample_bytree': 0.6096016746100743}. Best is trial 20 with value: 0.13002762747781185.
Training until validation scores don't improve for 10 rounds
Training until validation scores don't improve for 10 rounds
Early stopping, best iteration is:
[474]	training's rmse: 0.961108	valid_1's rmse: 0.993093
[I 2025-06-19 16:20:17,219] Trial 29 finished with value: 0.10482862826761172 and parameters: {'learning_rate': 0.008616982812494239, 'num_leaves': 1373, 'min_data_in_leaf': 1343, 'lambda_l2': 0.16700305898284673, 'subsample': 0.6687065373764062, 'colsample_bytree': 0.6023994354113181}. Best is trial 10 with value: 0.10532221307082346.
Training until validation scores don't improve for 10 rounds
Early stopping, best iteration is:
[314]	training's rmse: 0.97023	valid_1's rmse: 0.991941
Training until validation scores don't improve for 10 rounds
Early stopping, best iteration is:
[508]	training's rmse: 0.958003	valid_1's rmse: 0.992306
Training until validation scores don't improve for 10 rounds
Early stopping, best iteration is:
[252]	training's rmse: 0.939523	valid_1's rmse: 0.987946
Early stopping, best iteration is:
[163]	training's rmse: 0.977934	valid_1's rmse: 0.993231
Training until validation scores don't improve for 10 rounds
Training until validation scores don't improve for 10 rounds
Early stopping, best iteration is:
[804]	training's rmse: 0.949461	valid_1's rmse: 0.991618
Early stopping, best iteration is:
[890]	training's rmse: 0.952108	valid_1's rmse: 0.992648
Training until validation scores don't improve for 10 rounds
[I 2025-06-19 16:22:42,164] Trial 21 finished with value: 0.10591422037131461 and parameters: {'learning_rate': 0.005175774598879899, 'num_leaves': 217, 'min_data_in_leaf': 535, 'lambda_l2': 0.271835027312548, 'subsample': 0.8128241970911414, 'colsample_bytree': 0.5163739280089478}. Best is trial 11 with value: 0.10686291830013028.
Early stopping, best iteration is:
[516]	training's rmse: 0.960571	valid_1's rmse: 0.990914
Early stopping, best iteration is:
[297]	training's rmse: 0.96951	valid_1's rmse: 0.99437
Early stopping, best iteration is:
[124]	training's rmse: 0.982069	valid_1's rmse: 0.995169
Training until validation scores don't improve for 10 rounds
Training until validation scores don't improve for 10 rounds
Early stopping, best iteration is:
[325]	training's rmse: 0.928984	valid_1's rmse: 0.991196
Training until validation scores don't improve for 10 rounds
Training until validation scores don't improve for 10 rounds
Training until validation scores don't improve for 10 rounds
Training until validation scores don't improve for 10 rounds
Early stopping, best iteration is:
[406]	training's rmse: 0.965869	valid_1's rmse: 0.993216
[I 2025-06-19 16:24:25,526] Trial 23 finished with value: 0.11344443546324531 and parameters: {'learning_rate': 0.010986538601019884, 'num_leaves': 385, 'min_data_in_leaf': 1668, 'lambda_l2': 0.7843687415188995, 'subsample': 0.8262888843060285, 'colsample_bytree': 0.5511473586445188}. Best is trial 5 with value: 0.11514199242296116.
Early stopping, best iteration is:
[312]	training's rmse: 0.968607	valid_1's rmse: 0.993207
[I 2025-06-19 16:24:39,461] Trial 26 finished with value: 0.1017159845752213 and parameters: {'learning_rate': 0.008936630055716968, 'num_leaves': 990, 'min_data_in_leaf': 1184, 'lambda_l2': 0.9088939868588238, 'subsample': 0.9509109935392572, 'colsample_bytree': 0.7505702487072977}. Best is trial 26 with value: 0.1017159845752213.
Training until validation scores don't improve for 10 rounds
Early stopping, best iteration is:
[362]	training's rmse: 0.923336	valid_1's rmse: 0.989141
Early stopping, best iteration is:
[422]	training's rmse: 0.962886	valid_1's rmse: 0.991721
Training until validation scores don't improve for 10 rounds
Early stopping, best iteration is:
[429]	training's rmse: 0.963771	valid_1's rmse: 0.992189
Training until validation scores don't improve for 10 rounds
Early stopping, best iteration is:
[198]	training's rmse: 0.978802	valid_1's rmse: 0.993842
Training until validation scores don't improve for 10 rounds
Training until validation scores don't improve for 10 rounds
Training until validation scores don't improve for 10 rounds
Early stopping, best iteration is:
[341]	training's rmse: 0.925454	valid_1's rmse: 0.98945
Early stopping, best iteration is:
[937]	training's rmse: 0.946247	valid_1's rmse: 0.99092
[I 2025-06-19 16:26:50,358] Trial 23 finished with value: 0.12901919349967553 and parameters: {'learning_rate': 0.020383757944163923, 'num_leaves': 1510, 'min_data_in_leaf': 608, 'lambda_l2': 0.3609498787414063, 'subsample': 0.8462781317823438, 'colsample_bytree': 0.5607542471042775}. Best is trial 20 with value: 0.13002762747781185.
[I 2025-06-19 16:26:55,010] Trial 24 finished with value: 0.11839923502024767 and parameters: {'learning_rate': 0.006675983675010292, 'num_leaves': 680, 'min_data_in_leaf': 955, 'lambda_l2': 0.6095336173500179, 'subsample': 0.951679904398482, 'colsample_bytree': 0.5022195251156013}. Best is trial 11 with value: 0.11936504261646605.
Early stopping, best iteration is:
[755]	training's rmse: 0.95766	valid_1's rmse: 0.991701
Early stopping, best iteration is:
[369]	training's rmse: 0.963811	valid_1's rmse: 0.993155
[I 2025-06-19 16:27:17,716] Trial 30 finished with value: 0.1049290733724755 and parameters: {'learning_rate': 0.010818560277997515, 'num_leaves': 1099, 'min_data_in_leaf': 1543, 'lambda_l2': 0.27047173257538826, 'subsample': 0.8631396880388619, 'colsample_bytree': 0.7097703819478455}. Best is trial 10 with value: 0.10532221307082346.
Early stopping, best iteration is:
[436]	training's rmse: 0.965017	valid_1's rmse: 0.992675
Training until validation scores don't improve for 10 rounds
Training until validation scores don't improve for 10 rounds
Training until validation scores don't improve for 10 rounds
Training until validation scores don't improve for 10 rounds
Training until validation scores don't improve for 10 rounds
Early stopping, best iteration is:
[600]	training's rmse: 0.951974	valid_1's rmse: 0.99087
Early stopping, best iteration is:
[269]	training's rmse: 0.973943	valid_1's rmse: 0.994429
Early stopping, best iteration is:
[501]	training's rmse: 0.966581	valid_1's rmse: 0.992006
Early stopping, best iteration is:
[341]	training's rmse: 0.962121	valid_1's rmse: 0.991939
Training until validation scores don't improve for 10 rounds
Early stopping, best iteration is:
[408]	training's rmse: 0.971045	valid_1's rmse: 0.992864
Training until validation scores don't improve for 10 rounds
Training until validation scores don't improve for 10 rounds
Training until validation scores don't improve for 10 rounds
Training until validation scores don't improve for 10 rounds
Early stopping, best iteration is:
[307]	training's rmse: 0.971631	valid_1's rmse: 0.993258
[I 2025-06-19 16:30:14,831] Trial 27 finished with value: 0.10114964997502252 and parameters: {'learning_rate': 0.009371195240841238, 'num_leaves': 1058, 'min_data_in_leaf': 1477, 'lambda_l2': 0.9339499007833018, 'subsample': 0.9572129878193729, 'colsample_bytree': 0.6628911784338811}. Best is trial 26 with value: 0.1017159845752213.
Early stopping, best iteration is:
[817]	training's rmse: 0.928584	valid_1's rmse: 0.987556
Early stopping, best iteration is:
[270]	training's rmse: 0.975481	valid_1's rmse: 0.995869
Early stopping, best iteration is:
[212]	training's rmse: 0.982485	valid_1's rmse: 0.995123
Training until validation scores don't improve for 10 rounds
Training until validation scores don't improve for 10 rounds
Training until validation scores don't improve for 10 rounds
Early stopping, best iteration is:
[155]	training's rmse: 0.97645	valid_1's rmse: 0.993866
Training until validation scores don't improve for 10 rounds
Early stopping, best iteration is:
[811]	training's rmse: 0.956132	valid_1's rmse: 0.990739
Training until validation scores don't improve for 10 rounds
Training until validation scores don't improve for 10 rounds
Early stopping, best iteration is:
[661]	training's rmse: 0.941124	valid_1's rmse: 0.990425
Early stopping, best iteration is:
[451]	training's rmse: 0.97261	valid_1's rmse: 0.992107
Early stopping, best iteration is:
[347]	training's rmse: 0.960038	valid_1's rmse: 0.992545
Training until validation scores don't improve for 10 rounds
Early stopping, best iteration is:
[631]	training's rmse: 0.937387	valid_1's rmse: 0.991182
Training until validation scores don't improve for 10 rounds
Training until validation scores don't improve for 10 rounds
Training until validation scores don't improve for 10 rounds
Early stopping, best iteration is:
[667]	training's rmse: 0.951413	valid_1's rmse: 0.992745
[I 2025-06-19 16:33:59,925] Trial 22 finished with value: 0.10611418846781875 and parameters: {'learning_rate': 0.006943635784698111, 'num_leaves': 222, 'min_data_in_leaf': 580, 'lambda_l2': 0.3457182645380427, 'subsample': 0.8573734772562471, 'colsample_bytree': 0.628819990062094}. Best is trial 11 with value: 0.10686291830013028.
Early stopping, best iteration is:
[212]	training's rmse: 0.970946	valid_1's rmse: 0.994532
Early stopping, best iteration is:
[696]	training's rmse: 0.960014	valid_1's rmse: 0.993189
[I 2025-06-19 16:34:16,860] Trial 24 finished with value: 0.1140206136423676 and parameters: {'learning_rate': 0.006806587341831608, 'num_leaves': 846, 'min_data_in_leaf': 1318, 'lambda_l2': 0.3599668511623893, 'subsample': 0.7982444617944462, 'colsample_bytree': 0.5255297798210018}. Best is trial 5 with value: 0.11514199242296116.
Training until validation scores don't improve for 10 rounds
Training until validation scores don't improve for 10 rounds
Training until validation scores don't improve for 10 rounds
Early stopping, best iteration is:
[517]	training's rmse: 0.948095	valid_1's rmse: 0.991702
Early stopping, best iteration is:
[571]	training's rmse: 0.967084	valid_1's rmse: 0.993218
[I 2025-06-19 16:35:10,179] Trial 31 finished with value: 0.10528814750241507 and parameters: {'learning_rate': 0.007057707474657013, 'num_leaves': 1409, 'min_data_in_leaf': 1837, 'lambda_l2': 0.4454920066315075, 'subsample': 0.9428930564452441, 'colsample_bytree': 0.5704304831308702}. Best is trial 10 with value: 0.10532221307082346.
Early stopping, best iteration is:
[214]	training's rmse: 0.970657	valid_1's rmse: 0.993341
