[I 2025-06-17 16:30:49,019] Trial 32 finished with value: 0.131822078029889 and parameters: {'learning_rate': 0.008281568804284298, 'num_leaves': 1600, 'min_data_in_leaf': 822, 'lambda_l2': 0.9160847816120938, 'subsample': 0.8189162502476723, 'colsample_bytree': 0.5789205160269136}. Best is trial 32 with value: 0.131822078029889.
Training until validation scores don't improve for 10 rounds
Training until validation scores don't improve for 10 rounds
Early stopping, best iteration is:
[205]	training's rmse: 0.00732856	valid_1's rmse: 0.00840971
Early stopping, best iteration is:
[297]	training's rmse: 0.00777027	valid_1's rmse: 0.00828403
Training until validation scores don't improve for 10 rounds
Training until validation scores don't improve for 10 rounds
Early stopping, best iteration is:
[231]	training's rmse: 0.00735239	valid_1's rmse: 0.00820323
Early stopping, best iteration is:
[305]	training's rmse: 0.00757755	valid_1's rmse: 0.00867563
Training until validation scores don't improve for 10 rounds
Training until validation scores don't improve for 10 rounds
Early stopping, best iteration is:
[357]	training's rmse: 0.00742564	valid_1's rmse: 0.00790211
Early stopping, best iteration is:
[457]	training's rmse: 0.00772992	valid_1's rmse: 0.00803859
Training until validation scores don't improve for 10 rounds
Training until validation scores don't improve for 10 rounds
Early stopping, best iteration is:
[184]	training's rmse: 0.00793163	valid_1's rmse: 0.00665555
[I 2025-06-17 16:40:26,473] Trial 27 finished with value: 0.12534265971468506 and parameters: {'learning_rate': 0.00904082405859883, 'num_leaves': 1496, 'min_data_in_leaf': 787, 'lambda_l2': 0.49552062820842585, 'subsample': 0.6080772404559082, 'colsample_bytree': 0.705216741582044}. Best is trial 26 with value: 0.12620098837448127.
Training until validation scores don't improve for 10 rounds
Early stopping, best iteration is:
[314]	training's rmse: 0.00804171	valid_1's rmse: 0.00740654
[I 2025-06-17 16:41:24,165] Trial 33 finished with value: 0.12978265111953807 and parameters: {'learning_rate': 0.008041582594483534, 'num_leaves': 1655, 'min_data_in_leaf': 1097, 'lambda_l2': 0.9001433063030609, 'subsample': 0.8183195767486207, 'colsample_bytree': 0.5512110640491307}. Best is trial 32 with value: 0.131822078029889.
Training until validation scores don't improve for 10 rounds
Early stopping, best iteration is:
[391]	training's rmse: 0.00733948	valid_1's rmse: 0.0084098
Early stopping, best iteration is:
[329]	training's rmse: 0.00764886	valid_1's rmse: 0.00827748
Training until validation scores don't improve for 10 rounds
Training until validation scores don't improve for 10 rounds
Early stopping, best iteration is:
[180]	training's rmse: 0.007604	valid_1's rmse: 0.00867625
Training until validation scores don't improve for 10 rounds
Early stopping, best iteration is:
[424]	training's rmse: 0.00737636	valid_1's rmse: 0.00820455
Early stopping, best iteration is:
[363]	training's rmse: 0.00767679	valid_1's rmse: 0.00803412
Training until validation scores don't improve for 10 rounds
Training until validation scores don't improve for 10 rounds
Early stopping, best iteration is:
[176]	training's rmse: 0.00807918	valid_1's rmse: 0.00740785
[I 2025-06-17 16:49:29,935] Trial 34 finished with value: 0.12973097791854987 and parameters: {'learning_rate': 0.01400590553207985, 'num_leaves': 1771, 'min_data_in_leaf': 1334, 'lambda_l2': 0.7298175087281003, 'subsample': 0.7391142645878773, 'colsample_bytree': 0.5848346585639902}. Best is trial 32 with value: 0.131822078029889.
2023Q1 463
Early stopping, best iteration is:
[535]	training's rmse: 0.00751093	valid_1's rmse: 0.00790229
Training until validation scores don't improve for 10 rounds
Early stopping, best iteration is:
[386]	training's rmse: 0.00791697	valid_1's rmse: 0.00665572
[I 2025-06-17 16:53:41,901] Trial 28 finished with value: 0.12538797505086072 and parameters: {'learning_rate': 0.005318084623937691, 'num_leaves': 942, 'min_data_in_leaf': 1036, 'lambda_l2': 0.7262544066805328, 'subsample': 0.6461036715387743, 'colsample_bytree': 0.6125900845857838}. Best is trial 26 with value: 0.12620098837448127.
Training until validation scores don't improve for 10 rounds
Early stopping, best iteration is:
[152]	training's rmse: 0.00734852	valid_1's rmse: 0.00841119
Training until validation scores don't improve for 10 rounds
Completed 2023Q1, Results collected.
Early stopping, best iteration is:
[140]	training's rmse: 0.00741959	valid_1's rmse: 0.00820606
Training until validation scores don't improve for 10 rounds
Early stopping, best iteration is:
[238]	training's rmse: 0.0074947	valid_1's rmse: 0.00790109
Training until validation scores don't improve for 10 rounds
Early stopping, best iteration is:
[133]	training's rmse: 0.00795325	valid_1's rmse: 0.00665761
[I 2025-06-17 17:00:07,084] Trial 29 finished with value: 0.1239754077872663 and parameters: {'learning_rate': 0.015904808123225502, 'num_leaves': 1324, 'min_data_in_leaf': 1402, 'lambda_l2': 0.6164143391611748, 'subsample': 0.836995270774387, 'colsample_bytree': 0.6520520223885584}. Best is trial 26 with value: 0.12620098837448127.
Training until validation scores don't improve for 10 rounds
Early stopping, best iteration is:
[181]	training's rmse: 0.00731505	valid_1's rmse: 0.00841013
Training until validation scores don't improve for 10 rounds
Early stopping, best iteration is:
[140]	training's rmse: 0.0074281	valid_1's rmse: 0.0082091
Training until validation scores don't improve for 10 rounds
Early stopping, best iteration is:
[200]	training's rmse: 0.00753238	valid_1's rmse: 0.0079051
Training until validation scores don't improve for 10 rounds
Early stopping, best iteration is:
[140]	training's rmse: 0.00795511	valid_1's rmse: 0.00665796
[I 2025-06-17 17:07:44,558] Trial 30 finished with value: 0.12285254839268839 and parameters: {'learning_rate': 0.012344605264279218, 'num_leaves': 1761, 'min_data_in_leaf': 1000, 'lambda_l2': 0.9037446756961562, 'subsample': 0.7472415570042614, 'colsample_bytree': 0.9469532868487731}. Best is trial 26 with value: 0.12620098837448127.
Training until validation scores don't improve for 10 rounds
Early stopping, best iteration is:
[393]	training's rmse: 0.00723262	valid_1's rmse: 0.00840538
Training until validation scores don't improve for 10 rounds
Early stopping, best iteration is:
[389]	training's rmse: 0.00728371	valid_1's rmse: 0.00820168
Training until validation scores don't improve for 10 rounds
Early stopping, best iteration is:
[267]	training's rmse: 0.00757525	valid_1's rmse: 0.00790579
Training until validation scores don't improve for 10 rounds
Early stopping, best iteration is:
[230]	training's rmse: 0.00794993	valid_1's rmse: 0.00665708
[I 2025-06-17 17:20:37,007] Trial 31 finished with value: 0.12514502260799698 and parameters: {'learning_rate': 0.006248838417126919, 'num_leaves': 1201, 'min_data_in_leaf': 668, 'lambda_l2': 0.936104004021304, 'subsample': 0.6758188944003399, 'colsample_bytree': 0.7175870034629522}. Best is trial 26 with value: 0.12620098837448127.
Training until validation scores don't improve for 10 rounds
Early stopping, best iteration is:
[385]	training's rmse: 0.00716866	valid_1's rmse: 0.00840687
Training until validation scores don't improve for 10 rounds
Early stopping, best iteration is:
[264]	training's rmse: 0.00733087	valid_1's rmse: 0.00820283
Training until validation scores don't improve for 10 rounds
Early stopping, best iteration is:
[337]	training's rmse: 0.00744093	valid_1's rmse: 0.007901
Training until validation scores don't improve for 10 rounds
Early stopping, best iteration is:
[246]	training's rmse: 0.00787916	valid_1's rmse: 0.00665471
[I 2025-06-17 17:34:45,955] Trial 32 finished with value: 0.12546710571245215 and parameters: {'learning_rate': 0.006532430430591046, 'num_leaves': 1210, 'min_data_in_leaf': 489, 'lambda_l2': 0.9953199683515961, 'subsample': 0.6623365894485946, 'colsample_bytree': 0.7650902872686625}. Best is trial 26 with value: 0.12620098837448127.
Training until validation scores don't improve for 10 rounds
Early stopping, best iteration is:
[270]	training's rmse: 0.00724289	valid_1's rmse: 0.00840791
Training until validation scores don't improve for 10 rounds
Early stopping, best iteration is:
[224]	training's rmse: 0.00733925	valid_1's rmse: 0.00820399
Training until validation scores don't improve for 10 rounds
Early stopping, best iteration is:
[259]	training's rmse: 0.00748728	valid_1's rmse: 0.00790314
Training until validation scores don't improve for 10 rounds
Early stopping, best iteration is:
[212]	training's rmse: 0.0078844	valid_1's rmse: 0.00665577
[I 2025-06-17 17:45:28,504] Trial 33 finished with value: 0.12455820327906078 and parameters: {'learning_rate': 0.008393187715897569, 'num_leaves': 944, 'min_data_in_leaf': 618, 'lambda_l2': 0.8517941889576723, 'subsample': 0.6244083754688786, 'colsample_bytree': 0.8130995296139542}. Best is trial 26 with value: 0.12620098837448127.
Training until validation scores don't improve for 10 rounds
Early stopping, best iteration is:
[142]	training's rmse: 0.00726935	valid_1's rmse: 0.00840718
Training until validation scores don't improve for 10 rounds
Early stopping, best iteration is:
[206]	training's rmse: 0.00719157	valid_1's rmse: 0.00820029
Training until validation scores don't improve for 10 rounds
Early stopping, best iteration is:
[224]	training's rmse: 0.00735309	valid_1's rmse: 0.00790026
Training until validation scores don't improve for 10 rounds
Early stopping, best iteration is:
[119]	training's rmse: 0.00789801	valid_1's rmse: 0.00665647
[I 2025-06-17 17:54:04,353] Trial 34 finished with value: 0.12480814353191426 and parameters: {'learning_rate': 0.013339558499449976, 'num_leaves': 633, 'min_data_in_leaf': 492, 'lambda_l2': 0.9670338164633541, 'subsample': 0.7078069358126488, 'colsample_bytree': 0.670665782933964}. Best is trial 26 with value: 0.12620098837448127.
2023Q2 404
Completed 2023Q2, Results collected.
Completed all folds. Results saved to pkl files.
