[I 2025-06-19 16:35:29,532] Trial 28 finished with value: 0.10058860909239412 and parameters: {'learning_rate': 0.012330279049652913, 'num_leaves': 1374, 'min_data_in_leaf': 1239, 'lambda_l2': 0.501605562581189, 'subsample': 0.8654254141409441, 'colsample_bytree': 0.7319417464611149}. Best is trial 26 with value: 0.1017159845752213.
Training until validation scores don't improve for 10 rounds
Training until validation scores don't improve for 10 rounds
Early stopping, best iteration is:
[225]	training's rmse: 0.966822	valid_1's rmse: 0.992436
Early stopping, best iteration is:
[474]	training's rmse: 0.966621	valid_1's rmse: 0.991897
Training until validation scores don't improve for 10 rounds
Early stopping, best iteration is:
[688]	training's rmse: 0.933701	valid_1's rmse: 0.989085
Training until validation scores don't improve for 10 rounds
Training until validation scores don't improve for 10 rounds
Early stopping, best iteration is:
[327]	training's rmse: 0.977598	valid_1's rmse: 0.993094
Early stopping, best iteration is:
[253]	training's rmse: 0.971805	valid_1's rmse: 0.993557
Training until validation scores don't improve for 10 rounds
Early stopping, best iteration is:
[447]	training's rmse: 0.955136	valid_1's rmse: 0.99133
[I 2025-06-19 16:37:23,761] Trial 25 finished with value: 0.1182247439886794 and parameters: {'learning_rate': 0.00922231236413661, 'num_leaves': 353, 'min_data_in_leaf': 704, 'lambda_l2': 0.41482936373170415, 'subsample': 0.9677790817611222, 'colsample_bytree': 0.550511868658145}. Best is trial 11 with value: 0.11936504261646605.
Training until validation scores don't improve for 10 rounds
Training until validation scores don't improve for 10 rounds
Early stopping, best iteration is:
[517]	training's rmse: 0.965021	valid_1's rmse: 0.991907
Training until validation scores don't improve for 10 rounds
Early stopping, best iteration is:
[223]	training's rmse: 0.983532	valid_1's rmse: 0.995107
Training until validation scores don't improve for 10 rounds
Early stopping, best iteration is:
[374]	training's rmse: 0.949748	valid_1's rmse: 0.991167
Training until validation scores don't improve for 10 rounds
Early stopping, best iteration is:
[458]	training's rmse: 0.957875	valid_1's rmse: 0.992499
Training until validation scores don't improve for 10 rounds
Early stopping, best iteration is:
[517]	training's rmse: 0.964675	valid_1's rmse: 0.991037
Early stopping, best iteration is:
[582]	training's rmse: 0.96602	valid_1's rmse: 0.992135
Training until validation scores don't improve for 10 rounds
Training until validation scores don't improve for 10 rounds
Early stopping, best iteration is:
[163]	training's rmse: 0.97489	valid_1's rmse: 0.995956
Early stopping, best iteration is:
[827]	training's rmse: 0.925652	valid_1's rmse: 0.989261
Training until validation scores don't improve for 10 rounds
[I 2025-06-19 16:40:25,317] Trial 24 finished with value: 0.12992542621100778 and parameters: {'learning_rate': 0.008029210440512639, 'num_leaves': 1712, 'min_data_in_leaf': 592, 'lambda_l2': 0.20928295911996442, 'subsample': 0.8853413641892999, 'colsample_bytree': 0.7208421212536941}. Best is trial 20 with value: 0.13002762747781185.
Early stopping, best iteration is:
[676]	training's rmse: 0.967662	valid_1's rmse: 0.991876
Training until validation scores don't improve for 10 rounds
Training until validation scores don't improve for 10 rounds
Early stopping, best iteration is:
[321]	training's rmse: 0.966885	valid_1's rmse: 0.994289
Training until validation scores don't improve for 10 rounds
Early stopping, best iteration is:
[473]	training's rmse: 0.96694	valid_1's rmse: 0.993126
[I 2025-06-19 16:41:22,150] Trial 25 finished with value: 0.11414744893712903 and parameters: {'learning_rate': 0.010389307295128963, 'num_leaves': 586, 'min_data_in_leaf': 1995, 'lambda_l2': 0.5448107211096078, 'subsample': 0.7730537668905599, 'colsample_bytree': 0.6601930852960907}. Best is trial 5 with value: 0.11514199242296116.
Training until validation scores don't improve for 10 rounds
Training until validation scores don't improve for 10 rounds
Early stopping, best iteration is:
[323]	training's rmse: 0.95825	valid_1's rmse: 0.992901
[I 2025-06-19 16:42:35,688] Trial 23 finished with value: 0.10561286255166165 and parameters: {'learning_rate': 0.009590124283229001, 'num_leaves': 360, 'min_data_in_leaf': 625, 'lambda_l2': 0.15608957995179007, 'subsample': 0.7400665624411709, 'colsample_bytree': 0.5527290147678807}. Best is trial 11 with value: 0.10686291830013028.
Early stopping, best iteration is:
[733]	training's rmse: 0.964869	valid_1's rmse: 0.99316
[I 2025-06-19 16:43:03,732] Trial 32 finished with value: 0.10528361970594532 and parameters: {'learning_rate': 0.006245998314697011, 'num_leaves': 1377, 'min_data_in_leaf': 1859, 'lambda_l2': 0.3453483830778385, 'subsample': 0.9219908181019537, 'colsample_bytree': 0.5603638175126848}. Best is trial 10 with value: 0.10532221307082346.
Early stopping, best iteration is:
[331]	training's rmse: 0.965756	valid_1's rmse: 0.993223
[I 2025-06-19 16:43:11,009] Trial 29 finished with value: 0.1017856485996859 and parameters: {'learning_rate': 0.007544344572840455, 'num_leaves': 1013, 'min_data_in_leaf': 845, 'lambda_l2': 0.7293221766552789, 'subsample': 0.8296558195972532, 'colsample_bytree': 0.7380149065738644}. Best is trial 29 with value: 0.1017856485996859.
Training until validation scores don't improve for 10 rounds
Did not meet early stopping. Best iteration is:
[994]	training's rmse: 0.948799	valid_1's rmse: 0.99039
Early stopping, best iteration is:
[411]	training's rmse: 0.946475	valid_1's rmse: 0.991585
Early stopping, best iteration is:
[621]	training's rmse: 0.93928	valid_1's rmse: 0.987973
Training until validation scores don't improve for 10 rounds
Training until validation scores don't improve for 10 rounds
Training until validation scores don't improve for 10 rounds
Training until validation scores don't improve for 10 rounds
Early stopping, best iteration is:
[144]	training's rmse: 0.969478	valid_1's rmse: 0.99356
Training until validation scores don't improve for 10 rounds
Early stopping, best iteration is:
[299]	training's rmse: 0.971937	valid_1's rmse: 0.992943
Training until validation scores don't improve for 10 rounds
Early stopping, best iteration is:
[317]	training's rmse: 0.956688	valid_1's rmse: 0.991453
Training until validation scores don't improve for 10 rounds
Early stopping, best iteration is:
[206]	training's rmse: 0.961847	valid_1's rmse: 0.992699
Training until validation scores don't improve for 10 rounds
Early stopping, best iteration is:
[196]	training's rmse: 0.980397	valid_1's rmse: 0.995161
Early stopping, best iteration is:
[427]	training's rmse: 0.956267	valid_1's rmse: 0.992248
Training until validation scores don't improve for 10 rounds
Early stopping, best iteration is:
[803]	training's rmse: 0.954316	valid_1's rmse: 0.991811
Early stopping, best iteration is:
[455]	training's rmse: 0.948504	valid_1's rmse: 0.991485
Training until validation scores don't improve for 10 rounds
Early stopping, best iteration is:
[162]	training's rmse: 0.967582	valid_1's rmse: 0.994443
Training until validation scores don't improve for 10 rounds
Early stopping, best iteration is:
[331]	training's rmse: 0.954049	valid_1's rmse: 0.990995
Training until validation scores don't improve for 10 rounds
Training until validation scores don't improve for 10 rounds
Training until validation scores don't improve for 10 rounds
Training until validation scores don't improve for 10 rounds
Early stopping, best iteration is:
[497]	training's rmse: 0.966023	valid_1's rmse: 0.991894
Early stopping, best iteration is:
[183]	training's rmse: 0.964034	valid_1's rmse: 0.993167
[I 2025-06-19 16:48:09,938] Trial 30 finished with value: 0.10117373261477106 and parameters: {'learning_rate': 0.015281996274883164, 'num_leaves': 1023, 'min_data_in_leaf': 903, 'lambda_l2': 0.7233984307013877, 'subsample': 0.817977334598571, 'colsample_bytree': 0.744745542421447}. Best is trial 29 with value: 0.1017856485996859.
Training until validation scores don't improve for 10 rounds
Training until validation scores don't improve for 10 rounds
Early stopping, best iteration is:
[417]	training's rmse: 0.947523	valid_1's rmse: 0.993161
[I 2025-06-19 16:49:07,804] Trial 26 finished with value: 0.11389096777359148 and parameters: {'learning_rate': 0.009901888133021442, 'num_leaves': 320, 'min_data_in_leaf': 410, 'lambda_l2': 0.6327587317420784, 'subsample': 0.7143784969414114, 'colsample_bytree': 0.5939600477575326}. Best is trial 5 with value: 0.11514199242296116.
Early stopping, best iteration is:
[642]	training's rmse: 0.936634	valid_1's rmse: 0.989284
Early stopping, best iteration is:
[316]	training's rmse: 0.97277	valid_1's rmse: 0.993633
[I 2025-06-19 16:49:45,045] Trial 33 finished with value: 0.10451704475463092 and parameters: {'learning_rate': 0.008539146554618085, 'num_leaves': 974, 'min_data_in_leaf': 1706, 'lambda_l2': 0.5380654779438713, 'subsample': 0.9751133569148152, 'colsample_bytree': 0.5293902908038184}. Best is trial 10 with value: 0.10532221307082346.
Training until validation scores don't improve for 10 rounds
Early stopping, best iteration is:
[264]	training's rmse: 0.969555	valid_1's rmse: 0.993552
Did not meet early stopping. Best iteration is:
[1000]	training's rmse: 0.949501	valid_1's rmse: 0.990932
[I 2025-06-19 16:49:57,846] Trial 26 finished with value: 0.11794869857413554 and parameters: {'learning_rate': 0.005626016929001892, 'num_leaves': 204, 'min_data_in_leaf': 525, 'lambda_l2': 0.7479600658640765, 'subsample': 0.909305120409954, 'colsample_bytree': 0.6169131181052415}. Best is trial 11 with value: 0.11936504261646605.
Early stopping, best iteration is:
[540]	training's rmse: 0.946783	valid_1's rmse: 0.991236
Training until validation scores don't improve for 10 rounds
Training until validation scores don't improve for 10 rounds
Training until validation scores don't improve for 10 rounds
Training until validation scores don't improve for 10 rounds
Training until validation scores don't improve for 10 rounds
Early stopping, best iteration is:
[402]	training's rmse: 0.940287	valid_1's rmse: 0.991647
Early stopping, best iteration is:
[378]	training's rmse: 0.97309	valid_1's rmse: 0.99287
Training until validation scores don't improve for 10 rounds
Early stopping, best iteration is:
[507]	training's rmse: 0.952719	valid_1's rmse: 0.99244
Early stopping, best iteration is:
[333]	training's rmse: 0.942975	valid_1's rmse: 0.991545
Training until validation scores don't improve for 10 rounds
Training until validation scores don't improve for 10 rounds
Early stopping, best iteration is:
[304]	training's rmse: 0.967539	valid_1's rmse: 0.995765
Training until validation scores don't improve for 10 rounds
Early stopping, best iteration is:
[213]	training's rmse: 0.983075	valid_1's rmse: 0.995174
Early stopping, best iteration is:
[306]	training's rmse: 0.948282	valid_1's rmse: 0.991358
Training until validation scores don't improve for 10 rounds
Early stopping, best iteration is:
[801]	training's rmse: 0.927504	valid_1's rmse: 0.989217
Training until validation scores don't improve for 10 rounds
[I 2025-06-19 16:53:47,873] Trial 25 finished with value: 0.12876329935235342 and parameters: {'learning_rate': 0.007467496257576653, 'num_leaves': 1712, 'min_data_in_leaf': 548, 'lambda_l2': 0.2621589784196714, 'subsample': 0.8070165808385565, 'colsample_bytree': 0.7237336596174397}. Best is trial 20 with value: 0.13002762747781185.
Training until validation scores don't improve for 10 rounds
Early stopping, best iteration is:
[363]	training's rmse: 0.961831	valid_1's rmse: 0.994249
Training until validation scores don't improve for 10 rounds
Training until validation scores don't improve for 10 rounds
Early stopping, best iteration is:
[457]	training's rmse: 0.92823	valid_1's rmse: 0.990484
Early stopping, best iteration is:
[306]	training's rmse: 0.948497	valid_1's rmse: 0.99074
Early stopping, best iteration is:
[611]	training's rmse: 0.968363	valid_1's rmse: 0.991994
Early stopping, best iteration is:
[396]	training's rmse: 0.940986	valid_1's rmse: 0.988148
Training until validation scores don't improve for 10 rounds
Training until validation scores don't improve for 10 rounds
Training until validation scores don't improve for 10 rounds
Training until validation scores don't improve for 10 rounds
Early stopping, best iteration is:
[379]	training's rmse: 0.960338	valid_1's rmse: 0.992988
[I 2025-06-19 16:56:39,775] Trial 31 finished with value: 0.10195187406044713 and parameters: {'learning_rate': 0.007200031999430524, 'num_leaves': 1262, 'min_data_in_leaf': 704, 'lambda_l2': 0.8356883445509862, 'subsample': 0.8397005201631166, 'colsample_bytree': 0.7144949109562894}. Best is trial 31 with value: 0.10195187406044713.
Early stopping, best iteration is:
[261]	training's rmse: 0.953335	valid_1's rmse: 0.993139
[I 2025-06-19 16:57:07,765] Trial 27 finished with value: 0.11454469312149934 and parameters: {'learning_rate': 0.013047635690516743, 'num_leaves': 783, 'min_data_in_leaf': 686, 'lambda_l2': 0.39510710150744605, 'subsample': 0.738574194872685, 'colsample_bytree': 0.7122100709041566}. Best is trial 5 with value: 0.11514199242296116.
Training until validation scores don't improve for 10 rounds
Early stopping, best iteration is:
[318]	training's rmse: 0.946296	valid_1's rmse: 0.991511
Early stopping, best iteration is:
[355]	training's rmse: 0.937236	valid_1's rmse: 0.991852
Early stopping, best iteration is:
[604]	training's rmse: 0.967316	valid_1's rmse: 0.993258
[I 2025-06-19 16:57:43,020] Trial 34 finished with value: 0.10481331842406555 and parameters: {'learning_rate': 0.006650459727022365, 'num_leaves': 1599, 'min_data_in_leaf': 1893, 'lambda_l2': 0.6627292792704929, 'subsample': 0.9473223631185431, 'colsample_bytree': 0.7965105392772056}. Best is trial 10 with value: 0.10532221307082346.
2023q4 625
Training until validation scores don't improve for 10 rounds
Early stopping, best iteration is:
[717]	training's rmse: 0.939462	valid_1's rmse: 0.992503
[I 2025-06-19 16:57:48,880] Trial 24 finished with value: 0.10634343569069911 and parameters: {'learning_rate': 0.0054137225069538835, 'num_leaves': 515, 'min_data_in_leaf': 441, 'lambda_l2': 0.36487705995893754, 'subsample': 0.8061534176775433, 'colsample_bytree': 0.523282373731963}. Best is trial 11 with value: 0.10686291830013028.
Early stopping, best iteration is:
[192]	training's rmse: 0.968867	valid_1's rmse: 0.99347
Training until validation scores don't improve for 10 rounds
Training until validation scores don't improve for 10 rounds
Training until validation scores don't improve for 10 rounds
Training until validation scores don't improve for 10 rounds
Early stopping, best iteration is:
[297]	training's rmse: 0.94703	valid_1's rmse: 0.991715
Early stopping, best iteration is:
[311]	training's rmse: 0.946617	valid_1's rmse: 0.989605
Training until validation scores don't improve for 10 rounds
Early stopping, best iteration is:
[348]	training's rmse: 0.953613	valid_1's rmse: 0.992529
Training until validation scores don't improve for 10 rounds
Early stopping, best iteration is:
[395]	training's rmse: 0.936486	valid_1's rmse: 0.990943
[I 2025-06-19 17:00:09,159] Trial 27 finished with value: 0.11849542839492547 and parameters: {'learning_rate': 0.011636765199101153, 'num_leaves': 491, 'min_data_in_leaf': 405, 'lambda_l2': 0.5369420752562442, 'subsample': 0.8278960804993097, 'colsample_bytree': 0.5705086102914961}. Best is trial 11 with value: 0.11936504261646605.
Training until validation scores don't improve for 10 rounds
Early stopping, best iteration is:
[363]	training's rmse: 0.959925	valid_1's rmse: 0.9923
Completed 2023q4, Results collected.
Early stopping, best iteration is:
[264]	training's rmse: 0.950373	valid_1's rmse: 0.991654
Training until validation scores don't improve for 10 rounds
Training until validation scores don't improve for 10 rounds
Early stopping, best iteration is:
[233]	training's rmse: 0.964508	valid_1's rmse: 0.994279
Early stopping, best iteration is:
[414]	training's rmse: 0.937039	valid_1's rmse: 0.989478
[I 2025-06-19 17:01:28,212] Trial 26 finished with value: 0.1276179401624335 and parameters: {'learning_rate': 0.0161454861880477, 'num_leaves': 1984, 'min_data_in_leaf': 827, 'lambda_l2': 0.413338290303144, 'subsample': 0.9211495364040313, 'colsample_bytree': 0.8488849899363771}. Best is trial 20 with value: 0.13002762747781185.
Training until validation scores don't improve for 10 rounds
Training until validation scores don't improve for 10 rounds
Early stopping, best iteration is:
[234]	training's rmse: 0.963816	valid_1's rmse: 0.992
Training until validation scores don't improve for 10 rounds
Training until validation scores don't improve for 10 rounds
Early stopping, best iteration is:
[306]	training's rmse: 0.946553	valid_1's rmse: 0.990968
Early stopping, best iteration is:
[243]	training's rmse: 0.963108	valid_1's rmse: 0.99314
[I 2025-06-19 17:03:09,198] Trial 32 finished with value: 0.10171618330920136 and parameters: {'learning_rate': 0.010633289367000897, 'num_leaves': 1225, 'min_data_in_leaf': 744, 'lambda_l2': 0.8425692425915792, 'subsample': 0.8310748298917532, 'colsample_bytree': 0.6426746485395985}. Best is trial 31 with value: 0.10195187406044713.
Training until validation scores don't improve for 10 rounds
Early stopping, best iteration is:
[278]	training's rmse: 0.92967	valid_1's rmse: 0.987993
Training until validation scores don't improve for 10 rounds
Early stopping, best iteration is:
[479]	training's rmse: 0.952532	valid_1's rmse: 0.991193
Training until validation scores don't improve for 10 rounds
Early stopping, best iteration is:
[365]	training's rmse: 0.95235	valid_1's rmse: 0.991043
Early stopping, best iteration is:
[165]	training's rmse: 0.971038	valid_1's rmse: 0.993625
Early stopping, best iteration is:
[237]	training's rmse: 0.953585	valid_1's rmse: 0.993372
[I 2025-06-19 17:04:48,646] Trial 28 finished with value: 0.11298249726648106 and parameters: {'learning_rate': 0.014173998485122062, 'num_leaves': 978, 'min_data_in_leaf': 689, 'lambda_l2': 0.39471304288428644, 'subsample': 0.6577142031569936, 'colsample_bytree': 0.735799040418282}. Best is trial 5 with value: 0.11514199242296116.
Training until validation scores don't improve for 10 rounds
Training until validation scores don't improve for 10 rounds
Early stopping, best iteration is:
[205]	training's rmse: 0.939121	valid_1's rmse: 0.991753
Training until validation scores don't improve for 10 rounds
Training until validation scores don't improve for 10 rounds
Training until validation scores don't improve for 10 rounds
Early stopping, best iteration is:
[290]	training's rmse: 0.957278	valid_1's rmse: 0.991945
Early stopping, best iteration is:
[248]	training's rmse: 0.955816	valid_1's rmse: 0.991966
Early stopping, best iteration is:
[275]	training's rmse: 0.957884	valid_1's rmse: 0.992661
Training until validation scores don't improve for 10 rounds
Early stopping, best iteration is:
[220]	training's rmse: 0.972173	valid_1's rmse: 0.996025
Training until validation scores don't improve for 10 rounds
Training until validation scores don't improve for 10 rounds
Early stopping, best iteration is:
[307]	training's rmse: 0.923389	valid_1's rmse: 0.989325
Early stopping, best iteration is:
[201]	training's rmse: 0.960623	valid_1's rmse: 0.991794
Early stopping, best iteration is:
[206]	training's rmse: 0.966333	valid_1's rmse: 0.994328
Training until validation scores don't improve for 10 rounds
Early stopping, best iteration is:
[316]	training's rmse: 0.956532	valid_1's rmse: 0.991264
[I 2025-06-19 17:08:29,921] Trial 28 finished with value: 0.11715742427614634 and parameters: {'learning_rate': 0.016455456136247208, 'num_leaves': 627, 'min_data_in_leaf': 1188, 'lambda_l2': 0.6306259235650893, 'subsample': 0.7284758894338206, 'colsample_bytree': 0.7054254846570505}. Best is trial 11 with value: 0.11936504261646605.
Training until validation scores don't improve for 10 rounds
Training until validation scores don't improve for 10 rounds
Training until validation scores don't improve for 10 rounds
Training until validation scores don't improve for 10 rounds
Early stopping, best iteration is:
[253]	training's rmse: 0.955649	valid_1's rmse: 0.990916
Early stopping, best iteration is:
[310]	training's rmse: 0.922696	valid_1's rmse: 0.98959
[I 2025-06-19 17:09:56,594] Trial 27 finished with value: 0.12697968757326736 and parameters: {'learning_rate': 0.019828014320642903, 'num_leaves': 1373, 'min_data_in_leaf': 499, 'lambda_l2': 0.2040662289710352, 'subsample': 0.7652824879306231, 'colsample_bytree': 0.8702328487745989}. Best is trial 20 with value: 0.13002762747781185.
Early stopping, best iteration is:
[210]	training's rmse: 0.965073	valid_1's rmse: 0.993337
[I 2025-06-19 17:10:19,375] Trial 33 finished with value: 0.10104566154578092 and parameters: {'learning_rate': 0.010870221712015588, 'num_leaves': 1181, 'min_data_in_leaf': 706, 'lambda_l2': 0.8253000948922647, 'subsample': 0.7944523607578738, 'colsample_bytree': 0.7122036743295893}. Best is trial 31 with value: 0.10195187406044713.
Early stopping, best iteration is:
[282]	training's rmse: 0.959576	valid_1's rmse: 0.991901
Training until validation scores don't improve for 10 rounds
Training until validation scores don't improve for 10 rounds
Training until validation scores don't improve for 10 rounds
Training until validation scores don't improve for 10 rounds
Early stopping, best iteration is:
[275]	training's rmse: 0.954207	valid_1's rmse: 0.993126
