[I 2025-06-17 13:21:27,276] Trial 27 finished with value: 0.11559831169745978 and parameters: {'learning_rate': 0.012826586251404615, 'num_leaves': 499, 'min_data_in_leaf': 1109, 'lambda_l2': 0.4889338301606444, 'subsample': 0.8922626578314482, 'colsample_bytree': 0.5315336637524183}. Best is trial 26 with value: 0.11621233709167927.
Early stopping, best iteration is:
[477]	training's rmse: 0.00677938	valid_1's rmse: 0.00708499
Training until validation scores don't improve for 10 rounds
Training until validation scores don't improve for 10 rounds
Training until validation scores don't improve for 10 rounds
Training until validation scores don't improve for 10 rounds
Early stopping, best iteration is:
[449]	training's rmse: 0.00693008	valid_1's rmse: 0.00866975
Early stopping, best iteration is:
[589]	training's rmse: 0.00729532	valid_1's rmse: 0.00663969
Early stopping, best iteration is:
[571]	training's rmse: 0.00654535	valid_1's rmse: 0.00805469
Early stopping, best iteration is:
[561]	training's rmse: 0.00689996	valid_1's rmse: 0.00849257
[I 2025-06-17 13:24:08,849] Trial 28 finished with value: 0.11376741117006293 and parameters: {'learning_rate': 0.006662404122334278, 'num_leaves': 341, 'min_data_in_leaf': 1014, 'lambda_l2': 0.5851033099721018, 'subsample': 0.8100525525511096, 'colsample_bytree': 0.7358783849331562}. Best is trial 17 with value: 0.11695291524917746.
Early stopping, best iteration is:
[269]	training's rmse: 0.00737398	valid_1's rmse: 0.00820592
Training until validation scores don't improve for 10 rounds
Training until validation scores don't improve for 10 rounds
Training until validation scores don't improve for 10 rounds
Training until validation scores don't improve for 10 rounds
Early stopping, best iteration is:
[78]	training's rmse: 0.0066714	valid_1's rmse: 0.0079532
Training until validation scores don't improve for 10 rounds
Early stopping, best iteration is:
[681]	training's rmse: 0.0074515	valid_1's rmse: 0.0082705
Training until validation scores don't improve for 10 rounds
Early stopping, best iteration is:
[190]	training's rmse: 0.00737608	valid_1's rmse: 0.00806733
Training until validation scores don't improve for 10 rounds
Training until validation scores don't improve for 10 rounds
Early stopping, best iteration is:
[696]	training's rmse: 0.0067067	valid_1's rmse: 0.00739777
Early stopping, best iteration is:
[492]	training's rmse: 0.00682734	valid_1's rmse: 0.00665044
Training until validation scores don't improve for 10 rounds
Training until validation scores don't improve for 10 rounds
Early stopping, best iteration is:
[829]	training's rmse: 0.00706057	valid_1's rmse: 0.0070715
[I 2025-06-17 13:27:56,755] Trial 24 finished with value: 0.12772726160104012 and parameters: {'learning_rate': 0.008191234408984251, 'num_leaves': 808, 'min_data_in_leaf': 629, 'lambda_l2': 0.2844873099739878, 'subsample': 0.7647147893164489, 'colsample_bytree': 0.5945433833725493}. Best is trial 24 with value: 0.12772726160104012.
Early stopping, best iteration is:
[258]	training's rmse: 0.00714316	valid_1's rmse: 0.0068013
Early stopping, best iteration is:
[245]	training's rmse: 0.0075571	valid_1's rmse: 0.00867333
Training until validation scores don't improve for 10 rounds
Early stopping, best iteration is:
[425]	training's rmse: 0.00677708	valid_1's rmse: 0.00708777
Training until validation scores don't improve for 10 rounds
Early stopping, best iteration is:
[520]	training's rmse: 0.00740151	valid_1's rmse: 0.0073997
Training until validation scores don't improve for 10 rounds
Training until validation scores don't improve for 10 rounds
Early stopping, best iteration is:
[328]	training's rmse: 0.00751097	valid_1's rmse: 0.00790314
Training until validation scores don't improve for 10 rounds
Early stopping, best iteration is:
[428]	training's rmse: 0.00715182	valid_1's rmse: 0.00639635
[I 2025-06-17 13:30:34,800] Trial 28 finished with value: 0.1159411861654827 and parameters: {'learning_rate': 0.007172865110181781, 'num_leaves': 354, 'min_data_in_leaf': 884, 'lambda_l2': 0.7159910858937126, 'subsample': 0.9563287664201994, 'colsample_bytree': 0.5707158454234781}. Best is trial 26 with value: 0.11621233709167927.
Early stopping, best iteration is:
[431]	training's rmse: 0.00692049	valid_1's rmse: 0.00850075
[I 2025-06-17 13:30:49,967] Trial 29 finished with value: 0.1147556325318879 and parameters: {'learning_rate': 0.009280839469676968, 'num_leaves': 1541, 'min_data_in_leaf': 1426, 'lambda_l2': 0.15376412765463465, 'subsample': 0.6306734885852558, 'colsample_bytree': 0.5966282909685005}. Best is trial 17 with value: 0.11695291524917746.
Training until validation scores don't improve for 10 rounds
Training until validation scores don't improve for 10 rounds
Early stopping, best iteration is:
[61]	training's rmse: 0.00663428	valid_1's rmse: 0.00795116
Early stopping, best iteration is:
[370]	training's rmse: 0.00769644	valid_1's rmse: 0.00803739
Early stopping, best iteration is:
[162]	training's rmse: 0.00659311	valid_1's rmse: 0.00805883
Did not meet early stopping. Best iteration is:
[1000]	training's rmse: 0.00661453	valid_1's rmse: 0.00817647
Training until validation scores don't improve for 10 rounds
Training until validation scores don't improve for 10 rounds
Training until validation scores don't improve for 10 rounds
Early stopping, best iteration is:
[242]	training's rmse: 0.00683858	valid_1's rmse: 0.00665002
Early stopping, best iteration is:
[556]	training's rmse: 0.00752268	valid_1's rmse: 0.00677649
[I 2025-06-17 13:33:03,249] Trial 20 finished with value: 0.1228941583789784 and parameters: {'learning_rate': 0.009134207868072683, 'num_leaves': 1614, 'min_data_in_leaf': 604, 'lambda_l2': 0.9889982785987635, 'subsample': 0.9455273310859188, 'colsample_bytree': 0.5468800452302153}. Best is trial 20 with value: 0.1228941583789784.
Early stopping, best iteration is:
[219]	training's rmse: 0.00674153	valid_1's rmse: 0.00740037
Training until validation scores don't improve for 10 rounds
Training until validation scores don't improve for 10 rounds
Early stopping, best iteration is:
[214]	training's rmse: 0.00678558	valid_1's rmse: 0.00708501
Training until validation scores don't improve for 10 rounds
Early stopping, best iteration is:
[93]	training's rmse: 0.00714388	valid_1's rmse: 0.00680083
Training until validation scores don't improve for 10 rounds
Early stopping, best iteration is:
[366]	training's rmse: 0.0069988	valid_1's rmse: 0.00790341
Training until validation scores don't improve for 10 rounds
Early stopping, best iteration is:
[245]	training's rmse: 0.00690429	valid_1's rmse: 0.00850636
Training until validation scores don't improve for 10 rounds
[I 2025-06-17 13:35:03,044] Trial 30 finished with value: 0.11497001763463185 and parameters: {'learning_rate': 0.015330947544993836, 'num_leaves': 800, 'min_data_in_leaf': 1156, 'lambda_l2': 0.7956339122101477, 'subsample': 0.9974710699964089, 'colsample_bytree': 0.5379130951389962}. Best is trial 17 with value: 0.11695291524917746.
Early stopping, best iteration is:
[155]	training's rmse: 0.00714989	valid_1's rmse: 0.00639806
[I 2025-06-17 13:35:10,985] Trial 29 finished with value: 0.11293948501450357 and parameters: {'learning_rate': 0.019873563350609774, 'num_leaves': 335, 'min_data_in_leaf': 874, 'lambda_l2': 0.7334542257538412, 'subsample': 0.9279051009566651, 'colsample_bytree': 0.7850980851948279}. Best is trial 26 with value: 0.11621233709167927.
Training until validation scores don't improve for 10 rounds
Training until validation scores don't improve for 10 rounds
Early stopping, best iteration is:
[142]	training's rmse: 0.00665361	valid_1's rmse: 0.00795192
Early stopping, best iteration is:
[443]	training's rmse: 0.0069461	valid_1's rmse: 0.00866838
Training until validation scores don't improve for 10 rounds
Early stopping, best iteration is:
[298]	training's rmse: 0.00649085	valid_1's rmse: 0.00805467
Training until validation scores don't improve for 10 rounds
Training until validation scores don't improve for 10 rounds
Early stopping, best iteration is:
[746]	training's rmse: 0.00721735	valid_1's rmse: 0.00663775
Early stopping, best iteration is:
[238]	training's rmse: 0.00676653	valid_1's rmse: 0.00739959
Training until validation scores don't improve for 10 rounds
Early stopping, best iteration is:
[745]	training's rmse: 0.0067954	valid_1's rmse: 0.00664815
Early stopping, best iteration is:
[211]	training's rmse: 0.00735852	valid_1's rmse: 0.00806777
Training until validation scores don't improve for 10 rounds
Training until validation scores don't improve for 10 rounds
Training until validation scores don't improve for 10 rounds
Early stopping, best iteration is:
[160]	training's rmse: 0.00707066	valid_1's rmse: 0.00679969
Training until validation scores don't improve for 10 rounds
Training until validation scores don't improve for 10 rounds
Training until validation scores don't improve for 10 rounds
Early stopping, best iteration is:
[154]	training's rmse: 0.00718262	valid_1's rmse: 0.00639874
[I 2025-06-17 13:40:50,183] Trial 30 finished with value: 0.11520266009870922 and parameters: {'learning_rate': 0.015225734614681642, 'num_leaves': 488, 'min_data_in_leaf': 839, 'lambda_l2': 0.57032247167946, 'subsample': 0.8498172084109437, 'colsample_bytree': 0.6803221092457588}. Best is trial 26 with value: 0.11621233709167927.
Early stopping, best iteration is:
[213]	training's rmse: 0.00806743	valid_1's rmse: 0.00740715
[I 2025-06-17 13:41:00,899] Trial 19 finished with value: 0.1307044485455462 and parameters: {'learning_rate': 0.009586352689719472, 'num_leaves': 1988, 'min_data_in_leaf': 908, 'lambda_l2': 0.962800306942583, 'subsample': 0.7584291222096091, 'colsample_bytree': 0.6781843426367934}. Best is trial 15 with value: 0.13079275423092462.
Early stopping, best iteration is:
[664]	training's rmse: 0.00674656	valid_1's rmse: 0.00708393
Training until validation scores don't improve for 10 rounds
Early stopping, best iteration is:
[756]	training's rmse: 0.0070882	valid_1's rmse: 0.0070725
[I 2025-06-17 13:41:44,029] Trial 25 finished with value: 0.1278662162447408 and parameters: {'learning_rate': 0.007991273948350256, 'num_leaves': 1279, 'min_data_in_leaf': 606, 'lambda_l2': 0.25659035145571796, 'subsample': 0.7730337036363403, 'colsample_bytree': 0.5876718643076575}. Best is trial 25 with value: 0.1278662162447408.
Training until validation scores don't improve for 10 rounds
Training until validation scores don't improve for 10 rounds
Early stopping, best iteration is:
[575]	training's rmse: 0.00737553	valid_1's rmse: 0.00739809
Early stopping, best iteration is:
[246]	training's rmse: 0.00792274	valid_1's rmse: 0.00665622
[I 2025-06-17 13:42:24,045] Trial 14 finished with value: 0.12561451243345403 and parameters: {'learning_rate': 0.006428121244666936, 'num_leaves': 1164, 'min_data_in_leaf': 659, 'lambda_l2': 0.9972107655981287, 'subsample': 0.6745971565652206, 'colsample_bytree': 0.7508455276631157}. Best is trial 12 with value: 0.12609116242082147.
Training until validation scores don't improve for 10 rounds
Early stopping, best iteration is:
[472]	training's rmse: 0.0065912	valid_1's rmse: 0.00805639
Training until validation scores don't improve for 10 rounds
Training until validation scores don't improve for 10 rounds
Training until validation scores don't improve for 10 rounds
Early stopping, best iteration is:
[642]	training's rmse: 0.00691184	valid_1's rmse: 0.00849908
[I 2025-06-17 13:44:12,836] Trial 31 finished with value: 0.11631501055829888 and parameters: {'learning_rate': 0.005116530791650062, 'num_leaves': 392, 'min_data_in_leaf': 913, 'lambda_l2': 0.35560475617006654, 'subsample': 0.6264356780745611, 'colsample_bytree': 0.5574472098715753}. Best is trial 17 with value: 0.11695291524917746.
Training until validation scores don't improve for 10 rounds
Early stopping, best iteration is:
[231]	training's rmse: 0.00724913	valid_1's rmse: 0.00840782
Early stopping, best iteration is:
[117]	training's rmse: 0.00664032	valid_1's rmse: 0.00795186
Early stopping, best iteration is:
[770]	training's rmse: 0.00668244	valid_1's rmse: 0.00817908
Early stopping, best iteration is:
[586]	training's rmse: 0.00676278	valid_1's rmse: 0.00739915
Early stopping, best iteration is:
[400]	training's rmse: 0.00763597	valid_1's rmse: 0.00677856
[I 2025-06-17 13:45:36,635] Trial 21 finished with value: 0.12316451233919598 and parameters: {'learning_rate': 0.008990816549365024, 'num_leaves': 1643, 'min_data_in_leaf': 616, 'lambda_l2': 0.7478648417381462, 'subsample': 0.9428366662241165, 'colsample_bytree': 0.5525684353067057}. Best is trial 21 with value: 0.12316451233919598.
Early stopping, best iteration is:
[622]	training's rmse: 0.00763577	valid_1's rmse: 0.00827944
Training until validation scores don't improve for 10 rounds
Training until validation scores don't improve for 10 rounds
Training until validation scores don't improve for 10 rounds
Training until validation scores don't improve for 10 rounds
Training until validation scores don't improve for 10 rounds
Early stopping, best iteration is:
[308]	training's rmse: 0.00711569	valid_1's rmse: 0.00680035
Early stopping, best iteration is:
[590]	training's rmse: 0.00678455	valid_1's rmse: 0.0066475
Training until validation scores don't improve for 10 rounds
Training until validation scores don't improve for 10 rounds
Early stopping, best iteration is:
[313]	training's rmse: 0.00697657	valid_1's rmse: 0.00867017
Training until validation scores don't improve for 10 rounds
Early stopping, best iteration is:
[651]	training's rmse: 0.00682826	valid_1's rmse: 0.00789976
Early stopping, best iteration is:
[334]	training's rmse: 0.00721067	valid_1's rmse: 0.00639897
[I 2025-06-17 13:49:11,295] Trial 31 finished with value: 0.11543436943524965 and parameters: {'learning_rate': 0.007164491837054983, 'num_leaves': 363, 'min_data_in_leaf': 964, 'lambda_l2': 0.4424538868818468, 'subsample': 0.9622781678598108, 'colsample_bytree': 0.5804065150684601}. Best is trial 26 with value: 0.11621233709167927.
Training until validation scores don't improve for 10 rounds
Early stopping, best iteration is:
[509]	training's rmse: 0.00673828	valid_1's rmse: 0.00708357
Early stopping, best iteration is:
[449]	training's rmse: 0.00753732	valid_1's rmse: 0.00867256
Training until validation scores don't improve for 10 rounds
Early stopping, best iteration is:
[138]	training's rmse: 0.00739995	valid_1's rmse: 0.00806843
Training until validation scores don't improve for 10 rounds
Training until validation scores don't improve for 10 rounds
Training until validation scores don't improve for 10 rounds
Early stopping, best iteration is:
[452]	training's rmse: 0.0065029	valid_1's rmse: 0.00805306
Early stopping, best iteration is:
[626]	training's rmse: 0.00725442	valid_1's rmse: 0.00663932
Early stopping, best iteration is:
[552]	training's rmse: 0.00686805	valid_1's rmse: 0.0084938
Early stopping, best iteration is:
[312]	training's rmse: 0.00749571	valid_1's rmse: 0.00740221
[I 2025-06-17 13:52:21,724] Trial 32 finished with value: 0.11569831973372888 and parameters: {'learning_rate': 0.006561435116447617, 'num_leaves': 520, 'min_data_in_leaf': 886, 'lambda_l2': 0.3431381192673075, 'subsample': 0.6345498845381519, 'colsample_bytree': 0.5710128512481938}. Best is trial 17 with value: 0.11695291524917746.
Training until validation scores don't improve for 10 rounds
Training until validation scores don't improve for 10 rounds
Early stopping, best iteration is:
[40]	training's rmse: 0.0067154	valid_1's rmse: 0.00795575
Training until validation scores don't improve for 10 rounds
Training until validation scores don't improve for 10 rounds
Training until validation scores don't improve for 10 rounds
Early stopping, best iteration is:
[401]	training's rmse: 0.00674933	valid_1's rmse: 0.00740104
Early stopping, best iteration is:
[311]	training's rmse: 0.00764368	valid_1's rmse: 0.00677882
[I 2025-06-17 13:54:51,014] Trial 22 finished with value: 0.12193769506508526 and parameters: {'learning_rate': 0.011676682120694034, 'num_leaves': 1705, 'min_data_in_leaf': 641, 'lambda_l2': 0.973835766685736, 'subsample': 0.9439446631632381, 'colsample_bytree': 0.5628335725663689}. Best is trial 21 with value: 0.12316451233919598.
Early stopping, best iteration is:
[459]	training's rmse: 0.00673341	valid_1's rmse: 0.00664697
Early stopping, best iteration is:
[808]	training's rmse: 0.00760858	valid_1's rmse: 0.00803442
Training until validation scores don't improve for 10 rounds
Training until validation scores don't improve for 10 rounds
Training until validation scores don't improve for 10 rounds
Training until validation scores don't improve for 10 rounds
Training until validation scores don't improve for 10 rounds
Early stopping, best iteration is:
[722]	training's rmse: 0.0070831	valid_1's rmse: 0.00707167
[I 2025-06-17 13:56:15,434] Trial 26 finished with value: 0.12797213997994783 and parameters: {'learning_rate': 0.008437723838936711, 'num_leaves': 1694, 'min_data_in_leaf': 606, 'lambda_l2': 0.25992129407118036, 'subsample': 0.7754784188756693, 'colsample_bytree': 0.6049241115285302}. Best is trial 26 with value: 0.12797213997994783.
Early stopping, best iteration is:
[437]	training's rmse: 0.00668158	valid_1's rmse: 0.00708195
Early stopping, best iteration is:
[308]	training's rmse: 0.00703806	valid_1's rmse: 0.00679937
Training until validation scores don't improve for 10 rounds
Early stopping, best iteration is:
[187]	training's rmse: 0.00735765	valid_1's rmse: 0.0082037
Training until validation scores don't improve for 10 rounds
Early stopping, best iteration is:
[512]	training's rmse: 0.00700731	valid_1's rmse: 0.00866954
Training until validation scores don't improve for 10 rounds
Early stopping, best iteration is:
[368]	training's rmse: 0.00710229	valid_1's rmse: 0.00639574
Training until validation scores don't improve for 10 rounds
[I 2025-06-17 13:59:09,000] Trial 32 finished with value: 0.1163539108876473 and parameters: {'learning_rate': 0.0069564514832274075, 'num_leaves': 539, 'min_data_in_leaf': 476, 'lambda_l2': 0.6730736071415397, 'subsample': 0.9675823610864177, 'colsample_bytree': 0.5353356135661385}. Best is trial 32 with value: 0.1163539108876473.
Early stopping, best iteration is:
[460]	training's rmse: 0.00799724	valid_1's rmse: 0.00740673
[I 2025-06-17 13:59:18,105] Trial 20 finished with value: 0.129583544393562 and parameters: {'learning_rate': 0.005226239166985077, 'num_leaves': 1020, 'min_data_in_leaf': 819, 'lambda_l2': 0.8791461348096025, 'subsample': 0.7672987502796146, 'colsample_bytree': 0.779878704578663}. Best is trial 15 with value: 0.13079275423092462.
Early stopping, best iteration is:
[754]	training's rmse: 0.00669478	valid_1's rmse: 0.00817936
Training until validation scores don't improve for 10 rounds
Early stopping, best iteration is:
[209]	training's rmse: 0.00742707	valid_1's rmse: 0.00806938
Early stopping, best iteration is:
[377]	training's rmse: 0.00689279	valid_1's rmse: 0.00849099
Training until validation scores don't improve for 10 rounds
[I 2025-06-17 14:00:13,206] Trial 33 finished with value: 0.11482962111261136 and parameters: {'learning_rate': 0.009586209005173697, 'num_leaves': 309, 'min_data_in_leaf': 702, 'lambda_l2': 0.4146269536101453, 'subsample': 0.6044465138235583, 'colsample_bytree': 0.614278047724452}. Best is trial 17 with value: 0.11695291524917746.
Training until validation scores don't improve for 10 rounds
Training until validation scores don't improve for 10 rounds
Training until validation scores don't improve for 10 rounds
Early stopping, best iteration is:
[158]	training's rmse: 0.00665149	valid_1's rmse: 0.00794997
Early stopping, best iteration is:
[317]	training's rmse: 0.00648864	valid_1's rmse: 0.00805424
Training until validation scores don't improve for 10 rounds
Training until validation scores don't improve for 10 rounds
Early stopping, best iteration is:
[525]	training's rmse: 0.00689586	valid_1's rmse: 0.00790075
Early stopping, best iteration is:
[563]	training's rmse: 0.00750333	valid_1's rmse: 0.00740028
Early stopping, best iteration is:
[646]	training's rmse: 0.0074749	valid_1's rmse: 0.00826863
Early stopping, best iteration is:
[368]	training's rmse: 0.0066495	valid_1's rmse: 0.00739963
Training until validation scores don't improve for 10 rounds
Early stopping, best iteration is:
[919]	training's rmse: 0.00675798	valid_1's rmse: 0.00664622
Training until validation scores don't improve for 10 rounds
Training until validation scores don't improve for 10 rounds
Training until validation scores don't improve for 10 rounds
Training until validation scores don't improve for 10 rounds
Training until validation scores don't improve for 10 rounds
Early stopping, best iteration is:
[223]	training's rmse: 0.00702241	valid_1's rmse: 0.00679825
Early stopping, best iteration is:
[259]	training's rmse: 0.00754223	valid_1's rmse: 0.00867464
Training until validation scores don't improve for 10 rounds
Early stopping, best iteration is:
[589]	training's rmse: 0.00728202	valid_1's rmse: 0.00663964
Early stopping, best iteration is:
[473]	training's rmse: 0.00769318	valid_1's rmse: 0.00677838
