[I 2025-06-21 10:10:16,064] Trial 27 finished with value: 0.5359873665319312 and parameters: {'learning_rate': 0.02713733853812591, 'num_leaves': 876, 'min_data_in_leaf': 933, 'lambda_l2': 0.08778515935598755, 'subsample': 0.8997267977981885, 'colsample_bytree': 0.7894258192580399}. Best is trial 22 with value: 0.5378204492462828.
Training until validation scores don't improve for 10 rounds
Early stopping, best iteration is:
[83]	training's ndcg@1000: 0.620816	valid_1's ndcg@1000: 0.525121
Early stopping, best iteration is:
[128]	training's ndcg@1000: 0.661074	valid_1's ndcg@1000: 0.483098
[I 2025-06-21 10:10:33,845] Trial 31 finished with value: 0.5159784804819173 and parameters: {'learning_rate': 0.02642340804433544, 'num_leaves': 1482, 'min_data_in_leaf': 704, 'lambda_l2': 0.159410489041388, 'subsample': 0.8369164721170871, 'colsample_bytree': 0.6304984832215785}. Best is trial 28 with value: 0.5162258862463962.
Training until validation scores don't improve for 10 rounds
Training until validation scores don't improve for 10 rounds
Training until validation scores don't improve for 10 rounds
Early stopping, best iteration is:
[74]	training's ndcg@1000: 0.553388	valid_1's ndcg@1000: 0.547013
Early stopping, best iteration is:
[102]	training's ndcg@1000: 0.57867	valid_1's ndcg@1000: 0.508292
Training until validation scores don't improve for 10 rounds
Early stopping, best iteration is:
[72]	training's ndcg@1000: 0.627787	valid_1's ndcg@1000: 0.500749
Training until validation scores don't improve for 10 rounds
[I 2025-06-21 10:11:08,937] Trial 26 finished with value: 0.5504589507909474 and parameters: {'learning_rate': 0.027757402534976897, 'num_leaves': 691, 'min_data_in_leaf': 599, 'lambda_l2': 0.28973452866436405, 'subsample': 0.8495544608527535, 'colsample_bytree': 0.9976466649732528}. Best is trial 20 with value: 0.5532878817055384.
Early stopping, best iteration is:
[122]	training's ndcg@1000: 0.637572	valid_1's ndcg@1000: 0.535418
Training until validation scores don't improve for 10 rounds
Early stopping, best iteration is:
[38]	training's ndcg@1000: 0.58473	valid_1's ndcg@1000: 0.484133
Early stopping, best iteration is:
[84]	training's ndcg@1000: 0.597944	valid_1's ndcg@1000: 0.491769
Training until validation scores don't improve for 10 rounds
Training until validation scores don't improve for 10 rounds
Early stopping, best iteration is:
[23]	training's ndcg@1000: 0.542499	valid_1's ndcg@1000: 0.536951
Early stopping, best iteration is:
[167]	training's ndcg@1000: 0.607247	valid_1's ndcg@1000: 0.527451
Training until validation scores don't improve for 10 rounds
Early stopping, best iteration is:
[95]	training's ndcg@1000: 0.577841	valid_1's ndcg@1000: 0.497814
Training until validation scores don't improve for 10 rounds
Training until validation scores don't improve for 10 rounds
Training until validation scores don't improve for 10 rounds
Early stopping, best iteration is:
[46]	training's ndcg@1000: 0.566763	valid_1's ndcg@1000: 0.486032
Early stopping, best iteration is:
[51]	training's ndcg@1000: 0.596919	valid_1's ndcg@1000: 0.488074
Training until validation scores don't improve for 10 rounds
Early stopping, best iteration is:
[117]	training's ndcg@1000: 0.637295	valid_1's ndcg@1000: 0.512345
Early stopping, best iteration is:
[52]	training's ndcg@1000: 0.562522	valid_1's ndcg@1000: 0.532408
Training until validation scores don't improve for 10 rounds
Early stopping, best iteration is:
[53]	training's ndcg@1000: 0.559214	valid_1's ndcg@1000: 0.493012
Training until validation scores don't improve for 10 rounds
Early stopping, best iteration is:
[187]	training's ndcg@1000: 0.62302	valid_1's ndcg@1000: 0.501597
Training until validation scores don't improve for 10 rounds
Training until validation scores don't improve for 10 rounds
Training until validation scores don't improve for 10 rounds
Early stopping, best iteration is:
[85]	training's ndcg@1000: 0.605666	valid_1's ndcg@1000: 0.489973
Early stopping, best iteration is:
[59]	training's ndcg@1000: 0.593556	valid_1's ndcg@1000: 0.498244
Training until validation scores don't improve for 10 rounds
Early stopping, best iteration is:
[114]	training's ndcg@1000: 0.605063	valid_1's ndcg@1000: 0.514741
Training until validation scores don't improve for 10 rounds
Early stopping, best iteration is:
[39]	training's ndcg@1000: 0.55288	valid_1's ndcg@1000: 0.488451
[I 2025-06-21 10:13:51,801] Trial 30 finished with value: 0.5418398057862719 and parameters: {'learning_rate': 0.02264424981674128, 'num_leaves': 968, 'min_data_in_leaf': 1505, 'lambda_l2': 0.38844804515840514, 'subsample': 0.8209741707372178, 'colsample_bytree': 0.7179036648539888}. Best is trial 0 with value: 0.5442122638226504.
Training until validation scores don't improve for 10 rounds
Early stopping, best iteration is:
[89]	training's ndcg@1000: 0.634892	valid_1's ndcg@1000: 0.494141
[I 2025-06-21 10:14:01,831] Trial 28 finished with value: 0.525261876472681 and parameters: {'learning_rate': 0.023330668329044922, 'num_leaves': 1597, 'min_data_in_leaf': 822, 'lambda_l2': 0.0791323741470045, 'subsample': 0.6296099108865858, 'colsample_bytree': 0.9498006537947855}. Best is trial 28 with value: 0.525261876472681.
Training until validation scores don't improve for 10 rounds
Training until validation scores don't improve for 10 rounds
Early stopping, best iteration is:
[39]	training's ndcg@1000: 0.572688	valid_1's ndcg@1000: 0.499905
[I 2025-06-21 10:14:15,890] Trial 28 finished with value: 0.5369701779672549 and parameters: {'learning_rate': 0.029876012849584483, 'num_leaves': 848, 'min_data_in_leaf': 795, 'lambda_l2': 0.3014021365075457, 'subsample': 0.677865430398724, 'colsample_bytree': 0.5549799954060142}. Best is trial 22 with value: 0.5378204492462828.
Early stopping, best iteration is:
[47]	training's ndcg@1000: 0.564004	valid_1's ndcg@1000: 0.479111
[I 2025-06-21 10:14:16,976] Trial 32 finished with value: 0.5159596546258588 and parameters: {'learning_rate': 0.027002104026772604, 'num_leaves': 1280, 'min_data_in_leaf': 768, 'lambda_l2': 0.2778966542962345, 'subsample': 0.8823162482039919, 'colsample_bytree': 0.6218797478922914}. Best is trial 28 with value: 0.5162258862463962.
Early stopping, best iteration is:
[152]	training's ndcg@1000: 0.606117	valid_1's ndcg@1000: 0.486235
[I 2025-06-21 10:14:21,469] Trial 30 finished with value: 0.5224597892148064 and parameters: {'learning_rate': 0.015648805042723913, 'num_leaves': 1665, 'min_data_in_leaf': 1251, 'lambda_l2': 0.07833640933241304, 'subsample': 0.7331424597659394, 'colsample_bytree': 0.710052078187949}. Best is trial 4 with value: 0.5230962823888797.
Early stopping, best iteration is:
[41]	training's ndcg@1000: 0.566957	valid_1's ndcg@1000: 0.496924
Training until validation scores don't improve for 10 rounds
[I 2025-06-21 10:14:25,697] Trial 27 finished with value: 0.5459993336621285 and parameters: {'learning_rate': 0.02140472572390733, 'num_leaves': 1661, 'min_data_in_leaf': 886, 'lambda_l2': 0.5264689377515274, 'subsample': 0.7581386676838219, 'colsample_bytree': 0.8327439851167966}. Best is trial 20 with value: 0.5532878817055384.
Early stopping, best iteration is:
[48]	training's ndcg@1000: 0.536546	valid_1's ndcg@1000: 0.544867
Training until validation scores don't improve for 10 rounds
Training until validation scores don't improve for 10 rounds
Training until validation scores don't improve for 10 rounds
Training until validation scores don't improve for 10 rounds
Training until validation scores don't improve for 10 rounds
Training until validation scores don't improve for 10 rounds
Early stopping, best iteration is:
[52]	training's ndcg@1000: 0.580896	valid_1's ndcg@1000: 0.532787
Early stopping, best iteration is:
[61]	training's ndcg@1000: 0.558748	valid_1's ndcg@1000: 0.507108
Early stopping, best iteration is:
[98]	training's ndcg@1000: 0.608207	valid_1's ndcg@1000: 0.491704
Early stopping, best iteration is:
[51]	training's ndcg@1000: 0.679731	valid_1's ndcg@1000: 0.521355
Early stopping, best iteration is:
[146]	training's ndcg@1000: 0.597323	valid_1's ndcg@1000: 0.527599
Early stopping, best iteration is:
[167]	training's ndcg@1000: 0.610399	valid_1's ndcg@1000: 0.546524
Training until validation scores don't improve for 10 rounds
Training until validation scores don't improve for 10 rounds
Training until validation scores don't improve for 10 rounds
Training until validation scores don't improve for 10 rounds
Training until validation scores don't improve for 10 rounds
Early stopping, best iteration is:
[62]	training's ndcg@1000: 0.581001	valid_1's ndcg@1000: 0.487614
Training until validation scores don't improve for 10 rounds
Early stopping, best iteration is:
[90]	training's ndcg@1000: 0.578507	valid_1's ndcg@1000: 0.497526
Early stopping, best iteration is:
[63]	training's ndcg@1000: 0.561185	valid_1's ndcg@1000: 0.496859
Early stopping, best iteration is:
[95]	training's ndcg@1000: 0.623684	valid_1's ndcg@1000: 0.510396
Early stopping, best iteration is:
[20]	training's ndcg@1000: 0.631986	valid_1's ndcg@1000: 0.481172
Training until validation scores don't improve for 10 rounds
Training until validation scores don't improve for 10 rounds
Early stopping, best iteration is:
[201]	training's ndcg@1000: 0.631061	valid_1's ndcg@1000: 0.539854
Training until validation scores don't improve for 10 rounds
Training until validation scores don't improve for 10 rounds
Training until validation scores don't improve for 10 rounds
Early stopping, best iteration is:
[75]	training's ndcg@1000: 0.596252	valid_1's ndcg@1000: 0.489631
Early stopping, best iteration is:
[35]	training's ndcg@1000: 0.548114	valid_1's ndcg@1000: 0.488285
[I 2025-06-21 10:17:14,047] Trial 31 finished with value: 0.5399558368450483 and parameters: {'learning_rate': 0.02827606491266476, 'num_leaves': 208, 'min_data_in_leaf': 586, 'lambda_l2': 0.4430985724550657, 'subsample': 0.8642250894090353, 'colsample_bytree': 0.5634391420575257}. Best is trial 0 with value: 0.5442122638226504.
Early stopping, best iteration is:
[59]	training's ndcg@1000: 0.564172	valid_1's ndcg@1000: 0.49293
Early stopping, best iteration is:
[69]	training's ndcg@1000: 0.608793	valid_1's ndcg@1000: 0.497733
Training until validation scores don't improve for 10 rounds
Early stopping, best iteration is:
[36]	training's ndcg@1000: 0.663628	valid_1's ndcg@1000: 0.488712
Training until validation scores don't improve for 10 rounds
Training until validation scores don't improve for 10 rounds
Training until validation scores don't improve for 10 rounds
Training until validation scores don't improve for 10 rounds
Early stopping, best iteration is:
[87]	training's ndcg@1000: 0.565331	valid_1's ndcg@1000: 0.546808
Early stopping, best iteration is:
[173]	training's ndcg@1000: 0.625518	valid_1's ndcg@1000: 0.518536
Early stopping, best iteration is:
[100]	training's ndcg@1000: 0.584264	valid_1's ndcg@1000: 0.485113
[I 2025-06-21 10:18:25,341] Trial 31 finished with value: 0.5217262446999353 and parameters: {'learning_rate': 0.016549453776326144, 'num_leaves': 1682, 'min_data_in_leaf': 1270, 'lambda_l2': 0.06753913930264915, 'subsample': 0.7396453754370538, 'colsample_bytree': 0.6944370771923357}. Best is trial 4 with value: 0.5230962823888797.
Training until validation scores don't improve for 10 rounds
Early stopping, best iteration is:
[124]	training's ndcg@1000: 0.630637	valid_1's ndcg@1000: 0.481793
[I 2025-06-21 10:18:28,782] Trial 33 finished with value: 0.5169957602716797 and parameters: {'learning_rate': 0.02705147286689775, 'num_leaves': 1554, 'min_data_in_leaf': 783, 'lambda_l2': 0.2869002687281674, 'subsample': 0.8822942872986175, 'colsample_bytree': 0.6064549576395966}. Best is trial 33 with value: 0.5169957602716797.
Early stopping, best iteration is:
[64]	training's ndcg@1000: 0.600674	valid_1's ndcg@1000: 0.499942
[I 2025-06-21 10:18:36,607] Trial 29 finished with value: 0.5356992040830326 and parameters: {'learning_rate': 0.024192898048163228, 'num_leaves': 671, 'min_data_in_leaf': 654, 'lambda_l2': 0.226265237587255, 'subsample': 0.72604074025519, 'colsample_bytree': 0.7720860878635829}. Best is trial 22 with value: 0.5378204492462828.
Training until validation scores don't improve for 10 rounds
Training until validation scores don't improve for 10 rounds
Training until validation scores don't improve for 10 rounds
Training until validation scores don't improve for 10 rounds
Training until validation scores don't improve for 10 rounds
Early stopping, best iteration is:
[19]	training's ndcg@1000: 0.553657	valid_1's ndcg@1000: 0.489282
Early stopping, best iteration is:
[68]	training's ndcg@1000: 0.561798	valid_1's ndcg@1000: 0.507545
Early stopping, best iteration is:
[143]	training's ndcg@1000: 0.603941	valid_1's ndcg@1000: 0.525809
Early stopping, best iteration is:
[71]	training's ndcg@1000: 0.718271	valid_1's ndcg@1000: 0.493407
[I 2025-06-21 10:19:31,209] Trial 29 finished with value: 0.5251055818732837 and parameters: {'learning_rate': 0.026924177564981052, 'num_leaves': 1585, 'min_data_in_leaf': 406, 'lambda_l2': 0.0002509190329694315, 'subsample': 0.734664943241462, 'colsample_bytree': 0.9458889214471512}. Best is trial 28 with value: 0.525261876472681.
Early stopping, best iteration is:
[145]	training's ndcg@1000: 0.614606	valid_1's ndcg@1000: 0.503327
[I 2025-06-21 10:19:41,593] Trial 28 finished with value: 0.5531035168578273 and parameters: {'learning_rate': 0.02493614183393681, 'num_leaves': 1964, 'min_data_in_leaf': 1619, 'lambda_l2': 0.3970806852370755, 'subsample': 0.8755724852977342, 'colsample_bytree': 0.7857768193596797}. Best is trial 20 with value: 0.5532878817055384.
Early stopping, best iteration is:
[69]	training's ndcg@1000: 0.643548	valid_1's ndcg@1000: 0.534104
Training until validation scores don't improve for 10 rounds
Training until validation scores don't improve for 10 rounds
Training until validation scores don't improve for 10 rounds
Training until validation scores don't improve for 10 rounds
Early stopping, best iteration is:
[41]	training's ndcg@1000: 0.555666	valid_1's ndcg@1000: 0.492638
Early stopping, best iteration is:
[76]	training's ndcg@1000: 0.622235	valid_1's ndcg@1000: 0.487023
Training until validation scores don't improve for 10 rounds
Training until validation scores don't improve for 10 rounds
Early stopping, best iteration is:
[108]	training's ndcg@1000: 0.587568	valid_1's ndcg@1000: 0.497489
Training until validation scores don't improve for 10 rounds
Early stopping, best iteration is:
[45]	training's ndcg@1000: 0.631783	valid_1's ndcg@1000: 0.522896
Training until validation scores don't improve for 10 rounds
Early stopping, best iteration is:
[215]	training's ndcg@1000: 0.608439	valid_1's ndcg@1000: 0.545606
Early stopping, best iteration is:
[53]	training's ndcg@1000: 0.562991	valid_1's ndcg@1000: 0.489421
[I 2025-06-21 10:21:03,426] Trial 32 finished with value: 0.5396168333048602 and parameters: {'learning_rate': 0.02568014132393547, 'num_leaves': 376, 'min_data_in_leaf': 688, 'lambda_l2': 0.850940677718168, 'subsample': 0.8550636606161677, 'colsample_bytree': 0.7781442372460794}. Best is trial 0 with value: 0.5442122638226504.
Early stopping, best iteration is:
[45]	training's ndcg@1000: 0.590125	valid_1's ndcg@1000: 0.487657
Training until validation scores don't improve for 10 rounds
Early stopping, best iteration is:
[113]	training's ndcg@1000: 0.692106	valid_1's ndcg@1000: 0.512167
Early stopping, best iteration is:
[27]	training's ndcg@1000: 0.54758	valid_1's ndcg@1000: 0.491482
Training until validation scores don't improve for 10 rounds
Training until validation scores don't improve for 10 rounds
Training until validation scores don't improve for 10 rounds
Training until validation scores don't improve for 10 rounds
Training until validation scores don't improve for 10 rounds
Training until validation scores don't improve for 10 rounds
Early stopping, best iteration is:
[65]	training's ndcg@1000: 0.583135	valid_1's ndcg@1000: 0.545913
Early stopping, best iteration is:
[44]	training's ndcg@1000: 0.633683	valid_1's ndcg@1000: 0.484785
Early stopping, best iteration is:
[184]	training's ndcg@1000: 0.602248	valid_1's ndcg@1000: 0.538055
Early stopping, best iteration is:
[23]	training's ndcg@1000: 0.545734	valid_1's ndcg@1000: 0.479559
[I 2025-06-21 10:22:07,504] Trial 32 finished with value: 0.5204958220524529 and parameters: {'learning_rate': 0.01555633645437737, 'num_leaves': 1212, 'min_data_in_leaf': 932, 'lambda_l2': 0.18126044191842985, 'subsample': 0.7710707033377102, 'colsample_bytree': 0.7171096633635301}. Best is trial 4 with value: 0.5230962823888797.
Training until validation scores don't improve for 10 rounds
Early stopping, best iteration is:
[109]	training's ndcg@1000: 0.694724	valid_1's ndcg@1000: 0.499769
Training until validation scores don't improve for 10 rounds
Early stopping, best iteration is:
[106]	training's ndcg@1000: 0.645873	valid_1's ndcg@1000: 0.481897
[I 2025-06-21 10:22:42,714] Trial 34 finished with value: 0.5162641009168577 and parameters: {'learning_rate': 0.028323484845414897, 'num_leaves': 1570, 'min_data_in_leaf': 809, 'lambda_l2': 0.1078764524210987, 'subsample': 0.882459256427308, 'colsample_bytree': 0.608345092092527}. Best is trial 33 with value: 0.5169957602716797.
2024q2 89
Training until validation scores don't improve for 10 rounds
Training until validation scores don't improve for 10 rounds
Early stopping, best iteration is:
[33]	training's ndcg@1000: 0.539627	valid_1's ndcg@1000: 0.506381
Early stopping, best iteration is:
[88]	training's ndcg@1000: 0.568264	valid_1's ndcg@1000: 0.511892
Early stopping, best iteration is:
[97]	training's ndcg@1000: 0.618559	valid_1's ndcg@1000: 0.525515
Training until validation scores don't improve for 10 rounds
Early stopping, best iteration is:
[58]	training's ndcg@1000: 0.655204	valid_1's ndcg@1000: 0.488917
Training until validation scores don't improve for 10 rounds
Training until validation scores don't improve for 10 rounds
Training until validation scores don't improve for 10 rounds
Early stopping, best iteration is:
[46]	training's ndcg@1000: 0.553985	valid_1's ndcg@1000: 0.495459
Early stopping, best iteration is:
[90]	training's ndcg@1000: 0.675106	valid_1's ndcg@1000: 0.499869
[I 2025-06-21 10:23:55,518] Trial 30 finished with value: 0.5379662066714672 and parameters: {'learning_rate': 0.026665706989548617, 'num_leaves': 1233, 'min_data_in_leaf': 540, 'lambda_l2': 0.09386222560397157, 'subsample': 0.7001648610666683, 'colsample_bytree': 0.6409656605598193}. Best is trial 30 with value: 0.5379662066714672.
Training until validation scores don't improve for 10 rounds
Completed 2024q2, Results collected.
Early stopping, best iteration is:
[146]	training's ndcg@1000: 0.595798	valid_1's ndcg@1000: 0.502171
[I 2025-06-21 10:24:08,921] Trial 29 finished with value: 0.5500933538132462 and parameters: {'learning_rate': 0.021241639309045997, 'num_leaves': 1951, 'min_data_in_leaf': 1582, 'lambda_l2': 0.6446113484957989, 'subsample': 0.8831875763921343, 'colsample_bytree': 0.8074906655277161}. Best is trial 20 with value: 0.5532878817055384.
Training until validation scores don't improve for 10 rounds
Early stopping, best iteration is:
[181]	training's ndcg@1000: 0.683592	valid_1's ndcg@1000: 0.502827
Training until validation scores don't improve for 10 rounds
Early stopping, best iteration is:
[70]	training's ndcg@1000: 0.575704	valid_1's ndcg@1000: 0.493504
Training until validation scores don't improve for 10 rounds
Early stopping, best iteration is:
[67]	training's ndcg@1000: 0.66871	valid_1's ndcg@1000: 0.494409
[I 2025-06-21 10:24:56,436] Trial 30 finished with value: 0.52585760587302 and parameters: {'learning_rate': 0.027259177011802523, 'num_leaves': 1574, 'min_data_in_leaf': 601, 'lambda_l2': 0.012326575457833899, 'subsample': 0.6123692780288047, 'colsample_bytree': 0.9490744010526576}. Best is trial 30 with value: 0.52585760587302.
Early stopping, best iteration is:
[45]	training's ndcg@1000: 0.63037	valid_1's ndcg@1000: 0.531767
Training until validation scores don't improve for 10 rounds
Training until validation scores don't improve for 10 rounds
Early stopping, best iteration is:
[29]	training's ndcg@1000: 0.568806	valid_1's ndcg@1000: 0.488134
[I 2025-06-21 10:25:21,776] Trial 33 finished with value: 0.5419331202962822 and parameters: {'learning_rate': 0.028481113215177902, 'num_leaves': 592, 'min_data_in_leaf': 490, 'lambda_l2': 0.5015428090482084, 'subsample': 0.8795828645900376, 'colsample_bytree': 0.7002442947645517}. Best is trial 0 with value: 0.5442122638226504.
Early stopping, best iteration is:
[272]	training's ndcg@1000: 0.626852	valid_1's ndcg@1000: 0.547799
Early stopping, best iteration is:
[67]	training's ndcg@1000: 0.570425	valid_1's ndcg@1000: 0.485089
Training until validation scores don't improve for 10 rounds
Training until validation scores don't improve for 10 rounds
