[I 2025-06-25 07:58:24,241] Trial 22 finished with value: 0.08342875676608369 and parameters: {'learning_rate': 0.08932819316524351, 'num_leaves': 1533, 'min_data_in_leaf': 1572, 'lambda_l2': 0.3519517726820143, 'subsample': 0.9124132391651489, 'colsample_bytree': 0.6263142721750472}. Best is trial 4 with value: 0.09144273357636691.
Training until validation scores don't improve for 10 rounds
Training until validation scores don't improve for 10 rounds
Training until validation scores don't improve for 10 rounds
Early stopping, best iteration is:
[102]	training's w_rmse: 0.968486	valid_1's w_rmse: 0.987061
[I 2025-06-25 07:58:45,269] Trial 24 finished with value: 0.08356052946431232 and parameters: {'learning_rate': 0.043977739166265, 'num_leaves': 723, 'min_data_in_leaf': 1703, 'lambda_l2': 0.5374480053346543, 'subsample': 0.6705257304694349, 'colsample_bytree': 0.5800465142424511}. Best is trial 3 with value: 0.0915630807142072.
Training until validation scores don't improve for 10 rounds
Training until validation scores don't improve for 10 rounds
Training until validation scores don't improve for 10 rounds
Early stopping, best iteration is:
[36]	training's w_rmse: 0.959502	valid_1's w_rmse: 0.989137
Early stopping, best iteration is:
[73]	training's w_rmse: 0.954122	valid_1's w_rmse: 0.988365
Early stopping, best iteration is:
[70]	training's w_rmse: 0.962689	valid_1's w_rmse: 0.989842
Early stopping, best iteration is:
[30]	training's w_rmse: 0.983123	valid_1's w_rmse: 0.993509
Training until validation scores don't improve for 10 rounds
Training until validation scores don't improve for 10 rounds
Early stopping, best iteration is:
[53]	training's w_rmse: 0.97702	valid_1's w_rmse: 0.990185
Training until validation scores don't improve for 10 rounds
Training until validation scores don't improve for 10 rounds
Training until validation scores don't improve for 10 rounds
Early stopping, best iteration is:
[32]	training's w_rmse: 0.9624	valid_1's w_rmse: 0.98917
Early stopping, best iteration is:
[31]	training's w_rmse: 0.976154	valid_1's w_rmse: 0.991177
Early stopping, best iteration is:
[397]	training's w_rmse: 0.952614	valid_1's w_rmse: 0.987461
Training until validation scores don't improve for 10 rounds
Early stopping, best iteration is:
[79]	training's w_rmse: 0.970868	valid_1's w_rmse: 0.989651
Early stopping, best iteration is:
[141]	training's w_rmse: 0.935663	valid_1's w_rmse: 0.988094
[I 2025-06-25 08:00:26,414] Trial 30 finished with value: 0.09575292794942826 and parameters: {'learning_rate': 0.056778112384591226, 'num_leaves': 1837, 'min_data_in_leaf': 644, 'lambda_l2': 0.35487208500990536, 'subsample': 0.7203015587434666, 'colsample_bytree': 0.7646445919375494}. Best is trial 20 with value: 0.10047067280204725.
Training until validation scores don't improve for 10 rounds
Training until validation scores don't improve for 10 rounds
Training until validation scores don't improve for 10 rounds
Early stopping, best iteration is:
[33]	training's w_rmse: 0.961123	valid_1's w_rmse: 0.992828
[I 2025-06-25 08:00:53,749] Trial 25 finished with value: 0.08978747615522464 and parameters: {'learning_rate': 0.07717263152131298, 'num_leaves': 1795, 'min_data_in_leaf': 479, 'lambda_l2': 0.2605992937500774, 'subsample': 0.6250888411821517, 'colsample_bytree': 0.7363498216185598}. Best is trial 0 with value: 0.09434005529405001.
Early stopping, best iteration is:
[43]	training's w_rmse: 0.984742	valid_1's w_rmse: 0.994533
Training until validation scores don't improve for 10 rounds
Training until validation scores don't improve for 10 rounds
Early stopping, best iteration is:
[361]	training's w_rmse: 0.935998	valid_1's w_rmse: 0.98816
Early stopping, best iteration is:
[110]	training's w_rmse: 0.952637	valid_1's w_rmse: 0.986891
[I 2025-06-25 08:01:24,618] Trial 27 finished with value: 0.08417155277513941 and parameters: {'learning_rate': 0.047948017315314825, 'num_leaves': 1834, 'min_data_in_leaf': 871, 'lambda_l2': 0.029689941630418493, 'subsample': 0.9631001320239383, 'colsample_bytree': 0.6377108080134839}. Best is trial 13 with value: 0.08914769642510759.
Training until validation scores don't improve for 10 rounds
Training until validation scores don't improve for 10 rounds
Early stopping, best iteration is:
[42]	training's w_rmse: 0.975051	valid_1's w_rmse: 0.994289
Early stopping, best iteration is:
[8]	training's w_rmse: 0.987837	valid_1's w_rmse: 0.995595
Training until validation scores don't improve for 10 rounds
Training until validation scores don't improve for 10 rounds
Early stopping, best iteration is:
[35]	training's w_rmse: 0.981323	valid_1's w_rmse: 0.994132
Training until validation scores don't improve for 10 rounds
Early stopping, best iteration is:
[332]	training's w_rmse: 0.937624	valid_1's w_rmse: 0.987025
Training until validation scores don't improve for 10 rounds
Early stopping, best iteration is:
[78]	training's w_rmse: 0.957872	valid_1's w_rmse: 0.989351
Early stopping, best iteration is:
[332]	training's w_rmse: 0.957161	valid_1's w_rmse: 0.987088
Early stopping, best iteration is:
[90]	training's w_rmse: 0.980009	valid_1's w_rmse: 0.990469
Training until validation scores don't improve for 10 rounds
Training until validation scores don't improve for 10 rounds
Early stopping, best iteration is:
[91]	training's w_rmse: 0.962744	valid_1's w_rmse: 0.991545
Training until validation scores don't improve for 10 rounds
Training until validation scores don't improve for 10 rounds
Early stopping, best iteration is:
[124]	training's w_rmse: 0.967023	valid_1's w_rmse: 0.986936
Training until validation scores don't improve for 10 rounds
[I 2025-06-25 08:03:20,363] Trial 25 finished with value: 0.086539611165935 and parameters: {'learning_rate': 0.033382340783565306, 'num_leaves': 1224, 'min_data_in_leaf': 1393, 'lambda_l2': 0.21672335115772445, 'subsample': 0.7542636608199287, 'colsample_bytree': 0.9535111596406789}. Best is trial 3 with value: 0.0915630807142072.
Early stopping, best iteration is:
[49]	training's w_rmse: 0.96892	valid_1's w_rmse: 0.989117
Early stopping, best iteration is:
[113]	training's w_rmse: 0.964841	valid_1's w_rmse: 0.990073
[I 2025-06-25 08:03:33,584] Trial 23 finished with value: 0.09018548821219961 and parameters: {'learning_rate': 0.030722696375926586, 'num_leaves': 1358, 'min_data_in_leaf': 1096, 'lambda_l2': 0.36745363683568255, 'subsample': 0.9586499673018662, 'colsample_bytree': 0.8312819011015256}. Best is trial 4 with value: 0.09144273357636691.
Training until validation scores don't improve for 10 rounds
Training until validation scores don't improve for 10 rounds
Early stopping, best iteration is:
[18]	training's w_rmse: 0.980364	valid_1's w_rmse: 0.990379
Training until validation scores don't improve for 10 rounds
Training until validation scores don't improve for 10 rounds
Early stopping, best iteration is:
[26]	training's w_rmse: 0.976466	valid_1's w_rmse: 0.992993
[I 2025-06-25 08:04:21,066] Trial 26 finished with value: 0.08760127907346145 and parameters: {'learning_rate': 0.08408033859163595, 'num_leaves': 1368, 'min_data_in_leaf': 1268, 'lambda_l2': 0.2035370634277447, 'subsample': 0.9361667483045202, 'colsample_bytree': 0.9659797979905651}. Best is trial 0 with value: 0.09434005529405001.
Early stopping, best iteration is:
[12]	training's w_rmse: 0.982045	valid_1's w_rmse: 0.993529
Early stopping, best iteration is:
[199]	training's w_rmse: 0.969245	valid_1's w_rmse: 0.990029
Early stopping, best iteration is:
[365]	training's w_rmse: 0.954981	valid_1's w_rmse: 0.987524
[I 2025-06-25 08:04:37,800] Trial 26 finished with value: 0.11268238078006637 and parameters: {'learning_rate': 0.021079672132958048, 'num_leaves': 1766, 'min_data_in_leaf': 1284, 'lambda_l2': 0.7303280831204801, 'subsample': 0.789784389210529, 'colsample_bytree': 0.7541656955947815}. Best is trial 19 with value: 0.11768897833832803.
Training until validation scores don't improve for 10 rounds
Early stopping, best iteration is:
[151]	training's w_rmse: 0.948341	valid_1's w_rmse: 0.987973
Training until validation scores don't improve for 10 rounds
Training until validation scores don't improve for 10 rounds
Training until validation scores don't improve for 10 rounds
Early stopping, best iteration is:
[126]	training's w_rmse: 0.94392	valid_1's w_rmse: 0.989513
Early stopping, best iteration is:
[27]	training's w_rmse: 0.989058	valid_1's w_rmse: 0.995581
Training until validation scores don't improve for 10 rounds
Early stopping, best iteration is:
[32]	training's w_rmse: 0.968916	valid_1's w_rmse: 0.990097
Training until validation scores don't improve for 10 rounds
Early stopping, best iteration is:
[120]	training's w_rmse: 0.943934	valid_1's w_rmse: 0.988059
Early stopping, best iteration is:
[102]	training's w_rmse: 0.978136	valid_1's w_rmse: 0.991284
Training until validation scores don't improve for 10 rounds
Training until validation scores don't improve for 10 rounds
Early stopping, best iteration is:
[13]	training's w_rmse: 0.983145	valid_1's w_rmse: 0.994164
Training until validation scores don't improve for 10 rounds
Training until validation scores don't improve for 10 rounds
Early stopping, best iteration is:
[12]	training's w_rmse: 0.983635	valid_1's w_rmse: 0.994701
Training until validation scores don't improve for 10 rounds
Early stopping, best iteration is:
[91]	training's w_rmse: 0.945489	valid_1's w_rmse: 0.988574
Training until validation scores don't improve for 10 rounds
Early stopping, best iteration is:
[247]	training's w_rmse: 0.962923	valid_1's w_rmse: 0.988407
Early stopping, best iteration is:
[63]	training's w_rmse: 0.963631	valid_1's w_rmse: 0.987313
[I 2025-06-25 08:06:41,781] Trial 26 finished with value: 0.08423859591944854 and parameters: {'learning_rate': 0.07777561901029995, 'num_leaves': 912, 'min_data_in_leaf': 1353, 'lambda_l2': 0.9996277306623699, 'subsample': 0.7944506984712228, 'colsample_bytree': 0.5999055644430701}. Best is trial 3 with value: 0.0915630807142072.
Training until validation scores don't improve for 10 rounds
Training until validation scores don't improve for 10 rounds
Early stopping, best iteration is:
[282]	training's w_rmse: 0.92837	valid_1's w_rmse: 0.987718
Early stopping, best iteration is:
[36]	training's w_rmse: 0.96708	valid_1's w_rmse: 0.990901
[I 2025-06-25 08:07:16,259] Trial 24 finished with value: 0.0863343426186139 and parameters: {'learning_rate': 0.07299667204815057, 'num_leaves': 1947, 'min_data_in_leaf': 864, 'lambda_l2': 0.8218858892199171, 'subsample': 0.7748373474876651, 'colsample_bytree': 0.9976836821982547}. Best is trial 4 with value: 0.09144273357636691.
[I 2025-06-25 08:07:16,751] Trial 31 finished with value: 0.10097276083091516 and parameters: {'learning_rate': 0.023079435351274092, 'num_leaves': 1321, 'min_data_in_leaf': 416, 'lambda_l2': 0.3646548897344698, 'subsample': 0.6995736808251687, 'colsample_bytree': 0.9712744991007438}. Best is trial 31 with value: 0.10097276083091516.
Training until validation scores don't improve for 10 rounds
Early stopping, best iteration is:
[113]	training's w_rmse: 0.946599	valid_1's w_rmse: 0.987587
Training until validation scores don't improve for 10 rounds
Early stopping, best iteration is:
[85]	training's w_rmse: 0.973001	valid_1's w_rmse: 0.989638
Training until validation scores don't improve for 10 rounds
Training until validation scores don't improve for 10 rounds
Training until validation scores don't improve for 10 rounds
Early stopping, best iteration is:
[210]	training's w_rmse: 0.966147	valid_1's w_rmse: 0.988623
Early stopping, best iteration is:
[336]	training's w_rmse: 0.96062	valid_1's w_rmse: 0.986761
[I 2025-06-25 08:08:02,354] Trial 28 finished with value: 0.08296165011639241 and parameters: {'learning_rate': 0.01652141148568827, 'num_leaves': 761, 'min_data_in_leaf': 1434, 'lambda_l2': 0.49997996305332615, 'subsample': 0.7364694529019953, 'colsample_bytree': 0.9445574662874443}. Best is trial 13 with value: 0.08914769642510759.
Early stopping, best iteration is:
[14]	training's w_rmse: 0.984764	valid_1's w_rmse: 0.993514
Early stopping, best iteration is:
[138]	training's w_rmse: 0.940053	valid_1's w_rmse: 0.987758
[I 2025-06-25 08:08:22,688] Trial 27 finished with value: 0.11344463211622163 and parameters: {'learning_rate': 0.07523856930382171, 'num_leaves': 795, 'min_data_in_leaf': 1002, 'lambda_l2': 0.4306557025710821, 'subsample': 0.9855321698893088, 'colsample_bytree': 0.6134325439595908}. Best is trial 19 with value: 0.11768897833832803.
Early stopping, best iteration is:
[46]	training's w_rmse: 0.973523	valid_1's w_rmse: 0.994285
Training until validation scores don't improve for 10 rounds
Training until validation scores don't improve for 10 rounds
Training until validation scores don't improve for 10 rounds
Training until validation scores don't improve for 10 rounds
Early stopping, best iteration is:
[32]	training's w_rmse: 0.975484	valid_1's w_rmse: 0.98999
Training until validation scores don't improve for 10 rounds
Training until validation scores don't improve for 10 rounds
Early stopping, best iteration is:
[145]	training's w_rmse: 0.972214	valid_1's w_rmse: 0.992391
[I 2025-06-25 08:09:16,680] Trial 27 finished with value: 0.09028394846060138 and parameters: {'learning_rate': 0.025152984469678438, 'num_leaves': 296, 'min_data_in_leaf': 1446, 'lambda_l2': 0.40737686261430084, 'subsample': 0.6249827595725435, 'colsample_bytree': 0.9127473706546981}. Best is trial 0 with value: 0.09434005529405001.
Early stopping, best iteration is:
[136]	training's w_rmse: 0.952454	valid_1's w_rmse: 0.988418
Early stopping, best iteration is:
[124]	training's w_rmse: 0.978088	valid_1's w_rmse: 0.990281
Training until validation scores don't improve for 10 rounds
Early stopping, best iteration is:
[84]	training's w_rmse: 0.964437	valid_1's w_rmse: 0.991459
Early stopping, best iteration is:
[374]	training's w_rmse: 0.939456	valid_1's w_rmse: 0.988183
Training until validation scores don't improve for 10 rounds
Early stopping, best iteration is:
[75]	training's w_rmse: 0.962918	valid_1's w_rmse: 0.988558
Training until validation scores don't improve for 10 rounds
Early stopping, best iteration is:
[10]	training's w_rmse: 0.987295	valid_1's w_rmse: 0.994847
Early stopping, best iteration is:
[13]	training's w_rmse: 0.984542	valid_1's w_rmse: 0.995241
Training until validation scores don't improve for 10 rounds
Training until validation scores don't improve for 10 rounds
Training until validation scores don't improve for 10 rounds
Training until validation scores don't improve for 10 rounds
Training until validation scores don't improve for 10 rounds
Training until validation scores don't improve for 10 rounds
Early stopping, best iteration is:
[48]	training's w_rmse: 0.97004	valid_1's w_rmse: 0.990428
Early stopping, best iteration is:
[60]	training's w_rmse: 0.97789	valid_1's w_rmse: 0.99382
[I 2025-06-25 08:10:50,847] Trial 25 finished with value: 0.08543073067379123 and parameters: {'learning_rate': 0.058218464579854044, 'num_leaves': 547, 'min_data_in_leaf': 1094, 'lambda_l2': 0.24953856774564742, 'subsample': 0.6217349184644839, 'colsample_bytree': 0.7020367224771564}. Best is trial 4 with value: 0.09144273357636691.
Early stopping, best iteration is:
[103]	training's w_rmse: 0.95954	valid_1's w_rmse: 0.988084
Early stopping, best iteration is:
[94]	training's w_rmse: 0.952435	valid_1's w_rmse: 0.988554
Early stopping, best iteration is:
[151]	training's w_rmse: 0.948406	valid_1's w_rmse: 0.987901
Training until validation scores don't improve for 10 rounds
Training until validation scores don't improve for 10 rounds
Early stopping, best iteration is:
[295]	training's w_rmse: 0.96521	valid_1's w_rmse: 0.989916
Training until validation scores don't improve for 10 rounds
Early stopping, best iteration is:
[20]	training's w_rmse: 0.984834	valid_1's w_rmse: 0.993678
Training until validation scores don't improve for 10 rounds
Early stopping, best iteration is:
[98]	training's w_rmse: 0.960804	valid_1's w_rmse: 0.988295
[I 2025-06-25 08:11:50,537] Trial 28 finished with value: 0.10900455731247771 and parameters: {'learning_rate': 0.07806486825578164, 'num_leaves': 413, 'min_data_in_leaf': 1664, 'lambda_l2': 0.921831223893293, 'subsample': 0.7867554192082935, 'colsample_bytree': 0.857114312302498}. Best is trial 19 with value: 0.11768897833832803.
Training until validation scores don't improve for 10 rounds
Training until validation scores don't improve for 10 rounds
Early stopping, best iteration is:
[98]	training's w_rmse: 0.950226	valid_1's w_rmse: 0.988562
Training until validation scores don't improve for 10 rounds
Training until validation scores don't improve for 10 rounds
Early stopping, best iteration is:
[285]	training's w_rmse: 0.950352	valid_1's w_rmse: 0.986383
[I 2025-06-25 08:12:40,977] Trial 27 finished with value: 0.08905072160431875 and parameters: {'learning_rate': 0.02003556649306165, 'num_leaves': 1995, 'min_data_in_leaf': 875, 'lambda_l2': 0.43444571911482066, 'subsample': 0.6521980373739883, 'colsample_bytree': 0.635449148721164}. Best is trial 3 with value: 0.0915630807142072.
Early stopping, best iteration is:
[57]	training's w_rmse: 0.972224	valid_1's w_rmse: 0.989854
Early stopping, best iteration is:
[84]	training's w_rmse: 0.938952	valid_1's w_rmse: 0.987983
Training until validation scores don't improve for 10 rounds
Early stopping, best iteration is:
[133]	training's w_rmse: 0.976965	valid_1's w_rmse: 0.991228
Early stopping, best iteration is:
[67]	training's w_rmse: 0.959118	valid_1's w_rmse: 0.992506
[I 2025-06-25 08:13:17,567] Trial 28 finished with value: 0.09242577278553031 and parameters: {'learning_rate': 0.05498697633714012, 'num_leaves': 1229, 'min_data_in_leaf': 714, 'lambda_l2': 0.3817170263138443, 'subsample': 0.6193696626332774, 'colsample_bytree': 0.6967275656154683}. Best is trial 0 with value: 0.09434005529405001.
Training until validation scores don't improve for 10 rounds
Training until validation scores don't improve for 10 rounds
Early stopping, best iteration is:
[193]	training's w_rmse: 0.944325	valid_1's w_rmse: 0.988098
[I 2025-06-25 08:13:20,054] Trial 32 finished with value: 0.10044509532006324 and parameters: {'learning_rate': 0.02449961309831912, 'num_leaves': 1294, 'min_data_in_leaf': 459, 'lambda_l2': 0.37017255552424366, 'subsample': 0.69382578446167, 'colsample_bytree': 0.9700046453412823}. Best is trial 31 with value: 0.10097276083091516.
Early stopping, best iteration is:
[24]	training's w_rmse: 0.978197	valid_1's w_rmse: 0.990209
Training until validation scores don't improve for 10 rounds
Early stopping, best iteration is:
[11]	training's w_rmse: 0.981245	valid_1's w_rmse: 0.994358
Training until validation scores don't improve for 10 rounds
Training until validation scores don't improve for 10 rounds
Training until validation scores don't improve for 10 rounds
Early stopping, best iteration is:
[12]	training's w_rmse: 0.987186	valid_1's w_rmse: 0.995482
Training until validation scores don't improve for 10 rounds
Training until validation scores don't improve for 10 rounds
Early stopping, best iteration is:
[253]	training's w_rmse: 0.93888	valid_1's w_rmse: 0.987216
Early stopping, best iteration is:
[48]	training's w_rmse: 0.977737	valid_1's w_rmse: 0.99443
Early stopping, best iteration is:
[114]	training's w_rmse: 0.936804	valid_1's w_rmse: 0.989045
Early stopping, best iteration is:
[87]	training's w_rmse: 0.936342	valid_1's w_rmse: 0.988219
Training until validation scores don't improve for 10 rounds
Training until validation scores don't improve for 10 rounds
Early stopping, best iteration is:
[100]	training's w_rmse: 0.959748	valid_1's w_rmse: 0.988644
Training until validation scores don't improve for 10 rounds
Training until validation scores don't improve for 10 rounds
Training until validation scores don't improve for 10 rounds
Early stopping, best iteration is:
[17]	training's w_rmse: 0.981835	valid_1's w_rmse: 0.994136
Early stopping, best iteration is:
[86]	training's w_rmse: 0.965751	valid_1's w_rmse: 0.990356
[I 2025-06-25 08:15:21,865] Trial 26 finished with value: 0.08847364756455556 and parameters: {'learning_rate': 0.040656178727176855, 'num_leaves': 1620, 'min_data_in_leaf': 1186, 'lambda_l2': 0.37798551699621674, 'subsample': 0.9878861750263039, 'colsample_bytree': 0.9345721773536464}. Best is trial 4 with value: 0.09144273357636691.
Early stopping, best iteration is:
[328]	training's w_rmse: 0.964367	valid_1's w_rmse: 0.987042
[I 2025-06-25 08:15:25,173] Trial 29 finished with value: 0.08303687211054217 and parameters: {'learning_rate': 0.013425516092907697, 'num_leaves': 1369, 'min_data_in_leaf': 1308, 'lambda_l2': 0.7713937389365175, 'subsample': 0.6938304361474547, 'colsample_bytree': 0.8230059231401624}. Best is trial 13 with value: 0.08914769642510759.
Training until validation scores don't improve for 10 rounds
Early stopping, best iteration is:
[98]	training's w_rmse: 0.932229	valid_1's w_rmse: 0.987979
[I 2025-06-25 08:15:38,414] Trial 29 finished with value: 0.11457579372770516 and parameters: {'learning_rate': 0.07907015084634864, 'num_leaves': 629, 'min_data_in_leaf': 562, 'lambda_l2': 0.34789281646448456, 'subsample': 0.8328006883084677, 'colsample_bytree': 0.6614425432776534}. Best is trial 19 with value: 0.11768897833832803.
Early stopping, best iteration is:
[91]	training's w_rmse: 0.969366	valid_1's w_rmse: 0.991739
Training until validation scores don't improve for 10 rounds
Early stopping, best iteration is:
[86]	training's w_rmse: 0.9642	valid_1's w_rmse: 0.988893
Training until validation scores don't improve for 10 rounds
Training until validation scores don't improve for 10 rounds
Early stopping, best iteration is:
[10]	training's w_rmse: 0.984839	valid_1's w_rmse: 0.99377
Early stopping, best iteration is:
[63]	training's w_rmse: 0.960925	valid_1's w_rmse: 0.987319
