[I 2025-06-25 08:16:11,405] Trial 28 finished with value: 0.0865064539399159 and parameters: {'learning_rate': 0.06573105831561724, 'num_leaves': 283, 'min_data_in_leaf': 590, 'lambda_l2': 0.9315548272923047, 'subsample': 0.7041904757706118, 'colsample_bytree': 0.5937092196830316}. Best is trial 3 with value: 0.0915630807142072.
Training until validation scores don't improve for 10 rounds
Training until validation scores don't improve for 10 rounds
Early stopping, best iteration is:
[48]	training's w_rmse: 0.975054	valid_1's w_rmse: 0.99009
Training until validation scores don't improve for 10 rounds
Training until validation scores don't improve for 10 rounds
Training until validation scores don't improve for 10 rounds
Early stopping, best iteration is:
[21]	training's w_rmse: 0.977072	valid_1's w_rmse: 0.990007
Early stopping, best iteration is:
[81]	training's w_rmse: 0.963635	valid_1's w_rmse: 0.992792
[I 2025-06-25 08:16:56,898] Trial 29 finished with value: 0.09124680312621072 and parameters: {'learning_rate': 0.06185104706750747, 'num_leaves': 1673, 'min_data_in_leaf': 1276, 'lambda_l2': 0.8977696501023403, 'subsample': 0.7764993145968756, 'colsample_bytree': 0.8419327179443084}. Best is trial 0 with value: 0.09434005529405001.
Training until validation scores don't improve for 10 rounds
Early stopping, best iteration is:
[166]	training's w_rmse: 0.956251	valid_1's w_rmse: 0.988025
Training until validation scores don't improve for 10 rounds
Training until validation scores don't improve for 10 rounds
Early stopping, best iteration is:
[192]	training's w_rmse: 0.979008	valid_1's w_rmse: 0.989925
Early stopping, best iteration is:
[91]	training's w_rmse: 0.948796	valid_1's w_rmse: 0.988153
Early stopping, best iteration is:
[166]	training's w_rmse: 0.939691	valid_1's w_rmse: 0.989323
Early stopping, best iteration is:
[32]	training's w_rmse: 0.981433	valid_1's w_rmse: 0.99502
Training until validation scores don't improve for 10 rounds
Training until validation scores don't improve for 10 rounds
Training until validation scores don't improve for 10 rounds
Training until validation scores don't improve for 10 rounds
Training until validation scores don't improve for 10 rounds
Early stopping, best iteration is:
[32]	training's w_rmse: 0.971054	valid_1's w_rmse: 0.990856
[I 2025-06-25 08:18:42,839] Trial 27 finished with value: 0.08572905500201465 and parameters: {'learning_rate': 0.08318661575010061, 'num_leaves': 1832, 'min_data_in_leaf': 1102, 'lambda_l2': 0.7834404695702855, 'subsample': 0.8252942361366331, 'colsample_bytree': 0.5520316253200234}. Best is trial 4 with value: 0.09144273357636691.
Early stopping, best iteration is:
[47]	training's w_rmse: 0.974909	valid_1's w_rmse: 0.990892
Training until validation scores don't improve for 10 rounds
Early stopping, best iteration is:
[34]	training's w_rmse: 0.98521	valid_1's w_rmse: 0.993626
Training until validation scores don't improve for 10 rounds
Early stopping, best iteration is:
[208]	training's w_rmse: 0.945278	valid_1's w_rmse: 0.987869
Early stopping, best iteration is:
[305]	training's w_rmse: 0.940483	valid_1's w_rmse: 0.987757
[I 2025-06-25 08:19:44,394] Trial 33 finished with value: 0.09875167688180712 and parameters: {'learning_rate': 0.022228159353737613, 'num_leaves': 1295, 'min_data_in_leaf': 635, 'lambda_l2': 0.3848091892114507, 'subsample': 0.6925190865714214, 'colsample_bytree': 0.9845249980358906}. Best is trial 31 with value: 0.10097276083091516.
Training until validation scores don't improve for 10 rounds
Training until validation scores don't improve for 10 rounds
Early stopping, best iteration is:
[129]	training's w_rmse: 0.954542	valid_1's w_rmse: 0.986684
[I 2025-06-25 08:20:23,293] Trial 30 finished with value: 0.08944155861950387 and parameters: {'learning_rate': 0.038811493747957865, 'num_leaves': 265, 'min_data_in_leaf': 472, 'lambda_l2': 0.28131732027455136, 'subsample': 0.7631360546826473, 'colsample_bytree': 0.771595601886511}. Best is trial 30 with value: 0.08944155861950387.
Did not meet early stopping. Best iteration is:
[996]	training's w_rmse: 0.953009	valid_1's w_rmse: 0.987533
Training until validation scores don't improve for 10 rounds
Early stopping, best iteration is:
[104]	training's w_rmse: 0.971291	valid_1's w_rmse: 0.989562
Early stopping, best iteration is:
[43]	training's w_rmse: 0.977837	valid_1's w_rmse: 0.994509
Training until validation scores don't improve for 10 rounds
Training until validation scores don't improve for 10 rounds
Early stopping, best iteration is:
[191]	training's w_rmse: 0.947624	valid_1's w_rmse: 0.987979
Did not meet early stopping. Best iteration is:
[998]	training's w_rmse: 0.950026	valid_1's w_rmse: 0.988389
Early stopping, best iteration is:
[44]	training's w_rmse: 0.977742	valid_1's w_rmse: 0.990288
Training until validation scores don't improve for 10 rounds
Training until validation scores don't improve for 10 rounds
Training until validation scores don't improve for 10 rounds
Training until validation scores don't improve for 10 rounds
Training until validation scores don't improve for 10 rounds
Early stopping, best iteration is:
[85]	training's w_rmse: 0.968795	valid_1's w_rmse: 0.991676
Early stopping, best iteration is:
[148]	training's w_rmse: 0.982872	valid_1's w_rmse: 0.994295
Early stopping, best iteration is:
[57]	training's w_rmse: 0.973061	valid_1's w_rmse: 0.990143
Early stopping, best iteration is:
[370]	training's w_rmse: 0.945905	valid_1's w_rmse: 0.987424
Early stopping, best iteration is:
[91]	training's w_rmse: 0.965576	valid_1's w_rmse: 0.992401
[I 2025-06-25 08:22:30,073] Trial 30 finished with value: 0.09452682150526934 and parameters: {'learning_rate': 0.026881141721584782, 'num_leaves': 924, 'min_data_in_leaf': 598, 'lambda_l2': 0.978760325676442, 'subsample': 0.6938980772732785, 'colsample_bytree': 0.5669941059516744}. Best is trial 30 with value: 0.09452682150526934.
Early stopping, best iteration is:
[146]	training's w_rmse: 0.98168	valid_1's w_rmse: 0.993972
Training until validation scores don't improve for 10 rounds
Training until validation scores don't improve for 10 rounds
Training until validation scores don't improve for 10 rounds
Training until validation scores don't improve for 10 rounds
Early stopping, best iteration is:
[44]	training's w_rmse: 0.977309	valid_1's w_rmse: 0.991089
Training until validation scores don't improve for 10 rounds
Training until validation scores don't improve for 10 rounds
Early stopping, best iteration is:
[31]	training's w_rmse: 0.982352	valid_1's w_rmse: 0.995011
Early stopping, best iteration is:
[99]	training's w_rmse: 0.97384	valid_1's w_rmse: 0.990323
[I 2025-06-25 08:23:41,234] Trial 28 finished with value: 0.08740360614902926 and parameters: {'learning_rate': 0.025712213882551235, 'num_leaves': 672, 'min_data_in_leaf': 1335, 'lambda_l2': 0.7284873636908066, 'subsample': 0.8881643232808243, 'colsample_bytree': 0.5873918073243193}. Best is trial 4 with value: 0.09144273357636691.
Training until validation scores don't improve for 10 rounds
Early stopping, best iteration is:
[227]	training's w_rmse: 0.944923	valid_1's w_rmse: 0.987882
Training until validation scores don't improve for 10 rounds
Training until validation scores don't improve for 10 rounds
Early stopping, best iteration is:
[123]	training's w_rmse: 0.959922	valid_1's w_rmse: 0.986925
[I 2025-06-25 08:24:29,240] Trial 31 finished with value: 0.08481976470102424 and parameters: {'learning_rate': 0.03990444270422511, 'num_leaves': 213, 'min_data_in_leaf': 485, 'lambda_l2': 0.29828660965874754, 'subsample': 0.762231659814076, 'colsample_bytree': 0.8802638044144492}. Best is trial 30 with value: 0.08944155861950387.
Training until validation scores don't improve for 10 rounds
Early stopping, best iteration is:
[37]	training's w_rmse: 0.977928	valid_1's w_rmse: 0.99299
Training until validation scores don't improve for 10 rounds
Early stopping, best iteration is:
[224]	training's w_rmse: 0.943498	valid_1's w_rmse: 0.987983
Training until validation scores don't improve for 10 rounds
Early stopping, best iteration is:
[47]	training's w_rmse: 0.973842	valid_1's w_rmse: 0.99005
Early stopping, best iteration is:
[745]	training's w_rmse: 0.959305	valid_1's w_rmse: 0.98636
[I 2025-06-25 08:25:44,557] Trial 29 finished with value: 0.08660021226814754 and parameters: {'learning_rate': 0.007820812802906191, 'num_leaves': 628, 'min_data_in_leaf': 1351, 'lambda_l2': 0.18186590820881499, 'subsample': 0.8409488677634323, 'colsample_bytree': 0.6725964837262509}. Best is trial 3 with value: 0.0915630807142072.
Training until validation scores don't improve for 10 rounds
Early stopping, best iteration is:
[84]	training's w_rmse: 0.963313	valid_1's w_rmse: 0.989361
Training until validation scores don't improve for 10 rounds
Early stopping, best iteration is:
[303]	training's w_rmse: 0.936653	valid_1's w_rmse: 0.987741
[I 2025-06-25 08:26:19,420] Trial 34 finished with value: 0.09998078187710296 and parameters: {'learning_rate': 0.02452861016597959, 'num_leaves': 1278, 'min_data_in_leaf': 637, 'lambda_l2': 0.41700654929136494, 'subsample': 0.692992525582506, 'colsample_bytree': 0.9894052183292921}. Best is trial 31 with value: 0.10097276083091516.
Training until validation scores don't improve for 10 rounds
Training until validation scores don't improve for 10 rounds
Early stopping, best iteration is:
[43]	training's w_rmse: 0.962737	valid_1's w_rmse: 0.989188
Early stopping, best iteration is:
[149]	training's w_rmse: 0.955873	valid_1's w_rmse: 0.988288
Did not meet early stopping. Best iteration is:
[1000]	training's w_rmse: 0.953294	valid_1's w_rmse: 0.986807
Early stopping, best iteration is:
[108]	training's w_rmse: 0.95205	valid_1's w_rmse: 0.989489
Training until validation scores don't improve for 10 rounds
Training until validation scores don't improve for 10 rounds
Training until validation scores don't improve for 10 rounds
Training until validation scores don't improve for 10 rounds
Training until validation scores don't improve for 10 rounds
Early stopping, best iteration is:
[52]	training's w_rmse: 0.970674	valid_1's w_rmse: 0.994298
Early stopping, best iteration is:
[51]	training's w_rmse: 0.971864	valid_1's w_rmse: 0.990766
Early stopping, best iteration is:
[233]	training's w_rmse: 0.936009	valid_1's w_rmse: 0.987278
Early stopping, best iteration is:
[108]	training's w_rmse: 0.962432	valid_1's w_rmse: 0.992387
[I 2025-06-25 08:28:17,040] Trial 31 finished with value: 0.09422367741938123 and parameters: {'learning_rate': 0.024458998993863265, 'num_leaves': 886, 'min_data_in_leaf': 548, 'lambda_l2': 0.9699729563848593, 'subsample': 0.6890090324114537, 'colsample_bytree': 0.5773214357995279}. Best is trial 30 with value: 0.09452682150526934.
Early stopping, best iteration is:
[154]	training's w_rmse: 0.922065	valid_1's w_rmse: 0.988762
Training until validation scores don't improve for 10 rounds
Training until validation scores don't improve for 10 rounds
Training until validation scores don't improve for 10 rounds
Training until validation scores don't improve for 10 rounds
Training until validation scores don't improve for 10 rounds
Early stopping, best iteration is:
[78]	training's w_rmse: 0.964874	valid_1's w_rmse: 0.991467
Early stopping, best iteration is:
[24]	training's w_rmse: 0.982698	valid_1's w_rmse: 0.995052
Early stopping, best iteration is:
[33]	training's w_rmse: 0.968501	valid_1's w_rmse: 0.99387
Early stopping, best iteration is:
[153]	training's w_rmse: 0.944257	valid_1's w_rmse: 0.986234
[I 2025-06-25 08:29:40,825] Trial 32 finished with value: 0.08912420859874678 and parameters: {'learning_rate': 0.03417988386593498, 'num_leaves': 361, 'min_data_in_leaf': 400, 'lambda_l2': 0.23956084767722421, 'subsample': 0.7593068304242481, 'colsample_bytree': 0.7738111546724531}. Best is trial 30 with value: 0.08944155861950387.
Early stopping, best iteration is:
[172]	training's w_rmse: 0.945407	valid_1's w_rmse: 0.989651
[I 2025-06-25 08:29:47,218] Trial 29 finished with value: 0.09272747419923501 and parameters: {'learning_rate': 0.026923674211769753, 'num_leaves': 1448, 'min_data_in_leaf': 611, 'lambda_l2': 0.5389338095402074, 'subsample': 0.9669903348107194, 'colsample_bytree': 0.7069005339201238}. Best is trial 29 with value: 0.09272747419923501.
Training until validation scores don't improve for 10 rounds
Training until validation scores don't improve for 10 rounds
Training until validation scores don't improve for 10 rounds
Training until validation scores don't improve for 10 rounds
Training until validation scores don't improve for 10 rounds
Early stopping, best iteration is:
[96]	training's w_rmse: 0.94338	valid_1's w_rmse: 0.987102
[I 2025-06-25 08:30:36,713] Trial 30 finished with value: 0.0897889923749342 and parameters: {'learning_rate': 0.03951375492113927, 'num_leaves': 1976, 'min_data_in_leaf': 417, 'lambda_l2': 0.01798365180617506, 'subsample': 0.8725606375719377, 'colsample_bytree': 0.8147341555360513}. Best is trial 3 with value: 0.0915630807142072.
Early stopping, best iteration is:
[124]	training's w_rmse: 0.955204	valid_1's w_rmse: 0.988247
Early stopping, best iteration is:
[58]	training's w_rmse: 0.969973	valid_1's w_rmse: 0.989796
Early stopping, best iteration is:
[59]	training's w_rmse: 0.981785	valid_1's w_rmse: 0.993291
Early stopping, best iteration is:
[187]	training's w_rmse: 0.939267	valid_1's w_rmse: 0.987844
Training until validation scores don't improve for 10 rounds
Training until validation scores don't improve for 10 rounds
Training until validation scores don't improve for 10 rounds
Training until validation scores don't improve for 10 rounds
Early stopping, best iteration is:
[42]	training's w_rmse: 0.961755	valid_1's w_rmse: 0.98934
Did not meet early stopping. Best iteration is:
[1000]	training's w_rmse: 0.953678	valid_1's w_rmse: 0.987312
[I 2025-06-25 08:31:49,609] Trial 30 finished with value: 0.11342087954737304 and parameters: {'learning_rate': 0.006115000476637854, 'num_leaves': 1187, 'min_data_in_leaf': 954, 'lambda_l2': 0.862147267784906, 'subsample': 0.7558844525430136, 'colsample_bytree': 0.9387547793383456}. Best is trial 19 with value: 0.11768897833832803.
Training until validation scores don't improve for 10 rounds
Early stopping, best iteration is:
[146]	training's w_rmse: 0.950965	valid_1's w_rmse: 0.988111
Training until validation scores don't improve for 10 rounds
Early stopping, best iteration is:
[131]	training's w_rmse: 0.971208	valid_1's w_rmse: 0.989543
Training until validation scores don't improve for 10 rounds
Early stopping, best iteration is:
[166]	training's w_rmse: 0.937546	valid_1's w_rmse: 0.989105
Training until validation scores don't improve for 10 rounds
Early stopping, best iteration is:
[85]	training's w_rmse: 0.941511	valid_1's w_rmse: 0.988898
Training until validation scores don't improve for 10 rounds
Early stopping, best iteration is:
[77]	training's w_rmse: 0.965575	valid_1's w_rmse: 0.99246
Training until validation scores don't improve for 10 rounds
[I 2025-06-25 08:33:15,664] Trial 32 finished with value: 0.09295430593617138 and parameters: {'learning_rate': 0.03159197972525527, 'num_leaves': 920, 'min_data_in_leaf': 580, 'lambda_l2': 0.9758473321105717, 'subsample': 0.7048638021329108, 'colsample_bytree': 0.5451995315339677}. Best is trial 30 with value: 0.09452682150526934.
Early stopping, best iteration is:
[217]	training's w_rmse: 0.937339	valid_1's w_rmse: 0.98785
[I 2025-06-25 08:33:22,476] Trial 35 finished with value: 0.10171394844825635 and parameters: {'learning_rate': 0.023401799822810425, 'num_leaves': 1306, 'min_data_in_leaf': 400, 'lambda_l2': 0.39769841340808054, 'subsample': 0.7280364417377867, 'colsample_bytree': 0.9528044314519154}. Best is trial 35 with value: 0.10171394844825635.
Training until validation scores don't improve for 10 rounds
Early stopping, best iteration is:
[50]	training's w_rmse: 0.972217	valid_1's w_rmse: 0.99072
Early stopping, best iteration is:
[28]	training's w_rmse: 0.969996	valid_1's w_rmse: 0.993768
Training until validation scores don't improve for 10 rounds
Training until validation scores don't improve for 10 rounds
Training until validation scores don't improve for 10 rounds
Early stopping, best iteration is:
[44]	training's w_rmse: 0.981553	valid_1's w_rmse: 0.994951
Training until validation scores don't improve for 10 rounds
Early stopping, best iteration is:
[56]	training's w_rmse: 0.975903	valid_1's w_rmse: 0.994258
Early stopping, best iteration is:
[455]	training's w_rmse: 0.944189	valid_1's w_rmse: 0.987199
Early stopping, best iteration is:
[65]	training's w_rmse: 0.953347	valid_1's w_rmse: 0.987215
[I 2025-06-25 08:34:53,465] Trial 31 finished with value: 0.08855248014651661 and parameters: {'learning_rate': 0.0435339188852482, 'num_leaves': 1973, 'min_data_in_leaf': 425, 'lambda_l2': 0.007724830828622936, 'subsample': 0.8750662300026646, 'colsample_bytree': 0.8240829979774235}. Best is trial 3 with value: 0.0915630807142072.
Training until validation scores don't improve for 10 rounds
Early stopping, best iteration is:
[452]	training's w_rmse: 0.920051	valid_1's w_rmse: 0.986821
Training until validation scores don't improve for 10 rounds
Training until validation scores don't improve for 10 rounds
Early stopping, best iteration is:
[170]	training's w_rmse: 0.940321	valid_1's w_rmse: 0.986327
Training until validation scores don't improve for 10 rounds
[I 2025-06-25 08:35:30,329] Trial 33 finished with value: 0.0904334663795866 and parameters: {'learning_rate': 0.031045755373425597, 'num_leaves': 429, 'min_data_in_leaf': 411, 'lambda_l2': 0.2473181238332875, 'subsample': 0.6255662931504318, 'colsample_bytree': 0.7667856664140315}. Best is trial 33 with value: 0.0904334663795866.
Training until validation scores don't improve for 10 rounds
Early stopping, best iteration is:
[40]	training's w_rmse: 0.966985	valid_1's w_rmse: 0.989496
Training until validation scores don't improve for 10 rounds
Early stopping, best iteration is:
[272]	training's w_rmse: 0.946866	valid_1's w_rmse: 0.987774
Early stopping, best iteration is:
[136]	training's w_rmse: 0.971265	valid_1's w_rmse: 0.99026
[I 2025-06-25 08:36:24,277] Trial 30 finished with value: 0.08952229712695747 and parameters: {'learning_rate': 0.016431078489583525, 'num_leaves': 1283, 'min_data_in_leaf': 957, 'lambda_l2': 0.5169679020460943, 'subsample': 0.8800300578783266, 'colsample_bytree': 0.7188313769893767}. Best is trial 29 with value: 0.09272747419923501.
Early stopping, best iteration is:
[62]	training's w_rmse: 0.974526	valid_1's w_rmse: 0.993834
Early stopping, best iteration is:
[126]	training's w_rmse: 0.963015	valid_1's w_rmse: 0.991365
Training until validation scores don't improve for 10 rounds
Early stopping, best iteration is:
[42]	training's w_rmse: 0.96983	valid_1's w_rmse: 0.989911
Training until validation scores don't improve for 10 rounds
Training until validation scores don't improve for 10 rounds
Training until validation scores don't improve for 10 rounds
Training until validation scores don't improve for 10 rounds
Training until validation scores don't improve for 10 rounds
Early stopping, best iteration is:
[101]	training's w_rmse: 0.942491	valid_1's w_rmse: 0.988833
Early stopping, best iteration is:
[47]	training's w_rmse: 0.981529	valid_1's w_rmse: 0.993306
Training until validation scores don't improve for 10 rounds
Early stopping, best iteration is:
[91]	training's w_rmse: 0.947952	valid_1's w_rmse: 0.989781
Training until validation scores don't improve for 10 rounds
Early stopping, best iteration is:
[31]	training's w_rmse: 0.971885	valid_1's w_rmse: 0.993641
Early stopping, best iteration is:
[266]	training's w_rmse: 0.947675	valid_1's w_rmse: 0.987882
Training until validation scores don't improve for 10 rounds
Early stopping, best iteration is:
[92]	training's w_rmse: 0.97268	valid_1's w_rmse: 0.989589
Early stopping, best iteration is:
[209]	training's w_rmse: 0.948724	valid_1's w_rmse: 0.987863
Training until validation scores don't improve for 10 rounds
Early stopping, best iteration is:
[40]	training's w_rmse: 0.970475	valid_1's w_rmse: 0.990884
Training until validation scores don't improve for 10 rounds
Training until validation scores don't improve for 10 rounds
Early stopping, best iteration is:
[379]	training's w_rmse: 0.926811	valid_1's w_rmse: 0.98646
Training until validation scores don't improve for 10 rounds
Early stopping, best iteration is:
[94]	training's w_rmse: 0.948053	valid_1's w_rmse: 0.987106
[I 2025-06-25 08:39:33,411] Trial 32 finished with value: 0.08786121524138175 and parameters: {'learning_rate': 0.035579556403965214, 'num_leaves': 1809, 'min_data_in_leaf': 423, 'lambda_l2': 0.028149727127970592, 'subsample': 0.988555747768733, 'colsample_bytree': 0.8303515182949469}. Best is trial 3 with value: 0.0915630807142072.
Training until validation scores don't improve for 10 rounds
Training until validation scores don't improve for 10 rounds
Early stopping, best iteration is:
[159]	training's w_rmse: 0.960643	valid_1's w_rmse: 0.992324
[I 2025-06-25 08:40:01,640] Trial 33 finished with value: 0.09506947038937333 and parameters: {'learning_rate': 0.019454839981452997, 'num_leaves': 854, 'min_data_in_leaf': 608, 'lambda_l2': 0.9848960504245335, 'subsample': 0.6906616827053969, 'colsample_bytree': 0.5755856321679578}. Best is trial 33 with value: 0.09506947038937333.
Training until validation scores don't improve for 10 rounds
Early stopping, best iteration is:
[107]	training's w_rmse: 0.945534	valid_1's w_rmse: 0.986367
