[I 2025-06-21 14:21:16,153] Trial 14 finished with value: 0.513202736098082 and parameters: {'learning_rate': 0.02115320032277968, 'num_leaves': 457, 'min_data_in_leaf': 1634, 'lambda_l2': 0.8807510748573922, 'subsample': 0.9933312656019513, 'colsample_bytree': 0.842202419830399}. Best is trial 6 with value: 0.5168964705489263.
Early stopping, best iteration is:
[136]	training's ndcg@1000: 0.610721	valid_1's ndcg@1000: 0.517104
Early stopping, best iteration is:
[63]	training's ndcg@1000: 0.551259	valid_1's ndcg@1000: 0.519764
Training until validation scores don't improve for 10 rounds
Training until validation scores don't improve for 10 rounds
Training until validation scores don't improve for 10 rounds
Training until validation scores don't improve for 10 rounds
Training until validation scores don't improve for 10 rounds
Early stopping, best iteration is:
[26]	training's ndcg@1000: 0.512642	valid_1's ndcg@1000: 0.485906
Training until validation scores don't improve for 10 rounds
Early stopping, best iteration is:
[58]	training's ndcg@1000: 0.532307	valid_1's ndcg@1000: 0.485752
Early stopping, best iteration is:
[125]	training's ndcg@1000: 0.558732	valid_1's ndcg@1000: 0.49667
Early stopping, best iteration is:
[107]	training's ndcg@1000: 0.581853	valid_1's ndcg@1000: 0.508104
Early stopping, best iteration is:
[124]	training's ndcg@1000: 0.607355	valid_1's ndcg@1000: 0.502373
[I 2025-06-21 14:22:16,443] Trial 14 finished with value: 0.5525900785421649 and parameters: {'learning_rate': 0.026264550959950724, 'num_leaves': 299, 'min_data_in_leaf': 1999, 'lambda_l2': 0.23063136153050856, 'subsample': 0.796284427701445, 'colsample_bytree': 0.9200994682707765}. Best is trial 14 with value: 0.5525900785421649.
Training until validation scores don't improve for 10 rounds
Training until validation scores don't improve for 10 rounds
Training until validation scores don't improve for 10 rounds
Early stopping, best iteration is:
[54]	training's ndcg@1000: 0.526835	valid_1's ndcg@1000: 0.485858
Training until validation scores don't improve for 10 rounds
Early stopping, best iteration is:
[39]	training's ndcg@1000: 0.534821	valid_1's ndcg@1000: 0.496135
[I 2025-06-21 14:22:42,633] Trial 14 finished with value: 0.5326496897358309 and parameters: {'learning_rate': 0.012167660398661751, 'num_leaves': 1114, 'min_data_in_leaf': 1174, 'lambda_l2': 0.7734067961856071, 'subsample': 0.7228637686317256, 'colsample_bytree': 0.8002103062931146}. Best is trial 13 with value: 0.5368769613001092.
Early stopping, best iteration is:
[190]	training's ndcg@1000: 0.593534	valid_1's ndcg@1000: 0.497466
Training until validation scores don't improve for 10 rounds
Early stopping, best iteration is:
[75]	training's ndcg@1000: 0.53722	valid_1's ndcg@1000: 0.49117
[I 2025-06-21 14:22:51,113] Trial 14 finished with value: 0.5219172973012383 and parameters: {'learning_rate': 0.020375872692013797, 'num_leaves': 841, 'min_data_in_leaf': 1931, 'lambda_l2': 0.8431406649845667, 'subsample': 0.8104520670964558, 'colsample_bytree': 0.9578832645376709}. Best is trial 3 with value: 0.5241390070133589.
Early stopping, best iteration is:
[75]	training's ndcg@1000: 0.547818	valid_1's ndcg@1000: 0.538637
Early stopping, best iteration is:
[119]	training's ndcg@1000: 0.593377	valid_1's ndcg@1000: 0.497446
Training until validation scores don't improve for 10 rounds
Training until validation scores don't improve for 10 rounds
Training until validation scores don't improve for 10 rounds
Early stopping, best iteration is:
[50]	training's ndcg@1000: 0.526353	valid_1's ndcg@1000: 0.485946
Training until validation scores don't improve for 10 rounds
Early stopping, best iteration is:
[62]	training's ndcg@1000: 0.518591	valid_1's ndcg@1000: 0.525503
Early stopping, best iteration is:
[67]	training's ndcg@1000: 0.560075	valid_1's ndcg@1000: 0.48905
[I 2025-06-21 14:23:35,591] Trial 14 finished with value: 0.5385382384013849 and parameters: {'learning_rate': 0.010933107882847, 'num_leaves': 916, 'min_data_in_leaf': 1023, 'lambda_l2': 0.3751117973262307, 'subsample': 0.757165550350757, 'colsample_bytree': 0.9740631390979776}. Best is trial 4 with value: 0.5452967307296768.
Training until validation scores don't improve for 10 rounds
Training until validation scores don't improve for 10 rounds
Training until validation scores don't improve for 10 rounds
Early stopping, best iteration is:
[43]	training's ndcg@1000: 0.545882	valid_1's ndcg@1000: 0.492104
Early stopping, best iteration is:
[79]	training's ndcg@1000: 0.559658	valid_1's ndcg@1000: 0.520937
Early stopping, best iteration is:
[32]	training's ndcg@1000: 0.516739	valid_1's ndcg@1000: 0.473365
[I 2025-06-21 14:24:02,652] Trial 15 finished with value: 0.511587032150332 and parameters: {'learning_rate': 0.022660001271312485, 'num_leaves': 1792, 'min_data_in_leaf': 1481, 'lambda_l2': 0.8704427047075081, 'subsample': 0.6207682092761931, 'colsample_bytree': 0.7213052620919422}. Best is trial 6 with value: 0.5168964705489263.
Early stopping, best iteration is:
[124]	training's ndcg@1000: 0.568254	valid_1's ndcg@1000: 0.5319
Training until validation scores don't improve for 10 rounds
Training until validation scores don't improve for 10 rounds
Early stopping, best iteration is:
[26]	training's ndcg@1000: 0.525918	valid_1's ndcg@1000: 0.54137
Training until validation scores don't improve for 10 rounds
Early stopping, best iteration is:
[122]	training's ndcg@1000: 0.532628	valid_1's ndcg@1000: 0.503897
Training until validation scores don't improve for 10 rounds
Training until validation scores don't improve for 10 rounds
Training until validation scores don't improve for 10 rounds
Early stopping, best iteration is:
[21]	training's ndcg@1000: 0.51946	valid_1's ndcg@1000: 0.48782
Training until validation scores don't improve for 10 rounds
Early stopping, best iteration is:
[95]	training's ndcg@1000: 0.576939	valid_1's ndcg@1000: 0.484317
[I 2025-06-21 14:24:59,095] Trial 14 finished with value: 0.5218069655743915 and parameters: {'learning_rate': 0.022157446815037656, 'num_leaves': 1464, 'min_data_in_leaf': 912, 'lambda_l2': 0.4793285064928896, 'subsample': 0.9947374068861665, 'colsample_bytree': 0.6739956890729106}. Best is trial 11 with value: 0.5225841810537267.
Early stopping, best iteration is:
[58]	training's ndcg@1000: 0.560764	valid_1's ndcg@1000: 0.486027
Early stopping, best iteration is:
[66]	training's ndcg@1000: 0.544933	valid_1's ndcg@1000: 0.519255
Training until validation scores don't improve for 10 rounds
Training until validation scores don't improve for 10 rounds
Early stopping, best iteration is:
[171]	training's ndcg@1000: 0.58828	valid_1's ndcg@1000: 0.514077
Early stopping, best iteration is:
[72]	training's ndcg@1000: 0.533752	valid_1's ndcg@1000: 0.490245
Early stopping, best iteration is:
[39]	training's ndcg@1000: 0.528249	valid_1's ndcg@1000: 0.48609
Training until validation scores don't improve for 10 rounds
Training until validation scores don't improve for 10 rounds
Training until validation scores don't improve for 10 rounds
Early stopping, best iteration is:
[59]	training's ndcg@1000: 0.513652	valid_1's ndcg@1000: 0.50159
Training until validation scores don't improve for 10 rounds
Training until validation scores don't improve for 10 rounds
Training until validation scores don't improve for 10 rounds
Early stopping, best iteration is:
[108]	training's ndcg@1000: 0.558632	valid_1's ndcg@1000: 0.493067
Early stopping, best iteration is:
[12]	training's ndcg@1000: 0.519287	valid_1's ndcg@1000: 0.485676
Early stopping, best iteration is:
[36]	training's ndcg@1000: 0.556245	valid_1's ndcg@1000: 0.49663
[I 2025-06-21 14:26:02,823] Trial 15 finished with value: 0.5457919983860924 and parameters: {'learning_rate': 0.01169747776399586, 'num_leaves': 319, 'min_data_in_leaf': 631, 'lambda_l2': 0.434936409092218, 'subsample': 0.6525571648090513, 'colsample_bytree': 0.6375641312450069}. Best is trial 14 with value: 0.5525900785421649.
Early stopping, best iteration is:
[67]	training's ndcg@1000: 0.564152	valid_1's ndcg@1000: 0.486453
Early stopping, best iteration is:
[87]	training's ndcg@1000: 0.531303	valid_1's ndcg@1000: 0.495249
[I 2025-06-21 14:26:11,494] Trial 15 finished with value: 0.5295040549646656 and parameters: {'learning_rate': 0.005306032133535547, 'num_leaves': 1971, 'min_data_in_leaf': 1311, 'lambda_l2': 0.9492277818121627, 'subsample': 0.9197140571968386, 'colsample_bytree': 0.9651631562372798}. Best is trial 13 with value: 0.5368769613001092.
Training until validation scores don't improve for 10 rounds
Early stopping, best iteration is:
[41]	training's ndcg@1000: 0.517055	valid_1's ndcg@1000: 0.488198
Training until validation scores don't improve for 10 rounds
Training until validation scores don't improve for 10 rounds
Training until validation scores don't improve for 10 rounds
Early stopping, best iteration is:
[15]	training's ndcg@1000: 0.519897	valid_1's ndcg@1000: 0.473975
[I 2025-06-21 14:26:40,567] Trial 16 finished with value: 0.5119884782634918 and parameters: {'learning_rate': 0.015278448750555212, 'num_leaves': 1653, 'min_data_in_leaf': 1495, 'lambda_l2': 0.228664817943395, 'subsample': 0.6118128493385473, 'colsample_bytree': 0.5245748654650118}. Best is trial 6 with value: 0.5168964705489263.
Early stopping, best iteration is:
[44]	training's ndcg@1000: 0.546984	valid_1's ndcg@1000: 0.488622
[I 2025-06-21 14:26:44,433] Trial 15 finished with value: 0.536124410276547 and parameters: {'learning_rate': 0.010091964896825855, 'num_leaves': 338, 'min_data_in_leaf': 485, 'lambda_l2': 0.680259654492522, 'subsample': 0.909136921880416, 'colsample_bytree': 0.7025720190526508}. Best is trial 4 with value: 0.5452967307296768.
Training until validation scores don't improve for 10 rounds
Early stopping, best iteration is:
[32]	training's ndcg@1000: 0.527915	valid_1's ndcg@1000: 0.535661
Training until validation scores don't improve for 10 rounds
Training until validation scores don't improve for 10 rounds
Early stopping, best iteration is:
[91]	training's ndcg@1000: 0.551001	valid_1's ndcg@1000: 0.532051
Early stopping, best iteration is:
[44]	training's ndcg@1000: 0.518148	valid_1's ndcg@1000: 0.489127
Training until validation scores don't improve for 10 rounds
Training until validation scores don't improve for 10 rounds
Training until validation scores don't improve for 10 rounds
Early stopping, best iteration is:
[37]	training's ndcg@1000: 0.535043	valid_1's ndcg@1000: 0.528977
Early stopping, best iteration is:
[82]	training's ndcg@1000: 0.568966	valid_1's ndcg@1000: 0.491531
[I 2025-06-21 14:27:27,383] Trial 15 finished with value: 0.5228576335281705 and parameters: {'learning_rate': 0.009674564490523462, 'num_leaves': 719, 'min_data_in_leaf': 706, 'lambda_l2': 0.24962202650934828, 'subsample': 0.7170051877815026, 'colsample_bytree': 0.8859919774090326}. Best is trial 3 with value: 0.5241390070133589.
Early stopping, best iteration is:
[47]	training's ndcg@1000: 0.539169	valid_1's ndcg@1000: 0.484915
Early stopping, best iteration is:
[102]	training's ndcg@1000: 0.566717	valid_1's ndcg@1000: 0.547688
Training until validation scores don't improve for 10 rounds
Training until validation scores don't improve for 10 rounds
Early stopping, best iteration is:
[29]	training's ndcg@1000: 0.518317	valid_1's ndcg@1000: 0.477662
[I 2025-06-21 14:27:55,493] Trial 15 finished with value: 0.5163404557334317 and parameters: {'learning_rate': 0.005686595434207593, 'num_leaves': 1971, 'min_data_in_leaf': 1657, 'lambda_l2': 0.5393306642891177, 'subsample': 0.8514419140255364, 'colsample_bytree': 0.7393837667659959}. Best is trial 11 with value: 0.5225841810537267.
Training until validation scores don't improve for 10 rounds
Training until validation scores don't improve for 10 rounds
Early stopping, best iteration is:
[95]	training's ndcg@1000: 0.558626	valid_1's ndcg@1000: 0.508024
Training until validation scores don't improve for 10 rounds
Early stopping, best iteration is:
[40]	training's ndcg@1000: 0.543718	valid_1's ndcg@1000: 0.50681
Training until validation scores don't improve for 10 rounds
Early stopping, best iteration is:
[38]	training's ndcg@1000: 0.539309	valid_1's ndcg@1000: 0.48418
Early stopping, best iteration is:
[82]	training's ndcg@1000: 0.551895	valid_1's ndcg@1000: 0.523189
Early stopping, best iteration is:
[79]	training's ndcg@1000: 0.563413	valid_1's ndcg@1000: 0.522156
Training until validation scores don't improve for 10 rounds
Training until validation scores don't improve for 10 rounds
Training until validation scores don't improve for 10 rounds
Early stopping, best iteration is:
[62]	training's ndcg@1000: 0.523724	valid_1's ndcg@1000: 0.505831
Early stopping, best iteration is:
[40]	training's ndcg@1000: 0.547638	valid_1's ndcg@1000: 0.495487
Training until validation scores don't improve for 10 rounds
[I 2025-06-21 14:28:47,893] Trial 16 finished with value: 0.5420264024724928 and parameters: {'learning_rate': 0.014971150160266004, 'num_leaves': 1454, 'min_data_in_leaf': 1316, 'lambda_l2': 0.9525159861069026, 'subsample': 0.8395589489046879, 'colsample_bytree': 0.6604725933486684}. Best is trial 14 with value: 0.5525900785421649.
Early stopping, best iteration is:
[87]	training's ndcg@1000: 0.562886	valid_1's ndcg@1000: 0.496448
Training until validation scores don't improve for 10 rounds
Training until validation scores don't improve for 10 rounds
Early stopping, best iteration is:
[41]	training's ndcg@1000: 0.536258	valid_1's ndcg@1000: 0.487926
Training until validation scores don't improve for 10 rounds
Early stopping, best iteration is:
[98]	training's ndcg@1000: 0.573161	valid_1's ndcg@1000: 0.487889
Training until validation scores don't improve for 10 rounds
Early stopping, best iteration is:
[72]	training's ndcg@1000: 0.530923	valid_1's ndcg@1000: 0.494987
Early stopping, best iteration is:
[121]	training's ndcg@1000: 0.589576	valid_1's ndcg@1000: 0.498233
Training until validation scores don't improve for 10 rounds
Training until validation scores don't improve for 10 rounds
Early stopping, best iteration is:
[76]	training's ndcg@1000: 0.606983	valid_1's ndcg@1000: 0.543175
Training until validation scores don't improve for 10 rounds
Early stopping, best iteration is:
[46]	training's ndcg@1000: 0.538453	valid_1's ndcg@1000: 0.486395
Early stopping, best iteration is:
[16]	training's ndcg@1000: 0.527083	valid_1's ndcg@1000: 0.4696
[I 2025-06-21 14:30:00,388] Trial 17 finished with value: 0.5117612282664492 and parameters: {'learning_rate': 0.016368864180421487, 'num_leaves': 1442, 'min_data_in_leaf': 520, 'lambda_l2': 0.6460639931898841, 'subsample': 0.8356066390842606, 'colsample_bytree': 0.9144167379198342}. Best is trial 6 with value: 0.5168964705489263.
Training until validation scores don't improve for 10 rounds
Training until validation scores don't improve for 10 rounds
Early stopping, best iteration is:
[132]	training's ndcg@1000: 0.572035	valid_1's ndcg@1000: 0.499449
[I 2025-06-21 14:30:08,820] Trial 16 finished with value: 0.5337810105785299 and parameters: {'learning_rate': 0.009323470180985206, 'num_leaves': 853, 'min_data_in_leaf': 1301, 'lambda_l2': 0.1555318234708437, 'subsample': 0.7244023462745766, 'colsample_bytree': 0.7521624198781358}. Best is trial 13 with value: 0.5368769613001092.
Early stopping, best iteration is:
[44]	training's ndcg@1000: 0.554243	valid_1's ndcg@1000: 0.488838
[I 2025-06-21 14:30:15,050] Trial 16 finished with value: 0.5400065680626774 and parameters: {'learning_rate': 0.02076685286689345, 'num_leaves': 1727, 'min_data_in_leaf': 1204, 'lambda_l2': 0.5281242080687266, 'subsample': 0.6270223784331628, 'colsample_bytree': 0.8443122476624352}. Best is trial 4 with value: 0.5452967307296768.
Training until validation scores don't improve for 10 rounds
Early stopping, best iteration is:
[131]	training's ndcg@1000: 0.554221	valid_1's ndcg@1000: 0.49398
Training until validation scores don't improve for 10 rounds
Early stopping, best iteration is:
[29]	training's ndcg@1000: 0.581985	valid_1's ndcg@1000: 0.534304
Training until validation scores don't improve for 10 rounds
Early stopping, best iteration is:
[16]	training's ndcg@1000: 0.521853	valid_1's ndcg@1000: 0.487504
Training until validation scores don't improve for 10 rounds
Training until validation scores don't improve for 10 rounds
Early stopping, best iteration is:
[52]	training's ndcg@1000: 0.540989	valid_1's ndcg@1000: 0.491962
[I 2025-06-21 14:30:48,728] Trial 16 finished with value: 0.5228921904908259 and parameters: {'learning_rate': 0.02601379129249316, 'num_leaves': 1284, 'min_data_in_leaf': 1944, 'lambda_l2': 0.4342469915060938, 'subsample': 0.7555383432883072, 'colsample_bytree': 0.7011358724963905}. Best is trial 3 with value: 0.5241390070133589.
Early stopping, best iteration is:
[31]	training's ndcg@1000: 0.531124	valid_1's ndcg@1000: 0.529427
Training until validation scores don't improve for 10 rounds
Training until validation scores don't improve for 10 rounds
Training until validation scores don't improve for 10 rounds
Early stopping, best iteration is:
[104]	training's ndcg@1000: 0.577993	valid_1's ndcg@1000: 0.54756
Early stopping, best iteration is:
[90]	training's ndcg@1000: 0.539047	valid_1's ndcg@1000: 0.4828
[I 2025-06-21 14:31:22,703] Trial 16 finished with value: 0.5199741644966164 and parameters: {'learning_rate': 0.01624302803102474, 'num_leaves': 1898, 'min_data_in_leaf': 1998, 'lambda_l2': 0.46490065919280255, 'subsample': 0.9617043001537322, 'colsample_bytree': 0.618637804887114}. Best is trial 11 with value: 0.5225841810537267.
Training until validation scores don't improve for 10 rounds
Training until validation scores don't improve for 10 rounds
Early stopping, best iteration is:
[68]	training's ndcg@1000: 0.564134	valid_1's ndcg@1000: 0.487262
Early stopping, best iteration is:
[59]	training's ndcg@1000: 0.551369	valid_1's ndcg@1000: 0.509194
Training until validation scores don't improve for 10 rounds
Training until validation scores don't improve for 10 rounds
Early stopping, best iteration is:
[178]	training's ndcg@1000: 0.684804	valid_1's ndcg@1000: 0.519747
Early stopping, best iteration is:
[66]	training's ndcg@1000: 0.59601	valid_1's ndcg@1000: 0.524691
Training until validation scores don't improve for 10 rounds
Training until validation scores don't improve for 10 rounds
Early stopping, best iteration is:
[72]	training's ndcg@1000: 0.548725	valid_1's ndcg@1000: 0.504998
Early stopping, best iteration is:
[56]	training's ndcg@1000: 0.556532	valid_1's ndcg@1000: 0.488404
Early stopping, best iteration is:
[85]	training's ndcg@1000: 0.570687	valid_1's ndcg@1000: 0.498482
Training until validation scores don't improve for 10 rounds
Training until validation scores don't improve for 10 rounds
Early stopping, best iteration is:
[195]	training's ndcg@1000: 0.623499	valid_1's ndcg@1000: 0.527311
Training until validation scores don't improve for 10 rounds
Early stopping, best iteration is:
[79]	training's ndcg@1000: 0.624068	valid_1's ndcg@1000: 0.502411
[I 2025-06-21 14:32:59,876] Trial 17 finished with value: 0.5504732762456739 and parameters: {'learning_rate': 0.01989420170542736, 'num_leaves': 1491, 'min_data_in_leaf': 969, 'lambda_l2': 0.005144536965178026, 'subsample': 0.7244277412010884, 'colsample_bytree': 0.5357445653696051}. Best is trial 14 with value: 0.5525900785421649.
Training until validation scores don't improve for 10 rounds
Early stopping, best iteration is:
[46]	training's ndcg@1000: 0.587981	valid_1's ndcg@1000: 0.488823
Training until validation scores don't improve for 10 rounds
Early stopping, best iteration is:
[82]	training's ndcg@1000: 0.558385	valid_1's ndcg@1000: 0.496924
Training until validation scores don't improve for 10 rounds
Early stopping, best iteration is:
[68]	training's ndcg@1000: 0.559807	valid_1's ndcg@1000: 0.498707
[I 2025-06-21 14:33:21,588] Trial 17 finished with value: 0.5336335520344564 and parameters: {'learning_rate': 0.024036817605435343, 'num_leaves': 1228, 'min_data_in_leaf': 1794, 'lambda_l2': 0.3289194818529356, 'subsample': 0.7534410064319719, 'colsample_bytree': 0.7745708804777275}. Best is trial 13 with value: 0.5368769613001092.
Training until validation scores don't improve for 10 rounds
Early stopping, best iteration is:
[103]	training's ndcg@1000: 0.585996	valid_1's ndcg@1000: 0.48218
Training until validation scores don't improve for 10 rounds
[I 2025-06-21 14:33:43,603] Trial 18 finished with value: 0.5152133828603352 and parameters: {'learning_rate': 0.028093556357642782, 'num_leaves': 666, 'min_data_in_leaf': 1050, 'lambda_l2': 0.44426985069376446, 'subsample': 0.6677101704686191, 'colsample_bytree': 0.6033479110072941}. Best is trial 6 with value: 0.5168964705489263.
Training until validation scores don't improve for 10 rounds
Early stopping, best iteration is:
[34]	training's ndcg@1000: 0.531527	valid_1's ndcg@1000: 0.491466
Early stopping, best iteration is:
[106]	training's ndcg@1000: 0.541801	valid_1's ndcg@1000: 0.53896
Early stopping, best iteration is:
[157]	training's ndcg@1000: 0.612298	valid_1's ndcg@1000: 0.500251
Training until validation scores don't improve for 10 rounds
Early stopping, best iteration is:
[102]	training's ndcg@1000: 0.518386	valid_1's ndcg@1000: 0.526873
Training until validation scores don't improve for 10 rounds
Training until validation scores don't improve for 10 rounds
Training until validation scores don't improve for 10 rounds
Training until validation scores don't improve for 10 rounds
Early stopping, best iteration is:
[84]	training's ndcg@1000: 0.542379	valid_1's ndcg@1000: 0.531298
Early stopping, best iteration is:
[23]	training's ndcg@1000: 0.559055	valid_1's ndcg@1000: 0.487816
