[I 2025-06-17 12:04:13,569] Trial 17 finished with value: 0.11695291524917746 and parameters: {'learning_rate': 0.005094546089943767, 'num_leaves': 1193, 'min_data_in_leaf': 784, 'lambda_l2': 0.8183964505585816, 'subsample': 0.6611072894418774, 'colsample_bytree': 0.5638117843154495}. Best is trial 17 with value: 0.11695291524917746.
Training until validation scores don't improve for 10 rounds
Early stopping, best iteration is:
[280]	training's rmse: 0.00720835	valid_1's rmse: 0.00639792
[I 2025-06-17 12:04:31,669] Trial 17 finished with value: 0.11394111027868957 and parameters: {'learning_rate': 0.013433053014157485, 'num_leaves': 217, 'min_data_in_leaf': 1841, 'lambda_l2': 0.23856217170363536, 'subsample': 0.838691395338195, 'colsample_bytree': 0.580126955358356}. Best is trial 14 with value: 0.11570453532989956.
Training until validation scores don't improve for 10 rounds
Training until validation scores don't improve for 10 rounds
Training until validation scores don't improve for 10 rounds
Early stopping, best iteration is:
[142]	training's rmse: 0.00663306	valid_1's rmse: 0.00795154
Training until validation scores don't improve for 10 rounds
Early stopping, best iteration is:
[498]	training's rmse: 0.00741666	valid_1's rmse: 0.00664241
Early stopping, best iteration is:
[401]	training's rmse: 0.00662851	valid_1's rmse: 0.00805684
Early stopping, best iteration is:
[165]	training's rmse: 0.00786263	valid_1's rmse: 0.00740367
[I 2025-06-17 12:06:35,293] Trial 13 finished with value: 0.12983037628729155 and parameters: {'learning_rate': 0.01503089466959273, 'num_leaves': 1741, 'min_data_in_leaf': 420, 'lambda_l2': 0.7619628929893274, 'subsample': 0.7994889723913697, 'colsample_bytree': 0.5013185773967792}. Best is trial 13 with value: 0.12983037628729155.
Training until validation scores don't improve for 10 rounds
Early stopping, best iteration is:
[340]	training's rmse: 0.00742411	valid_1's rmse: 0.00790101
Training until validation scores don't improve for 10 rounds
Training until validation scores don't improve for 10 rounds
Early stopping, best iteration is:
[536]	training's rmse: 0.00683786	valid_1's rmse: 0.00665031
Training until validation scores don't improve for 10 rounds
Early stopping, best iteration is:
[696]	training's rmse: 0.00727474	valid_1's rmse: 0.00739793
Early stopping, best iteration is:
[571]	training's rmse: 0.00679045	valid_1's rmse: 0.0073995
Early stopping, best iteration is:
[643]	training's rmse: 0.00723032	valid_1's rmse: 0.00707563
[I 2025-06-17 12:09:08,857] Trial 15 finished with value: 0.1264796478422761 and parameters: {'learning_rate': 0.008880802638722023, 'num_leaves': 1476, 'min_data_in_leaf': 1040, 'lambda_l2': 0.16065466213421692, 'subsample': 0.6744948323907662, 'colsample_bytree': 0.7024946165242368}. Best is trial 13 with value: 0.12688949927011473.
Training until validation scores don't improve for 10 rounds
Early stopping, best iteration is:
[376]	training's rmse: 0.00742259	valid_1's rmse: 0.0082723
Training until validation scores don't improve for 10 rounds
Early stopping, best iteration is:
[438]	training's rmse: 0.00680691	valid_1's rmse: 0.00708627
Training until validation scores don't improve for 10 rounds
Training until validation scores don't improve for 10 rounds
Early stopping, best iteration is:
[247]	training's rmse: 0.0071566	valid_1's rmse: 0.00680181
Training until validation scores don't improve for 10 rounds
Training until validation scores don't improve for 10 rounds
Early stopping, best iteration is:
[138]	training's rmse: 0.00755471	valid_1's rmse: 0.00867395
Early stopping, best iteration is:
[627]	training's rmse: 0.0067412	valid_1's rmse: 0.00817989
Early stopping, best iteration is:
[379]	training's rmse: 0.00718902	valid_1's rmse: 0.00639749
[I 2025-06-17 12:11:59,913] Trial 18 finished with value: 0.11524774817922077 and parameters: {'learning_rate': 0.008020350233480928, 'num_leaves': 858, 'min_data_in_leaf': 1351, 'lambda_l2': 0.4639782727581404, 'subsample': 0.9439949494758322, 'colsample_bytree': 0.677061156317776}. Best is trial 14 with value: 0.11570453532989956.
Training until validation scores don't improve for 10 rounds
Early stopping, best iteration is:
[686]	training's rmse: 0.00684583	valid_1's rmse: 0.0084945
[I 2025-06-17 12:12:32,546] Trial 18 finished with value: 0.1159519753458502 and parameters: {'learning_rate': 0.00567004563269565, 'num_leaves': 1213, 'min_data_in_leaf': 865, 'lambda_l2': 0.3790598102495436, 'subsample': 0.8772296389877574, 'colsample_bytree': 0.5595253812688445}. Best is trial 17 with value: 0.11695291524917746.
Training until validation scores don't improve for 10 rounds
Training until validation scores don't improve for 10 rounds
Early stopping, best iteration is:
[533]	training's rmse: 0.00752707	valid_1's rmse: 0.0067764
[I 2025-06-17 12:13:06,757] Trial 12 finished with value: 0.12281085650501383 and parameters: {'learning_rate': 0.0066660324918989804, 'num_leaves': 1336, 'min_data_in_leaf': 401, 'lambda_l2': 0.21847509365186818, 'subsample': 0.9936032139493178, 'colsample_bytree': 0.7108977042386693}. Best is trial 12 with value: 0.12281085650501383.
Early stopping, best iteration is:
[255]	training's rmse: 0.00760921	valid_1's rmse: 0.00803516
Training until validation scores don't improve for 10 rounds
Early stopping, best iteration is:
[420]	training's rmse: 0.00694711	valid_1's rmse: 0.0079009
Early stopping, best iteration is:
[488]	training's rmse: 0.00667886	valid_1's rmse: 0.00806083
Training until validation scores don't improve for 10 rounds
Training until validation scores don't improve for 10 rounds
Training until validation scores don't improve for 10 rounds
Early stopping, best iteration is:
[162]	training's rmse: 0.00796936	valid_1's rmse: 0.00740552
[I 2025-06-17 12:15:28,234] Trial 14 finished with value: 0.12957971459932985 and parameters: {'learning_rate': 0.015909079395228263, 'num_leaves': 1741, 'min_data_in_leaf': 752, 'lambda_l2': 0.776668360562086, 'subsample': 0.8233745966575831, 'colsample_bytree': 0.507167706263828}. Best is trial 13 with value: 0.12983037628729155.
Early stopping, best iteration is:
[491]	training's rmse: 0.00707294	valid_1's rmse: 0.00867152
Early stopping, best iteration is:
[357]	training's rmse: 0.00740328	valid_1's rmse: 0.00664176
Early stopping, best iteration is:
[656]	training's rmse: 0.00686207	valid_1's rmse: 0.00740255
Training until validation scores don't improve for 10 rounds
Training until validation scores don't improve for 10 rounds
Training until validation scores don't improve for 10 rounds
Early stopping, best iteration is:
[26]	training's rmse: 0.00666272	valid_1's rmse: 0.00795213
Training until validation scores don't improve for 10 rounds
Training until validation scores don't improve for 10 rounds
Training until validation scores don't improve for 10 rounds
Training until validation scores don't improve for 10 rounds
Early stopping, best iteration is:
[234]	training's rmse: 0.00745887	valid_1's rmse: 0.00806897
Early stopping, best iteration is:
[152]	training's rmse: 0.0068187	valid_1's rmse: 0.00665084
Early stopping, best iteration is:
[353]	training's rmse: 0.00717654	valid_1's rmse: 0.00680195
Early stopping, best iteration is:
[460]	training's rmse: 0.00721454	valid_1's rmse: 0.00707467
Training until validation scores don't improve for 10 rounds
[I 2025-06-17 12:17:52,551] Trial 16 finished with value: 0.12690373582461908 and parameters: {'learning_rate': 0.012978224214703257, 'num_leaves': 844, 'min_data_in_leaf': 1011, 'lambda_l2': 0.1614536377480028, 'subsample': 0.7275080967041164, 'colsample_bytree': 0.7022119595215929}. Best is trial 16 with value: 0.12690373582461908.
Training until validation scores don't improve for 10 rounds
Early stopping, best iteration is:
[133]	training's rmse: 0.0067699	valid_1's rmse: 0.00708746
Training until validation scores don't improve for 10 rounds
Training until validation scores don't improve for 10 rounds
Early stopping, best iteration is:
[193]	training's rmse: 0.00684798	valid_1's rmse: 0.00848178
[I 2025-06-17 12:19:16,784] Trial 19 finished with value: 0.1125633941188288 and parameters: {'learning_rate': 0.029589167399480365, 'num_leaves': 1158, 'min_data_in_leaf': 1358, 'lambda_l2': 0.09400669729439282, 'subsample': 0.7248123576766635, 'colsample_bytree': 0.6502523633596862}. Best is trial 17 with value: 0.11695291524917746.
Training until validation scores don't improve for 10 rounds
Early stopping, best iteration is:
[288]	training's rmse: 0.00781171	valid_1's rmse: 0.00665351
Training until validation scores don't improve for 10 rounds
[I 2025-06-17 12:19:53,637] Trial 12 finished with value: 0.12609116242082147 and parameters: {'learning_rate': 0.006158477422491168, 'num_leaves': 1497, 'min_data_in_leaf': 405, 'lambda_l2': 0.9868436827948637, 'subsample': 0.6782129668682604, 'colsample_bytree': 0.6951306904771065}. Best is trial 12 with value: 0.12609116242082147.
Early stopping, best iteration is:
[531]	training's rmse: 0.00721864	valid_1's rmse: 0.00639864
[I 2025-06-17 12:20:01,680] Trial 19 finished with value: 0.11435479398188722 and parameters: {'learning_rate': 0.005514431900592224, 'num_leaves': 473, 'min_data_in_leaf': 1617, 'lambda_l2': 0.5000855990292135, 'subsample': 0.6620172530066175, 'colsample_bytree': 0.5966121285280515}. Best is trial 14 with value: 0.11570453532989956.
Early stopping, best iteration is:
[40]	training's rmse: 0.00667395	valid_1's rmse: 0.00795028
Early stopping, best iteration is:
[662]	training's rmse: 0.00749534	valid_1's rmse: 0.00740029
Training until validation scores don't improve for 10 rounds
Training until validation scores don't improve for 10 rounds
Training until validation scores don't improve for 10 rounds
Early stopping, best iteration is:
[764]	training's rmse: 0.00751393	valid_1's rmse: 0.00827432
Early stopping, best iteration is:
[233]	training's rmse: 0.0065477	valid_1's rmse: 0.00805766
Early stopping, best iteration is:
[296]	training's rmse: 0.00669778	valid_1's rmse: 0.00664523
Early stopping, best iteration is:
[492]	training's rmse: 0.00662841	valid_1's rmse: 0.00817879
Training until validation scores don't improve for 10 rounds
Training until validation scores don't improve for 10 rounds
Training until validation scores don't improve for 10 rounds
Training until validation scores don't improve for 10 rounds
Early stopping, best iteration is:
[529]	training's rmse: 0.0077244	valid_1's rmse: 0.00677873
[I 2025-06-17 12:22:54,074] Trial 13 finished with value: 0.12138421240894329 and parameters: {'learning_rate': 0.008251210156634048, 'num_leaves': 243, 'min_data_in_leaf': 778, 'lambda_l2': 0.2110805798812856, 'subsample': 0.9883146134756138, 'colsample_bytree': 0.7082040521403594}. Best is trial 12 with value: 0.12281085650501383.
Early stopping, best iteration is:
[240]	training's rmse: 0.00667646	valid_1's rmse: 0.0070842
Early stopping, best iteration is:
[328]	training's rmse: 0.00668115	valid_1's rmse: 0.00739906
Training until validation scores don't improve for 10 rounds
Training until validation scores don't improve for 10 rounds
Early stopping, best iteration is:
[315]	training's rmse: 0.00686251	valid_1's rmse: 0.00790272
Training until validation scores don't improve for 10 rounds
Training until validation scores don't improve for 10 rounds
Early stopping, best iteration is:
[135]	training's rmse: 0.00710817	valid_1's rmse: 0.00680011
Early stopping, best iteration is:
[249]	training's rmse: 0.00681339	valid_1's rmse: 0.00849656
[I 2025-06-17 12:24:53,981] Trial 20 finished with value: 0.11589101023797097 and parameters: {'learning_rate': 0.012868615588988927, 'num_leaves': 1979, 'min_data_in_leaf': 552, 'lambda_l2': 0.5679883268747278, 'subsample': 0.757644401898392, 'colsample_bytree': 0.5460638115582943}. Best is trial 17 with value: 0.11695291524917746.
Early stopping, best iteration is:
[397]	training's rmse: 0.00753059	valid_1's rmse: 0.00867282
Training until validation scores don't improve for 10 rounds
Training until validation scores don't improve for 10 rounds
Early stopping, best iteration is:
[78]	training's rmse: 0.00666128	valid_1's rmse: 0.00795272
Early stopping, best iteration is:
[201]	training's rmse: 0.00712724	valid_1's rmse: 0.00639603
[I 2025-06-17 12:26:01,421] Trial 20 finished with value: 0.11536296873031301 and parameters: {'learning_rate': 0.013847499507930381, 'num_leaves': 1485, 'min_data_in_leaf': 756, 'lambda_l2': 0.2362279329453235, 'subsample': 0.8281413859738318, 'colsample_bytree': 0.5429232509026568}. Best is trial 14 with value: 0.11570453532989956.
Early stopping, best iteration is:
[361]	training's rmse: 0.00723758	valid_1's rmse: 0.00664035
Training until validation scores don't improve for 10 rounds
Early stopping, best iteration is:
[470]	training's rmse: 0.00682507	valid_1's rmse: 0.0086677
Training until validation scores don't improve for 10 rounds
Training until validation scores don't improve for 10 rounds
Training until validation scores don't improve for 10 rounds
Early stopping, best iteration is:
[467]	training's rmse: 0.0066744	valid_1's rmse: 0.00806227
Early stopping, best iteration is:
[567]	training's rmse: 0.0067033	valid_1's rmse: 0.00664618
Training until validation scores don't improve for 10 rounds
Early stopping, best iteration is:
[334]	training's rmse: 0.00713241	valid_1's rmse: 0.00707552
[I 2025-06-17 12:28:19,091] Trial 17 finished with value: 0.12604471272979437 and parameters: {'learning_rate': 0.014070365434990082, 'num_leaves': 859, 'min_data_in_leaf': 542, 'lambda_l2': 0.19383154320065704, 'subsample': 0.7463659073800509, 'colsample_bytree': 0.724947396466147}. Best is trial 16 with value: 0.12690373582461908.
Training until validation scores don't improve for 10 rounds
Training until validation scores don't improve for 10 rounds
Early stopping, best iteration is:
[187]	training's rmse: 0.00733022	valid_1's rmse: 0.00806751
Training until validation scores don't improve for 10 rounds
Training until validation scores don't improve for 10 rounds
Early stopping, best iteration is:
[335]	training's rmse: 0.00679053	valid_1's rmse: 0.00818289
Early stopping, best iteration is:
[447]	training's rmse: 0.00669553	valid_1's rmse: 0.00708425
Early stopping, best iteration is:
[838]	training's rmse: 0.00680341	valid_1's rmse: 0.00739903
Training until validation scores don't improve for 10 rounds
Training until validation scores don't improve for 10 rounds
Training until validation scores don't improve for 10 rounds
Early stopping, best iteration is:
[170]	training's rmse: 0.00704098	valid_1's rmse: 0.00790748
Training until validation scores don't improve for 10 rounds
Early stopping, best iteration is:
[623]	training's rmse: 0.00764479	valid_1's rmse: 0.00803548
Early stopping, best iteration is:
[373]	training's rmse: 0.00716112	valid_1's rmse: 0.00680124
Early stopping, best iteration is:
[593]	training's rmse: 0.00677781	valid_1's rmse: 0.00848189
[I 2025-06-17 12:32:34,916] Trial 21 finished with value: 0.11542831449981217 and parameters: {'learning_rate': 0.007783070589957133, 'num_leaves': 450, 'min_data_in_leaf': 706, 'lambda_l2': 0.812825408407053, 'subsample': 0.6593355975035903, 'colsample_bytree': 0.596940248050241}. Best is trial 17 with value: 0.11695291524917746.
Early stopping, best iteration is:
[260]	training's rmse: 0.0073701	valid_1's rmse: 0.0066416
Early stopping, best iteration is:
[598]	training's rmse: 0.00723962	valid_1's rmse: 0.00739789
Training until validation scores don't improve for 10 rounds
Training until validation scores don't improve for 10 rounds
Training until validation scores don't improve for 10 rounds
Training until validation scores don't improve for 10 rounds
Early stopping, best iteration is:
[113]	training's rmse: 0.00662936	valid_1's rmse: 0.00795168
Training until validation scores don't improve for 10 rounds
Training until validation scores don't improve for 10 rounds
Early stopping, best iteration is:
[606]	training's rmse: 0.0071843	valid_1's rmse: 0.00639607
Training until validation scores don't improve for 10 rounds
[I 2025-06-17 12:34:30,467] Trial 21 finished with value: 0.11578606818387495 and parameters: {'learning_rate': 0.005525400107612948, 'num_leaves': 707, 'min_data_in_leaf': 1449, 'lambda_l2': 0.3845784879860634, 'subsample': 0.9680429681542543, 'colsample_bytree': 0.5013578355841909}. Best is trial 21 with value: 0.11578606818387495.
Early stopping, best iteration is:
[413]	training's rmse: 0.00712799	valid_1's rmse: 0.007074
[I 2025-06-17 12:34:44,697] Trial 18 finished with value: 0.12428469261796511 and parameters: {'learning_rate': 0.020408084732759287, 'num_leaves': 1618, 'min_data_in_leaf': 1018, 'lambda_l2': 0.46862090610364554, 'subsample': 0.6492948813269444, 'colsample_bytree': 0.8897081527333435}. Best is trial 16 with value: 0.12690373582461908.
Training until validation scores don't improve for 10 rounds
Training until validation scores don't improve for 10 rounds
Early stopping, best iteration is:
[615]	training's rmse: 0.00674354	valid_1's rmse: 0.00664718
Early stopping, best iteration is:
[421]	training's rmse: 0.00798273	valid_1's rmse: 0.00740511
[I 2025-06-17 12:36:09,397] Trial 15 finished with value: 0.13079275423092462 and parameters: {'learning_rate': 0.00560403742981213, 'num_leaves': 1995, 'min_data_in_leaf': 719, 'lambda_l2': 0.7347391836913184, 'subsample': 0.8200796312873708, 'colsample_bytree': 0.6561613728633038}. Best is trial 15 with value: 0.13079275423092462.
Early stopping, best iteration is:
[409]	training's rmse: 0.00753085	valid_1's rmse: 0.00677736
[I 2025-06-17 12:36:27,301] Trial 14 finished with value: 0.12281617833541944 and parameters: {'learning_rate': 0.009189295048110557, 'num_leaves': 1325, 'min_data_in_leaf': 428, 'lambda_l2': 0.2521232427830244, 'subsample': 0.8476667218471683, 'colsample_bytree': 0.5304105629827729}. Best is trial 14 with value: 0.12281617833541944.
Training until validation scores don't improve for 10 rounds
Early stopping, best iteration is:
[462]	training's rmse: 0.00658873	valid_1's rmse: 0.00805553
Early stopping, best iteration is:
[561]	training's rmse: 0.00679422	valid_1's rmse: 0.00818104
Training until validation scores don't improve for 10 rounds
Training until validation scores don't improve for 10 rounds
Training until validation scores don't improve for 10 rounds
Training until validation scores don't improve for 10 rounds
Early stopping, best iteration is:
[360]	training's rmse: 0.00679349	valid_1's rmse: 0.00708521
Early stopping, best iteration is:
[366]	training's rmse: 0.00723735	valid_1's rmse: 0.0084064
Early stopping, best iteration is:
[343]	training's rmse: 0.00759876	valid_1's rmse: 0.00827436
Training until validation scores don't improve for 10 rounds
Early stopping, best iteration is:
[494]	training's rmse: 0.00680236	valid_1's rmse: 0.00740077
Training until validation scores don't improve for 10 rounds
Early stopping, best iteration is:
[394]	training's rmse: 0.00698273	valid_1's rmse: 0.00790133
Early stopping, best iteration is:
[405]	training's rmse: 0.00702432	valid_1's rmse: 0.00867069
Training until validation scores don't improve for 10 rounds
Training until validation scores don't improve for 10 rounds
Training until validation scores don't improve for 10 rounds
Early stopping, best iteration is:
[115]	training's rmse: 0.00764069	valid_1's rmse: 0.00867813
Training until validation scores don't improve for 10 rounds
Early stopping, best iteration is:
[432]	training's rmse: 0.00689505	valid_1's rmse: 0.00849477
[I 2025-06-17 12:39:51,506] Trial 22 finished with value: 0.11586724453997471 and parameters: {'learning_rate': 0.007214825598169884, 'num_leaves': 731, 'min_data_in_leaf': 859, 'lambda_l2': 0.7491932533211729, 'subsample': 0.6445987713716304, 'colsample_bytree': 0.5845045380818003}. Best is trial 17 with value: 0.11695291524917746.
Early stopping, best iteration is:
[265]	training's rmse: 0.00713251	valid_1's rmse: 0.00680102
Training until validation scores don't improve for 10 rounds
Training until validation scores don't improve for 10 rounds
Early stopping, best iteration is:
[389]	training's rmse: 0.00740395	valid_1's rmse: 0.00664143
Training until validation scores don't improve for 10 rounds
Early stopping, best iteration is:
[173]	training's rmse: 0.00742715	valid_1's rmse: 0.0080702
Early stopping, best iteration is:
[92]	training's rmse: 0.00658729	valid_1's rmse: 0.00794697
Training until validation scores don't improve for 10 rounds
Early stopping, best iteration is:
[217]	training's rmse: 0.00776429	valid_1's rmse: 0.0080405
Early stopping, best iteration is:
[291]	training's rmse: 0.00721956	valid_1's rmse: 0.00639857
Training until validation scores don't improve for 10 rounds
[I 2025-06-17 12:41:22,839] Trial 22 finished with value: 0.11613104424232788 and parameters: {'learning_rate': 0.009084668750318492, 'num_leaves': 827, 'min_data_in_leaf': 1378, 'lambda_l2': 0.3052552557056153, 'subsample': 0.9540700073076863, 'colsample_bytree': 0.5249510692376933}. Best is trial 22 with value: 0.11613104424232788.
Training until validation scores don't improve for 10 rounds
Training until validation scores don't improve for 10 rounds
Training until validation scores don't improve for 10 rounds
Early stopping, best iteration is:
[299]	training's rmse: 0.00676705	valid_1's rmse: 0.00664884
Early stopping, best iteration is:
[84]	training's rmse: 0.00817335	valid_1's rmse: 0.00741521
[I 2025-06-17 12:42:24,744] Trial 16 finished with value: 0.12770129145235184 and parameters: {'learning_rate': 0.0232750133585954, 'num_leaves': 1996, 'min_data_in_leaf': 1952, 'lambda_l2': 0.8330780353793736, 'subsample': 0.8065111691159078, 'colsample_bytree': 0.7126107141643918}. Best is trial 15 with value: 0.13079275423092462.
Early stopping, best iteration is:
[563]	training's rmse: 0.00718872	valid_1's rmse: 0.0070741
