[I 2025-06-21 14:08:43,212] Trial 10 finished with value: 0.5210546558218321 and parameters: {'learning_rate': 0.00836824566942007, 'num_leaves': 568, 'min_data_in_leaf': 639, 'lambda_l2': 0.5237629403077239, 'subsample': 0.9290958488609335, 'colsample_bytree': 0.6431833235726248}. Best is trial 3 with value: 0.5241390070133589.
Early stopping, best iteration is:
[72]	training's ndcg@1000: 0.586923	valid_1's ndcg@1000: 0.533293
Training until validation scores don't improve for 10 rounds
Training until validation scores don't improve for 10 rounds
Early stopping, best iteration is:
[52]	training's ndcg@1000: 0.559135	valid_1's ndcg@1000: 0.48836
[I 2025-06-21 14:09:08,967] Trial 10 finished with value: 0.5393989416255801 and parameters: {'learning_rate': 0.016260219119499826, 'num_leaves': 1883, 'min_data_in_leaf': 589, 'lambda_l2': 0.8244365044430284, 'subsample': 0.7365115837591756, 'colsample_bytree': 0.7529410333952491}. Best is trial 4 with value: 0.5452967307296768.
Training until validation scores don't improve for 10 rounds
Training until validation scores don't improve for 10 rounds
Training until validation scores don't improve for 10 rounds
Training until validation scores don't improve for 10 rounds
Early stopping, best iteration is:
[111]	training's ndcg@1000: 0.540733	valid_1's ndcg@1000: 0.476807
[I 2025-06-21 14:09:20,297] Trial 10 finished with value: 0.513634607926116 and parameters: {'learning_rate': 0.014945684176760909, 'num_leaves': 1092, 'min_data_in_leaf': 1611, 'lambda_l2': 0.5127457295439728, 'subsample': 0.6240901220538745, 'colsample_bytree': 0.8427274014337022}. Best is trial 6 with value: 0.5168964705489263.
Early stopping, best iteration is:
[30]	training's ndcg@1000: 0.514525	valid_1's ndcg@1000: 0.516337
Training until validation scores don't improve for 10 rounds
Early stopping, best iteration is:
[77]	training's ndcg@1000: 0.598251	valid_1's ndcg@1000: 0.509456
Early stopping, best iteration is:
[102]	training's ndcg@1000: 0.60853	valid_1's ndcg@1000: 0.481733
[I 2025-06-21 14:09:56,014] Trial 10 finished with value: 0.521032734154638 and parameters: {'learning_rate': 0.010581600190697399, 'num_leaves': 1422, 'min_data_in_leaf': 549, 'lambda_l2': 0.10968253480765466, 'subsample': 0.8872529625445715, 'colsample_bytree': 0.9181198952584435}. Best is trial 9 with value: 0.5213267372054602.
Training until validation scores don't improve for 10 rounds
Early stopping, best iteration is:
[255]	training's ndcg@1000: 0.640529	valid_1's ndcg@1000: 0.519443
Training until validation scores don't improve for 10 rounds
Early stopping, best iteration is:
[113]	training's ndcg@1000: 0.559468	valid_1's ndcg@1000: 0.54674
Early stopping, best iteration is:
[64]	training's ndcg@1000: 0.510213	valid_1's ndcg@1000: 0.484275
Training until validation scores don't improve for 10 rounds
Early stopping, best iteration is:
[99]	training's ndcg@1000: 0.544118	valid_1's ndcg@1000: 0.487668
Training until validation scores don't improve for 10 rounds
Training until validation scores don't improve for 10 rounds
Early stopping, best iteration is:
[65]	training's ndcg@1000: 0.593884	valid_1's ndcg@1000: 0.498126
Training until validation scores don't improve for 10 rounds
Early stopping, best iteration is:
[45]	training's ndcg@1000: 0.567283	valid_1's ndcg@1000: 0.505798
Training until validation scores don't improve for 10 rounds
Early stopping, best iteration is:
[26]	training's ndcg@1000: 0.507775	valid_1's ndcg@1000: 0.48182
Early stopping, best iteration is:
[138]	training's ndcg@1000: 0.597886	valid_1's ndcg@1000: 0.502127
[I 2025-06-21 14:10:59,227] Trial 11 finished with value: 0.5500539190984978 and parameters: {'learning_rate': 0.023595710836530046, 'num_leaves': 1738, 'min_data_in_leaf': 1462, 'lambda_l2': 0.7014614670497731, 'subsample': 0.8954628128915236, 'colsample_bytree': 0.626826431280169}. Best is trial 10 with value: 0.5522002523086872.
Training until validation scores don't improve for 10 rounds
Early stopping, best iteration is:
[109]	training's ndcg@1000: 0.567158	valid_1's ndcg@1000: 0.523533
Training until validation scores don't improve for 10 rounds
Early stopping, best iteration is:
[49]	training's ndcg@1000: 0.529367	valid_1's ndcg@1000: 0.485275
Training until validation scores don't improve for 10 rounds
Early stopping, best iteration is:
[28]	training's ndcg@1000: 0.560962	valid_1's ndcg@1000: 0.498497
[I 2025-06-21 14:11:22,808] Trial 11 finished with value: 0.5351159404450138 and parameters: {'learning_rate': 0.02811937802827236, 'num_leaves': 1388, 'min_data_in_leaf': 882, 'lambda_l2': 0.3077731889354457, 'subsample': 0.7113787007110371, 'colsample_bytree': 0.8372674030632372}. Best is trial 1 with value: 0.5360096269760186.
Training until validation scores don't improve for 10 rounds
Training until validation scores don't improve for 10 rounds
Training until validation scores don't improve for 10 rounds
Early stopping, best iteration is:
[49]	training's ndcg@1000: 0.510758	valid_1's ndcg@1000: 0.482889
Training until validation scores don't improve for 10 rounds
Early stopping, best iteration is:
[93]	training's ndcg@1000: 0.566451	valid_1's ndcg@1000: 0.497171
Early stopping, best iteration is:
[90]	training's ndcg@1000: 0.618136	valid_1's ndcg@1000: 0.497677
Training until validation scores don't improve for 10 rounds
Early stopping, best iteration is:
[138]	training's ndcg@1000: 0.595513	valid_1's ndcg@1000: 0.546101
Training until validation scores don't improve for 10 rounds
Early stopping, best iteration is:
[65]	training's ndcg@1000: 0.526297	valid_1's ndcg@1000: 0.527236
Early stopping, best iteration is:
[22]	training's ndcg@1000: 0.506941	valid_1's ndcg@1000: 0.470378
[I 2025-06-21 14:12:13,499] Trial 11 finished with value: 0.5097179561982345 and parameters: {'learning_rate': 0.007845919989142417, 'num_leaves': 1346, 'min_data_in_leaf': 1536, 'lambda_l2': 0.9764865047006025, 'subsample': 0.7612929687421769, 'colsample_bytree': 0.8070114836358153}. Best is trial 6 with value: 0.5168964705489263.
Training until validation scores don't improve for 10 rounds
Training until validation scores don't improve for 10 rounds
Early stopping, best iteration is:
[140]	training's ndcg@1000: 0.556583	valid_1's ndcg@1000: 0.492756
[I 2025-06-21 14:12:31,495] Trial 11 finished with value: 0.5216787423958738 and parameters: {'learning_rate': 0.01513186253478854, 'num_leaves': 1902, 'min_data_in_leaf': 1420, 'lambda_l2': 0.8884331634799216, 'subsample': 0.8520464517263711, 'colsample_bytree': 0.9776555595137572}. Best is trial 3 with value: 0.5241390070133589.
Training until validation scores don't improve for 10 rounds
Early stopping, best iteration is:
[43]	training's ndcg@1000: 0.550988	valid_1's ndcg@1000: 0.488895
[I 2025-06-21 14:12:36,904] Trial 11 finished with value: 0.5397135622156728 and parameters: {'learning_rate': 0.015340019414274899, 'num_leaves': 336, 'min_data_in_leaf': 1652, 'lambda_l2': 0.2389433656782125, 'subsample': 0.7304228385969213, 'colsample_bytree': 0.9441880968241584}. Best is trial 4 with value: 0.5452967307296768.
Training until validation scores don't improve for 10 rounds
Training until validation scores don't improve for 10 rounds
Early stopping, best iteration is:
[26]	training's ndcg@1000: 0.529249	valid_1's ndcg@1000: 0.501983
Early stopping, best iteration is:
[25]	training's ndcg@1000: 0.511975	valid_1's ndcg@1000: 0.484828
Early stopping, best iteration is:
[79]	training's ndcg@1000: 0.611594	valid_1's ndcg@1000: 0.494708
Early stopping, best iteration is:
[187]	training's ndcg@1000: 0.623466	valid_1's ndcg@1000: 0.539229
Training until validation scores don't improve for 10 rounds
Training until validation scores don't improve for 10 rounds
Early stopping, best iteration is:
[27]	training's ndcg@1000: 0.521876	valid_1's ndcg@1000: 0.519444
Training until validation scores don't improve for 10 rounds
Training until validation scores don't improve for 10 rounds
Training until validation scores don't improve for 10 rounds
Early stopping, best iteration is:
[60]	training's ndcg@1000: 0.530232	valid_1's ndcg@1000: 0.485053
Training until validation scores don't improve for 10 rounds
Early stopping, best iteration is:
[129]	training's ndcg@1000: 0.560876	valid_1's ndcg@1000: 0.546938
Early stopping, best iteration is:
[158]	training's ndcg@1000: 0.552116	valid_1's ndcg@1000: 0.495855
Training until validation scores don't improve for 10 rounds
Early stopping, best iteration is:
[89]	training's ndcg@1000: 0.615215	valid_1's ndcg@1000: 0.4844
[I 2025-06-21 14:14:00,742] Trial 11 finished with value: 0.5225841810537267 and parameters: {'learning_rate': 0.02847023931690103, 'num_leaves': 1117, 'min_data_in_leaf': 776, 'lambda_l2': 0.27191717687786665, 'subsample': 0.6765117576781545, 'colsample_bytree': 0.729314728643917}. Best is trial 11 with value: 0.5225841810537267.
Early stopping, best iteration is:
[45]	training's ndcg@1000: 0.533913	valid_1's ndcg@1000: 0.487609
Training until validation scores don't improve for 10 rounds
Early stopping, best iteration is:
[180]	training's ndcg@1000: 0.627274	valid_1's ndcg@1000: 0.518641
Early stopping, best iteration is:
[52]	training's ndcg@1000: 0.527653	valid_1's ndcg@1000: 0.486975
Training until validation scores don't improve for 10 rounds
Training until validation scores don't improve for 10 rounds
Early stopping, best iteration is:
[55]	training's ndcg@1000: 0.549414	valid_1's ndcg@1000: 0.520186
Training until validation scores don't improve for 10 rounds
Training until validation scores don't improve for 10 rounds
Early stopping, best iteration is:
[96]	training's ndcg@1000: 0.539462	valid_1's ndcg@1000: 0.498143
Training until validation scores don't improve for 10 rounds
[I 2025-06-21 14:14:45,422] Trial 12 finished with value: 0.5312291327856624 and parameters: {'learning_rate': 0.006622935710031745, 'num_leaves': 226, 'min_data_in_leaf': 620, 'lambda_l2': 0.37464465611681685, 'subsample': 0.6808856971427053, 'colsample_bytree': 0.8871686501987458}. Best is trial 1 with value: 0.5360096269760186.
Early stopping, best iteration is:
[80]	training's ndcg@1000: 0.523615	valid_1's ndcg@1000: 0.504785
Training until validation scores don't improve for 10 rounds
Early stopping, best iteration is:
[38]	training's ndcg@1000: 0.532198	valid_1's ndcg@1000: 0.486731
Training until validation scores don't improve for 10 rounds
Early stopping, best iteration is:
[76]	training's ndcg@1000: 0.53516	valid_1's ndcg@1000: 0.477094
Early stopping, best iteration is:
[103]	training's ndcg@1000: 0.59265	valid_1's ndcg@1000: 0.500115
[I 2025-06-21 14:15:04,481] Trial 12 finished with value: 0.512498977276025 and parameters: {'learning_rate': 0.023580679907716697, 'num_leaves': 585, 'min_data_in_leaf': 1830, 'lambda_l2': 0.6705091470522394, 'subsample': 0.7259752112578514, 'colsample_bytree': 0.7279540050793745}. Best is trial 6 with value: 0.5168964705489263.
[I 2025-06-21 14:15:04,665] Trial 12 finished with value: 0.552166054190879 and parameters: {'learning_rate': 0.027204299969898715, 'num_leaves': 1938, 'min_data_in_leaf': 1827, 'lambda_l2': 0.4553792269630351, 'subsample': 0.8184128552098084, 'colsample_bytree': 0.9724877336883389}. Best is trial 10 with value: 0.5522002523086872.
Early stopping, best iteration is:
[41]	training's ndcg@1000: 0.551419	valid_1's ndcg@1000: 0.492446
Training until validation scores don't improve for 10 rounds
Training until validation scores don't improve for 10 rounds
Early stopping, best iteration is:
[34]	training's ndcg@1000: 0.517703	valid_1's ndcg@1000: 0.491184
Training until validation scores don't improve for 10 rounds
Training until validation scores don't improve for 10 rounds
Training until validation scores don't improve for 10 rounds
Early stopping, best iteration is:
[36]	training's ndcg@1000: 0.530579	valid_1's ndcg@1000: 0.489644
[I 2025-06-21 14:15:43,959] Trial 12 finished with value: 0.5213929292357427 and parameters: {'learning_rate': 0.008341363634133568, 'num_leaves': 572, 'min_data_in_leaf': 1489, 'lambda_l2': 0.27044610787137424, 'subsample': 0.943152059091802, 'colsample_bytree': 0.6296798285891425}. Best is trial 3 with value: 0.5241390070133589.
Training until validation scores don't improve for 10 rounds
Early stopping, best iteration is:
[66]	training's ndcg@1000: 0.50761	valid_1's ndcg@1000: 0.483165
Early stopping, best iteration is:
[13]	training's ndcg@1000: 0.544319	valid_1's ndcg@1000: 0.486312
[I 2025-06-21 14:15:50,185] Trial 12 finished with value: 0.5369803755041096 and parameters: {'learning_rate': 0.011226828661854024, 'num_leaves': 1346, 'min_data_in_leaf': 755, 'lambda_l2': 0.5177920860367126, 'subsample': 0.8739717237150102, 'colsample_bytree': 0.5009627698640993}. Best is trial 4 with value: 0.5452967307296768.
Early stopping, best iteration is:
[121]	training's ndcg@1000: 0.5915	valid_1's ndcg@1000: 0.534526
Training until validation scores don't improve for 10 rounds
Early stopping, best iteration is:
[165]	training's ndcg@1000: 0.55435	valid_1's ndcg@1000: 0.541238
Early stopping, best iteration is:
[49]	training's ndcg@1000: 0.522079	valid_1's ndcg@1000: 0.49097
Training until validation scores don't improve for 10 rounds
Training until validation scores don't improve for 10 rounds
Training until validation scores don't improve for 10 rounds
Training until validation scores don't improve for 10 rounds
Early stopping, best iteration is:
[36]	training's ndcg@1000: 0.507563	valid_1's ndcg@1000: 0.480976
Training until validation scores don't improve for 10 rounds
Early stopping, best iteration is:
[68]	training's ndcg@1000: 0.527664	valid_1's ndcg@1000: 0.52064
Early stopping, best iteration is:
[89]	training's ndcg@1000: 0.550204	valid_1's ndcg@1000: 0.54631
Training until validation scores don't improve for 10 rounds
Early stopping, best iteration is:
[52]	training's ndcg@1000: 0.538095	valid_1's ndcg@1000: 0.529952
Training until validation scores don't improve for 10 rounds
Early stopping, best iteration is:
[191]	training's ndcg@1000: 0.635663	valid_1's ndcg@1000: 0.513401
Early stopping, best iteration is:
[122]	training's ndcg@1000: 0.515581	valid_1's ndcg@1000: 0.484576
Training until validation scores don't improve for 10 rounds
Training until validation scores don't improve for 10 rounds
Training until validation scores don't improve for 10 rounds
Early stopping, best iteration is:
[236]	training's ndcg@1000: 0.571724	valid_1's ndcg@1000: 0.485351
[I 2025-06-21 14:17:26,429] Trial 12 finished with value: 0.5190940291230252 and parameters: {'learning_rate': 0.013466050897186752, 'num_leaves': 637, 'min_data_in_leaf': 1870, 'lambda_l2': 0.5928298366961205, 'subsample': 0.9786767643614108, 'colsample_bytree': 0.628924107986531}. Best is trial 11 with value: 0.5225841810537267.
Early stopping, best iteration is:
[49]	training's ndcg@1000: 0.544998	valid_1's ndcg@1000: 0.507891
Early stopping, best iteration is:
[67]	training's ndcg@1000: 0.53538	valid_1's ndcg@1000: 0.487883
Early stopping, best iteration is:
[136]	training's ndcg@1000: 0.577475	valid_1's ndcg@1000: 0.525035
Training until validation scores don't improve for 10 rounds
Training until validation scores don't improve for 10 rounds
Early stopping, best iteration is:
[46]	training's ndcg@1000: 0.507422	valid_1's ndcg@1000: 0.47076
[I 2025-06-21 14:17:59,487] Trial 13 finished with value: 0.509766970829367 and parameters: {'learning_rate': 0.005867542446165282, 'num_leaves': 1710, 'min_data_in_leaf': 1862, 'lambda_l2': 0.8291455812779066, 'subsample': 0.7563803855653769, 'colsample_bytree': 0.8919282030490409}. Best is trial 6 with value: 0.5168964705489263.
Training until validation scores don't improve for 10 rounds
Training until validation scores don't improve for 10 rounds
Early stopping, best iteration is:
[40]	training's ndcg@1000: 0.54702	valid_1's ndcg@1000: 0.495845
Training until validation scores don't improve for 10 rounds
[I 2025-06-21 14:18:10,743] Trial 13 finished with value: 0.5444047818165505 and parameters: {'learning_rate': 0.009796987678440085, 'num_leaves': 806, 'min_data_in_leaf': 1906, 'lambda_l2': 0.36408536086053256, 'subsample': 0.7413232165556203, 'colsample_bytree': 0.7933236352884425}. Best is trial 10 with value: 0.5522002523086872.
Early stopping, best iteration is:
[82]	training's ndcg@1000: 0.584064	valid_1's ndcg@1000: 0.498177
Early stopping, best iteration is:
[46]	training's ndcg@1000: 0.525572	valid_1's ndcg@1000: 0.501967
Training until validation scores don't improve for 10 rounds
Early stopping, best iteration is:
[32]	training's ndcg@1000: 0.523861	valid_1's ndcg@1000: 0.484479
Training until validation scores don't improve for 10 rounds
Early stopping, best iteration is:
[29]	training's ndcg@1000: 0.511954	valid_1's ndcg@1000: 0.484989
Training until validation scores don't improve for 10 rounds
Training until validation scores don't improve for 10 rounds
Training until validation scores don't improve for 10 rounds
Early stopping, best iteration is:
[231]	training's ndcg@1000: 0.616989	valid_1's ndcg@1000: 0.502246
Training until validation scores don't improve for 10 rounds
Early stopping, best iteration is:
[66]	training's ndcg@1000: 0.569906	valid_1's ndcg@1000: 0.499555
[I 2025-06-21 14:19:06,808] Trial 13 finished with value: 0.5368769613001092 and parameters: {'learning_rate': 0.022328313388004305, 'num_leaves': 364, 'min_data_in_leaf': 557, 'lambda_l2': 0.3821948849380964, 'subsample': 0.9074388786381679, 'colsample_bytree': 0.829771038593896}. Best is trial 13 with value: 0.5368769613001092.
Early stopping, best iteration is:
[81]	training's ndcg@1000: 0.540417	valid_1's ndcg@1000: 0.492631
Training until validation scores don't improve for 10 rounds
Early stopping, best iteration is:
[137]	training's ndcg@1000: 0.598563	valid_1's ndcg@1000: 0.545777
Early stopping, best iteration is:
[62]	training's ndcg@1000: 0.527382	valid_1's ndcg@1000: 0.48613
Early stopping, best iteration is:
[101]	training's ndcg@1000: 0.546271	valid_1's ndcg@1000: 0.492197
[I 2025-06-21 14:19:27,864] Trial 13 finished with value: 0.5219541668388366 and parameters: {'learning_rate': 0.018026042238348076, 'num_leaves': 1845, 'min_data_in_leaf': 1471, 'lambda_l2': 0.9638543007007874, 'subsample': 0.7563852093904458, 'colsample_bytree': 0.7423694271440155}. Best is trial 3 with value: 0.5241390070133589.
Training until validation scores don't improve for 10 rounds
Training until validation scores don't improve for 10 rounds
Early stopping, best iteration is:
[45]	training's ndcg@1000: 0.549637	valid_1's ndcg@1000: 0.489757
Training until validation scores don't improve for 10 rounds
Training until validation scores don't improve for 10 rounds
[I 2025-06-21 14:19:44,240] Trial 13 finished with value: 0.5413495861829947 and parameters: {'learning_rate': 0.017941596315840462, 'num_leaves': 1993, 'min_data_in_leaf': 1814, 'lambda_l2': 0.30496788259821495, 'subsample': 0.6191251641274593, 'colsample_bytree': 0.9163422383881934}. Best is trial 4 with value: 0.5452967307296768.
Early stopping, best iteration is:
[65]	training's ndcg@1000: 0.530949	valid_1's ndcg@1000: 0.529516
Training until validation scores don't improve for 10 rounds
Early stopping, best iteration is:
[50]	training's ndcg@1000: 0.533943	valid_1's ndcg@1000: 0.491485
Training until validation scores don't improve for 10 rounds
Early stopping, best iteration is:
[44]	training's ndcg@1000: 0.519468	valid_1's ndcg@1000: 0.519175
Early stopping, best iteration is:
[109]	training's ndcg@1000: 0.548988	valid_1's ndcg@1000: 0.487094
Early stopping, best iteration is:
[198]	training's ndcg@1000: 0.632564	valid_1's ndcg@1000: 0.540024
Training until validation scores don't improve for 10 rounds
Training until validation scores don't improve for 10 rounds
Training until validation scores don't improve for 10 rounds
Early stopping, best iteration is:
[61]	training's ndcg@1000: 0.542132	valid_1's ndcg@1000: 0.543585
Training until validation scores don't improve for 10 rounds
Training until validation scores don't improve for 10 rounds
Training until validation scores don't improve for 10 rounds
Early stopping, best iteration is:
[155]	training's ndcg@1000: 0.559764	valid_1's ndcg@1000: 0.508772
Early stopping, best iteration is:
[101]	training's ndcg@1000: 0.548235	valid_1's ndcg@1000: 0.482434
[I 2025-06-21 14:21:01,863] Trial 13 finished with value: 0.518310818280612 and parameters: {'learning_rate': 0.01031512898644409, 'num_leaves': 1832, 'min_data_in_leaf': 592, 'lambda_l2': 0.7564609920723804, 'subsample': 0.6457889727009695, 'colsample_bytree': 0.5746618745153107}. Best is trial 11 with value: 0.5225841810537267.
Early stopping, best iteration is:
[80]	training's ndcg@1000: 0.540312	valid_1's ndcg@1000: 0.487753
Training until validation scores don't improve for 10 rounds
Early stopping, best iteration is:
[124]	training's ndcg@1000: 0.550248	valid_1's ndcg@1000: 0.477964
