[I 2025-06-25 08:40:29,282] Trial 34 finished with value: 0.08858617435743818 and parameters: {'learning_rate': 0.043564288459046654, 'num_leaves': 440, 'min_data_in_leaf': 437, 'lambda_l2': 0.2275088582365405, 'subsample': 0.6093962183171351, 'colsample_bytree': 0.7687454555369669}. Best is trial 33 with value: 0.0904334663795866.
Early stopping, best iteration is:
[31]	training's w_rmse: 0.967265	valid_1's w_rmse: 0.989561
Training until validation scores don't improve for 10 rounds
Early stopping, best iteration is:
[355]	training's w_rmse: 0.943542	valid_1's w_rmse: 0.987276
Training until validation scores don't improve for 10 rounds
Training until validation scores don't improve for 10 rounds
Early stopping, best iteration is:
[57]	training's w_rmse: 0.981881	valid_1's w_rmse: 0.994899
Training until validation scores don't improve for 10 rounds
Early stopping, best iteration is:
[56]	training's w_rmse: 0.972894	valid_1's w_rmse: 0.98992
Early stopping, best iteration is:
[82]	training's w_rmse: 0.941807	valid_1's w_rmse: 0.989018
Early stopping, best iteration is:
[375]	training's w_rmse: 0.930674	valid_1's w_rmse: 0.987424
[I 2025-06-25 08:41:46,297] Trial 36 finished with value: 0.1015928586779364 and parameters: {'learning_rate': 0.01687611725912074, 'num_leaves': 1387, 'min_data_in_leaf': 435, 'lambda_l2': 0.45557681266927125, 'subsample': 0.7357447585590963, 'colsample_bytree': 0.9442113265640341}. Best is trial 35 with value: 0.10171394844825635.
Training until validation scores don't improve for 10 rounds
Training until validation scores don't improve for 10 rounds
Training until validation scores don't improve for 10 rounds
Training until validation scores don't improve for 10 rounds
Early stopping, best iteration is:
[21]	training's w_rmse: 0.974222	valid_1's w_rmse: 0.99389
Early stopping, best iteration is:
[186]	training's w_rmse: 0.959349	valid_1's w_rmse: 0.989956
[I 2025-06-25 08:42:31,311] Trial 31 finished with value: 0.09032701538665586 and parameters: {'learning_rate': 0.020636932537880934, 'num_leaves': 1513, 'min_data_in_leaf': 899, 'lambda_l2': 0.5057562606284101, 'subsample': 0.8538065821410482, 'colsample_bytree': 0.6553430936955883}. Best is trial 29 with value: 0.09272747419923501.
Early stopping, best iteration is:
[441]	training's w_rmse: 0.921479	valid_1's w_rmse: 0.986805
[I 2025-06-25 08:42:35,387] Trial 31 finished with value: 0.12106442335932444 and parameters: {'learning_rate': 0.01673887448056799, 'num_leaves': 1386, 'min_data_in_leaf': 431, 'lambda_l2': 0.22198278727077375, 'subsample': 0.752292341480004, 'colsample_bytree': 0.9286773787797217}. Best is trial 31 with value: 0.12106442335932444.
Training until validation scores don't improve for 10 rounds
Training until validation scores don't improve for 10 rounds
Training until validation scores don't improve for 10 rounds
Early stopping, best iteration is:
[78]	training's w_rmse: 0.970946	valid_1's w_rmse: 0.994161
Early stopping, best iteration is:
[204]	training's w_rmse: 0.933972	valid_1's w_rmse: 0.989214
Early stopping, best iteration is:
[60]	training's w_rmse: 0.955303	valid_1's w_rmse: 0.987367
[I 2025-06-25 08:43:35,862] Trial 33 finished with value: 0.08686560777871613 and parameters: {'learning_rate': 0.04976680337136389, 'num_leaves': 1820, 'min_data_in_leaf': 498, 'lambda_l2': 0.07188605717113203, 'subsample': 0.8750442432110688, 'colsample_bytree': 0.9934300453725748}. Best is trial 3 with value: 0.0915630807142072.
Early stopping, best iteration is:
[41]	training's w_rmse: 0.971929	valid_1's w_rmse: 0.992682
Early stopping, best iteration is:
[403]	training's w_rmse: 0.94268	valid_1's w_rmse: 0.987612
Training until validation scores don't improve for 10 rounds
Training until validation scores don't improve for 10 rounds
Training until validation scores don't improve for 10 rounds
Training until validation scores don't improve for 10 rounds
Training until validation scores don't improve for 10 rounds
Early stopping, best iteration is:
[43]	training's w_rmse: 0.974001	valid_1's w_rmse: 0.989816
Early stopping, best iteration is:
[58]	training's w_rmse: 0.971945	valid_1's w_rmse: 0.990834
Early stopping, best iteration is:
[80]	training's w_rmse: 0.957265	valid_1's w_rmse: 0.989411
Training until validation scores don't improve for 10 rounds
Early stopping, best iteration is:
[126]	training's w_rmse: 0.963655	valid_1's w_rmse: 0.991305
Training until validation scores don't improve for 10 rounds
Early stopping, best iteration is:
[131]	training's w_rmse: 0.951866	valid_1's w_rmse: 0.989322
Training until validation scores don't improve for 10 rounds
Training until validation scores don't improve for 10 rounds
Early stopping, best iteration is:
[331]	training's w_rmse: 0.950106	valid_1's w_rmse: 0.98791
Training until validation scores don't improve for 10 rounds
Early stopping, best iteration is:
[170]	training's w_rmse: 0.946671	valid_1's w_rmse: 0.986223
[I 2025-06-25 08:46:26,744] Trial 35 finished with value: 0.08985050170222267 and parameters: {'learning_rate': 0.03240041983377917, 'num_leaves': 360, 'min_data_in_leaf': 540, 'lambda_l2': 0.3906261517977664, 'subsample': 0.7646489527417195, 'colsample_bytree': 0.7693050825018912}. Best is trial 33 with value: 0.0904334663795866.
Early stopping, best iteration is:
[28]	training's w_rmse: 0.979508	valid_1's w_rmse: 0.993901
Early stopping, best iteration is:
[161]	training's w_rmse: 0.936543	valid_1's w_rmse: 0.987784
Training until validation scores don't improve for 10 rounds
Training until validation scores don't improve for 10 rounds
Training until validation scores don't improve for 10 rounds
Training until validation scores don't improve for 10 rounds
Early stopping, best iteration is:
[132]	training's w_rmse: 0.954527	valid_1's w_rmse: 0.986846
[I 2025-06-25 08:47:41,780] Trial 34 finished with value: 0.08561228143924719 and parameters: {'learning_rate': 0.03925849476929406, 'num_leaves': 1682, 'min_data_in_leaf': 961, 'lambda_l2': 0.2522894866525113, 'subsample': 0.8904237715442063, 'colsample_bytree': 0.8393329340327322}. Best is trial 3 with value: 0.0915630807142072.
Early stopping, best iteration is:
[218]	training's w_rmse: 0.948337	valid_1's w_rmse: 0.987839
Early stopping, best iteration is:
[70]	training's w_rmse: 0.967949	valid_1's w_rmse: 0.989732
Early stopping, best iteration is:
[224]	training's w_rmse: 0.959005	valid_1's w_rmse: 0.992163
[I 2025-06-25 08:48:15,976] Trial 34 finished with value: 0.09574321395699334 and parameters: {'learning_rate': 0.014921835908725884, 'num_leaves': 763, 'min_data_in_leaf': 605, 'lambda_l2': 0.9499988915914678, 'subsample': 0.6910061787034065, 'colsample_bytree': 0.5643179691867191}. Best is trial 34 with value: 0.09574321395699334.
Early stopping, best iteration is:
[99]	training's w_rmse: 0.952254	valid_1's w_rmse: 0.989782
[I 2025-06-25 08:48:19,708] Trial 32 finished with value: 0.09290937025233567 and parameters: {'learning_rate': 0.027571575585925726, 'num_leaves': 1455, 'min_data_in_leaf': 406, 'lambda_l2': 0.9666243133377116, 'subsample': 0.8554889192573756, 'colsample_bytree': 0.5779718907993892}. Best is trial 32 with value: 0.09290937025233567.
Training until validation scores don't improve for 10 rounds
Training until validation scores don't improve for 10 rounds
Training until validation scores don't improve for 10 rounds
Early stopping, best iteration is:
[64]	training's w_rmse: 0.9676	valid_1's w_rmse: 0.989387
Training until validation scores don't improve for 10 rounds
Training until validation scores don't improve for 10 rounds
Early stopping, best iteration is:
[47]	training's w_rmse: 0.985668	valid_1's w_rmse: 0.995241
Early stopping, best iteration is:
[959]	training's w_rmse: 0.923572	valid_1's w_rmse: 0.986672
Early stopping, best iteration is:
[34]	training's w_rmse: 0.975213	valid_1's w_rmse: 0.992768
Training until validation scores don't improve for 10 rounds
Early stopping, best iteration is:
[136]	training's w_rmse: 0.95136	valid_1's w_rmse: 0.989326
Training until validation scores don't improve for 10 rounds
Training until validation scores don't improve for 10 rounds
Training until validation scores don't improve for 10 rounds
Training until validation scores don't improve for 10 rounds
Early stopping, best iteration is:
[233]	training's w_rmse: 0.933977	valid_1's w_rmse: 0.988327
Early stopping, best iteration is:
[59]	training's w_rmse: 0.9706	valid_1's w_rmse: 0.990803
Early stopping, best iteration is:
[75]	training's w_rmse: 0.958871	valid_1's w_rmse: 0.989189
Training until validation scores don't improve for 10 rounds
Early stopping, best iteration is:
[425]	training's w_rmse: 0.926148	valid_1's w_rmse: 0.987659
[I 2025-06-25 08:51:13,444] Trial 37 finished with value: 0.10267081047957 and parameters: {'learning_rate': 0.015525862308762975, 'num_leaves': 1410, 'min_data_in_leaf': 406, 'lambda_l2': 0.4333351128423774, 'subsample': 0.7221631782639393, 'colsample_bytree': 0.9454765576429999}. Best is trial 37 with value: 0.10267081047957.
Early stopping, best iteration is:
[42]	training's w_rmse: 0.975052	valid_1's w_rmse: 0.993823
Training until validation scores don't improve for 10 rounds
Training until validation scores don't improve for 10 rounds
Early stopping, best iteration is:
[367]	training's w_rmse: 0.955313	valid_1's w_rmse: 0.987905
Early stopping, best iteration is:
[150]	training's w_rmse: 0.973833	valid_1's w_rmse: 0.993732
Training until validation scores don't improve for 10 rounds
Training until validation scores don't improve for 10 rounds
Training until validation scores don't improve for 10 rounds
Training until validation scores don't improve for 10 rounds
Early stopping, best iteration is:
[122]	training's w_rmse: 0.947166	valid_1's w_rmse: 0.988101
Early stopping, best iteration is:
[152]	training's w_rmse: 0.949675	valid_1's w_rmse: 0.986563
[I 2025-06-25 08:52:32,424] Trial 36 finished with value: 0.08818121812526022 and parameters: {'learning_rate': 0.027886098966750057, 'num_leaves': 565, 'min_data_in_leaf': 555, 'lambda_l2': 0.41027246308003035, 'subsample': 0.8510697126303375, 'colsample_bytree': 0.7597797217605017}. Best is trial 33 with value: 0.0904334663795866.
Early stopping, best iteration is:
[157]	training's w_rmse: 0.949086	valid_1's w_rmse: 0.986915
[I 2025-06-25 08:52:46,082] Trial 35 finished with value: 0.08941015190574968 and parameters: {'learning_rate': 0.028320037057046457, 'num_leaves': 1723, 'min_data_in_leaf': 635, 'lambda_l2': 0.07953385433333371, 'subsample': 0.8428599332843626, 'colsample_bytree': 0.734710704482743}. Best is trial 3 with value: 0.0915630807142072.
Early stopping, best iteration is:
[70]	training's w_rmse: 0.971482	valid_1's w_rmse: 0.99419
Training until validation scores don't improve for 10 rounds
Early stopping, best iteration is:
[308]	training's w_rmse: 0.959564	valid_1's w_rmse: 0.988038
Training until validation scores don't improve for 10 rounds
Training until validation scores don't improve for 10 rounds
Training until validation scores don't improve for 10 rounds
Early stopping, best iteration is:
[66]	training's w_rmse: 0.967369	valid_1's w_rmse: 0.989724
Training until validation scores don't improve for 10 rounds
Early stopping, best iteration is:
[163]	training's w_rmse: 0.933848	valid_1's w_rmse: 0.989622
[I 2025-06-25 08:54:05,907] Trial 33 finished with value: 0.0929095617132375 and parameters: {'learning_rate': 0.02849356585239895, 'num_leaves': 1062, 'min_data_in_leaf': 413, 'lambda_l2': 0.9671198768483686, 'subsample': 0.8573952279659799, 'colsample_bytree': 0.5639912410582641}. Best is trial 33 with value: 0.0929095617132375.
Early stopping, best iteration is:
[108]	training's w_rmse: 0.95992	valid_1's w_rmse: 0.989035
Early stopping, best iteration is:
[129]	training's w_rmse: 0.961721	valid_1's w_rmse: 0.991412
Training until validation scores don't improve for 10 rounds
Training until validation scores don't improve for 10 rounds
Early stopping, best iteration is:
[161]	training's w_rmse: 0.971128	valid_1's w_rmse: 0.992448
[I 2025-06-25 08:54:52,053] Trial 35 finished with value: 0.09197686315436372 and parameters: {'learning_rate': 0.016435899113394437, 'num_leaves': 762, 'min_data_in_leaf': 967, 'lambda_l2': 0.9884663774268273, 'subsample': 0.7505206257934418, 'colsample_bytree': 0.5090367538578504}. Best is trial 34 with value: 0.09574321395699334.
Training until validation scores don't improve for 10 rounds
Early stopping, best iteration is:
[41]	training's w_rmse: 0.974342	valid_1's w_rmse: 0.992729
Training until validation scores don't improve for 10 rounds
Training until validation scores don't improve for 10 rounds
Training until validation scores don't improve for 10 rounds
Early stopping, best iteration is:
[46]	training's w_rmse: 0.981567	valid_1's w_rmse: 0.994926
Early stopping, best iteration is:
[230]	training's w_rmse: 0.927559	valid_1's w_rmse: 0.988935
Early stopping, best iteration is:
[205]	training's w_rmse: 0.94181	valid_1's w_rmse: 0.988634
Training until validation scores don't improve for 10 rounds
Early stopping, best iteration is:
[91]	training's w_rmse: 0.957033	valid_1's w_rmse: 0.989301
Training until validation scores don't improve for 10 rounds
Training until validation scores don't improve for 10 rounds
Early stopping, best iteration is:
[279]	training's w_rmse: 0.937287	valid_1's w_rmse: 0.987631
Training until validation scores don't improve for 10 rounds
Early stopping, best iteration is:
[59]	training's w_rmse: 0.968953	valid_1's w_rmse: 0.990675
Early stopping, best iteration is:
[153]	training's w_rmse: 0.963456	valid_1's w_rmse: 0.988418
Early stopping, best iteration is:
[933]	training's w_rmse: 0.92296	valid_1's w_rmse: 0.986136
Early stopping, best iteration is:
[79]	training's w_rmse: 0.967095	valid_1's w_rmse: 0.993536
Training until validation scores don't improve for 10 rounds
Training until validation scores don't improve for 10 rounds
Training until validation scores don't improve for 10 rounds
Early stopping, best iteration is:
[209]	training's w_rmse: 0.93363	valid_1's w_rmse: 0.98732
Training until validation scores don't improve for 10 rounds
Training until validation scores don't improve for 10 rounds
Training until validation scores don't improve for 10 rounds
Early stopping, best iteration is:
[215]	training's w_rmse: 0.9556	valid_1's w_rmse: 0.988061
Early stopping, best iteration is:
[161]	training's w_rmse: 0.944841	valid_1's w_rmse: 0.986741
[I 2025-06-25 08:59:57,451] Trial 37 finished with value: 0.09008899219550622 and parameters: {'learning_rate': 0.031120991970210687, 'num_leaves': 538, 'min_data_in_leaf': 572, 'lambda_l2': 0.5732849096227014, 'subsample': 0.7735116101695019, 'colsample_bytree': 0.8844332678570708}. Best is trial 33 with value: 0.0904334663795866.
Early stopping, best iteration is:
[99]	training's w_rmse: 0.95625	valid_1's w_rmse: 0.989921
[I 2025-06-25 09:00:19,891] Trial 34 finished with value: 0.09301319216164268 and parameters: {'learning_rate': 0.02549309192414633, 'num_leaves': 1053, 'min_data_in_leaf': 439, 'lambda_l2': 0.9593690639164811, 'subsample': 0.8544919817541482, 'colsample_bytree': 0.5669288882842461}. Best is trial 34 with value: 0.09301319216164268.
Early stopping, best iteration is:
[221]	training's w_rmse: 0.942123	valid_1's w_rmse: 0.986818
[I 2025-06-25 09:00:24,522] Trial 36 finished with value: 0.09004330038974674 and parameters: {'learning_rate': 0.017097375573285424, 'num_leaves': 1906, 'min_data_in_leaf': 404, 'lambda_l2': 0.6251654780614909, 'subsample': 0.9997272673807851, 'colsample_bytree': 0.9074419415446816}. Best is trial 3 with value: 0.0915630807142072.
Training until validation scores don't improve for 10 rounds
Training until validation scores don't improve for 10 rounds
Early stopping, best iteration is:
[392]	training's w_rmse: 0.927043	valid_1's w_rmse: 0.987541
[I 2025-06-25 09:00:47,506] Trial 38 finished with value: 0.10348296944910956 and parameters: {'learning_rate': 0.016928371903688753, 'num_leaves': 1393, 'min_data_in_leaf': 412, 'lambda_l2': 0.4572354910470553, 'subsample': 0.7292557603573129, 'colsample_bytree': 0.9369904153322149}. Best is trial 38 with value: 0.10348296944910956.
Training until validation scores don't improve for 10 rounds
Training until validation scores don't improve for 10 rounds
Early stopping, best iteration is:
[60]	training's w_rmse: 0.971164	valid_1's w_rmse: 0.989916
Early stopping, best iteration is:
[37]	training's w_rmse: 0.974896	valid_1's w_rmse: 0.992698
Training until validation scores don't improve for 10 rounds
Early stopping, best iteration is:
[176]	training's w_rmse: 0.959376	valid_1's w_rmse: 0.992187
[I 2025-06-25 09:01:38,394] Trial 36 finished with value: 0.09294143376294683 and parameters: {'learning_rate': 0.018879465451123886, 'num_leaves': 1089, 'min_data_in_leaf': 620, 'lambda_l2': 0.8367595256062095, 'subsample': 0.6850357926673125, 'colsample_bytree': 0.5396367191889389}. Best is trial 34 with value: 0.09574321395699334.
Early stopping, best iteration is:
[114]	training's w_rmse: 0.964801	valid_1's w_rmse: 0.989182
Training until validation scores don't improve for 10 rounds
Training until validation scores don't improve for 10 rounds
Training until validation scores don't improve for 10 rounds
Training until validation scores don't improve for 10 rounds
Early stopping, best iteration is:
[88]	training's w_rmse: 0.963195	valid_1's w_rmse: 0.989563
Early stopping, best iteration is:
[57]	training's w_rmse: 0.979524	valid_1's w_rmse: 0.99465
Early stopping, best iteration is:
[162]	training's w_rmse: 0.979952	valid_1's w_rmse: 0.994498
Early stopping, best iteration is:
[77]	training's w_rmse: 0.959378	valid_1's w_rmse: 0.989277
Training until validation scores don't improve for 10 rounds
Early stopping, best iteration is:
[215]	training's w_rmse: 0.947895	valid_1's w_rmse: 0.98875
Training until validation scores don't improve for 10 rounds
Training until validation scores don't improve for 10 rounds
Training until validation scores don't improve for 10 rounds
Early stopping, best iteration is:
[65]	training's w_rmse: 0.969516	valid_1's w_rmse: 0.990753
Training until validation scores don't improve for 10 rounds
Early stopping, best iteration is:
[146]	training's w_rmse: 0.942141	valid_1's w_rmse: 0.987867
Training until validation scores don't improve for 10 rounds
Early stopping, best iteration is:
[79]	training's w_rmse: 0.971691	valid_1's w_rmse: 0.993581
Did not meet early stopping. Best iteration is:
[1000]	training's w_rmse: 0.921888	valid_1's w_rmse: 0.986551
[I 2025-06-25 09:05:11,883] Trial 32 finished with value: 0.12231422297956843 and parameters: {'learning_rate': 0.0068756298120472336, 'num_leaves': 1338, 'min_data_in_leaf': 401, 'lambda_l2': 0.2670529063771244, 'subsample': 0.7536007687618385, 'colsample_bytree': 0.925296081392672}. Best is trial 32 with value: 0.12231422297956843.
Early stopping, best iteration is:
[281]	training's w_rmse: 0.943957	valid_1's w_rmse: 0.987513
Training until validation scores don't improve for 10 rounds
Training until validation scores don't improve for 10 rounds
Training until validation scores don't improve for 10 rounds
Training until validation scores don't improve for 10 rounds
Early stopping, best iteration is:
[325]	training's w_rmse: 0.971573	valid_1's w_rmse: 0.991757
Early stopping, best iteration is:
[209]	training's w_rmse: 0.940333	valid_1's w_rmse: 0.986443
[I 2025-06-25 09:06:20,486] Trial 38 finished with value: 0.08790989416197564 and parameters: {'learning_rate': 0.029877976237784338, 'num_leaves': 501, 'min_data_in_leaf': 636, 'lambda_l2': 0.38137148626144174, 'subsample': 0.7665949839029172, 'colsample_bytree': 0.8688269553626317}. Best is trial 33 with value: 0.0904334663795866.
Early stopping, best iteration is:
[101]	training's w_rmse: 0.952812	valid_1's w_rmse: 0.989714
[I 2025-06-25 09:06:35,674] Trial 35 finished with value: 0.09239262287839747 and parameters: {'learning_rate': 0.026454305441958422, 'num_leaves': 1040, 'min_data_in_leaf': 408, 'lambda_l2': 0.9618051834911042, 'subsample': 0.8552913912930656, 'colsample_bytree': 0.5656322759383573}. Best is trial 34 with value: 0.09301319216164268.
Early stopping, best iteration is:
[214]	training's w_rmse: 0.95183	valid_1's w_rmse: 0.9866
[I 2025-06-25 09:06:53,220] Trial 37 finished with value: 0.08866617212563185 and parameters: {'learning_rate': 0.01657611277037125, 'num_leaves': 1412, 'min_data_in_leaf': 517, 'lambda_l2': 0.6038644651134775, 'subsample': 0.9949957664826696, 'colsample_bytree': 0.5023036872729194}. Best is trial 3 with value: 0.0915630807142072.
Training until validation scores don't improve for 10 rounds
Early stopping, best iteration is:
[144]	training's w_rmse: 0.935506	valid_1's w_rmse: 0.987578
Training until validation scores don't improve for 10 rounds
Early stopping, best iteration is:
[57]	training's w_rmse: 0.97468	valid_1's w_rmse: 0.989965
Training until validation scores don't improve for 10 rounds
Training until validation scores don't improve for 10 rounds
Training until validation scores don't improve for 10 rounds
Early stopping, best iteration is:
[26]	training's w_rmse: 0.975657	valid_1's w_rmse: 0.993917
Early stopping, best iteration is:
[59]	training's w_rmse: 0.978263	valid_1's w_rmse: 0.992821
Training until validation scores don't improve for 10 rounds
Early stopping, best iteration is:
[369]	training's w_rmse: 0.933422	valid_1's w_rmse: 0.987577
Training until validation scores don't improve for 10 rounds
Early stopping, best iteration is:
[89]	training's w_rmse: 0.965196	valid_1's w_rmse: 0.989727
