[I 2025-06-21 08:56:51,149] Trial 10 finished with value: 0.5147007858882711 and parameters: {'learning_rate': 0.013644437212286538, 'num_leaves': 1521, 'min_data_in_leaf': 646, 'lambda_l2': 0.099785753425508, 'subsample': 0.771620217566989, 'colsample_bytree': 0.7711648628330777}. Best is trial 9 with value: 0.5154970124419986.
Training until validation scores don't improve for 10 rounds
Early stopping, best iteration is:
[62]	training's ndcg@1000: 0.55455	valid_1's ndcg@1000: 0.522672
Early stopping, best iteration is:
[34]	training's ndcg@1000: 0.583137	valid_1's ndcg@1000: 0.52233
Training until validation scores don't improve for 10 rounds
Training until validation scores don't improve for 10 rounds
Training until validation scores don't improve for 10 rounds
Training until validation scores don't improve for 10 rounds
Early stopping, best iteration is:
[39]	training's ndcg@1000: 0.595435	valid_1's ndcg@1000: 0.505978
Early stopping, best iteration is:
[26]	training's ndcg@1000: 0.520872	valid_1's ndcg@1000: 0.48467
Training until validation scores don't improve for 10 rounds
Early stopping, best iteration is:
[82]	training's ndcg@1000: 0.556902	valid_1's ndcg@1000: 0.5325
Training until validation scores don't improve for 10 rounds
Early stopping, best iteration is:
[45]	training's ndcg@1000: 0.549333	valid_1's ndcg@1000: 0.486924
Early stopping, best iteration is:
[114]	training's ndcg@1000: 0.553983	valid_1's ndcg@1000: 0.497995
[I 2025-06-21 08:57:54,786] Trial 10 finished with value: 0.5307220679155475 and parameters: {'learning_rate': 0.0085279520636601, 'num_leaves': 741, 'min_data_in_leaf': 462, 'lambda_l2': 0.976457238077386, 'subsample': 0.933250484563997, 'colsample_bytree': 0.5462321511934405}. Best is trial 5 with value: 0.5374882433438216.
Training until validation scores don't improve for 10 rounds
Training until validation scores don't improve for 10 rounds
Training until validation scores don't improve for 10 rounds
Early stopping, best iteration is:
[60]	training's ndcg@1000: 0.543824	valid_1's ndcg@1000: 0.485688
Early stopping, best iteration is:
[30]	training's ndcg@1000: 0.54684	valid_1's ndcg@1000: 0.507964
Training until validation scores don't improve for 10 rounds
Early stopping, best iteration is:
[53]	training's ndcg@1000: 0.617575	valid_1's ndcg@1000: 0.495994
Training until validation scores don't improve for 10 rounds
Early stopping, best iteration is:
[41]	training's ndcg@1000: 0.545981	valid_1's ndcg@1000: 0.487432
Training until validation scores don't improve for 10 rounds
Training until validation scores don't improve for 10 rounds
Early stopping, best iteration is:
[37]	training's ndcg@1000: 0.552893	valid_1's ndcg@1000: 0.495938
[I 2025-06-21 08:59:03,090] Trial 10 finished with value: 0.5438650125994788 and parameters: {'learning_rate': 0.015269571139683791, 'num_leaves': 1411, 'min_data_in_leaf': 1415, 'lambda_l2': 0.46136173035929495, 'subsample': 0.8791391001006874, 'colsample_bytree': 0.7458214437986079}. Best is trial 0 with value: 0.5528159803430056.
Early stopping, best iteration is:
[55]	training's ndcg@1000: 0.543116	valid_1's ndcg@1000: 0.485907
Training until validation scores don't improve for 10 rounds
Training until validation scores don't improve for 10 rounds
Early stopping, best iteration is:
[212]	training's ndcg@1000: 0.661811	valid_1's ndcg@1000: 0.501248
Early stopping, best iteration is:
[159]	training's ndcg@1000: 0.573571	valid_1's ndcg@1000: 0.535207
Early stopping, best iteration is:
[44]	training's ndcg@1000: 0.547664	valid_1's ndcg@1000: 0.491696
[I 2025-06-21 08:59:22,602] Trial 11 finished with value: 0.5233177805819903 and parameters: {'learning_rate': 0.0290435725781322, 'num_leaves': 1377, 'min_data_in_leaf': 1653, 'lambda_l2': 0.329348263604198, 'subsample': 0.9224150882299931, 'colsample_bytree': 0.8733928004582235}. Best is trial 8 with value: 0.5243721837616175.
Training until validation scores don't improve for 10 rounds
Early stopping, best iteration is:
[60]	training's ndcg@1000: 0.631657	valid_1's ndcg@1000: 0.492902
Training until validation scores don't improve for 10 rounds
Training until validation scores don't improve for 10 rounds
Training until validation scores don't improve for 10 rounds
Training until validation scores don't improve for 10 rounds
Early stopping, best iteration is:
[40]	training's ndcg@1000: 0.51134	valid_1's ndcg@1000: 0.517384
Training until validation scores don't improve for 10 rounds
Early stopping, best iteration is:
[59]	training's ndcg@1000: 0.600924	valid_1's ndcg@1000: 0.491479
Early stopping, best iteration is:
[136]	training's ndcg@1000: 0.571219	valid_1's ndcg@1000: 0.509562
Early stopping, best iteration is:
[170]	training's ndcg@1000: 0.588268	valid_1's ndcg@1000: 0.543682
[I 2025-06-21 09:00:15,986] Trial 11 finished with value: 0.5416817935196645 and parameters: {'learning_rate': 0.010461878238080173, 'num_leaves': 665, 'min_data_in_leaf': 776, 'lambda_l2': 0.006589930983485259, 'subsample': 0.8024133630419874, 'colsample_bytree': 0.9437529904682355}. Best is trial 0 with value: 0.5442122638226504.
Early stopping, best iteration is:
[204]	training's ndcg@1000: 0.622416	valid_1's ndcg@1000: 0.482884
[I 2025-06-21 09:00:30,293] Trial 11 finished with value: 0.5145792021321003 and parameters: {'learning_rate': 0.023846935568540777, 'num_leaves': 1802, 'min_data_in_leaf': 1133, 'lambda_l2': 0.6489057346710354, 'subsample': 0.9920298366530278, 'colsample_bytree': 0.8810316246935551}. Best is trial 9 with value: 0.5154970124419986.
Training until validation scores don't improve for 10 rounds
Training until validation scores don't improve for 10 rounds
Training until validation scores don't improve for 10 rounds
Training until validation scores don't improve for 10 rounds
Early stopping, best iteration is:
[64]	training's ndcg@1000: 0.6308	valid_1's ndcg@1000: 0.482741
[I 2025-06-21 09:00:50,675] Trial 11 finished with value: 0.5221485972074046 and parameters: {'learning_rate': 0.026978927521345123, 'num_leaves': 922, 'min_data_in_leaf': 461, 'lambda_l2': 0.15941902428772958, 'subsample': 0.8251261009526899, 'colsample_bytree': 0.9995361885471605}. Best is trial 4 with value: 0.5230962823888797.
Early stopping, best iteration is:
[47]	training's ndcg@1000: 0.521989	valid_1's ndcg@1000: 0.485296
Early stopping, best iteration is:
[58]	training's ndcg@1000: 0.546832	valid_1's ndcg@1000: 0.49604
Training until validation scores don't improve for 10 rounds
Early stopping, best iteration is:
[133]	training's ndcg@1000: 0.612339	valid_1's ndcg@1000: 0.550371
Early stopping, best iteration is:
[69]	training's ndcg@1000: 0.524918	valid_1's ndcg@1000: 0.485007
Early stopping, best iteration is:
[179]	training's ndcg@1000: 0.598281	valid_1's ndcg@1000: 0.536176
Training until validation scores don't improve for 10 rounds
Training until validation scores don't improve for 10 rounds
Early stopping, best iteration is:
[35]	training's ndcg@1000: 0.518721	valid_1's ndcg@1000: 0.484668
Training until validation scores don't improve for 10 rounds
Early stopping, best iteration is:
[38]	training's ndcg@1000: 0.538674	valid_1's ndcg@1000: 0.501286
Training until validation scores don't improve for 10 rounds
Early stopping, best iteration is:
[62]	training's ndcg@1000: 0.545254	valid_1's ndcg@1000: 0.497923
[I 2025-06-21 09:01:50,847] Trial 11 finished with value: 0.534560102790538 and parameters: {'learning_rate': 0.022645079749594683, 'num_leaves': 308, 'min_data_in_leaf': 1433, 'lambda_l2': 0.951825233117888, 'subsample': 0.6207013527061447, 'colsample_bytree': 0.6948044292576543}. Best is trial 5 with value: 0.5374882433438216.
Training until validation scores don't improve for 10 rounds
Training until validation scores don't improve for 10 rounds
Early stopping, best iteration is:
[32]	training's ndcg@1000: 0.523033	valid_1's ndcg@1000: 0.483255
Early stopping, best iteration is:
[90]	training's ndcg@1000: 0.590727	valid_1's ndcg@1000: 0.526454
Training until validation scores don't improve for 10 rounds
Training until validation scores don't improve for 10 rounds
Early stopping, best iteration is:
[103]	training's ndcg@1000: 0.575438	valid_1's ndcg@1000: 0.511927
Training until validation scores don't improve for 10 rounds
Early stopping, best iteration is:
[81]	training's ndcg@1000: 0.524456	valid_1's ndcg@1000: 0.489725
[I 2025-06-21 09:02:34,812] Trial 12 finished with value: 0.5199265372986306 and parameters: {'learning_rate': 0.006285872862120696, 'num_leaves': 511, 'min_data_in_leaf': 1365, 'lambda_l2': 0.8966501011065878, 'subsample': 0.8687780861126799, 'colsample_bytree': 0.6087756072676824}. Best is trial 8 with value: 0.5243721837616175.
Training until validation scores don't improve for 10 rounds
Training until validation scores don't improve for 10 rounds
Early stopping, best iteration is:
[109]	training's ndcg@1000: 0.599656	valid_1's ndcg@1000: 0.497519
Training until validation scores don't improve for 10 rounds
Early stopping, best iteration is:
[55]	training's ndcg@1000: 0.527133	valid_1's ndcg@1000: 0.48439
Early stopping, best iteration is:
[125]	training's ndcg@1000: 0.60236	valid_1's ndcg@1000: 0.534985
Early stopping, best iteration is:
[61]	training's ndcg@1000: 0.562381	valid_1's ndcg@1000: 0.49718
[I 2025-06-21 09:03:07,135] Trial 11 finished with value: 0.5474958229777143 and parameters: {'learning_rate': 0.016795557733615737, 'num_leaves': 1539, 'min_data_in_leaf': 839, 'lambda_l2': 0.7733071878917569, 'subsample': 0.9091156774676449, 'colsample_bytree': 0.5114243436934462}. Best is trial 0 with value: 0.5528159803430056.
Training until validation scores don't improve for 10 rounds
Early stopping, best iteration is:
[157]	training's ndcg@1000: 0.634496	valid_1's ndcg@1000: 0.50248
Early stopping, best iteration is:
[26]	training's ndcg@1000: 0.507773	valid_1's ndcg@1000: 0.516625
Training until validation scores don't improve for 10 rounds
Training until validation scores don't improve for 10 rounds
Training until validation scores don't improve for 10 rounds
Training until validation scores don't improve for 10 rounds
Early stopping, best iteration is:
[43]	training's ndcg@1000: 0.550204	valid_1's ndcg@1000: 0.491472
Early stopping, best iteration is:
[37]	training's ndcg@1000: 0.523913	valid_1's ndcg@1000: 0.533629
Training until validation scores don't improve for 10 rounds
Training until validation scores don't improve for 10 rounds
Early stopping, best iteration is:
[81]	training's ndcg@1000: 0.578935	valid_1's ndcg@1000: 0.509172
Early stopping, best iteration is:
[69]	training's ndcg@1000: 0.526096	valid_1's ndcg@1000: 0.470729
[I 2025-06-21 09:03:59,224] Trial 12 finished with value: 0.5104299211872936 and parameters: {'learning_rate': 0.007240062422088942, 'num_leaves': 1171, 'min_data_in_leaf': 555, 'lambda_l2': 0.9072274417974445, 'subsample': 0.6437659756557279, 'colsample_bytree': 0.8045692152016879}. Best is trial 9 with value: 0.5154970124419986.
Early stopping, best iteration is:
[47]	training's ndcg@1000: 0.570586	valid_1's ndcg@1000: 0.490306
[I 2025-06-21 09:04:02,184] Trial 12 finished with value: 0.5436084370001288 and parameters: {'learning_rate': 0.027622667881688105, 'num_leaves': 586, 'min_data_in_leaf': 1937, 'lambda_l2': 0.007534244375784316, 'subsample': 0.9719803374058611, 'colsample_bytree': 0.798740201394168}. Best is trial 0 with value: 0.5442122638226504.
Early stopping, best iteration is:
[92]	training's ndcg@1000: 0.531943	valid_1's ndcg@1000: 0.488404
Training until validation scores don't improve for 10 rounds
Training until validation scores don't improve for 10 rounds
Early stopping, best iteration is:
[35]	training's ndcg@1000: 0.528486	valid_1's ndcg@1000: 0.525994
Training until validation scores don't improve for 10 rounds
Training until validation scores don't improve for 10 rounds
Training until validation scores don't improve for 10 rounds
Early stopping, best iteration is:
[38]	training's ndcg@1000: 0.532873	valid_1's ndcg@1000: 0.487886
Training until validation scores don't improve for 10 rounds
Training until validation scores don't improve for 10 rounds
Early stopping, best iteration is:
[117]	training's ndcg@1000: 0.605538	valid_1's ndcg@1000: 0.485683
[I 2025-06-21 09:05:00,043] Trial 12 finished with value: 0.5208245162079421 and parameters: {'learning_rate': 0.026398952716322678, 'num_leaves': 1759, 'min_data_in_leaf': 482, 'lambda_l2': 0.9345218725020168, 'subsample': 0.7967694303043142, 'colsample_bytree': 0.896914431127753}. Best is trial 4 with value: 0.5230962823888797.
Early stopping, best iteration is:
[22]	training's ndcg@1000: 0.534877	valid_1's ndcg@1000: 0.502348
Early stopping, best iteration is:
[148]	training's ndcg@1000: 0.59029	valid_1's ndcg@1000: 0.54972
Early stopping, best iteration is:
[90]	training's ndcg@1000: 0.531041	valid_1's ndcg@1000: 0.485497
Early stopping, best iteration is:
[163]	training's ndcg@1000: 0.634942	valid_1's ndcg@1000: 0.501378
Training until validation scores don't improve for 10 rounds
Early stopping, best iteration is:
[23]	training's ndcg@1000: 0.528315	valid_1's ndcg@1000: 0.484739
Training until validation scores don't improve for 10 rounds
Training until validation scores don't improve for 10 rounds
Training until validation scores don't improve for 10 rounds
Early stopping, best iteration is:
[20]	training's ndcg@1000: 0.538253	valid_1's ndcg@1000: 0.492186
[I 2025-06-21 09:05:37,469] Trial 12 finished with value: 0.5399951344532157 and parameters: {'learning_rate': 0.005596279962965743, 'num_leaves': 756, 'min_data_in_leaf': 1452, 'lambda_l2': 0.9242965597894662, 'subsample': 0.6869066852206149, 'colsample_bytree': 0.6154369610966748}. Best is trial 0 with value: 0.5528159803430056.
Training until validation scores don't improve for 10 rounds
Training until validation scores don't improve for 10 rounds
Early stopping, best iteration is:
[26]	training's ndcg@1000: 0.528391	valid_1's ndcg@1000: 0.500314
Early stopping, best iteration is:
[27]	training's ndcg@1000: 0.546445	valid_1's ndcg@1000: 0.497734
[I 2025-06-21 09:05:50,457] Trial 12 finished with value: 0.5362539891843483 and parameters: {'learning_rate': 0.02778727064022351, 'num_leaves': 981, 'min_data_in_leaf': 1276, 'lambda_l2': 0.39264986123413226, 'subsample': 0.6370936741629893, 'colsample_bytree': 0.8525205281774134}. Best is trial 5 with value: 0.5374882433438216.
Early stopping, best iteration is:
[70]	training's ndcg@1000: 0.525126	valid_1's ndcg@1000: 0.490731
[I 2025-06-21 09:05:58,826] Trial 13 finished with value: 0.5211070649809583 and parameters: {'learning_rate': 0.013330573894968216, 'num_leaves': 761, 'min_data_in_leaf': 1905, 'lambda_l2': 0.941243176400369, 'subsample': 0.6826675789448478, 'colsample_bytree': 0.7094904473700661}. Best is trial 8 with value: 0.5243721837616175.
Training until validation scores don't improve for 10 rounds
Early stopping, best iteration is:
[25]	training's ndcg@1000: 0.530405	valid_1's ndcg@1000: 0.486218
Training until validation scores don't improve for 10 rounds
Early stopping, best iteration is:
[204]	training's ndcg@1000: 0.621743	valid_1's ndcg@1000: 0.528469
Training until validation scores don't improve for 10 rounds
Early stopping, best iteration is:
[25]	training's ndcg@1000: 0.554585	valid_1's ndcg@1000: 0.538645
Training until validation scores don't improve for 10 rounds
Training until validation scores don't improve for 10 rounds
Training until validation scores don't improve for 10 rounds
Training until validation scores don't improve for 10 rounds
Early stopping, best iteration is:
[112]	training's ndcg@1000: 0.564492	valid_1's ndcg@1000: 0.533589
Early stopping, best iteration is:
[23]	training's ndcg@1000: 0.526743	valid_1's ndcg@1000: 0.475159
[I 2025-06-21 09:06:48,697] Trial 13 finished with value: 0.51235519643848 and parameters: {'learning_rate': 0.019287122206457296, 'num_leaves': 474, 'min_data_in_leaf': 994, 'lambda_l2': 0.37923163067750687, 'subsample': 0.7574096709321717, 'colsample_bytree': 0.5049685826766026}. Best is trial 9 with value: 0.5154970124419986.
Training until validation scores don't improve for 10 rounds
Early stopping, best iteration is:
[79]	training's ndcg@1000: 0.564198	valid_1's ndcg@1000: 0.523947
Early stopping, best iteration is:
[128]	training's ndcg@1000: 0.574724	valid_1's ndcg@1000: 0.495387
Early stopping, best iteration is:
[35]	training's ndcg@1000: 0.563304	valid_1's ndcg@1000: 0.531477
Early stopping, best iteration is:
[176]	training's ndcg@1000: 0.618376	valid_1's ndcg@1000: 0.502498
Training until validation scores don't improve for 10 rounds
Training until validation scores don't improve for 10 rounds
Early stopping, best iteration is:
[53]	training's ndcg@1000: 0.5375	valid_1's ndcg@1000: 0.48563
Training until validation scores don't improve for 10 rounds
Training until validation scores don't improve for 10 rounds
Training until validation scores don't improve for 10 rounds
Early stopping, best iteration is:
[140]	training's ndcg@1000: 0.583768	valid_1's ndcg@1000: 0.511651
Training until validation scores don't improve for 10 rounds
Early stopping, best iteration is:
[42]	training's ndcg@1000: 0.547935	valid_1's ndcg@1000: 0.48728
Early stopping, best iteration is:
[43]	training's ndcg@1000: 0.552907	valid_1's ndcg@1000: 0.489038
Early stopping, best iteration is:
[65]	training's ndcg@1000: 0.550682	valid_1's ndcg@1000: 0.492569
[I 2025-06-21 09:08:01,096] Trial 13 finished with value: 0.5434984562305457 and parameters: {'learning_rate': 0.025265915373662354, 'num_leaves': 240, 'min_data_in_leaf': 596, 'lambda_l2': 0.4504346070080315, 'subsample': 0.8593237410855068, 'colsample_bytree': 0.559686441115856}. Best is trial 0 with value: 0.5442122638226504.
Training until validation scores don't improve for 10 rounds
Training until validation scores don't improve for 10 rounds
Training until validation scores don't improve for 10 rounds
Early stopping, best iteration is:
[58]	training's ndcg@1000: 0.55261	valid_1's ndcg@1000: 0.497544
Training until validation scores don't improve for 10 rounds
Early stopping, best iteration is:
[15]	training's ndcg@1000: 0.531134	valid_1's ndcg@1000: 0.485683
Training until validation scores don't improve for 10 rounds
Early stopping, best iteration is:
[101]	training's ndcg@1000: 0.562157	valid_1's ndcg@1000: 0.48569
Early stopping, best iteration is:
[78]	training's ndcg@1000: 0.590029	valid_1's ndcg@1000: 0.547709
Early stopping, best iteration is:
[66]	training's ndcg@1000: 0.551939	valid_1's ndcg@1000: 0.481406
[I 2025-06-21 09:09:00,981] Trial 13 finished with value: 0.5190092235753673 and parameters: {'learning_rate': 0.013144871511533998, 'num_leaves': 1690, 'min_data_in_leaf': 409, 'lambda_l2': 0.7376469597671568, 'subsample': 0.672089047879396, 'colsample_bytree': 0.7835136790600299}. Best is trial 4 with value: 0.5230962823888797.
Early stopping, best iteration is:
[313]	training's ndcg@1000: 0.661512	valid_1's ndcg@1000: 0.518777
Training until validation scores don't improve for 10 rounds
Training until validation scores don't improve for 10 rounds
Training until validation scores don't improve for 10 rounds
Early stopping, best iteration is:
[119]	training's ndcg@1000: 0.578137	valid_1's ndcg@1000: 0.501606
Training until validation scores don't improve for 10 rounds
[I 2025-06-21 09:09:34,807] Trial 13 finished with value: 0.5358620238472018 and parameters: {'learning_rate': 0.023475498742942063, 'num_leaves': 533, 'min_data_in_leaf': 1792, 'lambda_l2': 0.45275490144204156, 'subsample': 0.9888439303801895, 'colsample_bytree': 0.6856798352298992}. Best is trial 5 with value: 0.5374882433438216.
Training until validation scores don't improve for 10 rounds
Early stopping, best iteration is:
[92]	training's ndcg@1000: 0.578193	valid_1's ndcg@1000: 0.494655
[I 2025-06-21 09:09:41,277] Trial 14 finished with value: 0.5238062021029152 and parameters: {'learning_rate': 0.028253706449363515, 'num_leaves': 270, 'min_data_in_leaf': 950, 'lambda_l2': 0.3781845319528043, 'subsample': 0.8439646078827342, 'colsample_bytree': 0.7366178543170437}. Best is trial 8 with value: 0.5243721837616175.
Training until validation scores don't improve for 10 rounds
Early stopping, best iteration is:
[89]	training's ndcg@1000: 0.560164	valid_1's ndcg@1000: 0.486542
Early stopping, best iteration is:
[64]	training's ndcg@1000: 0.542336	valid_1's ndcg@1000: 0.503839
Early stopping, best iteration is:
[110]	training's ndcg@1000: 0.619946	valid_1's ndcg@1000: 0.526722
Training until validation scores don't improve for 10 rounds
Training until validation scores don't improve for 10 rounds
Training until validation scores don't improve for 10 rounds
Training until validation scores don't improve for 10 rounds
Early stopping, best iteration is:
[143]	training's ndcg@1000: 0.608439	valid_1's ndcg@1000: 0.499619
