[I 2025-06-17 12:42:40,276] Trial 19 finished with value: 0.1270469914461507 and parameters: {'learning_rate': 0.013871812697977312, 'num_leaves': 1288, 'min_data_in_leaf': 1189, 'lambda_l2': 0.16350855145567905, 'subsample': 0.7481200822060134, 'colsample_bytree': 0.531534479383762}. Best is trial 19 with value: 0.1270469914461507.
Early stopping, best iteration is:
[363]	training's rmse: 0.00728585	valid_1's rmse: 0.00820328
Training until validation scores don't improve for 10 rounds
Early stopping, best iteration is:
[373]	training's rmse: 0.00661714	valid_1's rmse: 0.00805774
Training until validation scores don't improve for 10 rounds
Training until validation scores don't improve for 10 rounds
Early stopping, best iteration is:
[515]	training's rmse: 0.00748034	valid_1's rmse: 0.00739936
Training until validation scores don't improve for 10 rounds
Early stopping, best iteration is:
[282]	training's rmse: 0.00669491	valid_1's rmse: 0.00708326
Training until validation scores don't improve for 10 rounds
Training until validation scores don't improve for 10 rounds
Early stopping, best iteration is:
[530]	training's rmse: 0.00680244	valid_1's rmse: 0.0081811
Training until validation scores don't improve for 10 rounds
Early stopping, best iteration is:
[533]	training's rmse: 0.00677185	valid_1's rmse: 0.00739931
Training until validation scores don't improve for 10 rounds
Early stopping, best iteration is:
[331]	training's rmse: 0.00725884	valid_1's rmse: 0.00827199
Early stopping, best iteration is:
[387]	training's rmse: 0.00770097	valid_1's rmse: 0.00677839
[I 2025-06-17 12:45:48,229] Trial 15 finished with value: 0.12240735204805395 and parameters: {'learning_rate': 0.010344031292935933, 'num_leaves': 939, 'min_data_in_leaf': 942, 'lambda_l2': 0.334067828798565, 'subsample': 0.8439563810884895, 'colsample_bytree': 0.5067265200579814}. Best is trial 14 with value: 0.12281617833541944.
Early stopping, best iteration is:
[285]	training's rmse: 0.00683817	valid_1's rmse: 0.00850514
Training until validation scores don't improve for 10 rounds
[I 2025-06-17 12:45:53,495] Trial 23 finished with value: 0.11594473647524395 and parameters: {'learning_rate': 0.010457982367694095, 'num_leaves': 901, 'min_data_in_leaf': 570, 'lambda_l2': 0.8874659854047721, 'subsample': 0.6860361529646168, 'colsample_bytree': 0.5118588076833694}. Best is trial 17 with value: 0.11695291524917746.
Early stopping, best iteration is:
[386]	training's rmse: 0.006985	valid_1's rmse: 0.00790039
Training until validation scores don't improve for 10 rounds
Early stopping, best iteration is:
[209]	training's rmse: 0.00715955	valid_1's rmse: 0.00680141
Training until validation scores don't improve for 10 rounds
Training until validation scores don't improve for 10 rounds
Early stopping, best iteration is:
[137]	training's rmse: 0.00666442	valid_1's rmse: 0.00795211
Training until validation scores don't improve for 10 rounds
Training until validation scores don't improve for 10 rounds
Training until validation scores don't improve for 10 rounds
Early stopping, best iteration is:
[386]	training's rmse: 0.00745563	valid_1's rmse: 0.00790187
Early stopping, best iteration is:
[331]	training's rmse: 0.0070107	valid_1's rmse: 0.00867039
Early stopping, best iteration is:
[137]	training's rmse: 0.00743484	valid_1's rmse: 0.00867258
Early stopping, best iteration is:
[415]	training's rmse: 0.00738662	valid_1's rmse: 0.00664081
Training until validation scores don't improve for 10 rounds
Training until validation scores don't improve for 10 rounds
Training until validation scores don't improve for 10 rounds
Early stopping, best iteration is:
[470]	training's rmse: 0.00711915	valid_1's rmse: 0.00639464
[I 2025-06-17 12:48:52,122] Trial 23 finished with value: 0.11549740028012877 and parameters: {'learning_rate': 0.009113509868767333, 'num_leaves': 794, 'min_data_in_leaf': 1303, 'lambda_l2': 0.2756180828544575, 'subsample': 0.9117814723716728, 'colsample_bytree': 0.6115095663881304}. Best is trial 22 with value: 0.11613104424232788.
Early stopping, best iteration is:
[134]	training's rmse: 0.00742901	valid_1's rmse: 0.0080696
Early stopping, best iteration is:
[843]	training's rmse: 0.00679228	valid_1's rmse: 0.00664889
Training until validation scores don't improve for 10 rounds
Early stopping, best iteration is:
[433]	training's rmse: 0.00724671	valid_1's rmse: 0.00707613
[I 2025-06-17 12:49:49,141] Trial 20 finished with value: 0.12669739381332942 and parameters: {'learning_rate': 0.01432112276393754, 'num_leaves': 817, 'min_data_in_leaf': 1208, 'lambda_l2': 0.2010890165904688, 'subsample': 0.748419703774537, 'colsample_bytree': 0.5080101128292126}. Best is trial 19 with value: 0.1270469914461507.
Training until validation scores don't improve for 10 rounds
Training until validation scores don't improve for 10 rounds
Training until validation scores don't improve for 10 rounds
Early stopping, best iteration is:
[249]	training's rmse: 0.00743552	valid_1's rmse: 0.00803346
Early stopping, best iteration is:
[486]	training's rmse: 0.0066374	valid_1's rmse: 0.00805866
Early stopping, best iteration is:
[296]	training's rmse: 0.00755966	valid_1's rmse: 0.00740278
Training until validation scores don't improve for 10 rounds
Early stopping, best iteration is:
[735]	training's rmse: 0.00674778	valid_1's rmse: 0.00708459
Training until validation scores don't improve for 10 rounds
Training until validation scores don't improve for 10 rounds
Early stopping, best iteration is:
[681]	training's rmse: 0.00668231	valid_1's rmse: 0.00817634
Early stopping, best iteration is:
[647]	training's rmse: 0.00681697	valid_1's rmse: 0.00739961
Training until validation scores don't improve for 10 rounds
Early stopping, best iteration is:
[279]	training's rmse: 0.0077224	valid_1's rmse: 0.00677831
[I 2025-06-17 12:53:03,623] Trial 16 finished with value: 0.1218215194578616 and parameters: {'learning_rate': 0.013273031111820741, 'num_leaves': 1277, 'min_data_in_leaf': 939, 'lambda_l2': 0.2470319506178687, 'subsample': 0.6277285106392905, 'colsample_bytree': 0.5113590469000473}. Best is trial 14 with value: 0.12281617833541944.
Training until validation scores don't improve for 10 rounds
Training until validation scores don't improve for 10 rounds
Early stopping, best iteration is:
[654]	training's rmse: 0.00692233	valid_1's rmse: 0.0085047
[I 2025-06-17 12:54:10,871] Trial 24 finished with value: 0.1160871514174838 and parameters: {'learning_rate': 0.005061763866370591, 'num_leaves': 429, 'min_data_in_leaf': 1075, 'lambda_l2': 0.3695951329212975, 'subsample': 0.6315844869242555, 'colsample_bytree': 0.5487040982891326}. Best is trial 17 with value: 0.11695291524917746.
Early stopping, best iteration is:
[397]	training's rmse: 0.0069303	valid_1's rmse: 0.0079022
Early stopping, best iteration is:
[300]	training's rmse: 0.00716038	valid_1's rmse: 0.00680178
Training until validation scores don't improve for 10 rounds
Early stopping, best iteration is:
[432]	training's rmse: 0.00713064	valid_1's rmse: 0.00867301
Early stopping, best iteration is:
[345]	training's rmse: 0.00724479	valid_1's rmse: 0.00639997
[I 2025-06-17 12:55:49,235] Trial 24 finished with value: 0.1154331376108039 and parameters: {'learning_rate': 0.007382474398080266, 'num_leaves': 1124, 'min_data_in_leaf': 1648, 'lambda_l2': 0.17091739484305882, 'subsample': 0.9531379868443038, 'colsample_bytree': 0.5420400232247671}. Best is trial 22 with value: 0.11613104424232788.
Training until validation scores don't improve for 10 rounds
Training until validation scores don't improve for 10 rounds
Training until validation scores don't improve for 10 rounds
Training until validation scores don't improve for 10 rounds
Early stopping, best iteration is:
[41]	training's rmse: 0.00670253	valid_1's rmse: 0.00795554
Early stopping, best iteration is:
[245]	training's rmse: 0.00745527	valid_1's rmse: 0.008072
Training until validation scores don't improve for 10 rounds
Early stopping, best iteration is:
[457]	training's rmse: 0.00730826	valid_1's rmse: 0.00663961
Training until validation scores don't improve for 10 rounds
Early stopping, best iteration is:
[477]	training's rmse: 0.00654762	valid_1's rmse: 0.0080556
Early stopping, best iteration is:
[466]	training's rmse: 0.00668475	valid_1's rmse: 0.00664761
Training until validation scores don't improve for 10 rounds
Training until validation scores don't improve for 10 rounds
Training until validation scores don't improve for 10 rounds
Early stopping, best iteration is:
[314]	training's rmse: 0.00685217	valid_1's rmse: 0.00740328
Early stopping, best iteration is:
[696]	training's rmse: 0.00756318	valid_1's rmse: 0.00740121
Training until validation scores don't improve for 10 rounds
Early stopping, best iteration is:
[470]	training's rmse: 0.00717494	valid_1's rmse: 0.00707355
Early stopping, best iteration is:
[353]	training's rmse: 0.00668344	valid_1's rmse: 0.00708264
[I 2025-06-17 13:00:05,760] Trial 21 finished with value: 0.1272648582216448 and parameters: {'learning_rate': 0.013761185151615202, 'num_leaves': 1270, 'min_data_in_leaf': 922, 'lambda_l2': 0.1290971698852192, 'subsample': 0.7794044710944876, 'colsample_bytree': 0.5749231743458927}. Best is trial 21 with value: 0.1272648582216448.
Training until validation scores don't improve for 10 rounds
Early stopping, best iteration is:
[196]	training's rmse: 0.00714916	valid_1's rmse: 0.00680171
Training until validation scores don't improve for 10 rounds
Training until validation scores don't improve for 10 rounds
Training until validation scores don't improve for 10 rounds
Early stopping, best iteration is:
[398]	training's rmse: 0.00781575	valid_1's rmse: 0.00678133
[I 2025-06-17 13:01:35,163] Trial 17 finished with value: 0.12172045081512287 and parameters: {'learning_rate': 0.008685887102002984, 'num_leaves': 918, 'min_data_in_leaf': 1609, 'lambda_l2': 0.1723938897633445, 'subsample': 0.8436072767972629, 'colsample_bytree': 0.5962873951575434}. Best is trial 14 with value: 0.12281617833541944.
Training until validation scores don't improve for 10 rounds
Early stopping, best iteration is:
[447]	training's rmse: 0.00679974	valid_1's rmse: 0.00818053
Early stopping, best iteration is:
[242]	training's rmse: 0.00722392	valid_1's rmse: 0.00639861
Early stopping, best iteration is:
[373]	training's rmse: 0.0068154	valid_1's rmse: 0.00848984
[I 2025-06-17 13:02:08,228] Trial 25 finished with value: 0.11492071249914904 and parameters: {'learning_rate': 0.009931196304441128, 'num_leaves': 804, 'min_data_in_leaf': 1236, 'lambda_l2': 0.3119949106473575, 'subsample': 0.8780821068862871, 'colsample_bytree': 0.678517951350604}. Best is trial 22 with value: 0.11613104424232788.
[I 2025-06-17 13:02:09,816] Trial 25 finished with value: 0.11426180088509513 and parameters: {'learning_rate': 0.009254677678345084, 'num_leaves': 1270, 'min_data_in_leaf': 630, 'lambda_l2': 0.6892547414435366, 'subsample': 0.7495137961752225, 'colsample_bytree': 0.6500249142651291}. Best is trial 17 with value: 0.11695291524917746.
Training until validation scores don't improve for 10 rounds
Training until validation scores don't improve for 10 rounds
Training until validation scores don't improve for 10 rounds
Training until validation scores don't improve for 10 rounds
Early stopping, best iteration is:
[78]	training's rmse: 0.00667022	valid_1's rmse: 0.0079527
Training until validation scores don't improve for 10 rounds
Early stopping, best iteration is:
[162]	training's rmse: 0.00699613	valid_1's rmse: 0.00867245
Early stopping, best iteration is:
[162]	training's rmse: 0.007834	valid_1's rmse: 0.00740425
Early stopping, best iteration is:
[206]	training's rmse: 0.00706859	valid_1's rmse: 0.00790598
[I 2025-06-17 13:03:36,641] Trial 17 finished with value: 0.1293382977357182 and parameters: {'learning_rate': 0.015982070155615365, 'num_leaves': 1408, 'min_data_in_leaf': 407, 'lambda_l2': 0.6845174408834415, 'subsample': 0.8488719824374904, 'colsample_bytree': 0.5092296654806486}. Best is trial 15 with value: 0.13079275423092462.
Training until validation scores don't improve for 10 rounds
Training until validation scores don't improve for 10 rounds
Early stopping, best iteration is:
[363]	training's rmse: 0.00664397	valid_1's rmse: 0.00805862
Training until validation scores don't improve for 10 rounds
Early stopping, best iteration is:
[73]	training's rmse: 0.00740446	valid_1's rmse: 0.00806891
Training until validation scores don't improve for 10 rounds
Training until validation scores don't improve for 10 rounds
Early stopping, best iteration is:
[466]	training's rmse: 0.00680718	valid_1's rmse: 0.0066495
Training until validation scores don't improve for 10 rounds
Early stopping, best iteration is:
[360]	training's rmse: 0.00737362	valid_1's rmse: 0.0066413
Training until validation scores don't improve for 10 rounds
Training until validation scores don't improve for 10 rounds
Early stopping, best iteration is:
[214]	training's rmse: 0.0074358	valid_1's rmse: 0.00740136
Early stopping, best iteration is:
[662]	training's rmse: 0.00675071	valid_1's rmse: 0.00739944
Early stopping, best iteration is:
[290]	training's rmse: 0.00788435	valid_1's rmse: 0.00665534
[I 2025-06-17 13:06:48,388] Trial 13 finished with value: 0.12587058448455468 and parameters: {'learning_rate': 0.005064963872990595, 'num_leaves': 1432, 'min_data_in_leaf': 418, 'lambda_l2': 0.9951659603515202, 'subsample': 0.6814927999595691, 'colsample_bytree': 0.701640873062188}. Best is trial 12 with value: 0.12609116242082147.
Training until validation scores don't improve for 10 rounds
Early stopping, best iteration is:
[474]	training's rmse: 0.00672123	valid_1's rmse: 0.00708326
Training until validation scores don't improve for 10 rounds
Early stopping, best iteration is:
[474]	training's rmse: 0.00717191	valid_1's rmse: 0.00707453
[I 2025-06-17 13:07:40,340] Trial 22 finished with value: 0.1258558437515179 and parameters: {'learning_rate': 0.013579793884870912, 'num_leaves': 1272, 'min_data_in_leaf': 916, 'lambda_l2': 0.1322390247988077, 'subsample': 0.7922861370152416, 'colsample_bytree': 0.5593559174188724}. Best is trial 21 with value: 0.1272648582216448.
Early stopping, best iteration is:
[129]	training's rmse: 0.00771966	valid_1's rmse: 0.00678141
[I 2025-06-17 13:07:44,248] Trial 18 finished with value: 0.11928156935324652 and parameters: {'learning_rate': 0.0236510562214281, 'num_leaves': 1273, 'min_data_in_leaf': 750, 'lambda_l2': 0.3748682028677061, 'subsample': 0.8023010886903283, 'colsample_bytree': 0.6829224878090625}. Best is trial 14 with value: 0.12281617833541944.
Training until validation scores don't improve for 10 rounds
Training until validation scores don't improve for 10 rounds
Early stopping, best iteration is:
[310]	training's rmse: 0.0071193	valid_1's rmse: 0.00680129
Training until validation scores don't improve for 10 rounds
Training until validation scores don't improve for 10 rounds
Training until validation scores don't improve for 10 rounds
Early stopping, best iteration is:
[752]	training's rmse: 0.00759136	valid_1's rmse: 0.00827661
Early stopping, best iteration is:
[299]	training's rmse: 0.00678004	valid_1's rmse: 0.00818119
Early stopping, best iteration is:
[422]	training's rmse: 0.00689371	valid_1's rmse: 0.00849753
[I 2025-06-17 13:09:25,945] Trial 26 finished with value: 0.11467828240022734 and parameters: {'learning_rate': 0.007216563894709993, 'num_leaves': 1047, 'min_data_in_leaf': 833, 'lambda_l2': 0.8751475390829323, 'subsample': 0.6943685709261413, 'colsample_bytree': 0.6800872123223309}. Best is trial 17 with value: 0.11695291524917746.
Training until validation scores don't improve for 10 rounds
Training until validation scores don't improve for 10 rounds
Training until validation scores don't improve for 10 rounds
Early stopping, best iteration is:
[32]	training's rmse: 0.00667504	valid_1's rmse: 0.00795877
Early stopping, best iteration is:
[684]	training's rmse: 0.00705972	valid_1's rmse: 0.00639231
Early stopping, best iteration is:
[181]	training's rmse: 0.00700076	valid_1's rmse: 0.00790274
[I 2025-06-17 13:10:44,683] Trial 26 finished with value: 0.11621233709167927 and parameters: {'learning_rate': 0.007250693399593441, 'num_leaves': 515, 'min_data_in_leaf': 1121, 'lambda_l2': 0.48838682443124387, 'subsample': 0.9581256181177529, 'colsample_bytree': 0.5378149519163914}. Best is trial 26 with value: 0.11621233709167927.
Early stopping, best iteration is:
[347]	training's rmse: 0.00725576	valid_1's rmse: 0.00840613
Training until validation scores don't improve for 10 rounds
Training until validation scores don't improve for 10 rounds
Early stopping, best iteration is:
[507]	training's rmse: 0.00691119	valid_1's rmse: 0.00866761
Early stopping, best iteration is:
[296]	training's rmse: 0.00667325	valid_1's rmse: 0.0066502
Training until validation scores don't improve for 10 rounds
Early stopping, best iteration is:
[340]	training's rmse: 0.00725501	valid_1's rmse: 0.00664059
Training until validation scores don't improve for 10 rounds
Early stopping, best iteration is:
[461]	training's rmse: 0.00753711	valid_1's rmse: 0.00867283
Training until validation scores don't improve for 10 rounds
Training until validation scores don't improve for 10 rounds
Early stopping, best iteration is:
[208]	training's rmse: 0.00737163	valid_1's rmse: 0.00806773
Early stopping, best iteration is:
[241]	training's rmse: 0.00665537	valid_1's rmse: 0.00708435
Early stopping, best iteration is:
[377]	training's rmse: 0.00710227	valid_1's rmse: 0.00707192
[I 2025-06-17 13:14:14,077] Trial 23 finished with value: 0.12603098374510033 and parameters: {'learning_rate': 0.019131852625969743, 'num_leaves': 1175, 'min_data_in_leaf': 767, 'lambda_l2': 0.4511008971241363, 'subsample': 0.8374869465715374, 'colsample_bytree': 0.5554073979707749}. Best is trial 21 with value: 0.1272648582216448.
Training until validation scores don't improve for 10 rounds
Training until validation scores don't improve for 10 rounds
Training until validation scores don't improve for 10 rounds
Training until validation scores don't improve for 10 rounds
Early stopping, best iteration is:
[273]	training's rmse: 0.00677411	valid_1's rmse: 0.00849554
[I 2025-06-17 13:16:50,686] Trial 27 finished with value: 0.10978562542912937 and parameters: {'learning_rate': 0.012148703962941165, 'num_leaves': 671, 'min_data_in_leaf': 464, 'lambda_l2': 0.4319318954598746, 'subsample': 0.6688326264848025, 'colsample_bytree': 0.9962014086670619}. Best is trial 17 with value: 0.11695291524917746.
Early stopping, best iteration is:
[709]	training's rmse: 0.00766581	valid_1's rmse: 0.00803479
Early stopping, best iteration is:
[259]	training's rmse: 0.00660295	valid_1's rmse: 0.00805855
Training until validation scores don't improve for 10 rounds
Early stopping, best iteration is:
[721]	training's rmse: 0.00729667	valid_1's rmse: 0.00739741
Early stopping, best iteration is:
[773]	training's rmse: 0.0067006	valid_1's rmse: 0.0081781
Early stopping, best iteration is:
[73]	training's rmse: 0.00669382	valid_1's rmse: 0.00795572
Training until validation scores don't improve for 10 rounds
Training until validation scores don't improve for 10 rounds
Training until validation scores don't improve for 10 rounds
Training until validation scores don't improve for 10 rounds
Training until validation scores don't improve for 10 rounds
Early stopping, best iteration is:
[319]	training's rmse: 0.00678372	valid_1's rmse: 0.00740103
Training until validation scores don't improve for 10 rounds
Early stopping, best iteration is:
[591]	training's rmse: 0.00680087	valid_1's rmse: 0.00664966
Early stopping, best iteration is:
[155]	training's rmse: 0.00714065	valid_1's rmse: 0.00680075
Training until validation scores don't improve for 10 rounds
Early stopping, best iteration is:
[314]	training's rmse: 0.00770422	valid_1's rmse: 0.00677891
[I 2025-06-17 13:20:23,065] Trial 19 finished with value: 0.12285262560690507 and parameters: {'learning_rate': 0.008176797644994214, 'num_leaves': 1664, 'min_data_in_leaf': 560, 'lambda_l2': 0.9882320548787459, 'subsample': 0.9566248511954241, 'colsample_bytree': 0.5446575922801618}. Best is trial 19 with value: 0.12285262560690507.
Early stopping, best iteration is:
[629]	training's rmse: 0.00685855	valid_1's rmse: 0.00789963
Training until validation scores don't improve for 10 rounds
Early stopping, best iteration is:
[388]	training's rmse: 0.00805689	valid_1's rmse: 0.00740705
[I 2025-06-17 13:21:05,527] Trial 18 finished with value: 0.13071701726032778 and parameters: {'learning_rate': 0.005269093098891965, 'num_leaves': 1730, 'min_data_in_leaf': 859, 'lambda_l2': 0.9238229165756836, 'subsample': 0.7537559270822455, 'colsample_bytree': 0.6912736674852491}. Best is trial 15 with value: 0.13079275423092462.
Training until validation scores don't improve for 10 rounds
Training until validation scores don't improve for 10 rounds
Early stopping, best iteration is:
[222]	training's rmse: 0.00718178	valid_1's rmse: 0.00639759
