[I 2025-06-21 09:54:13,170] Trial 25 finished with value: 0.5220930469586753 and parameters: {'learning_rate': 0.029816522414838804, 'num_leaves': 1967, 'min_data_in_leaf': 1039, 'lambda_l2': 0.140073936530359, 'subsample': 0.992157957634132, 'colsample_bytree': 0.5790627648391989}. Best is trial 4 with value: 0.5230962823888797.
Training until validation scores don't improve for 10 rounds
Training until validation scores don't improve for 10 rounds
Early stopping, best iteration is:
[93]	training's ndcg@1000: 0.641942	valid_1's ndcg@1000: 0.509823
Training until validation scores don't improve for 10 rounds
Training until validation scores don't improve for 10 rounds
Early stopping, best iteration is:
[23]	training's ndcg@1000: 0.54889	valid_1's ndcg@1000: 0.486329
Early stopping, best iteration is:
[86]	training's ndcg@1000: 0.614656	valid_1's ndcg@1000: 0.49313
[I 2025-06-21 09:55:01,802] Trial 24 finished with value: 0.5242887765153611 and parameters: {'learning_rate': 0.02088842804145445, 'num_leaves': 1192, 'min_data_in_leaf': 709, 'lambda_l2': 0.17719414272544484, 'subsample': 0.753251223605688, 'colsample_bytree': 0.992335709463878}. Best is trial 21 with value: 0.5249740997467396.
Early stopping, best iteration is:
[56]	training's ndcg@1000: 0.619481	valid_1's ndcg@1000: 0.500027
[I 2025-06-21 09:55:08,071] Trial 23 finished with value: 0.5527779444667815 and parameters: {'learning_rate': 0.025950034704854442, 'num_leaves': 1788, 'min_data_in_leaf': 413, 'lambda_l2': 0.3352961128380771, 'subsample': 0.8285763129148562, 'colsample_bytree': 0.8596595827168758}. Best is trial 20 with value: 0.5532878817055384.
Early stopping, best iteration is:
[50]	training's ndcg@1000: 0.588399	valid_1's ndcg@1000: 0.506993
Early stopping, best iteration is:
[140]	training's ndcg@1000: 0.595885	valid_1's ndcg@1000: 0.524686
Training until validation scores don't improve for 10 rounds
Training until validation scores don't improve for 10 rounds
Training until validation scores don't improve for 10 rounds
Training until validation scores don't improve for 10 rounds
Early stopping, best iteration is:
[63]	training's ndcg@1000: 0.619381	valid_1's ndcg@1000: 0.498863
Training until validation scores don't improve for 10 rounds
Training until validation scores don't improve for 10 rounds
Early stopping, best iteration is:
[31]	training's ndcg@1000: 0.576915	valid_1's ndcg@1000: 0.495967
Early stopping, best iteration is:
[134]	training's ndcg@1000: 0.641871	valid_1's ndcg@1000: 0.482475
[I 2025-06-21 09:56:15,362] Trial 27 finished with value: 0.5156971932572039 and parameters: {'learning_rate': 0.026216629972280078, 'num_leaves': 734, 'min_data_in_leaf': 677, 'lambda_l2': 0.3090619384694658, 'subsample': 0.837109088090499, 'colsample_bytree': 0.6534710602102795}. Best is trial 27 with value: 0.5156971932572039.
Training until validation scores don't improve for 10 rounds
Early stopping, best iteration is:
[147]	training's ndcg@1000: 0.603963	valid_1's ndcg@1000: 0.500299
Early stopping, best iteration is:
[78]	training's ndcg@1000: 0.623916	valid_1's ndcg@1000: 0.523392
Training until validation scores don't improve for 10 rounds
Early stopping, best iteration is:
[62]	training's ndcg@1000: 0.616232	valid_1's ndcg@1000: 0.501441
[I 2025-06-21 09:56:48,511] Trial 24 finished with value: 0.5367692456591535 and parameters: {'learning_rate': 0.02943446414036518, 'num_leaves': 1159, 'min_data_in_leaf': 864, 'lambda_l2': 0.10029558746088195, 'subsample': 0.676084502673884, 'colsample_bytree': 0.7131946195484082}. Best is trial 22 with value: 0.5378204492462828.
Training until validation scores don't improve for 10 rounds
Early stopping, best iteration is:
[165]	training's ndcg@1000: 0.702234	valid_1's ndcg@1000: 0.545791
Early stopping, best iteration is:
[42]	training's ndcg@1000: 0.589193	valid_1's ndcg@1000: 0.493168
Training until validation scores don't improve for 10 rounds
Training until validation scores don't improve for 10 rounds
Early stopping, best iteration is:
[82]	training's ndcg@1000: 0.598762	valid_1's ndcg@1000: 0.490587
Early stopping, best iteration is:
[49]	training's ndcg@1000: 0.562296	valid_1's ndcg@1000: 0.489
[I 2025-06-21 09:57:17,534] Trial 26 finished with value: 0.5402126618465074 and parameters: {'learning_rate': 0.0169105315384923, 'num_leaves': 797, 'min_data_in_leaf': 984, 'lambda_l2': 0.38006104114584927, 'subsample': 0.8422520600143366, 'colsample_bytree': 0.7523053318548982}. Best is trial 0 with value: 0.5442122638226504.
Training until validation scores don't improve for 10 rounds
Training until validation scores don't improve for 10 rounds
Early stopping, best iteration is:
[35]	training's ndcg@1000: 0.585756	valid_1's ndcg@1000: 0.484035
Training until validation scores don't improve for 10 rounds
Training until validation scores don't improve for 10 rounds
Training until validation scores don't improve for 10 rounds
Training until validation scores don't improve for 10 rounds
Early stopping, best iteration is:
[89]	training's ndcg@1000: 0.679152	valid_1's ndcg@1000: 0.53377
Early stopping, best iteration is:
[60]	training's ndcg@1000: 0.583263	valid_1's ndcg@1000: 0.486239
Early stopping, best iteration is:
[106]	training's ndcg@1000: 0.599997	valid_1's ndcg@1000: 0.548118
Early stopping, best iteration is:
[19]	training's ndcg@1000: 0.568966	valid_1's ndcg@1000: 0.487411
Early stopping, best iteration is:
[115]	training's ndcg@1000: 0.640784	valid_1's ndcg@1000: 0.485537
[I 2025-06-21 09:58:31,344] Trial 26 finished with value: 0.5219667135954561 and parameters: {'learning_rate': 0.017860937517227823, 'num_leaves': 1624, 'min_data_in_leaf': 822, 'lambda_l2': 0.004859985438487813, 'subsample': 0.7567785808527726, 'colsample_bytree': 0.6464156899576068}. Best is trial 4 with value: 0.5230962823888797.
Early stopping, best iteration is:
[171]	training's ndcg@1000: 0.709887	valid_1's ndcg@1000: 0.539051
Training until validation scores don't improve for 10 rounds
Training until validation scores don't improve for 10 rounds
Training until validation scores don't improve for 10 rounds
Training until validation scores don't improve for 10 rounds
Early stopping, best iteration is:
[50]	training's ndcg@1000: 0.575471	valid_1's ndcg@1000: 0.488185
Training until validation scores don't improve for 10 rounds
Training until validation scores don't improve for 10 rounds
Early stopping, best iteration is:
[62]	training's ndcg@1000: 0.544515	valid_1's ndcg@1000: 0.505942
Early stopping, best iteration is:
[77]	training's ndcg@1000: 0.668369	valid_1's ndcg@1000: 0.510632
Early stopping, best iteration is:
[124]	training's ndcg@1000: 0.618727	valid_1's ndcg@1000: 0.526296
Early stopping, best iteration is:
[60]	training's ndcg@1000: 0.613311	valid_1's ndcg@1000: 0.493638
[I 2025-06-21 09:59:38,097] Trial 25 finished with value: 0.5246746954919881 and parameters: {'learning_rate': 0.025275530800014243, 'num_leaves': 1797, 'min_data_in_leaf': 724, 'lambda_l2': 0.11421695695308891, 'subsample': 0.6410570378413492, 'colsample_bytree': 0.9134208921440546}. Best is trial 21 with value: 0.5249740997467396.
Training until validation scores don't improve for 10 rounds
Training until validation scores don't improve for 10 rounds
Training until validation scores don't improve for 10 rounds
Training until validation scores don't improve for 10 rounds
Early stopping, best iteration is:
[138]	training's ndcg@1000: 0.695605	valid_1's ndcg@1000: 0.51731
Training until validation scores don't improve for 10 rounds
Early stopping, best iteration is:
[51]	training's ndcg@1000: 0.575909	valid_1's ndcg@1000: 0.496348
Early stopping, best iteration is:
[127]	training's ndcg@1000: 0.588847	valid_1's ndcg@1000: 0.498162
Early stopping, best iteration is:
[124]	training's ndcg@1000: 0.636727	valid_1's ndcg@1000: 0.481789
[I 2025-06-21 10:00:32,134] Trial 28 finished with value: 0.5162258862463962 and parameters: {'learning_rate': 0.02678867269396231, 'num_leaves': 1435, 'min_data_in_leaf': 670, 'lambda_l2': 0.3160051673224687, 'subsample': 0.9159717695289928, 'colsample_bytree': 0.6517742065345412}. Best is trial 28 with value: 0.5162258862463962.
Training until validation scores don't improve for 10 rounds
Early stopping, best iteration is:
[102]	training's ndcg@1000: 0.702068	valid_1's ndcg@1000: 0.500574
Training until validation scores don't improve for 10 rounds
Early stopping, best iteration is:
[73]	training's ndcg@1000: 0.621769	valid_1's ndcg@1000: 0.523834
Training until validation scores don't improve for 10 rounds
Early stopping, best iteration is:
[40]	training's ndcg@1000: 0.567926	valid_1's ndcg@1000: 0.488601
[I 2025-06-21 10:01:04,503] Trial 27 finished with value: 0.5413567300290697 and parameters: {'learning_rate': 0.027510961988744396, 'num_leaves': 357, 'min_data_in_leaf': 1199, 'lambda_l2': 0.2136536842780439, 'subsample': 0.9576532440411597, 'colsample_bytree': 0.8166821688586372}. Best is trial 0 with value: 0.5442122638226504.
Training until validation scores don't improve for 10 rounds
Early stopping, best iteration is:
[69]	training's ndcg@1000: 0.633945	valid_1's ndcg@1000: 0.500219
[I 2025-06-21 10:01:18,347] Trial 24 finished with value: 0.552449566702912 and parameters: {'learning_rate': 0.026902663457445554, 'num_leaves': 1808, 'min_data_in_leaf': 422, 'lambda_l2': 0.3365170563831656, 'subsample': 0.7614859245632883, 'colsample_bytree': 0.8813644608095667}. Best is trial 20 with value: 0.5532878817055384.
Early stopping, best iteration is:
[92]	training's ndcg@1000: 0.569941	valid_1's ndcg@1000: 0.495093
Training until validation scores don't improve for 10 rounds
Early stopping, best iteration is:
[84]	training's ndcg@1000: 0.586186	valid_1's ndcg@1000: 0.490754
Training until validation scores don't improve for 10 rounds
Training until validation scores don't improve for 10 rounds
Training until validation scores don't improve for 10 rounds
Early stopping, best iteration is:
[25]	training's ndcg@1000: 0.573709	valid_1's ndcg@1000: 0.483828
Early stopping, best iteration is:
[46]	training's ndcg@1000: 0.634322	valid_1's ndcg@1000: 0.499814
[I 2025-06-21 10:01:55,404] Trial 25 finished with value: 0.5377703310030637 and parameters: {'learning_rate': 0.029800485087678182, 'num_leaves': 883, 'min_data_in_leaf': 656, 'lambda_l2': 0.028307291799365114, 'subsample': 0.855674894650746, 'colsample_bytree': 0.7808279479320267}. Best is trial 22 with value: 0.5378204492462828.
Training until validation scores don't improve for 10 rounds
Training until validation scores don't improve for 10 rounds
Early stopping, best iteration is:
[142]	training's ndcg@1000: 0.584418	valid_1's ndcg@1000: 0.549702
Early stopping, best iteration is:
[22]	training's ndcg@1000: 0.539113	valid_1's ndcg@1000: 0.484688
Early stopping, best iteration is:
[73]	training's ndcg@1000: 0.599135	valid_1's ndcg@1000: 0.540134
Training until validation scores don't improve for 10 rounds
Early stopping, best iteration is:
[127]	training's ndcg@1000: 0.587658	valid_1's ndcg@1000: 0.484943
[I 2025-06-21 10:02:31,412] Trial 27 finished with value: 0.5219893364255961 and parameters: {'learning_rate': 0.02287686055027979, 'num_leaves': 1407, 'min_data_in_leaf': 1285, 'lambda_l2': 0.4059654840163271, 'subsample': 0.6043248533940286, 'colsample_bytree': 0.5581111467501119}. Best is trial 4 with value: 0.5230962823888797.
Training until validation scores don't improve for 10 rounds
Training until validation scores don't improve for 10 rounds
Training until validation scores don't improve for 10 rounds
Training until validation scores don't improve for 10 rounds
Early stopping, best iteration is:
[34]	training's ndcg@1000: 0.549436	valid_1's ndcg@1000: 0.487487
Early stopping, best iteration is:
[83]	training's ndcg@1000: 0.561986	valid_1's ndcg@1000: 0.523747
Early stopping, best iteration is:
[48]	training's ndcg@1000: 0.613169	valid_1's ndcg@1000: 0.532827
Early stopping, best iteration is:
[23]	training's ndcg@1000: 0.56256	valid_1's ndcg@1000: 0.529657
Training until validation scores don't improve for 10 rounds
Early stopping, best iteration is:
[74]	training's ndcg@1000: 0.6295	valid_1's ndcg@1000: 0.48879
Early stopping, best iteration is:
[58]	training's ndcg@1000: 0.546578	valid_1's ndcg@1000: 0.507076
Training until validation scores don't improve for 10 rounds
Training until validation scores don't improve for 10 rounds
Training until validation scores don't improve for 10 rounds
Training until validation scores don't improve for 10 rounds
Training until validation scores don't improve for 10 rounds
Early stopping, best iteration is:
[138]	training's ndcg@1000: 0.595165	valid_1's ndcg@1000: 0.50001
Training until validation scores don't improve for 10 rounds
Early stopping, best iteration is:
[87]	training's ndcg@1000: 0.588825	valid_1's ndcg@1000: 0.479884
[I 2025-06-21 10:03:59,026] Trial 29 finished with value: 0.5150555844779884 and parameters: {'learning_rate': 0.026830523971218653, 'num_leaves': 1997, 'min_data_in_leaf': 916, 'lambda_l2': 0.3159995019622272, 'subsample': 0.9131523011357868, 'colsample_bytree': 0.6857361070960913}. Best is trial 28 with value: 0.5162258862463962.
Early stopping, best iteration is:
[48]	training's ndcg@1000: 0.619241	valid_1's ndcg@1000: 0.508458
Early stopping, best iteration is:
[94]	training's ndcg@1000: 0.576078	valid_1's ndcg@1000: 0.498361
Early stopping, best iteration is:
[52]	training's ndcg@1000: 0.605462	valid_1's ndcg@1000: 0.492299
[I 2025-06-21 10:04:31,459] Trial 26 finished with value: 0.5246808478286121 and parameters: {'learning_rate': 0.02670322188926523, 'num_leaves': 980, 'min_data_in_leaf': 535, 'lambda_l2': 0.23220470505847238, 'subsample': 0.7079903070815496, 'colsample_bytree': 0.9992575474865115}. Best is trial 21 with value: 0.5249740997467396.
Training until validation scores don't improve for 10 rounds
Training until validation scores don't improve for 10 rounds
Training until validation scores don't improve for 10 rounds
Early stopping, best iteration is:
[22]	training's ndcg@1000: 0.539743	valid_1's ndcg@1000: 0.488439
[I 2025-06-21 10:04:39,393] Trial 28 finished with value: 0.541359656121157 and parameters: {'learning_rate': 0.02606412916185937, 'num_leaves': 981, 'min_data_in_leaf': 1859, 'lambda_l2': 0.5419072742555487, 'subsample': 0.9199331104230901, 'colsample_bytree': 0.906628880035876}. Best is trial 0 with value: 0.5442122638226504.
Early stopping, best iteration is:
[163]	training's ndcg@1000: 0.680722	valid_1's ndcg@1000: 0.517433
Early stopping, best iteration is:
[29]	training's ndcg@1000: 0.544399	valid_1's ndcg@1000: 0.486893
Training until validation scores don't improve for 10 rounds
Training until validation scores don't improve for 10 rounds
Early stopping, best iteration is:
[65]	training's ndcg@1000: 0.643657	valid_1's ndcg@1000: 0.498918
Early stopping, best iteration is:
[71]	training's ndcg@1000: 0.562963	valid_1's ndcg@1000: 0.492991
Training until validation scores don't improve for 10 rounds
Training until validation scores don't improve for 10 rounds
Training until validation scores don't improve for 10 rounds
Early stopping, best iteration is:
[22]	training's ndcg@1000: 0.542731	valid_1's ndcg@1000: 0.484564
Early stopping, best iteration is:
[41]	training's ndcg@1000: 0.593349	valid_1's ndcg@1000: 0.545076
Training until validation scores don't improve for 10 rounds
Training until validation scores don't improve for 10 rounds
Training until validation scores don't improve for 10 rounds
Early stopping, best iteration is:
[114]	training's ndcg@1000: 0.6101	valid_1's ndcg@1000: 0.524572
Early stopping, best iteration is:
[66]	training's ndcg@1000: 0.556594	valid_1's ndcg@1000: 0.484128
[I 2025-06-21 10:06:05,250] Trial 28 finished with value: 0.5216995264713026 and parameters: {'learning_rate': 0.026293148480549797, 'num_leaves': 1835, 'min_data_in_leaf': 1671, 'lambda_l2': 0.2747771088359533, 'subsample': 0.8047626690891204, 'colsample_bytree': 0.6879282221130958}. Best is trial 4 with value: 0.5230962823888797.
Training until validation scores don't improve for 10 rounds
Early stopping, best iteration is:
[47]	training's ndcg@1000: 0.619895	valid_1's ndcg@1000: 0.499595
[I 2025-06-21 10:06:12,442] Trial 26 finished with value: 0.5358280603454435 and parameters: {'learning_rate': 0.025138449591283207, 'num_leaves': 696, 'min_data_in_leaf': 710, 'lambda_l2': 0.003986809076196623, 'subsample': 0.773190214307718, 'colsample_bytree': 0.8854879986099196}. Best is trial 22 with value: 0.5378204492462828.
Early stopping, best iteration is:
[140]	training's ndcg@1000: 0.666939	valid_1's ndcg@1000: 0.502695
Early stopping, best iteration is:
[52]	training's ndcg@1000: 0.575157	valid_1's ndcg@1000: 0.487093
[I 2025-06-21 10:06:16,747] Trial 25 finished with value: 0.5489892661373721 and parameters: {'learning_rate': 0.025319030523288818, 'num_leaves': 1335, 'min_data_in_leaf': 408, 'lambda_l2': 0.563448838552918, 'subsample': 0.993718194493353, 'colsample_bytree': 0.8690862668165755}. Best is trial 20 with value: 0.5532878817055384.
Training until validation scores don't improve for 10 rounds
Training until validation scores don't improve for 10 rounds
Early stopping, best iteration is:
[78]	training's ndcg@1000: 0.629371	valid_1's ndcg@1000: 0.524533
Training until validation scores don't improve for 10 rounds
Training until validation scores don't improve for 10 rounds
Training until validation scores don't improve for 10 rounds
Early stopping, best iteration is:
[33]	training's ndcg@1000: 0.558462	valid_1's ndcg@1000: 0.485828
Early stopping, best iteration is:
[8]	training's ndcg@1000: 0.528547	valid_1's ndcg@1000: 0.470877
[I 2025-06-21 10:06:57,265] Trial 30 finished with value: 0.5123879750041659 and parameters: {'learning_rate': 0.029978835960059243, 'num_leaves': 928, 'min_data_in_leaf': 622, 'lambda_l2': 0.46094823929307627, 'subsample': 0.9878420063131734, 'colsample_bytree': 0.7651194339989602}. Best is trial 28 with value: 0.5162258862463962.
Early stopping, best iteration is:
[60]	training's ndcg@1000: 0.562635	valid_1's ndcg@1000: 0.507528
Early stopping, best iteration is:
[36]	training's ndcg@1000: 0.575161	valid_1's ndcg@1000: 0.531166
Training until validation scores don't improve for 10 rounds
Training until validation scores don't improve for 10 rounds
Training until validation scores don't improve for 10 rounds
Early stopping, best iteration is:
[121]	training's ndcg@1000: 0.657186	valid_1's ndcg@1000: 0.54508
Training until validation scores don't improve for 10 rounds
Training until validation scores don't improve for 10 rounds
Early stopping, best iteration is:
[20]	training's ndcg@1000: 0.551851	valid_1's ndcg@1000: 0.488512
Early stopping, best iteration is:
[62]	training's ndcg@1000: 0.578366	valid_1's ndcg@1000: 0.487439
Early stopping, best iteration is:
[50]	training's ndcg@1000: 0.594175	valid_1's ndcg@1000: 0.50925
Early stopping, best iteration is:
[83]	training's ndcg@1000: 0.580755	valid_1's ndcg@1000: 0.497749
Training until validation scores don't improve for 10 rounds
Training until validation scores don't improve for 10 rounds
Early stopping, best iteration is:
[11]	training's ndcg@1000: 0.547	valid_1's ndcg@1000: 0.484096
Early stopping, best iteration is:
[42]	training's ndcg@1000: 0.589746	valid_1's ndcg@1000: 0.531969
Training until validation scores don't improve for 10 rounds
Training until validation scores don't improve for 10 rounds
Training until validation scores don't improve for 10 rounds
Early stopping, best iteration is:
[179]	training's ndcg@1000: 0.703328	valid_1's ndcg@1000: 0.502203
Early stopping, best iteration is:
[23]	training's ndcg@1000: 0.544917	valid_1's ndcg@1000: 0.491969
Training until validation scores don't improve for 10 rounds
Early stopping, best iteration is:
[69]	training's ndcg@1000: 0.582086	valid_1's ndcg@1000: 0.492947
Training until validation scores don't improve for 10 rounds
[I 2025-06-21 10:09:06,761] Trial 27 finished with value: 0.5244554963610641 and parameters: {'learning_rate': 0.02137557328186345, 'num_leaves': 577, 'min_data_in_leaf': 891, 'lambda_l2': 0.232294537609439, 'subsample': 0.7794394982580898, 'colsample_bytree': 0.8695179587732524}. Best is trial 21 with value: 0.5249740997467396.
Early stopping, best iteration is:
[107]	training's ndcg@1000: 0.651011	valid_1's ndcg@1000: 0.499695
Early stopping, best iteration is:
[52]	training's ndcg@1000: 0.593198	valid_1's ndcg@1000: 0.487931
Training until validation scores don't improve for 10 rounds
Training until validation scores don't improve for 10 rounds
Training until validation scores don't improve for 10 rounds
Training until validation scores don't improve for 10 rounds
Training until validation scores don't improve for 10 rounds
Early stopping, best iteration is:
[96]	training's ndcg@1000: 0.590165	valid_1's ndcg@1000: 0.484317
[I 2025-06-21 10:09:51,344] Trial 29 finished with value: 0.5216321818852958 and parameters: {'learning_rate': 0.019839005978938392, 'num_leaves': 1461, 'min_data_in_leaf': 1074, 'lambda_l2': 0.1509983384700299, 'subsample': 0.7152229072473021, 'colsample_bytree': 0.6172757996672897}. Best is trial 4 with value: 0.5230962823888797.
Early stopping, best iteration is:
[67]	training's ndcg@1000: 0.626443	valid_1's ndcg@1000: 0.490609
[I 2025-06-21 10:10:00,843] Trial 29 finished with value: 0.5422023802944588 and parameters: {'learning_rate': 0.01790747183937859, 'num_leaves': 788, 'min_data_in_leaf': 655, 'lambda_l2': 0.05732365952432094, 'subsample': 0.9779376617068566, 'colsample_bytree': 0.9934817404975985}. Best is trial 0 with value: 0.5442122638226504.
Early stopping, best iteration is:
[147]	training's ndcg@1000: 0.691288	valid_1's ndcg@1000: 0.517507
Early stopping, best iteration is:
[69]	training's ndcg@1000: 0.615978	valid_1's ndcg@1000: 0.501366
