[I 2025-06-17 11:22:08,732] Trial 9 finished with value: 0.12500506876740486 and parameters: {'learning_rate': 0.027843317658441787, 'num_leaves': 1482, 'min_data_in_leaf': 1000, 'lambda_l2': 0.5575521567907542, 'subsample': 0.8830362505371683, 'colsample_bytree': 0.9965467700514804}. Best is trial 7 with value: 0.1296274525215691.
Early stopping, best iteration is:
[267]	training's rmse: 0.00734441	valid_1's rmse: 0.0080674
Training until validation scores don't improve for 10 rounds
Early stopping, best iteration is:
[504]	training's rmse: 0.007404	valid_1's rmse: 0.00664043
Early stopping, best iteration is:
[760]	training's rmse: 0.00683108	valid_1's rmse: 0.00740107
Early stopping, best iteration is:
[540]	training's rmse: 0.00686505	valid_1's rmse: 0.00849977
Training until validation scores don't improve for 10 rounds
[I 2025-06-17 11:23:37,716] Trial 12 finished with value: 0.11648551085503328 and parameters: {'learning_rate': 0.005411077762144057, 'num_leaves': 489, 'min_data_in_leaf': 544, 'lambda_l2': 0.4194253535182857, 'subsample': 0.75261083161675, 'colsample_bytree': 0.567407910169751}. Best is trial 12 with value: 0.11648551085503328.
Training until validation scores don't improve for 10 rounds
Training until validation scores don't improve for 10 rounds
Early stopping, best iteration is:
[263]	training's rmse: 0.00721898	valid_1's rmse: 0.00840713
Training until validation scores don't improve for 10 rounds
Early stopping, best iteration is:
[82]	training's rmse: 0.00664286	valid_1's rmse: 0.00795279
Early stopping, best iteration is:
[185]	training's rmse: 0.0076243	valid_1's rmse: 0.00828178
Early stopping, best iteration is:
[373]	training's rmse: 0.00716713	valid_1's rmse: 0.00680165
Training until validation scores don't improve for 10 rounds
Early stopping, best iteration is:
[427]	training's rmse: 0.00730394	valid_1's rmse: 0.00707832
[I 2025-06-17 11:25:21,721] Trial 11 finished with value: 0.12596918429377923 and parameters: {'learning_rate': 0.011909202503014062, 'num_leaves': 1097, 'min_data_in_leaf': 1373, 'lambda_l2': 0.033774918947862886, 'subsample': 0.7125506755574078, 'colsample_bytree': 0.6462314102602521}. Best is trial 8 with value: 0.12620126220060604.
Training until validation scores don't improve for 10 rounds
Training until validation scores don't improve for 10 rounds
Training until validation scores don't improve for 10 rounds
Training until validation scores don't improve for 10 rounds
Early stopping, best iteration is:
[443]	training's rmse: 0.00675163	valid_1's rmse: 0.00664723
Early stopping, best iteration is:
[168]	training's rmse: 0.00748423	valid_1's rmse: 0.0086719
Early stopping, best iteration is:
[468]	training's rmse: 0.00723842	valid_1's rmse: 0.00639915
[I 2025-06-17 11:27:18,984] Trial 12 finished with value: 0.1153473133567742 and parameters: {'learning_rate': 0.0054075511238443905, 'num_leaves': 698, 'min_data_in_leaf': 1497, 'lambda_l2': 0.35670652356744814, 'subsample': 0.9950468316074328, 'colsample_bytree': 0.5003601058384353}. Best is trial 11 with value: 0.11547477733223005.
Training until validation scores don't improve for 10 rounds
Early stopping, best iteration is:
[658]	training's rmse: 0.00684436	valid_1's rmse: 0.00818277
Early stopping, best iteration is:
[228]	training's rmse: 0.00730912	valid_1's rmse: 0.00820351
Training until validation scores don't improve for 10 rounds
Training until validation scores don't improve for 10 rounds
Training until validation scores don't improve for 10 rounds
Early stopping, best iteration is:
[131]	training's rmse: 0.00662096	valid_1's rmse: 0.00805783
Training until validation scores don't improve for 10 rounds
Early stopping, best iteration is:
[803]	training's rmse: 0.00729385	valid_1's rmse: 0.00739841
Early stopping, best iteration is:
[451]	training's rmse: 0.00666445	valid_1's rmse: 0.00708278
Training until validation scores don't improve for 10 rounds
Early stopping, best iteration is:
[164]	training's rmse: 0.00680757	valid_1's rmse: 0.00740062
Training until validation scores don't improve for 10 rounds
Training until validation scores don't improve for 10 rounds
Early stopping, best iteration is:
[425]	training's rmse: 0.00703773	valid_1's rmse: 0.00790253
Training until validation scores don't improve for 10 rounds
Early stopping, best iteration is:
[287]	training's rmse: 0.00753869	valid_1's rmse: 0.00803293
Training until validation scores don't improve for 10 rounds
Early stopping, best iteration is:
[81]	training's rmse: 0.00714782	valid_1's rmse: 0.00680218
Training until validation scores don't improve for 10 rounds
Training until validation scores don't improve for 10 rounds
Early stopping, best iteration is:
[231]	training's rmse: 0.0074957	valid_1's rmse: 0.00790467
Early stopping, best iteration is:
[475]	training's rmse: 0.00743797	valid_1's rmse: 0.00664288
Early stopping, best iteration is:
[179]	training's rmse: 0.00711417	valid_1's rmse: 0.00639583
[I 2025-06-17 11:31:47,141] Trial 13 finished with value: 0.11427977165074615 and parameters: {'learning_rate': 0.02835457327838878, 'num_leaves': 687, 'min_data_in_leaf': 1510, 'lambda_l2': 0.3463812670609675, 'subsample': 0.9976808160421006, 'colsample_bytree': 0.6378184779913229}. Best is trial 11 with value: 0.11547477733223005.
Early stopping, best iteration is:
[535]	training's rmse: 0.0067667	valid_1's rmse: 0.00848385
[I 2025-06-17 11:31:52,781] Trial 13 finished with value: 0.11544609828581492 and parameters: {'learning_rate': 0.007988262839000974, 'num_leaves': 603, 'min_data_in_leaf': 654, 'lambda_l2': 0.7670450680186444, 'subsample': 0.7858537885786814, 'colsample_bytree': 0.6092611053514371}. Best is trial 12 with value: 0.11648551085503328.
Training until validation scores don't improve for 10 rounds
Training until validation scores don't improve for 10 rounds
Training until validation scores don't improve for 10 rounds
Training until validation scores don't improve for 10 rounds
Early stopping, best iteration is:
[78]	training's rmse: 0.00659673	valid_1's rmse: 0.00794848
Early stopping, best iteration is:
[176]	training's rmse: 0.00793387	valid_1's rmse: 0.0074044
[I 2025-06-17 11:32:52,295] Trial 10 finished with value: 0.12957326513160983 and parameters: {'learning_rate': 0.01270386364782524, 'num_leaves': 1214, 'min_data_in_leaf': 503, 'lambda_l2': 0.27215971147013734, 'subsample': 0.7227891113143267, 'colsample_bytree': 0.5869473267972716}. Best is trial 7 with value: 0.1296274525215691.
Training until validation scores don't improve for 10 rounds
Training until validation scores don't improve for 10 rounds
Early stopping, best iteration is:
[508]	training's rmse: 0.00759849	valid_1's rmse: 0.00677819
[I 2025-06-17 11:33:57,438] Trial 10 finished with value: 0.12216020606870429 and parameters: {'learning_rate': 0.006023882839268337, 'num_leaves': 1437, 'min_data_in_leaf': 450, 'lambda_l2': 0.0253015538434046, 'subsample': 0.9714905948714703, 'colsample_bytree': 0.8534885035536972}. Best is trial 10 with value: 0.12216020606870429.
Early stopping, best iteration is:
[749]	training's rmse: 0.00721641	valid_1's rmse: 0.00707404
[I 2025-06-17 11:34:25,201] Trial 12 finished with value: 0.12667084395322478 and parameters: {'learning_rate': 0.011248415579604907, 'num_leaves': 1066, 'min_data_in_leaf': 1454, 'lambda_l2': 0.017420231648009477, 'subsample': 0.6955845871946412, 'colsample_bytree': 0.6800841173903254}. Best is trial 12 with value: 0.12667084395322478.
Early stopping, best iteration is:
[345]	training's rmse: 0.00670543	valid_1's rmse: 0.00664802
Early stopping, best iteration is:
[604]	training's rmse: 0.00663801	valid_1's rmse: 0.008058
Early stopping, best iteration is:
[215]	training's rmse: 0.00785142	valid_1's rmse: 0.00665514
[I 2025-06-17 11:34:37,829] Trial 10 finished with value: 0.12440591335541937 and parameters: {'learning_rate': 0.007691098654885828, 'num_leaves': 1431, 'min_data_in_leaf': 446, 'lambda_l2': 0.906622140738429, 'subsample': 0.7246983104009191, 'colsample_bytree': 0.6907965366467624}. Best is trial 9 with value: 0.1247509829744661.
Training until validation scores don't improve for 10 rounds
Training until validation scores don't improve for 10 rounds
Training until validation scores don't improve for 10 rounds
Training until validation scores don't improve for 10 rounds
Training until validation scores don't improve for 10 rounds
Early stopping, best iteration is:
[223]	training's rmse: 0.00753184	valid_1's rmse: 0.00827731
Early stopping, best iteration is:
[243]	training's rmse: 0.00672383	valid_1's rmse: 0.00708451
Training until validation scores don't improve for 10 rounds
Training until validation scores don't improve for 10 rounds
Early stopping, best iteration is:
[816]	training's rmse: 0.00681152	valid_1's rmse: 0.00739944
Early stopping, best iteration is:
[810]	training's rmse: 0.00674219	valid_1's rmse: 0.00817796
Early stopping, best iteration is:
[247]	training's rmse: 0.00686672	valid_1's rmse: 0.00850183
[I 2025-06-17 11:37:32,838] Trial 14 finished with value: 0.11572470342182166 and parameters: {'learning_rate': 0.013246871621675118, 'num_leaves': 1046, 'min_data_in_leaf': 759, 'lambda_l2': 0.4619644430627327, 'subsample': 0.7144732160080318, 'colsample_bytree': 0.5089413515381256}. Best is trial 12 with value: 0.11648551085503328.
Early stopping, best iteration is:
[230]	training's rmse: 0.00724956	valid_1's rmse: 0.00840818
Training until validation scores don't improve for 10 rounds
Training until validation scores don't improve for 10 rounds
Training until validation scores don't improve for 10 rounds
Early stopping, best iteration is:
[26]	training's rmse: 0.00667207	valid_1's rmse: 0.00795213
Early stopping, best iteration is:
[182]	training's rmse: 0.00742441	valid_1's rmse: 0.00867309
Training until validation scores don't improve for 10 rounds
Training until validation scores don't improve for 10 rounds
Early stopping, best iteration is:
[337]	training's rmse: 0.00717593	valid_1's rmse: 0.00680192
Training until validation scores don't improve for 10 rounds
Early stopping, best iteration is:
[173]	training's rmse: 0.006768	valid_1's rmse: 0.00664856
Early stopping, best iteration is:
[491]	training's rmse: 0.00696713	valid_1's rmse: 0.00790233
Training until validation scores don't improve for 10 rounds
Early stopping, best iteration is:
[621]	training's rmse: 0.00690062	valid_1's rmse: 0.0086704
Training until validation scores don't improve for 10 rounds
Early stopping, best iteration is:
[131]	training's rmse: 0.00675676	valid_1's rmse: 0.00708704
Training until validation scores don't improve for 10 rounds
Training until validation scores don't improve for 10 rounds
Training until validation scores don't improve for 10 rounds
Early stopping, best iteration is:
[329]	training's rmse: 0.00743602	valid_1's rmse: 0.00803198
Early stopping, best iteration is:
[282]	training's rmse: 0.00722525	valid_1's rmse: 0.00820017
Early stopping, best iteration is:
[241]	training's rmse: 0.00674906	valid_1's rmse: 0.00848277
[I 2025-06-17 11:42:00,428] Trial 15 finished with value: 0.11236523734567011 and parameters: {'learning_rate': 0.02157326181193408, 'num_leaves': 545, 'min_data_in_leaf': 768, 'lambda_l2': 0.9866431815090757, 'subsample': 0.8634179437526759, 'colsample_bytree': 0.6260634897538606}. Best is trial 12 with value: 0.11648551085503328.
Early stopping, best iteration is:
[837]	training's rmse: 0.00712819	valid_1's rmse: 0.00639477
Early stopping, best iteration is:
[490]	training's rmse: 0.00738651	valid_1's rmse: 0.00664129
[I 2025-06-17 11:42:15,607] Trial 14 finished with value: 0.11570453532989956 and parameters: {'learning_rate': 0.00540607264430215, 'num_leaves': 678, 'min_data_in_leaf': 1458, 'lambda_l2': 0.35218865933981586, 'subsample': 0.9257389200324442, 'colsample_bytree': 0.6258863368346304}. Best is trial 14 with value: 0.11570453532989956.
Training until validation scores don't improve for 10 rounds
Training until validation scores don't improve for 10 rounds
Training until validation scores don't improve for 10 rounds
Training until validation scores don't improve for 10 rounds
Training until validation scores don't improve for 10 rounds
Early stopping, best iteration is:
[78]	training's rmse: 0.00662632	valid_1's rmse: 0.00795137
Training until validation scores don't improve for 10 rounds
Early stopping, best iteration is:
[303]	training's rmse: 0.00660193	valid_1's rmse: 0.00805633
Early stopping, best iteration is:
[320]	training's rmse: 0.00731728	valid_1's rmse: 0.00806726
Early stopping, best iteration is:
[165]	training's rmse: 0.0079292	valid_1's rmse: 0.00740456
[I 2025-06-17 11:44:22,270] Trial 11 finished with value: 0.12945294781310654 and parameters: {'learning_rate': 0.013079317218935417, 'num_leaves': 1315, 'min_data_in_leaf': 461, 'lambda_l2': 0.2819309011225557, 'subsample': 0.7155042824170794, 'colsample_bytree': 0.5869550709044431}. Best is trial 7 with value: 0.1296274525215691.
Training until validation scores don't improve for 10 rounds
Training until validation scores don't improve for 10 rounds
Early stopping, best iteration is:
[704]	training's rmse: 0.00717218	valid_1's rmse: 0.0070736
Training until validation scores don't improve for 10 rounds
[I 2025-06-17 11:45:20,999] Trial 13 finished with value: 0.12688949927011473 and parameters: {'learning_rate': 0.010481315858194125, 'num_leaves': 1447, 'min_data_in_leaf': 1044, 'lambda_l2': 0.03229382730111485, 'subsample': 0.6847277198324462, 'colsample_bytree': 0.6791150459034454}. Best is trial 13 with value: 0.12688949927011473.
Early stopping, best iteration is:
[407]	training's rmse: 0.00676947	valid_1's rmse: 0.00739893
Training until validation scores don't improve for 10 rounds
Early stopping, best iteration is:
[236]	training's rmse: 0.00747694	valid_1's rmse: 0.00790354
Early stopping, best iteration is:
[535]	training's rmse: 0.00659013	valid_1's rmse: 0.00664455
Training until validation scores don't improve for 10 rounds
Early stopping, best iteration is:
[202]	training's rmse: 0.00712111	valid_1's rmse: 0.00680068
Training until validation scores don't improve for 10 rounds
Training until validation scores don't improve for 10 rounds
Training until validation scores don't improve for 10 rounds
Early stopping, best iteration is:
[505]	training's rmse: 0.00742459	valid_1's rmse: 0.00827113
Early stopping, best iteration is:
[538]	training's rmse: 0.00660072	valid_1's rmse: 0.00817838
Early stopping, best iteration is:
[285]	training's rmse: 0.00716248	valid_1's rmse: 0.00639678
[I 2025-06-17 11:49:04,181] Trial 15 finished with value: 0.1151537478783522 and parameters: {'learning_rate': 0.012035580796909718, 'num_leaves': 887, 'min_data_in_leaf': 1303, 'lambda_l2': 0.2082789339279938, 'subsample': 0.8636803622929919, 'colsample_bytree': 0.6443422684855515}. Best is trial 14 with value: 0.11570453532989956.
Training until validation scores don't improve for 10 rounds
Early stopping, best iteration is:
[484]	training's rmse: 0.00749581	valid_1's rmse: 0.00740529
Training until validation scores don't improve for 10 rounds
Training until validation scores don't improve for 10 rounds
Early stopping, best iteration is:
[432]	training's rmse: 0.00657777	valid_1's rmse: 0.00708316
Training until validation scores don't improve for 10 rounds
Early stopping, best iteration is:
[189]	training's rmse: 0.00753835	valid_1's rmse: 0.00867436
Training until validation scores don't improve for 10 rounds
Early stopping, best iteration is:
[315]	training's rmse: 0.00668275	valid_1's rmse: 0.0080611
Early stopping, best iteration is:
[195]	training's rmse: 0.00787672	valid_1's rmse: 0.00665539
[I 2025-06-17 11:51:16,859] Trial 11 finished with value: 0.12530226735082944 and parameters: {'learning_rate': 0.007639711342329349, 'num_leaves': 1422, 'min_data_in_leaf': 408, 'lambda_l2': 0.9429094208316569, 'subsample': 0.6974341740369631, 'colsample_bytree': 0.6799478448084347}. Best is trial 11 with value: 0.12530226735082944.
Early stopping, best iteration is:
[249]	training's rmse: 0.00694116	valid_1's rmse: 0.00790424
Training until validation scores don't improve for 10 rounds
Training until validation scores don't improve for 10 rounds
Training until validation scores don't improve for 10 rounds
Training until validation scores don't improve for 10 rounds
Early stopping, best iteration is:
[165]	training's rmse: 0.00783629	valid_1's rmse: 0.00804596
Early stopping, best iteration is:
[494]	training's rmse: 0.00684278	valid_1's rmse: 0.0074015
Early stopping, best iteration is:
[399]	training's rmse: 0.00675361	valid_1's rmse: 0.00849125
[I 2025-06-17 11:53:27,279] Trial 16 finished with value: 0.11591953289116386 and parameters: {'learning_rate': 0.007991912450387675, 'num_leaves': 858, 'min_data_in_leaf': 415, 'lambda_l2': 0.6084431694169103, 'subsample': 0.7808556605230105, 'colsample_bytree': 0.6327931443469644}. Best is trial 12 with value: 0.11648551085503328.
Training until validation scores don't improve for 10 rounds
Training until validation scores don't improve for 10 rounds
Training until validation scores don't improve for 10 rounds
Early stopping, best iteration is:
[226]	training's rmse: 0.0071825	valid_1's rmse: 0.00680272
Early stopping, best iteration is:
[161]	training's rmse: 0.00662391	valid_1's rmse: 0.00795124
Early stopping, best iteration is:
[451]	training's rmse: 0.00716801	valid_1's rmse: 0.00663941
Early stopping, best iteration is:
[552]	training's rmse: 0.00759294	valid_1's rmse: 0.00677777
Early stopping, best iteration is:
[165]	training's rmse: 0.0080509	valid_1's rmse: 0.00740788
[I 2025-06-17 11:55:08,186] Trial 12 finished with value: 0.12929252285227513 and parameters: {'learning_rate': 0.011855207883503463, 'num_leaves': 1147, 'min_data_in_leaf': 760, 'lambda_l2': 0.2183703519012714, 'subsample': 0.6782490145182706, 'colsample_bytree': 0.6609925771327974}. Best is trial 7 with value: 0.1296274525215691.
Training until validation scores don't improve for 10 rounds
[I 2025-06-17 11:55:10,792] Trial 11 finished with value: 0.12121451199599136 and parameters: {'learning_rate': 0.0052587662272982625, 'num_leaves': 1440, 'min_data_in_leaf': 410, 'lambda_l2': 0.04589702980920949, 'subsample': 0.9947635231530324, 'colsample_bytree': 0.8413315821588158}. Best is trial 10 with value: 0.12216020606870429.
Training until validation scores don't improve for 10 rounds
Training until validation scores don't improve for 10 rounds
Training until validation scores don't improve for 10 rounds
Training until validation scores don't improve for 10 rounds
Early stopping, best iteration is:
[301]	training's rmse: 0.00724547	valid_1's rmse: 0.00640038
[I 2025-06-17 11:56:03,832] Trial 16 finished with value: 0.11382526085603925 and parameters: {'learning_rate': 0.008311689699697995, 'num_leaves': 592, 'min_data_in_leaf': 1647, 'lambda_l2': 0.6722118651502167, 'subsample': 0.9452968692785398, 'colsample_bytree': 0.6434927526316554}. Best is trial 14 with value: 0.11570453532989956.
Early stopping, best iteration is:
[592]	training's rmse: 0.00682534	valid_1's rmse: 0.00664907
Early stopping, best iteration is:
[405]	training's rmse: 0.00713317	valid_1's rmse: 0.00840533
Early stopping, best iteration is:
[566]	training's rmse: 0.00696077	valid_1's rmse: 0.00707188
[I 2025-06-17 11:58:08,346] Trial 14 finished with value: 0.12630854804088773 and parameters: {'learning_rate': 0.011112729485183754, 'num_leaves': 1397, 'min_data_in_leaf': 417, 'lambda_l2': 0.006679319497409408, 'subsample': 0.6699326239692247, 'colsample_bytree': 0.6945091019580139}. Best is trial 13 with value: 0.12688949927011473.
Early stopping, best iteration is:
[349]	training's rmse: 0.00726978	valid_1's rmse: 0.00827041
Training until validation scores don't improve for 10 rounds
Training until validation scores don't improve for 10 rounds
Training until validation scores don't improve for 10 rounds
Training until validation scores don't improve for 10 rounds
Early stopping, best iteration is:
[485]	training's rmse: 0.00690239	valid_1's rmse: 0.00867046
Training until validation scores don't improve for 10 rounds
Training until validation scores don't improve for 10 rounds
Early stopping, best iteration is:
[284]	training's rmse: 0.00665801	valid_1's rmse: 0.00805874
Early stopping, best iteration is:
[169]	training's rmse: 0.00737875	valid_1's rmse: 0.00867255
Early stopping, best iteration is:
[675]	training's rmse: 0.00682572	valid_1's rmse: 0.00818225
Early stopping, best iteration is:
[645]	training's rmse: 0.00672387	valid_1's rmse: 0.00708289
Training until validation scores don't improve for 10 rounds
Training until validation scores don't improve for 10 rounds
Training until validation scores don't improve for 10 rounds
Training until validation scores don't improve for 10 rounds
Early stopping, best iteration is:
[365]	training's rmse: 0.00683625	valid_1's rmse: 0.00740129
Early stopping, best iteration is:
[282]	training's rmse: 0.00729895	valid_1's rmse: 0.00820251
Training until validation scores don't improve for 10 rounds
Early stopping, best iteration is:
[284]	training's rmse: 0.00728534	valid_1's rmse: 0.00806564
Early stopping, best iteration is:
[192]	training's rmse: 0.00716132	valid_1's rmse: 0.00680326
Training until validation scores don't improve for 10 rounds
Early stopping, best iteration is:
[634]	training's rmse: 0.00694584	valid_1's rmse: 0.00790094
Training until validation scores don't improve for 10 rounds
Training until validation scores don't improve for 10 rounds
Early stopping, best iteration is:
[309]	training's rmse: 0.00737373	valid_1's rmse: 0.00803083
Early stopping, best iteration is:
[683]	training's rmse: 0.00685476	valid_1's rmse: 0.00849392
