[I 2025-06-17 10:20:34,353] Trial 2 finished with value: 0.11266553355579584 and parameters: {'learning_rate': 0.00938486665687599, 'num_leaves': 953, 'min_data_in_leaf': 1743, 'lambda_l2': 0.47844744314108845, 'subsample': 0.6456541791827756, 'colsample_bytree': 0.8110559958552295}. Best is trial 2 with value: 0.11266553355579584.
Training until validation scores don't improve for 10 rounds
Training until validation scores don't improve for 10 rounds
Training until validation scores don't improve for 10 rounds
Training until validation scores don't improve for 10 rounds
Training until validation scores don't improve for 10 rounds
Early stopping, best iteration is:
[75]	training's rmse: 0.00672231	valid_1's rmse: 0.00795668
Early stopping, best iteration is:
[190]	training's rmse: 0.00665938	valid_1's rmse: 0.00805775
Early stopping, best iteration is:
[184]	training's rmse: 0.0077568	valid_1's rmse: 0.00678062
Training until validation scores don't improve for 10 rounds
[I 2025-06-17 10:21:54,318] Trial 3 finished with value: 0.1204404404849897 and parameters: {'learning_rate': 0.022444339139589382, 'num_leaves': 651, 'min_data_in_leaf': 1340, 'lambda_l2': 0.4445568205207421, 'subsample': 0.9100655439590911, 'colsample_bytree': 0.6414737334262867}. Best is trial 0 with value: 0.12123388950592118.
Early stopping, best iteration is:
[396]	training's rmse: 0.00726197	valid_1's rmse: 0.00707722
[I 2025-06-17 10:22:00,154] Trial 3 finished with value: 0.12592623791038848 and parameters: {'learning_rate': 0.017036743089449146, 'num_leaves': 380, 'min_data_in_leaf': 1426, 'lambda_l2': 0.7692117991192403, 'subsample': 0.7526521837336151, 'colsample_bytree': 0.623359777737674}. Best is trial 3 with value: 0.12592623791038848.
Training until validation scores don't improve for 10 rounds
Training until validation scores don't improve for 10 rounds
Training until validation scores don't improve for 10 rounds
Early stopping, best iteration is:
[273]	training's rmse: 0.00682668	valid_1's rmse: 0.00740288
Early stopping, best iteration is:
[196]	training's rmse: 0.00709068	valid_1's rmse: 0.00867283
Training until validation scores don't improve for 10 rounds
Early stopping, best iteration is:
[708]	training's rmse: 0.00688041	valid_1's rmse: 0.00665055
Early stopping, best iteration is:
[304]	training's rmse: 0.00681494	valid_1's rmse: 0.00818626
Early stopping, best iteration is:
[125]	training's rmse: 0.00716752	valid_1's rmse: 0.00680299
Early stopping, best iteration is:
[358]	training's rmse: 0.00774233	valid_1's rmse: 0.00804167
Training until validation scores don't improve for 10 rounds
Training until validation scores don't improve for 10 rounds
Training until validation scores don't improve for 10 rounds
Training until validation scores don't improve for 10 rounds
Early stopping, best iteration is:
[86]	training's rmse: 0.00746483	valid_1's rmse: 0.0080717
Early stopping, best iteration is:
[284]	training's rmse: 0.00714905	valid_1's rmse: 0.006399
[I 2025-06-17 10:25:04,629] Trial 4 finished with value: 0.11302027708007588 and parameters: {'learning_rate': 0.018561283896485294, 'num_leaves': 1024, 'min_data_in_leaf': 1958, 'lambda_l2': 0.9006330589046732, 'subsample': 0.7644912005243077, 'colsample_bytree': 0.7380726740109198}. Best is trial 2 with value: 0.11449589487587818.
Early stopping, best iteration is:
[202]	training's rmse: 0.00700693	valid_1's rmse: 0.00790846
Early stopping, best iteration is:
[569]	training's rmse: 0.00684393	valid_1's rmse: 0.00709028
Training until validation scores don't improve for 10 rounds
Training until validation scores don't improve for 10 rounds
Training until validation scores don't improve for 10 rounds
Training until validation scores don't improve for 10 rounds
Training until validation scores don't improve for 10 rounds
Training until validation scores don't improve for 10 rounds
Early stopping, best iteration is:
[71]	training's rmse: 0.00802595	valid_1's rmse: 0.00666315
[I 2025-06-17 10:26:07,140] Trial 4 finished with value: 0.12019525508825782 and parameters: {'learning_rate': 0.024518415482120606, 'num_leaves': 1970, 'min_data_in_leaf': 1979, 'lambda_l2': 0.20513652119277903, 'subsample': 0.7641173097092638, 'colsample_bytree': 0.9978494559138233}. Best is trial 2 with value: 0.12326628810285836.
Early stopping, best iteration is:
[277]	training's rmse: 0.00754344	valid_1's rmse: 0.00740286
Early stopping, best iteration is:
[237]	training's rmse: 0.00739357	valid_1's rmse: 0.00664292
Training until validation scores don't improve for 10 rounds
Early stopping, best iteration is:
[415]	training's rmse: 0.00657023	valid_1's rmse: 0.00805517
Early stopping, best iteration is:
[514]	training's rmse: 0.0070009	valid_1's rmse: 0.00851513
Training until validation scores don't improve for 10 rounds
[I 2025-06-17 10:27:35,039] Trial 3 finished with value: 0.11381515303406484 and parameters: {'learning_rate': 0.005486873637779747, 'num_leaves': 364, 'min_data_in_leaf': 1656, 'lambda_l2': 0.22495987141996387, 'subsample': 0.6036344156210423, 'colsample_bytree': 0.724078270922847}. Best is trial 3 with value: 0.11381515303406484.
Training until validation scores don't improve for 10 rounds
Training until validation scores don't improve for 10 rounds
Early stopping, best iteration is:
[205]	training's rmse: 0.00775203	valid_1's rmse: 0.00678087
[I 2025-06-17 10:28:14,575] Trial 4 finished with value: 0.1200341808161119 and parameters: {'learning_rate': 0.01982795262369367, 'num_leaves': 1844, 'min_data_in_leaf': 1326, 'lambda_l2': 0.8535079995430754, 'subsample': 0.8991600547972167, 'colsample_bytree': 0.9438313855801854}. Best is trial 0 with value: 0.12123388950592118.
Early stopping, best iteration is:
[29]	training's rmse: 0.00669473	valid_1's rmse: 0.0079535
Early stopping, best iteration is:
[309]	training's rmse: 0.00719542	valid_1's rmse: 0.00707711
[I 2025-06-17 10:28:47,497] Trial 4 finished with value: 0.12331374833406154 and parameters: {'learning_rate': 0.01786201228256378, 'num_leaves': 650, 'min_data_in_leaf': 882, 'lambda_l2': 0.30570806937035433, 'subsample': 0.6326998852765011, 'colsample_bytree': 0.9584838383746979}. Best is trial 3 with value: 0.12592623791038848.
Training until validation scores don't improve for 10 rounds
Early stopping, best iteration is:
[359]	training's rmse: 0.0079552	valid_1's rmse: 0.00740665
[I 2025-06-17 10:28:52,659] Trial 3 finished with value: 0.12931262562872914 and parameters: {'learning_rate': 0.006605037586274491, 'num_leaves': 700, 'min_data_in_leaf': 621, 'lambda_l2': 0.12675023575443634, 'subsample': 0.9017483910163397, 'colsample_bytree': 0.8683204491505007}. Best is trial 3 with value: 0.12931262562872914.
Training until validation scores don't improve for 10 rounds
Early stopping, best iteration is:
[186]	training's rmse: 0.00685498	valid_1's rmse: 0.00665208
Training until validation scores don't improve for 10 rounds
Training until validation scores don't improve for 10 rounds
Early stopping, best iteration is:
[563]	training's rmse: 0.00672849	valid_1's rmse: 0.00739855
Early stopping, best iteration is:
[255]	training's rmse: 0.00714424	valid_1's rmse: 0.00867388
Early stopping, best iteration is:
[259]	training's rmse: 0.00669227	valid_1's rmse: 0.00818253
Training until validation scores don't improve for 10 rounds
Training until validation scores don't improve for 10 rounds
Training until validation scores don't improve for 10 rounds
Early stopping, best iteration is:
[101]	training's rmse: 0.00750823	valid_1's rmse: 0.00807269
Early stopping, best iteration is:
[211]	training's rmse: 0.00714183	valid_1's rmse: 0.00680094
Early stopping, best iteration is:
[130]	training's rmse: 0.00697676	valid_1's rmse: 0.00790419
Training until validation scores don't improve for 10 rounds
Early stopping, best iteration is:
[548]	training's rmse: 0.00773031	valid_1's rmse: 0.00828011
Training until validation scores don't improve for 10 rounds
Training until validation scores don't improve for 10 rounds
Training until validation scores don't improve for 10 rounds
Early stopping, best iteration is:
[216]	training's rmse: 0.0067449	valid_1's rmse: 0.00708628
Early stopping, best iteration is:
[145]	training's rmse: 0.00737327	valid_1's rmse: 0.00664328
Early stopping, best iteration is:
[354]	training's rmse: 0.00761464	valid_1's rmse: 0.00740359
Training until validation scores don't improve for 10 rounds
Training until validation scores don't improve for 10 rounds
Training until validation scores don't improve for 10 rounds
Early stopping, best iteration is:
[336]	training's rmse: 0.0071583	valid_1's rmse: 0.00639978
[I 2025-06-17 10:33:11,165] Trial 5 finished with value: 0.11402153991945009 and parameters: {'learning_rate': 0.008144345182532795, 'num_leaves': 938, 'min_data_in_leaf': 966, 'lambda_l2': 0.10017068943997609, 'subsample': 0.8014887657471161, 'colsample_bytree': 0.8671066222676829}. Best is trial 2 with value: 0.11449589487587818.
Training until validation scores don't improve for 10 rounds
Early stopping, best iteration is:
[179]	training's rmse: 0.00693174	valid_1's rmse: 0.00850282
[I 2025-06-17 10:33:40,306] Trial 4 finished with value: 0.11149155322144645 and parameters: {'learning_rate': 0.01728661775622, 'num_leaves': 1404, 'min_data_in_leaf': 1081, 'lambda_l2': 0.26298276391995057, 'subsample': 0.8216312756277638, 'colsample_bytree': 0.6774914228251296}. Best is trial 3 with value: 0.11381515303406484.
Training until validation scores don't improve for 10 rounds
Early stopping, best iteration is:
[247]	training's rmse: 0.00709603	valid_1's rmse: 0.00707519
[I 2025-06-17 10:33:55,064] Trial 5 finished with value: 0.12474414098203034 and parameters: {'learning_rate': 0.02950654669972749, 'num_leaves': 1913, 'min_data_in_leaf': 757, 'lambda_l2': 0.7083447330504032, 'subsample': 0.9899869839988645, 'colsample_bytree': 0.5979431039914722}. Best is trial 3 with value: 0.12592623791038848.
Early stopping, best iteration is:
[334]	training's rmse: 0.00764139	valid_1's rmse: 0.00867681
Training until validation scores don't improve for 10 rounds
Early stopping, best iteration is:
[373]	training's rmse: 0.00774577	valid_1's rmse: 0.00678007
[I 2025-06-17 10:34:24,614] Trial 5 finished with value: 0.12091037843817713 and parameters: {'learning_rate': 0.0157565000329621, 'num_leaves': 1509, 'min_data_in_leaf': 1916, 'lambda_l2': 0.653800915856959, 'subsample': 0.7200049111912566, 'colsample_bytree': 0.5924752463828471}. Best is trial 0 with value: 0.12123388950592118.
Training until validation scores don't improve for 10 rounds
Early stopping, best iteration is:
[83]	training's rmse: 0.00662106	valid_1's rmse: 0.00795228
Early stopping, best iteration is:
[234]	training's rmse: 0.00657623	valid_1's rmse: 0.00805863
Training until validation scores don't improve for 10 rounds
Training until validation scores don't improve for 10 rounds
Training until validation scores don't improve for 10 rounds
Early stopping, best iteration is:
[214]	training's rmse: 0.00679774	valid_1's rmse: 0.00818298
Training until validation scores don't improve for 10 rounds
Training until validation scores don't improve for 10 rounds
Training until validation scores don't improve for 10 rounds
Early stopping, best iteration is:
[107]	training's rmse: 0.00728226	valid_1's rmse: 0.0084101
Early stopping, best iteration is:
[420]	training's rmse: 0.00672092	valid_1's rmse: 0.00664652
Early stopping, best iteration is:
[305]	training's rmse: 0.00710835	valid_1's rmse: 0.00867239
Early stopping, best iteration is:
[207]	training's rmse: 0.00690429	valid_1's rmse: 0.00790333
Training until validation scores don't improve for 10 rounds
Early stopping, best iteration is:
[463]	training's rmse: 0.00782847	valid_1's rmse: 0.00804251
Training until validation scores don't improve for 10 rounds
Training until validation scores don't improve for 10 rounds
Training until validation scores don't improve for 10 rounds
Early stopping, best iteration is:
[425]	training's rmse: 0.00665299	valid_1's rmse: 0.00740007
Training until validation scores don't improve for 10 rounds
Early stopping, best iteration is:
[172]	training's rmse: 0.00737569	valid_1's rmse: 0.00664151
Early stopping, best iteration is:
[157]	training's rmse: 0.00745438	valid_1's rmse: 0.00807121
Early stopping, best iteration is:
[117]	training's rmse: 0.00731204	valid_1's rmse: 0.00820488
Early stopping, best iteration is:
[452]	training's rmse: 0.00662258	valid_1's rmse: 0.00708235
Training until validation scores don't improve for 10 rounds
Training until validation scores don't improve for 10 rounds
Training until validation scores don't improve for 10 rounds
Training until validation scores don't improve for 10 rounds
Training until validation scores don't improve for 10 rounds
Early stopping, best iteration is:
[166]	training's rmse: 0.0070934	valid_1's rmse: 0.00680006
Early stopping, best iteration is:
[333]	training's rmse: 0.00811038	valid_1's rmse: 0.00741055
[I 2025-06-17 10:39:33,861] Trial 4 finished with value: 0.12853277754997333 and parameters: {'learning_rate': 0.007199816277749125, 'num_leaves': 1913, 'min_data_in_leaf': 1673, 'lambda_l2': 0.5750332633149364, 'subsample': 0.9437005000245386, 'colsample_bytree': 0.8194835767954387}. Best is trial 3 with value: 0.12931262562872914.
Early stopping, best iteration is:
[284]	training's rmse: 0.00711089	valid_1's rmse: 0.00707421
[I 2025-06-17 10:39:42,019] Trial 6 finished with value: 0.12521509800555 and parameters: {'learning_rate': 0.025298637524522955, 'num_leaves': 591, 'min_data_in_leaf': 775, 'lambda_l2': 0.33608922945561803, 'subsample': 0.8809242916950892, 'colsample_bytree': 0.5614858256284767}. Best is trial 3 with value: 0.12592623791038848.
Early stopping, best iteration is:
[130]	training's rmse: 0.00747222	valid_1's rmse: 0.0079049
Training until validation scores don't improve for 10 rounds
Early stopping, best iteration is:
[384]	training's rmse: 0.00758324	valid_1's rmse: 0.00740185
Early stopping, best iteration is:
[435]	training's rmse: 0.00678896	valid_1's rmse: 0.00848898
[I 2025-06-17 10:40:40,407] Trial 5 finished with value: 0.11613665381718966 and parameters: {'learning_rate': 0.009634251967031743, 'num_leaves': 541, 'min_data_in_leaf': 687, 'lambda_l2': 0.8316079205527742, 'subsample': 0.6615052653242562, 'colsample_bytree': 0.5873277144815932}. Best is trial 5 with value: 0.11613665381718966.
Training until validation scores don't improve for 10 rounds
Early stopping, best iteration is:
[207]	training's rmse: 0.00715469	valid_1's rmse: 0.00639981
[I 2025-06-17 10:41:06,940] Trial 6 finished with value: 0.1130072366022978 and parameters: {'learning_rate': 0.011071575818753355, 'num_leaves': 1123, 'min_data_in_leaf': 697, 'lambda_l2': 0.8471377945652784, 'subsample': 0.7424179675534702, 'colsample_bytree': 0.9665238324149081}. Best is trial 2 with value: 0.11449589487587818.
Training until validation scores don't improve for 10 rounds
Early stopping, best iteration is:
[40]	training's rmse: 0.0067213	valid_1's rmse: 0.00795689
Training until validation scores don't improve for 10 rounds
Training until validation scores don't improve for 10 rounds
Training until validation scores don't improve for 10 rounds
Training until validation scores don't improve for 10 rounds
Early stopping, best iteration is:
[259]	training's rmse: 0.0078048	valid_1's rmse: 0.00678165
[I 2025-06-17 10:42:13,760] Trial 6 finished with value: 0.12089775825398719 and parameters: {'learning_rate': 0.011927127230778432, 'num_leaves': 1136, 'min_data_in_leaf': 1326, 'lambda_l2': 0.580078200605805, 'subsample': 0.7427581222697823, 'colsample_bytree': 0.7361416943763999}. Best is trial 0 with value: 0.12123388950592118.
Early stopping, best iteration is:
[171]	training's rmse: 0.00659483	valid_1's rmse: 0.00805533
Early stopping, best iteration is:
[400]	training's rmse: 0.00687567	valid_1's rmse: 0.00665217
Early stopping, best iteration is:
[678]	training's rmse: 0.00682579	valid_1's rmse: 0.00818125
Training until validation scores don't improve for 10 rounds
Training until validation scores don't improve for 10 rounds
Early stopping, best iteration is:
[404]	training's rmse: 0.00750961	valid_1's rmse: 0.00826955
Training until validation scores don't improve for 10 rounds
Training until validation scores don't improve for 10 rounds
Early stopping, best iteration is:
[259]	training's rmse: 0.00673442	valid_1's rmse: 0.00740046
Early stopping, best iteration is:
[273]	training's rmse: 0.00686775	valid_1's rmse: 0.00709026
Training until validation scores don't improve for 10 rounds
Early stopping, best iteration is:
[364]	training's rmse: 0.00705476	valid_1's rmse: 0.00790223
Training until validation scores don't improve for 10 rounds
Training until validation scores don't improve for 10 rounds
Early stopping, best iteration is:
[122]	training's rmse: 0.00762208	valid_1's rmse: 0.00867674
Early stopping, best iteration is:
[90]	training's rmse: 0.00715048	valid_1's rmse: 0.0068015
Training until validation scores don't improve for 10 rounds
Early stopping, best iteration is:
[331]	training's rmse: 0.00697767	valid_1's rmse: 0.00854117
[I 2025-06-17 10:45:11,370] Trial 6 finished with value: 0.11154141717734561 and parameters: {'learning_rate': 0.010813543336164404, 'num_leaves': 1383, 'min_data_in_leaf': 1865, 'lambda_l2': 0.6629924651282373, 'subsample': 0.6977581896735119, 'colsample_bytree': 0.8167824455166172}. Best is trial 5 with value: 0.11613665381718966.
Training until validation scores don't improve for 10 rounds
Training until validation scores don't improve for 10 rounds
Early stopping, best iteration is:
[94]	training's rmse: 0.00793425	valid_1's rmse: 0.00805164
Early stopping, best iteration is:
[544]	training's rmse: 0.00739556	valid_1's rmse: 0.00664072
Training until validation scores don't improve for 10 rounds
Early stopping, best iteration is:
[210]	training's rmse: 0.00709663	valid_1's rmse: 0.00639604
[I 2025-06-17 10:45:52,732] Trial 7 finished with value: 0.11390367366776284 and parameters: {'learning_rate': 0.021333867798693038, 'num_leaves': 1670, 'min_data_in_leaf': 1215, 'lambda_l2': 0.031217798791568163, 'subsample': 0.8779226152248687, 'colsample_bytree': 0.7155005273508401}. Best is trial 2 with value: 0.11449589487587818.
Early stopping, best iteration is:
[30]	training's rmse: 0.00669084	valid_1's rmse: 0.0079523
Training until validation scores don't improve for 10 rounds
Training until validation scores don't improve for 10 rounds
Training until validation scores don't improve for 10 rounds
Early stopping, best iteration is:
[485]	training's rmse: 0.00701187	valid_1's rmse: 0.00867255
Training until validation scores don't improve for 10 rounds
Training until validation scores don't improve for 10 rounds
Early stopping, best iteration is:
[84]	training's rmse: 0.00791549	valid_1's rmse: 0.00665702
[I 2025-06-17 10:46:44,115] Trial 5 finished with value: 0.12207107424678323 and parameters: {'learning_rate': 0.022924667204531783, 'num_leaves': 1880, 'min_data_in_leaf': 894, 'lambda_l2': 0.3535193343280312, 'subsample': 0.8730607661490485, 'colsample_bytree': 0.8470310543434241}. Best is trial 2 with value: 0.12326628810285836.
Early stopping, best iteration is:
[173]	training's rmse: 0.00688007	valid_1's rmse: 0.00665289
Early stopping, best iteration is:
[277]	training's rmse: 0.00737814	valid_1's rmse: 0.00708365
[I 2025-06-17 10:47:07,692] Trial 7 finished with value: 0.1259212896334009 and parameters: {'learning_rate': 0.0165082274223712, 'num_leaves': 1863, 'min_data_in_leaf': 1993, 'lambda_l2': 0.7112017718629963, 'subsample': 0.9249457231495266, 'colsample_bytree': 0.5012356574411572}. Best is trial 3 with value: 0.12592623791038848.
Training until validation scores don't improve for 10 rounds
Early stopping, best iteration is:
[208]	training's rmse: 0.00795354	valid_1's rmse: 0.00740325
[I 2025-06-17 10:47:32,173] Trial 5 finished with value: 0.12893966587860178 and parameters: {'learning_rate': 0.019649827382773738, 'num_leaves': 1576, 'min_data_in_leaf': 1358, 'lambda_l2': 0.7287871438599244, 'subsample': 0.6157826601492956, 'colsample_bytree': 0.5577075755674805}. Best is trial 3 with value: 0.12931262562872914.
Training until validation scores don't improve for 10 rounds
Early stopping, best iteration is:
[339]	training's rmse: 0.00653189	valid_1's rmse: 0.00805567
Training until validation scores don't improve for 10 rounds
Early stopping, best iteration is:
[98]	training's rmse: 0.00744224	valid_1's rmse: 0.00841539
Training until validation scores don't improve for 10 rounds
Training until validation scores don't improve for 10 rounds
Training until validation scores don't improve for 10 rounds
Early stopping, best iteration is:
[256]	training's rmse: 0.00671621	valid_1's rmse: 0.00708489
Early stopping, best iteration is:
[259]	training's rmse: 0.00765561	valid_1's rmse: 0.00827592
Early stopping, best iteration is:
[787]	training's rmse: 0.00682304	valid_1's rmse: 0.00818229
Early stopping, best iteration is:
[406]	training's rmse: 0.00668637	valid_1's rmse: 0.00739919
Training until validation scores don't improve for 10 rounds
Training until validation scores don't improve for 10 rounds
Early stopping, best iteration is:
[337]	training's rmse: 0.00732903	valid_1's rmse: 0.00806784
Training until validation scores don't improve for 10 rounds
Training until validation scores don't improve for 10 rounds
Training until validation scores don't improve for 10 rounds
Early stopping, best iteration is:
[304]	training's rmse: 0.00683033	valid_1's rmse: 0.00848217
