[I 2025-06-21 08:29:57,540] Trial 2 finished with value: 0.51531945480342 and parameters: {'learning_rate': 0.01768929452493758, 'num_leaves': 435, 'min_data_in_leaf': 445, 'lambda_l2': 0.0923850902525597, 'subsample': 0.7513226942037841, 'colsample_bytree': 0.6958003328556471}. Best is trial 1 with value: 0.5154849840620674.
Training until validation scores don't improve for 10 rounds
Early stopping, best iteration is:
[148]	training's ndcg@1000: 0.661767	valid_1's ndcg@1000: 0.540001
Early stopping, best iteration is:
[52]	training's ndcg@1000: 0.559552	valid_1's ndcg@1000: 0.522148
Early stopping, best iteration is:
[179]	training's ndcg@1000: 0.649976	valid_1's ndcg@1000: 0.487927
[I 2025-06-21 08:30:26,815] Trial 3 finished with value: 0.5226702125202739 and parameters: {'learning_rate': 0.028358647974299607, 'num_leaves': 1895, 'min_data_in_leaf': 1549, 'lambda_l2': 0.14792080719878986, 'subsample': 0.7550895715575556, 'colsample_bytree': 0.8255056238917233}. Best is trial 3 with value: 0.5226702125202739.
Training until validation scores don't improve for 10 rounds
Training until validation scores don't improve for 10 rounds
Training until validation scores don't improve for 10 rounds
Early stopping, best iteration is:
[47]	training's ndcg@1000: 0.528732	valid_1's ndcg@1000: 0.497896
[I 2025-06-21 08:30:38,664] Trial 3 finished with value: 0.5320338881757092 and parameters: {'learning_rate': 0.014143354300855442, 'num_leaves': 1359, 'min_data_in_leaf': 1919, 'lambda_l2': 0.8837511407014171, 'subsample': 0.8680548015703793, 'colsample_bytree': 0.5005934972718555}. Best is trial 2 with value: 0.5371669263389143.
Early stopping, best iteration is:
[22]	training's ndcg@1000: 0.533264	valid_1's ndcg@1000: 0.486291
Early stopping, best iteration is:
[54]	training's ndcg@1000: 0.529787	valid_1's ndcg@1000: 0.519411
Training until validation scores don't improve for 10 rounds
Training until validation scores don't improve for 10 rounds
Training until validation scores don't improve for 10 rounds
Training until validation scores don't improve for 10 rounds
Training until validation scores don't improve for 10 rounds
Early stopping, best iteration is:
[33]	training's ndcg@1000: 0.527339	valid_1's ndcg@1000: 0.528501
Training until validation scores don't improve for 10 rounds
Early stopping, best iteration is:
[55]	training's ndcg@1000: 0.592859	valid_1's ndcg@1000: 0.507434
Early stopping, best iteration is:
[42]	training's ndcg@1000: 0.553288	valid_1's ndcg@1000: 0.485661
Early stopping, best iteration is:
[45]	training's ndcg@1000: 0.535045	valid_1's ndcg@1000: 0.488738
Early stopping, best iteration is:
[141]	training's ndcg@1000: 0.662515	valid_1's ndcg@1000: 0.518299
Early stopping, best iteration is:
[190]	training's ndcg@1000: 0.628391	valid_1's ndcg@1000: 0.502504
Training until validation scores don't improve for 10 rounds
Training until validation scores don't improve for 10 rounds
Training until validation scores don't improve for 10 rounds
Training until validation scores don't improve for 10 rounds
Training until validation scores don't improve for 10 rounds
Training until validation scores don't improve for 10 rounds
Early stopping, best iteration is:
[51]	training's ndcg@1000: 0.564006	valid_1's ndcg@1000: 0.486952
Early stopping, best iteration is:
[34]	training's ndcg@1000: 0.558176	valid_1's ndcg@1000: 0.488495
[I 2025-06-21 08:32:18,172] Trial 4 finished with value: 0.5410921046616133 and parameters: {'learning_rate': 0.019530470037367405, 'num_leaves': 875, 'min_data_in_leaf': 1546, 'lambda_l2': 0.12175187786325137, 'subsample': 0.7726834770581408, 'colsample_bytree': 0.60699928379642}. Best is trial 0 with value: 0.5442122638226504.
Early stopping, best iteration is:
[74]	training's ndcg@1000: 0.617354	valid_1's ndcg@1000: 0.497983
Early stopping, best iteration is:
[58]	training's ndcg@1000: 0.540073	valid_1's ndcg@1000: 0.486045
Early stopping, best iteration is:
[110]	training's ndcg@1000: 0.5671	valid_1's ndcg@1000: 0.509341
Early stopping, best iteration is:
[97]	training's ndcg@1000: 0.634688	valid_1's ndcg@1000: 0.502398
[I 2025-06-21 08:32:38,142] Trial 3 finished with value: 0.5514859175855893 and parameters: {'learning_rate': 0.022600714697231815, 'num_leaves': 1522, 'min_data_in_leaf': 815, 'lambda_l2': 0.16852795545688437, 'subsample': 0.6660238433141391, 'colsample_bytree': 0.7392992415308763}. Best is trial 0 with value: 0.5528159803430056.
Training until validation scores don't improve for 10 rounds
Training until validation scores don't improve for 10 rounds
Training until validation scores don't improve for 10 rounds
Training until validation scores don't improve for 10 rounds
Training until validation scores don't improve for 10 rounds
Early stopping, best iteration is:
[51]	training's ndcg@1000: 0.570648	valid_1's ndcg@1000: 0.547089
Training until validation scores don't improve for 10 rounds
Early stopping, best iteration is:
[38]	training's ndcg@1000: 0.581016	valid_1's ndcg@1000: 0.493328
Early stopping, best iteration is:
[51]	training's ndcg@1000: 0.536175	valid_1's ndcg@1000: 0.49054
[I 2025-06-21 08:33:16,857] Trial 4 finished with value: 0.5217646109115044 and parameters: {'learning_rate': 0.018669508281797666, 'num_leaves': 1937, 'min_data_in_leaf': 1068, 'lambda_l2': 0.8227450898958043, 'subsample': 0.7482185162384777, 'colsample_bytree': 0.5546316598221426}. Best is trial 3 with value: 0.5232471323652125.
Early stopping, best iteration is:
[175]	training's ndcg@1000: 0.60161	valid_1's ndcg@1000: 0.501087
Training until validation scores don't improve for 10 rounds
Early stopping, best iteration is:
[128]	training's ndcg@1000: 0.623731	valid_1's ndcg@1000: 0.48031
[I 2025-06-21 08:33:45,006] Trial 3 finished with value: 0.5143370700568589 and parameters: {'learning_rate': 0.02725986013632196, 'num_leaves': 1807, 'min_data_in_leaf': 421, 'lambda_l2': 0.7034065860296641, 'subsample': 0.8981196683546504, 'colsample_bytree': 0.5963406148203333}. Best is trial 1 with value: 0.5154849840620674.
Early stopping, best iteration is:
[156]	training's ndcg@1000: 0.613217	valid_1's ndcg@1000: 0.543349
Training until validation scores don't improve for 10 rounds
Training until validation scores don't improve for 10 rounds
Early stopping, best iteration is:
[118]	training's ndcg@1000: 0.622365	valid_1's ndcg@1000: 0.526869
Training until validation scores don't improve for 10 rounds
Training until validation scores don't improve for 10 rounds
Training until validation scores don't improve for 10 rounds
Early stopping, best iteration is:
[32]	training's ndcg@1000: 0.518959	valid_1's ndcg@1000: 0.487489
Early stopping, best iteration is:
[40]	training's ndcg@1000: 0.540476	valid_1's ndcg@1000: 0.497946
[I 2025-06-21 08:34:26,062] Trial 4 finished with value: 0.5340535384472717 and parameters: {'learning_rate': 0.02188532287954206, 'num_leaves': 1476, 'min_data_in_leaf': 1422, 'lambda_l2': 0.6800358690903099, 'subsample': 0.7260672839088721, 'colsample_bytree': 0.8110162424899108}. Best is trial 2 with value: 0.5371669263389143.
Early stopping, best iteration is:
[114]	training's ndcg@1000: 0.655952	valid_1's ndcg@1000: 0.486309
[I 2025-06-21 08:34:36,162] Trial 4 finished with value: 0.5230962823888797 and parameters: {'learning_rate': 0.027666489174497492, 'num_leaves': 1874, 'min_data_in_leaf': 826, 'lambda_l2': 0.11176078387101773, 'subsample': 0.8939212341404643, 'colsample_bytree': 0.6110222140723895}. Best is trial 4 with value: 0.5230962823888797.
Early stopping, best iteration is:
[61]	training's ndcg@1000: 0.564077	valid_1's ndcg@1000: 0.530917
Early stopping, best iteration is:
[105]	training's ndcg@1000: 0.571258	valid_1's ndcg@1000: 0.522443
Training until validation scores don't improve for 10 rounds
Training until validation scores don't improve for 10 rounds
Training until validation scores don't improve for 10 rounds
Early stopping, best iteration is:
[59]	training's ndcg@1000: 0.588886	valid_1's ndcg@1000: 0.497972
Early stopping, best iteration is:
[32]	training's ndcg@1000: 0.521408	valid_1's ndcg@1000: 0.484356
Training until validation scores don't improve for 10 rounds
Training until validation scores don't improve for 10 rounds
Training until validation scores don't improve for 10 rounds
Early stopping, best iteration is:
[53]	training's ndcg@1000: 0.545249	valid_1's ndcg@1000: 0.506829
Early stopping, best iteration is:
[47]	training's ndcg@1000: 0.549681	valid_1's ndcg@1000: 0.488426
Training until validation scores don't improve for 10 rounds
Training until validation scores don't improve for 10 rounds
Early stopping, best iteration is:
[9]	training's ndcg@1000: 0.513753	valid_1's ndcg@1000: 0.483881
Early stopping, best iteration is:
[88]	training's ndcg@1000: 0.654081	valid_1's ndcg@1000: 0.534864
Early stopping, best iteration is:
[36]	training's ndcg@1000: 0.575514	valid_1's ndcg@1000: 0.490025
[I 2025-06-21 08:35:49,904] Trial 5 finished with value: 0.5410847370462145 and parameters: {'learning_rate': 0.02133606827326041, 'num_leaves': 1763, 'min_data_in_leaf': 1122, 'lambda_l2': 0.08763534731277156, 'subsample': 0.7424116650495219, 'colsample_bytree': 0.7241566051162676}. Best is trial 0 with value: 0.5442122638226504.
Early stopping, best iteration is:
[161]	training's ndcg@1000: 0.627247	valid_1's ndcg@1000: 0.515432
Training until validation scores don't improve for 10 rounds
Training until validation scores don't improve for 10 rounds
Training until validation scores don't improve for 10 rounds
Training until validation scores don't improve for 10 rounds
Training until validation scores don't improve for 10 rounds
Early stopping, best iteration is:
[91]	training's ndcg@1000: 0.575596	valid_1's ndcg@1000: 0.497646
Training until validation scores don't improve for 10 rounds
Early stopping, best iteration is:
[26]	training's ndcg@1000: 0.555935	valid_1's ndcg@1000: 0.494193
[I 2025-06-21 08:36:31,532] Trial 4 finished with value: 0.547311860870688 and parameters: {'learning_rate': 0.02337434698784284, 'num_leaves': 937, 'min_data_in_leaf': 726, 'lambda_l2': 0.8803647826642093, 'subsample': 0.6855611677127135, 'colsample_bytree': 0.9356090767988798}. Best is trial 0 with value: 0.5528159803430056.
Early stopping, best iteration is:
[64]	training's ndcg@1000: 0.557885	valid_1's ndcg@1000: 0.486333
Early stopping, best iteration is:
[103]	training's ndcg@1000: 0.534144	valid_1's ndcg@1000: 0.544778
Early stopping, best iteration is:
[63]	training's ndcg@1000: 0.630064	valid_1's ndcg@1000: 0.509115
Early stopping, best iteration is:
[185]	training's ndcg@1000: 0.562134	valid_1's ndcg@1000: 0.479852
[I 2025-06-21 08:36:50,808] Trial 4 finished with value: 0.5130078593044589 and parameters: {'learning_rate': 0.011995421119655798, 'num_leaves': 1689, 'min_data_in_leaf': 1668, 'lambda_l2': 0.2857373464653119, 'subsample': 0.6324373662834881, 'colsample_bytree': 0.707528138498678}. Best is trial 1 with value: 0.5154849840620674.
Training until validation scores don't improve for 10 rounds
Training until validation scores don't improve for 10 rounds
Training until validation scores don't improve for 10 rounds
Training until validation scores don't improve for 10 rounds
Training until validation scores don't improve for 10 rounds
Early stopping, best iteration is:
[99]	training's ndcg@1000: 0.582528	valid_1's ndcg@1000: 0.493849
Early stopping, best iteration is:
[40]	training's ndcg@1000: 0.536895	valid_1's ndcg@1000: 0.519348
Training until validation scores don't improve for 10 rounds
Early stopping, best iteration is:
[26]	training's ndcg@1000: 0.520566	valid_1's ndcg@1000: 0.482091
Early stopping, best iteration is:
[135]	training's ndcg@1000: 0.628272	valid_1's ndcg@1000: 0.546762
Training until validation scores don't improve for 10 rounds
Training until validation scores don't improve for 10 rounds
Early stopping, best iteration is:
[108]	training's ndcg@1000: 0.684638	valid_1's ndcg@1000: 0.500694
Early stopping, best iteration is:
[14]	training's ndcg@1000: 0.531252	valid_1's ndcg@1000: 0.478282
Early stopping, best iteration is:
[17]	training's ndcg@1000: 0.538182	valid_1's ndcg@1000: 0.490359
[I 2025-06-21 08:38:02,467] Trial 5 finished with value: 0.520585544328373 and parameters: {'learning_rate': 0.022586869344735035, 'num_leaves': 350, 'min_data_in_leaf': 1376, 'lambda_l2': 0.21650632022759042, 'subsample': 0.9515223293748574, 'colsample_bytree': 0.7813212362664821}. Best is trial 4 with value: 0.5230962823888797.
Training until validation scores don't improve for 10 rounds
Early stopping, best iteration is:
[111]	training's ndcg@1000: 0.582322	valid_1's ndcg@1000: 0.493427
[I 2025-06-21 08:38:09,383] Trial 5 finished with value: 0.5231353602726416 and parameters: {'learning_rate': 0.01806223756752974, 'num_leaves': 1966, 'min_data_in_leaf': 482, 'lambda_l2': 0.7575664974251105, 'subsample': 0.8839987186496698, 'colsample_bytree': 0.5175560618671504}. Best is trial 3 with value: 0.5232471323652125.
Training until validation scores don't improve for 10 rounds
Early stopping, best iteration is:
[53]	training's ndcg@1000: 0.528894	valid_1's ndcg@1000: 0.483412
Early stopping, best iteration is:
[32]	training's ndcg@1000: 0.564569	valid_1's ndcg@1000: 0.53182
Training until validation scores don't improve for 10 rounds
Training until validation scores don't improve for 10 rounds
Training until validation scores don't improve for 10 rounds
Early stopping, best iteration is:
[39]	training's ndcg@1000: 0.543308	valid_1's ndcg@1000: 0.48828
[I 2025-06-21 08:38:43,403] Trial 6 finished with value: 0.536136334854673 and parameters: {'learning_rate': 0.00585227250854322, 'num_leaves': 1222, 'min_data_in_leaf': 1653, 'lambda_l2': 0.22334040431200108, 'subsample': 0.9461147732806261, 'colsample_bytree': 0.5861408457580958}. Best is trial 0 with value: 0.5442122638226504.
Training until validation scores don't improve for 10 rounds
Early stopping, best iteration is:
[45]	training's ndcg@1000: 0.552765	valid_1's ndcg@1000: 0.50549
Training until validation scores don't improve for 10 rounds
Training until validation scores don't improve for 10 rounds
Early stopping, best iteration is:
[91]	training's ndcg@1000: 0.666017	valid_1's ndcg@1000: 0.501119
Early stopping, best iteration is:
[69]	training's ndcg@1000: 0.531056	valid_1's ndcg@1000: 0.484534
[I 2025-06-21 08:39:15,222] Trial 5 finished with value: 0.5374882433438216 and parameters: {'learning_rate': 0.029070187110133934, 'num_leaves': 1023, 'min_data_in_leaf': 591, 'lambda_l2': 0.13894595286711076, 'subsample': 0.8425636318769308, 'colsample_bytree': 0.7328491310402253}. Best is trial 5 with value: 0.5374882433438216.
Training until validation scores don't improve for 10 rounds
Early stopping, best iteration is:
[125]	training's ndcg@1000: 0.54093	valid_1's ndcg@1000: 0.521905
Early stopping, best iteration is:
[96]	training's ndcg@1000: 0.617278	valid_1's ndcg@1000: 0.515394
Training until validation scores don't improve for 10 rounds
Early stopping, best iteration is:
[46]	training's ndcg@1000: 0.56632	valid_1's ndcg@1000: 0.546756
Early stopping, best iteration is:
[81]	training's ndcg@1000: 0.58624	valid_1's ndcg@1000: 0.497699
Training until validation scores don't improve for 10 rounds
Training until validation scores don't improve for 10 rounds
Early stopping, best iteration is:
[8]	training's ndcg@1000: 0.518728	valid_1's ndcg@1000: 0.469156
[I 2025-06-21 08:39:54,209] Trial 5 finished with value: 0.5098307235082954 and parameters: {'learning_rate': 0.006103786612983889, 'num_leaves': 1012, 'min_data_in_leaf': 461, 'lambda_l2': 0.8752225863837232, 'subsample': 0.6160928710787416, 'colsample_bytree': 0.8004712171877051}. Best is trial 1 with value: 0.5154849840620674.
Training until validation scores don't improve for 10 rounds
Training until validation scores don't improve for 10 rounds
Early stopping, best iteration is:
[34]	training's ndcg@1000: 0.524428	valid_1's ndcg@1000: 0.526576
Training until validation scores don't improve for 10 rounds
Early stopping, best iteration is:
[44]	training's ndcg@1000: 0.5295	valid_1's ndcg@1000: 0.484387
Early stopping, best iteration is:
[28]	training's ndcg@1000: 0.561127	valid_1's ndcg@1000: 0.522185
Training until validation scores don't improve for 10 rounds
Training until validation scores don't improve for 10 rounds
Training until validation scores don't improve for 10 rounds
Early stopping, best iteration is:
[151]	training's ndcg@1000: 0.653082	valid_1's ndcg@1000: 0.503437
[I 2025-06-21 08:40:35,962] Trial 5 finished with value: 0.5503634398018385 and parameters: {'learning_rate': 0.025858374651567345, 'num_leaves': 350, 'min_data_in_leaf': 456, 'lambda_l2': 0.2193760639869946, 'subsample': 0.8713400531286952, 'colsample_bytree': 0.8370795586268466}. Best is trial 0 with value: 0.5528159803430056.
Training until validation scores don't improve for 10 rounds
Training until validation scores don't improve for 10 rounds
Early stopping, best iteration is:
[75]	training's ndcg@1000: 0.536294	valid_1's ndcg@1000: 0.505606
Early stopping, best iteration is:
[86]	training's ndcg@1000: 0.593624	valid_1's ndcg@1000: 0.494039
Early stopping, best iteration is:
[31]	training's ndcg@1000: 0.526727	valid_1's ndcg@1000: 0.484877
Early stopping, best iteration is:
[92]	training's ndcg@1000: 0.593813	valid_1's ndcg@1000: 0.489798
Training until validation scores don't improve for 10 rounds
Early stopping, best iteration is:
[109]	training's ndcg@1000: 0.62766	valid_1's ndcg@1000: 0.500891
Training until validation scores don't improve for 10 rounds
Training until validation scores don't improve for 10 rounds
Training until validation scores don't improve for 10 rounds
Training until validation scores don't improve for 10 rounds
Early stopping, best iteration is:
[85]	training's ndcg@1000: 0.544521	valid_1's ndcg@1000: 0.494203
Early stopping, best iteration is:
[69]	training's ndcg@1000: 0.575523	valid_1's ndcg@1000: 0.484334
[I 2025-06-21 08:41:44,722] Trial 6 finished with value: 0.5220577161409635 and parameters: {'learning_rate': 0.027301940879046246, 'num_leaves': 1316, 'min_data_in_leaf': 1608, 'lambda_l2': 0.08932369268942819, 'subsample': 0.9255041237565347, 'colsample_bytree': 0.9098069119262779}. Best is trial 4 with value: 0.5230962823888797.
Early stopping, best iteration is:
[50]	training's ndcg@1000: 0.562045	valid_1's ndcg@1000: 0.486466
Early stopping, best iteration is:
[164]	training's ndcg@1000: 0.608095	valid_1's ndcg@1000: 0.545173
Early stopping, best iteration is:
[74]	training's ndcg@1000: 0.534516	valid_1's ndcg@1000: 0.489863
[I 2025-06-21 08:41:50,706] Trial 6 finished with value: 0.5215711327716126 and parameters: {'learning_rate': 0.01100106237138948, 'num_leaves': 933, 'min_data_in_leaf': 1438, 'lambda_l2': 0.5554927318086581, 'subsample': 0.6228451917393191, 'colsample_bytree': 0.953821802482834}. Best is trial 3 with value: 0.5232471323652125.
Training until validation scores don't improve for 10 rounds
Training until validation scores don't improve for 10 rounds
Training until validation scores don't improve for 10 rounds
Training until validation scores don't improve for 10 rounds
Training until validation scores don't improve for 10 rounds
Training until validation scores don't improve for 10 rounds
Early stopping, best iteration is:
[65]	training's ndcg@1000: 0.537448	valid_1's ndcg@1000: 0.497061
[I 2025-06-21 08:42:27,941] Trial 6 finished with value: 0.5305575048572296 and parameters: {'learning_rate': 0.0050092192762960655, 'num_leaves': 324, 'min_data_in_leaf': 612, 'lambda_l2': 0.6215594830267444, 'subsample': 0.896364110341652, 'colsample_bytree': 0.5809015021627154}. Best is trial 5 with value: 0.5374882433438216.
Early stopping, best iteration is:
[31]	training's ndcg@1000: 0.526522	valid_1's ndcg@1000: 0.502566
Early stopping, best iteration is:
[46]	training's ndcg@1000: 0.560519	valid_1's ndcg@1000: 0.486091
Early stopping, best iteration is:
[136]	training's ndcg@1000: 0.648491	valid_1's ndcg@1000: 0.492408
[I 2025-06-21 08:42:31,846] Trial 7 finished with value: 0.5413822574986862 and parameters: {'learning_rate': 0.025130920118744307, 'num_leaves': 1087, 'min_data_in_leaf': 833, 'lambda_l2': 0.25968713868698323, 'subsample': 0.8408704484974727, 'colsample_bytree': 0.6169045854805615}. Best is trial 0 with value: 0.5442122638226504.
Early stopping, best iteration is:
[40]	training's ndcg@1000: 0.526759	valid_1's ndcg@1000: 0.5196
Early stopping, best iteration is:
[118]	training's ndcg@1000: 0.591254	valid_1's ndcg@1000: 0.534884
Training until validation scores don't improve for 10 rounds
Training until validation scores don't improve for 10 rounds
Training until validation scores don't improve for 10 rounds
Training until validation scores don't improve for 10 rounds
Early stopping, best iteration is:
[27]	training's ndcg@1000: 0.529469	valid_1's ndcg@1000: 0.491544
Early stopping, best iteration is:
[9]	training's ndcg@1000: 0.526687	valid_1's ndcg@1000: 0.469503
