[I 2025-06-19 12:04:28,380] Trial 5 finished with value: 0.11716578531724779 and parameters: {'learning_rate': 0.013432265406801973, 'num_leaves': 237, 'min_data_in_leaf': 1011, 'lambda_l2': 0.39631761673405275, 'subsample': 0.7761029125113669, 'colsample_bytree': 0.7659044082609996}. Best is trial 5 with value: 0.11716578531724779.
Training until validation scores don't improve for 10 rounds
Early stopping, best iteration is:
[203]	training's rmse: 0.980079	valid_1's rmse: 0.993915
Early stopping, best iteration is:
[457]	training's rmse: 0.955294	valid_1's rmse: 0.991819
Training until validation scores don't improve for 10 rounds
Training until validation scores don't improve for 10 rounds
Training until validation scores don't improve for 10 rounds
Early stopping, best iteration is:
[117]	training's rmse: 0.964647	valid_1's rmse: 0.995936
Early stopping, best iteration is:
[169]	training's rmse: 0.9672	valid_1's rmse: 0.992296
Training until validation scores don't improve for 10 rounds
Early stopping, best iteration is:
[486]	training's rmse: 0.965816	valid_1's rmse: 0.992563
Training until validation scores don't improve for 10 rounds
Early stopping, best iteration is:
[397]	training's rmse: 0.97191	valid_1's rmse: 0.99281
Early stopping, best iteration is:
[602]	training's rmse: 0.93908	valid_1's rmse: 0.989596
[I 2025-06-19 12:08:05,228] Trial 2 finished with value: 0.12758585501867598 and parameters: {'learning_rate': 0.014518658556377163, 'num_leaves': 1780, 'min_data_in_leaf': 1160, 'lambda_l2': 0.9200120945175215, 'subsample': 0.7011393736034238, 'colsample_bytree': 0.898999423529876}. Best is trial 1 with value: 0.1278623197332329.
Early stopping, best iteration is:
[185]	training's rmse: 0.96422	valid_1's rmse: 0.991414
Early stopping, best iteration is:
[439]	training's rmse: 0.956281	valid_1's rmse: 0.991754
Training until validation scores don't improve for 10 rounds
Training until validation scores don't improve for 10 rounds
Training until validation scores don't improve for 10 rounds
Training until validation scores don't improve for 10 rounds
Training until validation scores don't improve for 10 rounds
Early stopping, best iteration is:
[190]	training's rmse: 0.962886	valid_1's rmse: 0.992102
Early stopping, best iteration is:
[400]	training's rmse: 0.968301	valid_1's rmse: 0.994413
Early stopping, best iteration is:
[273]	training's rmse: 0.939788	valid_1's rmse: 0.992769
[I 2025-06-19 12:10:16,057] Trial 1 finished with value: 0.10474877240306342 and parameters: {'learning_rate': 0.01477236212823595, 'num_leaves': 1826, 'min_data_in_leaf': 542, 'lambda_l2': 0.7377269097015371, 'subsample': 0.9164368412932467, 'colsample_bytree': 0.7040673936391801}. Best is trial 1 with value: 0.10474877240306342.
Early stopping, best iteration is:
[220]	training's rmse: 0.982158	valid_1's rmse: 0.995149
Training until validation scores don't improve for 10 rounds
Training until validation scores don't improve for 10 rounds
Training until validation scores don't improve for 10 rounds
Training until validation scores don't improve for 10 rounds
Early stopping, best iteration is:
[483]	training's rmse: 0.953879	valid_1's rmse: 0.991036
Early stopping, best iteration is:
[288]	training's rmse: 0.956011	valid_1's rmse: 0.991134
[I 2025-06-19 12:12:11,911] Trial 6 finished with value: 0.11566435398698655 and parameters: {'learning_rate': 0.026642948568322607, 'num_leaves': 291, 'min_data_in_leaf': 1671, 'lambda_l2': 0.945207492354116, 'subsample': 0.8756297193890881, 'colsample_bytree': 0.8635968323705695}. Best is trial 5 with value: 0.11716578531724779.
Early stopping, best iteration is:
[676]	training's rmse: 0.940066	valid_1's rmse: 0.987684
Early stopping, best iteration is:
[277]	training's rmse: 0.975741	valid_1's rmse: 0.99349
[I 2025-06-19 12:12:40,914] Trial 2 finished with value: 0.10069212170241648 and parameters: {'learning_rate': 0.009834465882733418, 'num_leaves': 1218, 'min_data_in_leaf': 1913, 'lambda_l2': 0.21786127054459647, 'subsample': 0.9776211528115908, 'colsample_bytree': 0.7761021266468268}. Best is trial 2 with value: 0.10069212170241648.
Training until validation scores don't improve for 10 rounds
Training until validation scores don't improve for 10 rounds
Training until validation scores don't improve for 10 rounds
Training until validation scores don't improve for 10 rounds
Early stopping, best iteration is:
[157]	training's rmse: 0.981027	valid_1's rmse: 0.993987
Early stopping, best iteration is:
[448]	training's rmse: 0.96222	valid_1's rmse: 0.992379
Early stopping, best iteration is:
[637]	training's rmse: 0.966875	valid_1's rmse: 0.99185
Early stopping, best iteration is:
[199]	training's rmse: 0.955349	valid_1's rmse: 0.991915
Training until validation scores don't improve for 10 rounds
Early stopping, best iteration is:
[474]	training's rmse: 0.954727	valid_1's rmse: 0.993152
[I 2025-06-19 12:15:24,254] Trial 3 finished with value: 0.11322942543535613 and parameters: {'learning_rate': 0.011083295530300873, 'num_leaves': 878, 'min_data_in_leaf': 1187, 'lambda_l2': 0.264299503424253, 'subsample': 0.6639235130012527, 'colsample_bytree': 0.9417920705997191}. Best is trial 1 with value: 0.1133908101446176.
Early stopping, best iteration is:
[480]	training's rmse: 0.949869	valid_1's rmse: 0.991428
Early stopping, best iteration is:
[379]	training's rmse: 0.966864	valid_1's rmse: 0.992662
Training until validation scores don't improve for 10 rounds
Training until validation scores don't improve for 10 rounds
Training until validation scores don't improve for 10 rounds
Training until validation scores don't improve for 10 rounds
Training until validation scores don't improve for 10 rounds
Training until validation scores don't improve for 10 rounds
Early stopping, best iteration is:
[289]	training's rmse: 0.970984	valid_1's rmse: 0.994519
Early stopping, best iteration is:
[386]	training's rmse: 0.96516	valid_1's rmse: 0.991925
Early stopping, best iteration is:
[592]	training's rmse: 0.943967	valid_1's rmse: 0.989351
Early stopping, best iteration is:
[311]	training's rmse: 0.94155	valid_1's rmse: 0.99085
Early stopping, best iteration is:
[739]	training's rmse: 0.962182	valid_1's rmse: 0.993036
[I 2025-06-19 12:19:52,879] Trial 7 finished with value: 0.10531735397046348 and parameters: {'learning_rate': 0.006489788532441974, 'num_leaves': 1545, 'min_data_in_leaf': 1738, 'lambda_l2': 0.747214905440425, 'subsample': 0.6117999662176958, 'colsample_bytree': 0.8469741895814953}. Best is trial 7 with value: 0.10531735397046348.
Training until validation scores don't improve for 10 rounds
Training until validation scores don't improve for 10 rounds
Training until validation scores don't improve for 10 rounds
Early stopping, best iteration is:
[707]	training's rmse: 0.950786	valid_1's rmse: 0.991018
Early stopping, best iteration is:
[245]	training's rmse: 0.973037	valid_1's rmse: 0.992167
Early stopping, best iteration is:
[264]	training's rmse: 0.973116	valid_1's rmse: 0.993328
[I 2025-06-19 12:21:31,631] Trial 3 finished with value: 0.10071011109906247 and parameters: {'learning_rate': 0.011278621492039932, 'num_leaves': 1703, 'min_data_in_leaf': 1721, 'lambda_l2': 0.15739239122664384, 'subsample': 0.692668529797648, 'colsample_bytree': 0.6197448235526499}. Best is trial 3 with value: 0.10071011109906247.
Training until validation scores don't improve for 10 rounds
Training until validation scores don't improve for 10 rounds
Early stopping, best iteration is:
[666]	training's rmse: 0.93878	valid_1's rmse: 0.989244
[I 2025-06-19 12:22:30,022] Trial 3 finished with value: 0.12892656630006064 and parameters: {'learning_rate': 0.012766871529769432, 'num_leaves': 860, 'min_data_in_leaf': 1119, 'lambda_l2': 0.3015436666495366, 'subsample': 0.95376584355125, 'colsample_bytree': 0.7670024158573943}. Best is trial 3 with value: 0.12892656630006064.
Early stopping, best iteration is:
[279]	training's rmse: 0.94388	valid_1's rmse: 0.991972
Training until validation scores don't improve for 10 rounds
Early stopping, best iteration is:
[460]	training's rmse: 0.970613	valid_1's rmse: 0.992866
Early stopping, best iteration is:
[273]	training's rmse: 0.973761	valid_1's rmse: 0.995992
Training until validation scores don't improve for 10 rounds
Early stopping, best iteration is:
[70]	training's rmse: 0.969683	valid_1's rmse: 0.993769
Training until validation scores don't improve for 10 rounds
Training until validation scores don't improve for 10 rounds
Training until validation scores don't improve for 10 rounds
Early stopping, best iteration is:
[430]	training's rmse: 0.930947	valid_1's rmse: 0.990904
[I 2025-06-19 12:28:34,399] Trial 7 finished with value: 0.11708428797895946 and parameters: {'learning_rate': 0.015822527927166447, 'num_leaves': 1668, 'min_data_in_leaf': 644, 'lambda_l2': 0.13009833022736494, 'subsample': 0.8453064535836907, 'colsample_bytree': 0.679807565699946}. Best is trial 5 with value: 0.11716578531724779.
Training until validation scores don't improve for 10 rounds
Early stopping, best iteration is:
[431]	training's rmse: 0.96325	valid_1's rmse: 0.991035
Early stopping, best iteration is:
[274]	training's rmse: 0.980497	valid_1's rmse: 0.995165
Training until validation scores don't improve for 10 rounds
Early stopping, best iteration is:
[642]	training's rmse: 0.95542	valid_1's rmse: 0.992783
[I 2025-06-19 12:31:52,106] Trial 2 finished with value: 0.10625333356377972 and parameters: {'learning_rate': 0.006044978280845407, 'num_leaves': 1756, 'min_data_in_leaf': 970, 'lambda_l2': 0.4489594168825565, 'subsample': 0.857377029284482, 'colsample_bytree': 0.6477525030592024}. Best is trial 2 with value: 0.10625333356377972.
Early stopping, best iteration is:
[279]	training's rmse: 0.959855	valid_1's rmse: 0.991969
Training until validation scores don't improve for 10 rounds
Training until validation scores don't improve for 10 rounds
Early stopping, best iteration is:
[543]	training's rmse: 0.970751	valid_1's rmse: 0.992163
Training until validation scores don't improve for 10 rounds
Early stopping, best iteration is:
[287]	training's rmse: 0.969818	valid_1's rmse: 0.992719
Early stopping, best iteration is:
[487]	training's rmse: 0.944006	valid_1's rmse: 0.990815
Training until validation scores don't improve for 10 rounds
Training until validation scores don't improve for 10 rounds
Training until validation scores don't improve for 10 rounds
Training until validation scores don't improve for 10 rounds
Training until validation scores don't improve for 10 rounds
Early stopping, best iteration is:
[148]	training's rmse: 0.949813	valid_1's rmse: 0.992665
Training until validation scores don't improve for 10 rounds
Early stopping, best iteration is:
[401]	training's rmse: 0.964852	valid_1's rmse: 0.993214
[I 2025-06-19 12:38:19,549] Trial 4 finished with value: 0.1133508949161656 and parameters: {'learning_rate': 0.012612240403323958, 'num_leaves': 497, 'min_data_in_leaf': 1819, 'lambda_l2': 0.07340319954601948, 'subsample': 0.8395462067050341, 'colsample_bytree': 0.6141203112258353}. Best is trial 1 with value: 0.1133908101446176.
Training until validation scores don't improve for 10 rounds
Early stopping, best iteration is:
[89]	training's rmse: 0.964859	valid_1's rmse: 0.994359
Early stopping, best iteration is:
[324]	training's rmse: 0.954287	valid_1's rmse: 0.992103
Early stopping, best iteration is:
[285]	training's rmse: 0.952291	valid_1's rmse: 0.988266
Early stopping, best iteration is:
[377]	training's rmse: 0.966166	valid_1's rmse: 0.991546
Training until validation scores don't improve for 10 rounds
Training until validation scores don't improve for 10 rounds
Early stopping, best iteration is:
[662]	training's rmse: 0.966277	valid_1's rmse: 0.993238
[I 2025-06-19 12:40:21,576] Trial 8 finished with value: 0.10476805267339823 and parameters: {'learning_rate': 0.005460968530196779, 'num_leaves': 1252, 'min_data_in_leaf': 1566, 'lambda_l2': 0.34257358039077235, 'subsample': 0.7721601885149179, 'colsample_bytree': 0.9428916844080314}. Best is trial 7 with value: 0.10531735397046348.
Early stopping, best iteration is:
[146]	training's rmse: 0.981186	valid_1's rmse: 0.99613
Early stopping, best iteration is:
[475]	training's rmse: 0.944523	valid_1's rmse: 0.990997
[I 2025-06-19 12:41:07,188] Trial 8 finished with value: 0.11713145101771805 and parameters: {'learning_rate': 0.014508013035146285, 'num_leaves': 1644, 'min_data_in_leaf': 1015, 'lambda_l2': 0.32048152191599344, 'subsample': 0.7493547359446695, 'colsample_bytree': 0.6404045324048458}. Best is trial 5 with value: 0.11716578531724779.
Training until validation scores don't improve for 10 rounds
Early stopping, best iteration is:
[109]	training's rmse: 0.963986	valid_1's rmse: 0.992894
Training until validation scores don't improve for 10 rounds
Training until validation scores don't improve for 10 rounds
Early stopping, best iteration is:
[102]	training's rmse: 0.965971	valid_1's rmse: 0.992273
Early stopping, best iteration is:
[363]	training's rmse: 0.967886	valid_1's rmse: 0.993069
[I 2025-06-19 12:42:55,936] Trial 3 finished with value: 0.10464087759467737 and parameters: {'learning_rate': 0.011272100891903752, 'num_leaves': 1713, 'min_data_in_leaf': 1953, 'lambda_l2': 0.6206775846973777, 'subsample': 0.6104380150642299, 'colsample_bytree': 0.7371865818908838}. Best is trial 2 with value: 0.10625333356377972.
Training until validation scores don't improve for 10 rounds
Training until validation scores don't improve for 10 rounds
Training until validation scores don't improve for 10 rounds
Training until validation scores don't improve for 10 rounds
Training until validation scores don't improve for 10 rounds
Training until validation scores don't improve for 10 rounds
Early stopping, best iteration is:
[51]	training's rmse: 0.980271	valid_1's rmse: 0.995238
Early stopping, best iteration is:
[89]	training's rmse: 0.963988	valid_1's rmse: 0.993488
[I 2025-06-19 12:44:16,906] Trial 4 finished with value: 0.09953989564204123 and parameters: {'learning_rate': 0.02773836534008555, 'num_leaves': 862, 'min_data_in_leaf': 734, 'lambda_l2': 0.39771173034129514, 'subsample': 0.8984222946861801, 'colsample_bytree': 0.703780277845647}. Best is trial 3 with value: 0.10071011109906247.
Early stopping, best iteration is:
[207]	training's rmse: 0.958339	valid_1's rmse: 0.991738
Early stopping, best iteration is:
[183]	training's rmse: 0.951437	valid_1's rmse: 0.991205
Early stopping, best iteration is:
[160]	training's rmse: 0.962382	valid_1's rmse: 0.992592
Early stopping, best iteration is:
[724]	training's rmse: 0.950194	valid_1's rmse: 0.991424
Training until validation scores don't improve for 10 rounds
Training until validation scores don't improve for 10 rounds
Training until validation scores don't improve for 10 rounds
Training until validation scores don't improve for 10 rounds
Training until validation scores don't improve for 10 rounds
Training until validation scores don't improve for 10 rounds
Early stopping, best iteration is:
[214]	training's rmse: 0.953204	valid_1's rmse: 0.991855
Early stopping, best iteration is:
[191]	training's rmse: 0.94936	valid_1's rmse: 0.992049
Early stopping, best iteration is:
[100]	training's rmse: 0.976309	valid_1's rmse: 0.993709
Early stopping, best iteration is:
[232]	training's rmse: 0.953669	valid_1's rmse: 0.991155
Training until validation scores don't improve for 10 rounds
Training until validation scores don't improve for 10 rounds
Early stopping, best iteration is:
[326]	training's rmse: 0.947153	valid_1's rmse: 0.98967
Training until validation scores don't improve for 10 rounds
Early stopping, best iteration is:
[172]	training's rmse: 0.957306	valid_1's rmse: 0.993172
[I 2025-06-19 12:50:27,874] Trial 9 finished with value: 0.1035873872772064 and parameters: {'learning_rate': 0.025332004176841744, 'num_leaves': 1248, 'min_data_in_leaf': 1200, 'lambda_l2': 0.603931609073851, 'subsample': 0.6135872339657259, 'colsample_bytree': 0.8304078028976508}. Best is trial 7 with value: 0.10531735397046348.
Training until validation scores don't improve for 10 rounds
Early stopping, best iteration is:
[128]	training's rmse: 0.971614	valid_1's rmse: 0.992994
Early stopping, best iteration is:
[282]	training's rmse: 0.938754	valid_1's rmse: 0.991172
Training until validation scores don't improve for 10 rounds
[I 2025-06-19 12:50:53,962] Trial 9 finished with value: 0.11549268065231107 and parameters: {'learning_rate': 0.025088074768859183, 'num_leaves': 980, 'min_data_in_leaf': 861, 'lambda_l2': 0.038106446736910105, 'subsample': 0.6505230534517107, 'colsample_bytree': 0.6614064375995566}. Best is trial 5 with value: 0.11716578531724779.
Early stopping, best iteration is:
[578]	training's rmse: 0.957465	valid_1's rmse: 0.99137
Training until validation scores don't improve for 10 rounds
Training until validation scores don't improve for 10 rounds
Training until validation scores don't improve for 10 rounds
Early stopping, best iteration is:
[294]	training's rmse: 0.948886	valid_1's rmse: 0.989811
[I 2025-06-19 12:51:53,668] Trial 4 finished with value: 0.1266577185066728 and parameters: {'learning_rate': 0.025248236200101262, 'num_leaves': 376, 'min_data_in_leaf': 1353, 'lambda_l2': 0.7623469223874612, 'subsample': 0.6055731535895174, 'colsample_bytree': 0.7881172840159923}. Best is trial 3 with value: 0.12892656630006064.
Early stopping, best iteration is:
[87]	training's rmse: 0.975549	valid_1's rmse: 0.996144
Training until validation scores don't improve for 10 rounds
Early stopping, best iteration is:
[123]	training's rmse: 0.972816	valid_1's rmse: 0.994523
Training until validation scores don't improve for 10 rounds
Training until validation scores don't improve for 10 rounds
Training until validation scores don't improve for 10 rounds
Early stopping, best iteration is:
[355]	training's rmse: 0.980408	valid_1's rmse: 0.993314
Early stopping, best iteration is:
[144]	training's rmse: 0.969785	valid_1's rmse: 0.993247
[I 2025-06-19 12:53:55,515] Trial 5 finished with value: 0.10080376849721634 and parameters: {'learning_rate': 0.020584535244976367, 'num_leaves': 1615, 'min_data_in_leaf': 1333, 'lambda_l2': 0.3802658347250141, 'subsample': 0.8238736229117043, 'colsample_bytree': 0.5840551424691796}. Best is trial 5 with value: 0.10080376849721634.
Early stopping, best iteration is:
[550]	training's rmse: 0.958344	valid_1's rmse: 0.990872
Early stopping, best iteration is:
[489]	training's rmse: 0.946709	valid_1's rmse: 0.991478
Early stopping, best iteration is:
[202]	training's rmse: 0.959645	valid_1's rmse: 0.992977
[I 2025-06-19 12:54:45,059] Trial 4 finished with value: 0.10487315868976804 and parameters: {'learning_rate': 0.017666180865903415, 'num_leaves': 1341, 'min_data_in_leaf': 1062, 'lambda_l2': 0.43648487597989305, 'subsample': 0.9717956539284708, 'colsample_bytree': 0.8847037408159816}. Best is trial 2 with value: 0.10625333356377972.
Training until validation scores don't improve for 10 rounds
Early stopping, best iteration is:
[278]	training's rmse: 0.940123	valid_1's rmse: 0.988155
Training until validation scores don't improve for 10 rounds
Training until validation scores don't improve for 10 rounds
Training until validation scores don't improve for 10 rounds
Training until validation scores don't improve for 10 rounds
Training until validation scores don't improve for 10 rounds
Early stopping, best iteration is:
[159]	training's rmse: 0.968012	valid_1's rmse: 0.99348
Early stopping, best iteration is:
[297]	training's rmse: 0.98317	valid_1's rmse: 0.995119
Early stopping, best iteration is:
[215]	training's rmse: 0.946379	valid_1's rmse: 0.991673
Early stopping, best iteration is:
[601]	training's rmse: 0.937004	valid_1's rmse: 0.990243
Training until validation scores don't improve for 10 rounds
Training until validation scores don't improve for 10 rounds
Training until validation scores don't improve for 10 rounds
Early stopping, best iteration is:
[607]	training's rmse: 0.956898	valid_1's rmse: 0.992977
[I 2025-06-19 12:58:28,148] Trial 5 finished with value: 0.11514199242296116 and parameters: {'learning_rate': 0.007226723910747874, 'num_leaves': 286, 'min_data_in_leaf': 792, 'lambda_l2': 0.2926435469969483, 'subsample': 0.745218236352859, 'colsample_bytree': 0.5150918201460319}. Best is trial 5 with value: 0.11514199242296116.
Early stopping, best iteration is:
[528]	training's rmse: 0.964544	valid_1's rmse: 0.992504
Training until validation scores don't improve for 10 rounds
Early stopping, best iteration is:
[264]	training's rmse: 0.954878	valid_1's rmse: 0.992825
Training until validation scores don't improve for 10 rounds
Early stopping, best iteration is:
[93]	training's rmse: 0.957689	valid_1's rmse: 0.992482
Early stopping, best iteration is:
[298]	training's rmse: 0.935856	valid_1's rmse: 0.989365
Training until validation scores don't improve for 10 rounds
Did not meet early stopping. Best iteration is:
[995]	training's rmse: 0.965291	valid_1's rmse: 0.99169
Training until validation scores don't improve for 10 rounds
Training until validation scores don't improve for 10 rounds
Training until validation scores don't improve for 10 rounds
Early stopping, best iteration is:
[192]	training's rmse: 0.964122	valid_1's rmse: 0.994408
Early stopping, best iteration is:
[127]	training's rmse: 0.948485	valid_1's rmse: 0.991958
Early stopping, best iteration is:
[577]	training's rmse: 0.93689	valid_1's rmse: 0.99165
Training until validation scores don't improve for 10 rounds
Training until validation scores don't improve for 10 rounds
Training until validation scores don't improve for 10 rounds
Early stopping, best iteration is:
[557]	training's rmse: 0.963909	valid_1's rmse: 0.991491
Early stopping, best iteration is:
[332]	training's rmse: 0.931135	valid_1's rmse: 0.989536
