[I 2025-06-21 09:10:32,120] Trial 13 finished with value: 0.5483470405422585 and parameters: {'learning_rate': 0.010987560086758351, 'num_leaves': 1933, 'min_data_in_leaf': 1261, 'lambda_l2': 0.006091095962780346, 'subsample': 0.9740545747048642, 'colsample_bytree': 0.9436497000250154}. Best is trial 0 with value: 0.5528159803430056.
Early stopping, best iteration is:
[86]	training's ndcg@1000: 0.570668	valid_1's ndcg@1000: 0.533873
Training until validation scores don't improve for 10 rounds
Early stopping, best iteration is:
[43]	training's ndcg@1000: 0.543011	valid_1's ndcg@1000: 0.491855
Early stopping, best iteration is:
[62]	training's ndcg@1000: 0.572091	valid_1's ndcg@1000: 0.524261
Training until validation scores don't improve for 10 rounds
Training until validation scores don't improve for 10 rounds
Early stopping, best iteration is:
[131]	training's ndcg@1000: 0.640688	valid_1's ndcg@1000: 0.501977
Training until validation scores don't improve for 10 rounds
Early stopping, best iteration is:
[200]	training's ndcg@1000: 0.601004	valid_1's ndcg@1000: 0.479591
[I 2025-06-21 09:11:30,740] Trial 14 finished with value: 0.5139302768104549 and parameters: {'learning_rate': 0.013249177430192449, 'num_leaves': 846, 'min_data_in_leaf': 514, 'lambda_l2': 0.6461514000757268, 'subsample': 0.7695000832916118, 'colsample_bytree': 0.9194692704309069}. Best is trial 9 with value: 0.5154970124419986.
Early stopping, best iteration is:
[41]	training's ndcg@1000: 0.544231	valid_1's ndcg@1000: 0.492158
Training until validation scores don't improve for 10 rounds
Early stopping, best iteration is:
[119]	training's ndcg@1000: 0.595351	valid_1's ndcg@1000: 0.511455
Training until validation scores don't improve for 10 rounds
Early stopping, best iteration is:
[32]	training's ndcg@1000: 0.560778	valid_1's ndcg@1000: 0.485691
Training until validation scores don't improve for 10 rounds
Training until validation scores don't improve for 10 rounds
Early stopping, best iteration is:
[27]	training's ndcg@1000: 0.515236	valid_1's ndcg@1000: 0.486008
Early stopping, best iteration is:
[47]	training's ndcg@1000: 0.580389	valid_1's ndcg@1000: 0.489401
Early stopping, best iteration is:
[254]	training's ndcg@1000: 0.608482	valid_1's ndcg@1000: 0.545054
[I 2025-06-21 09:12:10,368] Trial 14 finished with value: 0.5420908394193437 and parameters: {'learning_rate': 0.024738078655122012, 'num_leaves': 1374, 'min_data_in_leaf': 779, 'lambda_l2': 0.3106306156614477, 'subsample': 0.9398884631594615, 'colsample_bytree': 0.6053480338687152}. Best is trial 0 with value: 0.5442122638226504.
Early stopping, best iteration is:
[26]	training's ndcg@1000: 0.541966	valid_1's ndcg@1000: 0.479521
[I 2025-06-21 09:12:17,807] Trial 14 finished with value: 0.5181941826136726 and parameters: {'learning_rate': 0.008287059526756894, 'num_leaves': 575, 'min_data_in_leaf': 639, 'lambda_l2': 0.3281120362663985, 'subsample': 0.8324813737534119, 'colsample_bytree': 0.6477052046135958}. Best is trial 4 with value: 0.5230962823888797.
Training until validation scores don't improve for 10 rounds
Training until validation scores don't improve for 10 rounds
Early stopping, best iteration is:
[81]	training's ndcg@1000: 0.580315	valid_1's ndcg@1000: 0.498609
Training until validation scores don't improve for 10 rounds
Training until validation scores don't improve for 10 rounds
Training until validation scores don't improve for 10 rounds
Early stopping, best iteration is:
[18]	training's ndcg@1000: 0.513485	valid_1's ndcg@1000: 0.484239
Early stopping, best iteration is:
[35]	training's ndcg@1000: 0.561753	valid_1's ndcg@1000: 0.48775
Early stopping, best iteration is:
[46]	training's ndcg@1000: 0.554203	valid_1's ndcg@1000: 0.531216
Training until validation scores don't improve for 10 rounds
Early stopping, best iteration is:
[98]	training's ndcg@1000: 0.529885	valid_1's ndcg@1000: 0.544244
Training until validation scores don't improve for 10 rounds
Early stopping, best iteration is:
[125]	training's ndcg@1000: 0.527277	valid_1's ndcg@1000: 0.505032
Training until validation scores don't improve for 10 rounds
Training until validation scores don't improve for 10 rounds
Training until validation scores don't improve for 10 rounds
Early stopping, best iteration is:
[58]	training's ndcg@1000: 0.534203	valid_1's ndcg@1000: 0.486866
Training until validation scores don't improve for 10 rounds
Early stopping, best iteration is:
[37]	training's ndcg@1000: 0.528374	valid_1's ndcg@1000: 0.518063
Early stopping, best iteration is:
[103]	training's ndcg@1000: 0.590874	valid_1's ndcg@1000: 0.500932
[I 2025-06-21 09:13:40,368] Trial 14 finished with value: 0.5361496997125773 and parameters: {'learning_rate': 0.02211041869071536, 'num_leaves': 1546, 'min_data_in_leaf': 1566, 'lambda_l2': 0.14425930137280052, 'subsample': 0.7011143764081792, 'colsample_bytree': 0.836515809113643}. Best is trial 5 with value: 0.5374882433438216.
Training until validation scores don't improve for 10 rounds
Early stopping, best iteration is:
[136]	training's ndcg@1000: 0.586164	valid_1's ndcg@1000: 0.514004
Early stopping, best iteration is:
[33]	training's ndcg@1000: 0.516602	valid_1's ndcg@1000: 0.490155
Training until validation scores don't improve for 10 rounds
Training until validation scores don't improve for 10 rounds
Early stopping, best iteration is:
[33]	training's ndcg@1000: 0.519785	valid_1's ndcg@1000: 0.475104
[I 2025-06-21 09:14:11,966] Trial 15 finished with value: 0.5118643040206416 and parameters: {'learning_rate': 0.024459320084026993, 'num_leaves': 741, 'min_data_in_leaf': 1502, 'lambda_l2': 0.6839778718585757, 'subsample': 0.6477094024418776, 'colsample_bytree': 0.5318510342323451}. Best is trial 9 with value: 0.5154970124419986.
Training until validation scores don't improve for 10 rounds
Early stopping, best iteration is:
[121]	training's ndcg@1000: 0.614983	valid_1's ndcg@1000: 0.494959
[I 2025-06-21 09:14:24,672] Trial 15 finished with value: 0.5245271279365773 and parameters: {'learning_rate': 0.018368836798974674, 'num_leaves': 1682, 'min_data_in_leaf': 1205, 'lambda_l2': 0.0360415634277127, 'subsample': 0.7002246632887352, 'colsample_bytree': 0.8075168737485732}. Best is trial 15 with value: 0.5245271279365773.
Training until validation scores don't improve for 10 rounds
Training until validation scores don't improve for 10 rounds
Early stopping, best iteration is:
[54]	training's ndcg@1000: 0.566113	valid_1's ndcg@1000: 0.497367
Training until validation scores don't improve for 10 rounds
[I 2025-06-21 09:14:46,238] Trial 14 finished with value: 0.5471930507936813 and parameters: {'learning_rate': 0.010542371351957548, 'num_leaves': 505, 'min_data_in_leaf': 1068, 'lambda_l2': 0.24114508336534568, 'subsample': 0.6988051657640949, 'colsample_bytree': 0.5780540451709673}. Best is trial 0 with value: 0.5528159803430056.
Early stopping, best iteration is:
[129]	training's ndcg@1000: 0.576832	valid_1's ndcg@1000: 0.533544
Early stopping, best iteration is:
[233]	training's ndcg@1000: 0.57507	valid_1's ndcg@1000: 0.499367
Early stopping, best iteration is:
[26]	training's ndcg@1000: 0.505919	valid_1's ndcg@1000: 0.484402
Early stopping, best iteration is:
[79]	training's ndcg@1000: 0.524818	valid_1's ndcg@1000: 0.490811
Training until validation scores don't improve for 10 rounds
Early stopping, best iteration is:
[17]	training's ndcg@1000: 0.519868	valid_1's ndcg@1000: 0.517472
Training until validation scores don't improve for 10 rounds
Training until validation scores don't improve for 10 rounds
Training until validation scores don't improve for 10 rounds
Training until validation scores don't improve for 10 rounds
Early stopping, best iteration is:
[23]	training's ndcg@1000: 0.507136	valid_1's ndcg@1000: 0.481958
Training until validation scores don't improve for 10 rounds
Early stopping, best iteration is:
[69]	training's ndcg@1000: 0.541445	valid_1's ndcg@1000: 0.48736
[I 2025-06-21 09:15:35,316] Trial 15 finished with value: 0.5375475735461056 and parameters: {'learning_rate': 0.013231911138057596, 'num_leaves': 1875, 'min_data_in_leaf': 1698, 'lambda_l2': 0.9697621056034474, 'subsample': 0.7617642808122438, 'colsample_bytree': 0.6351635920738874}. Best is trial 0 with value: 0.5442122638226504.
Early stopping, best iteration is:
[83]	training's ndcg@1000: 0.601324	valid_1's ndcg@1000: 0.543045
Early stopping, best iteration is:
[70]	training's ndcg@1000: 0.524941	valid_1's ndcg@1000: 0.479361
[I 2025-06-21 09:15:46,050] Trial 15 finished with value: 0.517814667196743 and parameters: {'learning_rate': 0.00892567598167987, 'num_leaves': 1344, 'min_data_in_leaf': 1909, 'lambda_l2': 0.5050852105970876, 'subsample': 0.8500519440010742, 'colsample_bytree': 0.9267693844060981}. Best is trial 4 with value: 0.5230962823888797.
Training until validation scores don't improve for 10 rounds
Early stopping, best iteration is:
[124]	training's ndcg@1000: 0.580724	valid_1's ndcg@1000: 0.509759
Training until validation scores don't improve for 10 rounds
Early stopping, best iteration is:
[42]	training's ndcg@1000: 0.539775	valid_1's ndcg@1000: 0.488828
Early stopping, best iteration is:
[26]	training's ndcg@1000: 0.508594	valid_1's ndcg@1000: 0.484365
Training until validation scores don't improve for 10 rounds
Training until validation scores don't improve for 10 rounds
Training until validation scores don't improve for 10 rounds
Early stopping, best iteration is:
[68]	training's ndcg@1000: 0.535371	valid_1's ndcg@1000: 0.545296
Training until validation scores don't improve for 10 rounds
Training until validation scores don't improve for 10 rounds
Early stopping, best iteration is:
[105]	training's ndcg@1000: 0.531143	valid_1's ndcg@1000: 0.505571
Training until validation scores don't improve for 10 rounds
Early stopping, best iteration is:
[12]	training's ndcg@1000: 0.506807	valid_1's ndcg@1000: 0.470236
[I 2025-06-21 09:16:44,000] Trial 16 finished with value: 0.510026614787658 and parameters: {'learning_rate': 0.006368607690111051, 'num_leaves': 1098, 'min_data_in_leaf': 1585, 'lambda_l2': 0.799592646221458, 'subsample': 0.9532873701265298, 'colsample_bytree': 0.570659253407169}. Best is trial 9 with value: 0.5154970124419986.
Training until validation scores don't improve for 10 rounds
Early stopping, best iteration is:
[142]	training's ndcg@1000: 0.652951	valid_1's ndcg@1000: 0.538017
Early stopping, best iteration is:
[121]	training's ndcg@1000: 0.585865	valid_1's ndcg@1000: 0.499076
Early stopping, best iteration is:
[37]	training's ndcg@1000: 0.533607	valid_1's ndcg@1000: 0.518426
Early stopping, best iteration is:
[84]	training's ndcg@1000: 0.561543	valid_1's ndcg@1000: 0.486757
Training until validation scores don't improve for 10 rounds
Training until validation scores don't improve for 10 rounds
Training until validation scores don't improve for 10 rounds
Training until validation scores don't improve for 10 rounds
Training until validation scores don't improve for 10 rounds
Early stopping, best iteration is:
[37]	training's ndcg@1000: 0.545826	valid_1's ndcg@1000: 0.49736
Early stopping, best iteration is:
[69]	training's ndcg@1000: 0.540953	valid_1's ndcg@1000: 0.487229
[I 2025-06-21 09:17:45,076] Trial 15 finished with value: 0.5348848576368903 and parameters: {'learning_rate': 0.018367575995874106, 'num_leaves': 613, 'min_data_in_leaf': 1064, 'lambda_l2': 0.5088613746376582, 'subsample': 0.617152407563674, 'colsample_bytree': 0.8320995660892216}. Best is trial 5 with value: 0.5374882433438216.
Training until validation scores don't improve for 10 rounds
Early stopping, best iteration is:
[163]	training's ndcg@1000: 0.54861	valid_1's ndcg@1000: 0.49631
Early stopping, best iteration is:
[89]	training's ndcg@1000: 0.618802	valid_1's ndcg@1000: 0.51421
Early stopping, best iteration is:
[137]	training's ndcg@1000: 0.578619	valid_1's ndcg@1000: 0.499956
Early stopping, best iteration is:
[98]	training's ndcg@1000: 0.568166	valid_1's ndcg@1000: 0.493148
[I 2025-06-21 09:18:14,225] Trial 16 finished with value: 0.5221321722129171 and parameters: {'learning_rate': 0.021827815587682774, 'num_leaves': 1407, 'min_data_in_leaf': 949, 'lambda_l2': 0.7210394743171541, 'subsample': 0.9061271737561696, 'colsample_bytree': 0.5347252870005484}. Best is trial 15 with value: 0.5245271279365773.
Training until validation scores don't improve for 10 rounds
Training until validation scores don't improve for 10 rounds
Training until validation scores don't improve for 10 rounds
Training until validation scores don't improve for 10 rounds
Training until validation scores don't improve for 10 rounds
Early stopping, best iteration is:
[82]	training's ndcg@1000: 0.549533	valid_1's ndcg@1000: 0.485881
Early stopping, best iteration is:
[89]	training's ndcg@1000: 0.573171	valid_1's ndcg@1000: 0.533716
Early stopping, best iteration is:
[90]	training's ndcg@1000: 0.534356	valid_1's ndcg@1000: 0.490788
Early stopping, best iteration is:
[36]	training's ndcg@1000: 0.539776	valid_1's ndcg@1000: 0.488798
[I 2025-06-21 09:18:49,106] Trial 16 finished with value: 0.5384558075013204 and parameters: {'learning_rate': 0.0242285233771942, 'num_leaves': 1674, 'min_data_in_leaf': 1735, 'lambda_l2': 0.9616945853461446, 'subsample': 0.6788861984573373, 'colsample_bytree': 0.6797575358433832}. Best is trial 0 with value: 0.5442122638226504.
Training until validation scores don't improve for 10 rounds
Early stopping, best iteration is:
[123]	training's ndcg@1000: 0.647064	valid_1's ndcg@1000: 0.501736
[I 2025-06-21 09:19:08,090] Trial 15 finished with value: 0.5502813984521474 and parameters: {'learning_rate': 0.02652949085889226, 'num_leaves': 744, 'min_data_in_leaf': 717, 'lambda_l2': 0.3764944099269828, 'subsample': 0.7180950272666514, 'colsample_bytree': 0.6592731997361305}. Best is trial 0 with value: 0.5528159803430056.
Training until validation scores don't improve for 10 rounds
Training until validation scores don't improve for 10 rounds
Training until validation scores don't improve for 10 rounds
Training until validation scores don't improve for 10 rounds
Early stopping, best iteration is:
[134]	training's ndcg@1000: 0.564309	valid_1's ndcg@1000: 0.523353
Early stopping, best iteration is:
[40]	training's ndcg@1000: 0.537489	valid_1's ndcg@1000: 0.484381
Early stopping, best iteration is:
[43]	training's ndcg@1000: 0.557463	valid_1's ndcg@1000: 0.508356
Early stopping, best iteration is:
[47]	training's ndcg@1000: 0.525689	valid_1's ndcg@1000: 0.478299
[I 2025-06-21 09:19:34,924] Trial 16 finished with value: 0.5192683691575561 and parameters: {'learning_rate': 0.009752660627619342, 'num_leaves': 1706, 'min_data_in_leaf': 1886, 'lambda_l2': 0.29804811299917244, 'subsample': 0.9306673647569412, 'colsample_bytree': 0.9805647486324349}. Best is trial 4 with value: 0.5230962823888797.
Training until validation scores don't improve for 10 rounds
Early stopping, best iteration is:
[64]	training's ndcg@1000: 0.571746	valid_1's ndcg@1000: 0.545879
Early stopping, best iteration is:
[48]	training's ndcg@1000: 0.548322	valid_1's ndcg@1000: 0.539385
Training until validation scores don't improve for 10 rounds
Training until validation scores don't improve for 10 rounds
Training until validation scores don't improve for 10 rounds
Training until validation scores don't improve for 10 rounds
Early stopping, best iteration is:
[41]	training's ndcg@1000: 0.562675	valid_1's ndcg@1000: 0.496603
Training until validation scores don't improve for 10 rounds
Early stopping, best iteration is:
[61]	training's ndcg@1000: 0.51956	valid_1's ndcg@1000: 0.502074
Early stopping, best iteration is:
[53]	training's ndcg@1000: 0.537594	valid_1's ndcg@1000: 0.487146
Training until validation scores don't improve for 10 rounds
Early stopping, best iteration is:
[67]	training's ndcg@1000: 0.542232	valid_1's ndcg@1000: 0.472984
[I 2025-06-21 09:20:26,942] Trial 17 finished with value: 0.5120961920057111 and parameters: {'learning_rate': 0.011002801016178083, 'num_leaves': 1154, 'min_data_in_leaf': 514, 'lambda_l2': 0.5910256363822111, 'subsample': 0.6096081860913164, 'colsample_bytree': 0.7371350937439292}. Best is trial 9 with value: 0.5154970124419986.
Early stopping, best iteration is:
[28]	training's ndcg@1000: 0.543067	valid_1's ndcg@1000: 0.530827
Early stopping, best iteration is:
[113]	training's ndcg@1000: 0.609171	valid_1's ndcg@1000: 0.526138
Training until validation scores don't improve for 10 rounds
Training until validation scores don't improve for 10 rounds
Training until validation scores don't improve for 10 rounds
Training until validation scores don't improve for 10 rounds
Training until validation scores don't improve for 10 rounds
Early stopping, best iteration is:
[15]	training's ndcg@1000: 0.523046	valid_1's ndcg@1000: 0.485874
Early stopping, best iteration is:
[29]	training's ndcg@1000: 0.519502	valid_1's ndcg@1000: 0.486962
Early stopping, best iteration is:
[111]	training's ndcg@1000: 0.536985	valid_1's ndcg@1000: 0.494637
Early stopping, best iteration is:
[87]	training's ndcg@1000: 0.580441	valid_1's ndcg@1000: 0.500269
[I 2025-06-21 09:21:15,658] Trial 16 finished with value: 0.5343276893833859 and parameters: {'learning_rate': 0.01863003887706229, 'num_leaves': 405, 'min_data_in_leaf': 1079, 'lambda_l2': 0.17492806131638017, 'subsample': 0.6202553794037845, 'colsample_bytree': 0.5965103950197155}. Best is trial 5 with value: 0.5374882433438216.
Training until validation scores don't improve for 10 rounds
Early stopping, best iteration is:
[117]	training's ndcg@1000: 0.603161	valid_1's ndcg@1000: 0.516683
Early stopping, best iteration is:
[47]	training's ndcg@1000: 0.574557	valid_1's ndcg@1000: 0.495055
Training until validation scores don't improve for 10 rounds
Training until validation scores don't improve for 10 rounds
Early stopping, best iteration is:
[31]	training's ndcg@1000: 0.523539	valid_1's ndcg@1000: 0.484971
Training until validation scores don't improve for 10 rounds
Training until validation scores don't improve for 10 rounds
Training until validation scores don't improve for 10 rounds
Early stopping, best iteration is:
[122]	training's ndcg@1000: 0.542989	valid_1's ndcg@1000: 0.493104
Training until validation scores don't improve for 10 rounds
Early stopping, best iteration is:
[100]	training's ndcg@1000: 0.555112	valid_1's ndcg@1000: 0.493341
Early stopping, best iteration is:
[78]	training's ndcg@1000: 0.583326	valid_1's ndcg@1000: 0.534315
[I 2025-06-21 09:22:12,449] Trial 17 finished with value: 0.5235667408776116 and parameters: {'learning_rate': 0.018479894012233874, 'num_leaves': 495, 'min_data_in_leaf': 1844, 'lambda_l2': 0.41098675000980855, 'subsample': 0.8384160119288804, 'colsample_bytree': 0.9348512318821355}. Best is trial 15 with value: 0.5245271279365773.
Training until validation scores don't improve for 10 rounds
Early stopping, best iteration is:
[132]	training's ndcg@1000: 0.614239	valid_1's ndcg@1000: 0.501865
[I 2025-06-21 09:22:32,011] Trial 16 finished with value: 0.5479655053238508 and parameters: {'learning_rate': 0.02983588783426234, 'num_leaves': 1540, 'min_data_in_leaf': 1120, 'lambda_l2': 0.8902470255064344, 'subsample': 0.6707892368255884, 'colsample_bytree': 0.7316586505968397}. Best is trial 0 with value: 0.5528159803430056.
Early stopping, best iteration is:
[79]	training's ndcg@1000: 0.548209	valid_1's ndcg@1000: 0.488499
Early stopping, best iteration is:
[93]	training's ndcg@1000: 0.60265	valid_1's ndcg@1000: 0.491268
[I 2025-06-21 09:22:41,786] Trial 17 finished with value: 0.5406516957798312 and parameters: {'learning_rate': 0.019319790812604938, 'num_leaves': 480, 'min_data_in_leaf': 1110, 'lambda_l2': 0.12745997235820805, 'subsample': 0.9859682945414434, 'colsample_bytree': 0.9617122926613131}. Best is trial 0 with value: 0.5442122638226504.
Training until validation scores don't improve for 10 rounds
Training until validation scores don't improve for 10 rounds
Training until validation scores don't improve for 10 rounds
Early stopping, best iteration is:
[63]	training's ndcg@1000: 0.52791	valid_1's ndcg@1000: 0.480521
[I 2025-06-21 09:23:00,409] Trial 17 finished with value: 0.518638988622108 and parameters: {'learning_rate': 0.013256476895059335, 'num_leaves': 1900, 'min_data_in_leaf': 1434, 'lambda_l2': 0.863897101977943, 'subsample': 0.7480918656949747, 'colsample_bytree': 0.8036478558044207}. Best is trial 4 with value: 0.5230962823888797.
Training until validation scores don't improve for 10 rounds
Training until validation scores don't improve for 10 rounds
Training until validation scores don't improve for 10 rounds
Early stopping, best iteration is:
[47]	training's ndcg@1000: 0.539808	valid_1's ndcg@1000: 0.537639
Early stopping, best iteration is:
[131]	training's ndcg@1000: 0.625976	valid_1's ndcg@1000: 0.511945
Training until validation scores don't improve for 10 rounds
Early stopping, best iteration is:
[106]	training's ndcg@1000: 0.63173	valid_1's ndcg@1000: 0.524147
Early stopping, best iteration is:
[104]	training's ndcg@1000: 0.581713	valid_1's ndcg@1000: 0.548328
Training until validation scores don't improve for 10 rounds
Early stopping, best iteration is:
[185]	training's ndcg@1000: 0.595319	valid_1's ndcg@1000: 0.481729
Early stopping, best iteration is:
[55]	training's ndcg@1000: 0.530488	valid_1's ndcg@1000: 0.50063
