[I 2025-06-19 13:47:04,340] Trial 13 finished with value: 0.1048252981226789 and parameters: {'learning_rate': 0.00972526376942449, 'num_leaves': 1687, 'min_data_in_leaf': 1567, 'lambda_l2': 0.0019437208531797312, 'subsample': 0.9741060425786378, 'colsample_bytree': 0.522091418935346}. Best is trial 10 with value: 0.10532221307082346.
Early stopping, best iteration is:
[699]	training's rmse: 0.96299	valid_1's rmse: 0.992479
Did not meet early stopping. Best iteration is:
[997]	training's rmse: 0.961355	valid_1's rmse: 0.991439
Training until validation scores don't improve for 10 rounds
Early stopping, best iteration is:
[531]	training's rmse: 0.928412	valid_1's rmse: 0.990298
Training until validation scores don't improve for 10 rounds
Early stopping, best iteration is:
[411]	training's rmse: 0.959207	valid_1's rmse: 0.992711
Training until validation scores don't improve for 10 rounds
[I 2025-06-19 13:48:43,588] Trial 8 finished with value: 0.10528398835182481 and parameters: {'learning_rate': 0.011896209397225868, 'num_leaves': 419, 'min_data_in_leaf': 1450, 'lambda_l2': 0.010380653921573502, 'subsample': 0.9564820450693811, 'colsample_bytree': 0.6326214347558389}. Best is trial 2 with value: 0.10625333356377972.
Early stopping, best iteration is:
[247]	training's rmse: 0.974068	valid_1's rmse: 0.993065
Training until validation scores don't improve for 10 rounds
Training until validation scores don't improve for 10 rounds
Early stopping, best iteration is:
[478]	training's rmse: 0.971513	valid_1's rmse: 0.994354
Training until validation scores don't improve for 10 rounds
Early stopping, best iteration is:
[317]	training's rmse: 0.960642	valid_1's rmse: 0.992491
Early stopping, best iteration is:
[827]	training's rmse: 0.949333	valid_1's rmse: 0.99297
Early stopping, best iteration is:
[148]	training's rmse: 0.982633	valid_1's rmse: 0.995198
Training until validation scores don't improve for 10 rounds
[I 2025-06-19 13:51:48,523] Trial 10 finished with value: 0.11402066112798122 and parameters: {'learning_rate': 0.0056498656303140635, 'num_leaves': 1461, 'min_data_in_leaf': 837, 'lambda_l2': 0.42392031148040416, 'subsample': 0.9968088520631827, 'colsample_bytree': 0.7949416941202717}. Best is trial 5 with value: 0.11514199242296116.
Early stopping, best iteration is:
[458]	training's rmse: 0.933008	valid_1's rmse: 0.991786
Did not meet early stopping. Best iteration is:
[1000]	training's rmse: 0.961911	valid_1's rmse: 0.989798
Training until validation scores don't improve for 10 rounds
Training until validation scores don't improve for 10 rounds
Training until validation scores don't improve for 10 rounds
Training until validation scores don't improve for 10 rounds
Training until validation scores don't improve for 10 rounds
Early stopping, best iteration is:
[476]	training's rmse: 0.973188	valid_1's rmse: 0.993233
[I 2025-06-19 13:54:08,532] Trial 11 finished with value: 0.10117146611533073 and parameters: {'learning_rate': 0.005657007479359251, 'num_leaves': 233, 'min_data_in_leaf': 1103, 'lambda_l2': 0.9874238785057787, 'subsample': 0.9107371038145031, 'colsample_bytree': 0.831835274728862}. Best is trial 10 with value: 0.10118111801287696.
Training until validation scores don't improve for 10 rounds
Early stopping, best iteration is:
[310]	training's rmse: 0.972892	valid_1's rmse: 0.992241
Did not meet early stopping. Best iteration is:
[1000]	training's rmse: 0.961474	valid_1's rmse: 0.989785
Early stopping, best iteration is:
[416]	training's rmse: 0.955688	valid_1's rmse: 0.991211
Training until validation scores don't improve for 10 rounds
[I 2025-06-19 13:56:05,949] Trial 10 finished with value: 0.128566479814447 and parameters: {'learning_rate': 0.006261767965879872, 'num_leaves': 297, 'min_data_in_leaf': 1974, 'lambda_l2': 0.5119471797170563, 'subsample': 0.8032709657425156, 'colsample_bytree': 0.6625401261198036}. Best is trial 9 with value: 0.12896726648230405.
Early stopping, best iteration is:
[517]	training's rmse: 0.931883	valid_1's rmse: 0.990867
[I 2025-06-19 13:56:57,338] Trial 13 finished with value: 0.11859345594277593 and parameters: {'learning_rate': 0.010232923138647227, 'num_leaves': 546, 'min_data_in_leaf': 438, 'lambda_l2': 0.7166853331334092, 'subsample': 0.9814894396904916, 'colsample_bytree': 0.5006487588777793}. Best is trial 11 with value: 0.11936504261646605.
Training until validation scores don't improve for 10 rounds
Training until validation scores don't improve for 10 rounds
Early stopping, best iteration is:
[367]	training's rmse: 0.974266	valid_1's rmse: 0.993682
Training until validation scores don't improve for 10 rounds
Early stopping, best iteration is:
[808]	training's rmse: 0.950131	valid_1's rmse: 0.991713
Training until validation scores don't improve for 10 rounds
Training until validation scores don't improve for 10 rounds
Early stopping, best iteration is:
[147]	training's rmse: 0.976901	valid_1's rmse: 0.996181
Early stopping, best iteration is:
[585]	training's rmse: 0.95955	valid_1's rmse: 0.992996
[I 2025-06-19 13:59:12,697] Trial 14 finished with value: 0.10461808040120099 and parameters: {'learning_rate': 0.00942803620267953, 'num_leaves': 1696, 'min_data_in_leaf': 1775, 'lambda_l2': 0.782459497687519, 'subsample': 0.6698510924213452, 'colsample_bytree': 0.8976015139152188}. Best is trial 10 with value: 0.10532221307082346.
Early stopping, best iteration is:
[817]	training's rmse: 0.951729	valid_1's rmse: 0.987989
Training until validation scores don't improve for 10 rounds
Early stopping, best iteration is:
[282]	training's rmse: 0.958289	valid_1's rmse: 0.991912
Training until validation scores don't improve for 10 rounds
Training until validation scores don't improve for 10 rounds
Training until validation scores don't improve for 10 rounds
Early stopping, best iteration is:
[839]	training's rmse: 0.956375	valid_1's rmse: 0.992425
Early stopping, best iteration is:
[256]	training's rmse: 0.97479	valid_1's rmse: 0.993064
Early stopping, best iteration is:
[320]	training's rmse: 0.963237	valid_1's rmse: 0.992943
[I 2025-06-19 14:02:51,099] Trial 9 finished with value: 0.10519504318813766 and parameters: {'learning_rate': 0.011141183402152185, 'num_leaves': 1247, 'min_data_in_leaf': 1296, 'lambda_l2': 0.6887981848225229, 'subsample': 0.7020774804857616, 'colsample_bytree': 0.9621643552882133}. Best is trial 2 with value: 0.10625333356377972.
Training until validation scores don't improve for 10 rounds
Early stopping, best iteration is:
[794]	training's rmse: 0.951252	valid_1's rmse: 0.991235
Training until validation scores don't improve for 10 rounds
Early stopping, best iteration is:
[703]	training's rmse: 0.954236	valid_1's rmse: 0.991553
Training until validation scores don't improve for 10 rounds
Early stopping, best iteration is:
[456]	training's rmse: 0.942488	valid_1's rmse: 0.990714
Training until validation scores don't improve for 10 rounds
Early stopping, best iteration is:
[110]	training's rmse: 0.969361	valid_1's rmse: 0.992777
Training until validation scores don't improve for 10 rounds
Early stopping, best iteration is:
[199]	training's rmse: 0.979827	valid_1's rmse: 0.995052
Training until validation scores don't improve for 10 rounds
Training until validation scores don't improve for 10 rounds
Training until validation scores don't improve for 10 rounds
Early stopping, best iteration is:
[198]	training's rmse: 0.958053	valid_1's rmse: 0.991603
Early stopping, best iteration is:
[534]	training's rmse: 0.966765	valid_1's rmse: 0.994277
Early stopping, best iteration is:
[409]	training's rmse: 0.945218	valid_1's rmse: 0.991852
Early stopping, best iteration is:
[715]	training's rmse: 0.954059	valid_1's rmse: 0.989539
Training until validation scores don't improve for 10 rounds
Training until validation scores don't improve for 10 rounds
Early stopping, best iteration is:
[497]	training's rmse: 0.965307	valid_1's rmse: 0.99184
Training until validation scores don't improve for 10 rounds
Training until validation scores don't improve for 10 rounds
Early stopping, best iteration is:
[441]	training's rmse: 0.965648	valid_1's rmse: 0.99147
Early stopping, best iteration is:
[61]	training's rmse: 0.979456	valid_1's rmse: 0.996237
Training until validation scores don't improve for 10 rounds
Training until validation scores don't improve for 10 rounds
Training until validation scores don't improve for 10 rounds
Early stopping, best iteration is:
[148]	training's rmse: 0.966124	valid_1's rmse: 0.992974
[I 2025-06-19 14:10:40,084] Trial 10 finished with value: 0.10373064407226631 and parameters: {'learning_rate': 0.02995911668201641, 'num_leaves': 1932, 'min_data_in_leaf': 1838, 'lambda_l2': 0.9144962056545772, 'subsample': 0.864177191885328, 'colsample_bytree': 0.5444283913484389}. Best is trial 2 with value: 0.10625333356377972.
Early stopping, best iteration is:
[453]	training's rmse: 0.970157	valid_1's rmse: 0.993371
[I 2025-06-19 14:10:50,259] Trial 12 finished with value: 0.10152679033699383 and parameters: {'learning_rate': 0.00515006125694494, 'num_leaves': 536, 'min_data_in_leaf': 1029, 'lambda_l2': 0.9942339267242108, 'subsample': 0.8952225285202253, 'colsample_bytree': 0.8450494482316209}. Best is trial 12 with value: 0.10152679033699383.
Early stopping, best iteration is:
[594]	training's rmse: 0.934282	valid_1's rmse: 0.990764
[I 2025-06-19 14:10:58,180] Trial 14 finished with value: 0.11816408141827184 and parameters: {'learning_rate': 0.010487869772601141, 'num_leaves': 521, 'min_data_in_leaf': 609, 'lambda_l2': 0.21667063055716473, 'subsample': 0.9348055624425986, 'colsample_bytree': 0.5785285379103408}. Best is trial 11 with value: 0.11936504261646605.
Did not meet early stopping. Best iteration is:
[992]	training's rmse: 0.944721	valid_1's rmse: 0.989292
[I 2025-06-19 14:11:25,173] Trial 11 finished with value: 0.12915777234492978 and parameters: {'learning_rate': 0.009289017856717506, 'num_leaves': 719, 'min_data_in_leaf': 1457, 'lambda_l2': 0.06007069720746128, 'subsample': 0.9975826045943804, 'colsample_bytree': 0.6789823333663529}. Best is trial 11 with value: 0.12915777234492978.
Training until validation scores don't improve for 10 rounds
Training until validation scores don't improve for 10 rounds
Training until validation scores don't improve for 10 rounds
Training until validation scores don't improve for 10 rounds
Early stopping, best iteration is:
[481]	training's rmse: 0.964948	valid_1's rmse: 0.993261
[I 2025-06-19 14:12:24,583] Trial 15 finished with value: 0.10500044901807937 and parameters: {'learning_rate': 0.00761351302038542, 'num_leaves': 1657, 'min_data_in_leaf': 1451, 'lambda_l2': 0.6561017424463276, 'subsample': 0.8209113896467523, 'colsample_bytree': 0.6971764066902224}. Best is trial 10 with value: 0.10532221307082346.
Training until validation scores don't improve for 10 rounds
Early stopping, best iteration is:
[394]	training's rmse: 0.9735	valid_1's rmse: 0.993663
Early stopping, best iteration is:
[816]	training's rmse: 0.9507	valid_1's rmse: 0.993064
[I 2025-06-19 14:14:37,451] Trial 11 finished with value: 0.11414079224337109 and parameters: {'learning_rate': 0.00530570308170481, 'num_leaves': 1422, 'min_data_in_leaf': 809, 'lambda_l2': 0.4299897164934944, 'subsample': 0.96459616989415, 'colsample_bytree': 0.78719884356685}. Best is trial 5 with value: 0.11514199242296116.
Training until validation scores don't improve for 10 rounds
Early stopping, best iteration is:
[239]	training's rmse: 0.970266	valid_1's rmse: 0.992863
Training until validation scores don't improve for 10 rounds
Did not meet early stopping. Best iteration is:
[1000]	training's rmse: 0.9541	valid_1's rmse: 0.98793
Training until validation scores don't improve for 10 rounds
Training until validation scores don't improve for 10 rounds
Early stopping, best iteration is:
[108]	training's rmse: 0.983503	valid_1's rmse: 0.995323
Early stopping, best iteration is:
[732]	training's rmse: 0.954181	valid_1's rmse: 0.991675
Early stopping, best iteration is:
[513]	training's rmse: 0.96032	valid_1's rmse: 0.992195
Training until validation scores don't improve for 10 rounds
Early stopping, best iteration is:
[619]	training's rmse: 0.963944	valid_1's rmse: 0.992583
Training until validation scores don't improve for 10 rounds
Training until validation scores don't improve for 10 rounds
Early stopping, best iteration is:
[345]	training's rmse: 0.966692	valid_1's rmse: 0.992026
Early stopping, best iteration is:
[745]	training's rmse: 0.959647	valid_1's rmse: 0.991472
Training until validation scores don't improve for 10 rounds
Training until validation scores don't improve for 10 rounds
Early stopping, best iteration is:
[754]	training's rmse: 0.95164	valid_1's rmse: 0.991718
Training until validation scores don't improve for 10 rounds
Training until validation scores don't improve for 10 rounds
Early stopping, best iteration is:
[512]	training's rmse: 0.968414	valid_1's rmse: 0.99432
Early stopping, best iteration is:
[364]	training's rmse: 0.965268	valid_1's rmse: 0.993094
[I 2025-06-19 14:22:02,825] Trial 16 finished with value: 0.10421396920855905 and parameters: {'learning_rate': 0.01300511757611516, 'num_leaves': 716, 'min_data_in_leaf': 1988, 'lambda_l2': 0.8627715866553535, 'subsample': 0.67465309339188, 'colsample_bytree': 0.8841646045186403}. Best is trial 10 with value: 0.10532221307082346.
Did not meet early stopping. Best iteration is:
[1000]	training's rmse: 0.94315	valid_1's rmse: 0.990418
Early stopping, best iteration is:
[799]	training's rmse: 0.94837	valid_1's rmse: 0.990975
Training until validation scores don't improve for 10 rounds
Did not meet early stopping. Best iteration is:
[998]	training's rmse: 0.953034	valid_1's rmse: 0.989418
Training until validation scores don't improve for 10 rounds
Training until validation scores don't improve for 10 rounds
Training until validation scores don't improve for 10 rounds
Training until validation scores don't improve for 10 rounds
Early stopping, best iteration is:
[507]	training's rmse: 0.961394	valid_1's rmse: 0.991921
Early stopping, best iteration is:
[394]	training's rmse: 0.970634	valid_1's rmse: 0.992854
Training until validation scores don't improve for 10 rounds
Early stopping, best iteration is:
[473]	training's rmse: 0.969734	valid_1's rmse: 0.993318
[I 2025-06-19 14:26:05,507] Trial 13 finished with value: 0.10163344794665438 and parameters: {'learning_rate': 0.005011049136666506, 'num_leaves': 611, 'min_data_in_leaf': 1028, 'lambda_l2': 0.9832022401748778, 'subsample': 0.8899233253042346, 'colsample_bytree': 0.8438227052263305}. Best is trial 13 with value: 0.10163344794665438.
Training until validation scores don't improve for 10 rounds
Training until validation scores don't improve for 10 rounds
Early stopping, best iteration is:
[960]	training's rmse: 0.953232	valid_1's rmse: 0.989613
[I 2025-06-19 14:27:24,191] Trial 12 finished with value: 0.12907251898761815 and parameters: {'learning_rate': 0.007124019389395876, 'num_leaves': 630, 'min_data_in_leaf': 1491, 'lambda_l2': 0.04144497431232097, 'subsample': 0.9867508630500521, 'colsample_bytree': 0.6498580964337555}. Best is trial 11 with value: 0.12915777234492978.
Early stopping, best iteration is:
[324]	training's rmse: 0.971894	valid_1's rmse: 0.995913
Early stopping, best iteration is:
[91]	training's rmse: 0.971766	valid_1's rmse: 0.993753
Early stopping, best iteration is:
[212]	training's rmse: 0.981854	valid_1's rmse: 0.995088
Training until validation scores don't improve for 10 rounds
Training until validation scores don't improve for 10 rounds
Early stopping, best iteration is:
[889]	training's rmse: 0.945726	valid_1's rmse: 0.991619
Training until validation scores don't improve for 10 rounds
Training until validation scores don't improve for 10 rounds
Early stopping, best iteration is:
[173]	training's rmse: 0.957482	valid_1's rmse: 0.992625
Training until validation scores don't improve for 10 rounds
Early stopping, best iteration is:
[578]	training's rmse: 0.95852	valid_1's rmse: 0.99122
Training until validation scores don't improve for 10 rounds
Training until validation scores don't improve for 10 rounds
Early stopping, best iteration is:
[106]	training's rmse: 0.968943	valid_1's rmse: 0.994512
Early stopping, best iteration is:
[464]	training's rmse: 0.971167	valid_1's rmse: 0.992028
Did not meet early stopping. Best iteration is:
[1000]	training's rmse: 0.961813	valid_1's rmse: 0.988441
Training until validation scores don't improve for 10 rounds
Training until validation scores don't improve for 10 rounds
Training until validation scores don't improve for 10 rounds
Early stopping, best iteration is:
[132]	training's rmse: 0.96361	valid_1's rmse: 0.993368
[I 2025-06-19 14:32:00,354] Trial 14 finished with value: 0.09979315999687693 and parameters: {'learning_rate': 0.02225458418262664, 'num_leaves': 658, 'min_data_in_leaf': 941, 'lambda_l2': 0.6161994976054264, 'subsample': 0.764308874626202, 'colsample_bytree': 0.8526595564799908}. Best is trial 13 with value: 0.10163344794665438.
Training until validation scores don't improve for 10 rounds
Early stopping, best iteration is:
[578]	training's rmse: 0.95956	valid_1's rmse: 0.992929
[I 2025-06-19 14:33:29,821] Trial 11 finished with value: 0.10686291830013028 and parameters: {'learning_rate': 0.0051923673623548335, 'num_leaves': 540, 'min_data_in_leaf': 826, 'lambda_l2': 0.31257403794505634, 'subsample': 0.8116351889176652, 'colsample_bytree': 0.6227073203779285}. Best is trial 11 with value: 0.10686291830013028.
Early stopping, best iteration is:
[513]	training's rmse: 0.967789	valid_1's rmse: 0.993232
[I 2025-06-19 14:33:44,694] Trial 17 finished with value: 0.10528743685563867 and parameters: {'learning_rate': 0.00734968310041915, 'num_leaves': 1487, 'min_data_in_leaf': 1811, 'lambda_l2': 0.4433697700258862, 'subsample': 0.9334263271059245, 'colsample_bytree': 0.5712180917463452}. Best is trial 10 with value: 0.10532221307082346.
Early stopping, best iteration is:
[579]	training's rmse: 0.95927	valid_1's rmse: 0.993324
Early stopping, best iteration is:
[253]	training's rmse: 0.97167	valid_1's rmse: 0.993787
[I 2025-06-19 14:34:16,676] Trial 12 finished with value: 0.11355064095281578 and parameters: {'learning_rate': 0.005255983010692825, 'num_leaves': 1365, 'min_data_in_leaf': 786, 'lambda_l2': 0.47253531942372806, 'subsample': 0.7280535175951425, 'colsample_bytree': 0.8412027954844954}. Best is trial 5 with value: 0.11514199242296116.
Training until validation scores don't improve for 10 rounds
Early stopping, best iteration is:
[807]	training's rmse: 0.96501	valid_1's rmse: 0.991601
Did not meet early stopping. Best iteration is:
[997]	training's rmse: 0.944519	valid_1's rmse: 0.990878
Training until validation scores don't improve for 10 rounds
[I 2025-06-19 14:34:45,234] Trial 15 finished with value: 0.11919230100417041 and parameters: {'learning_rate': 0.005100794624425987, 'num_leaves': 411, 'min_data_in_leaf': 629, 'lambda_l2': 0.4939706764111209, 'subsample': 0.921478273232968, 'colsample_bytree': 0.5787232343596893}. Best is trial 11 with value: 0.11936504261646605.
Training until validation scores don't improve for 10 rounds
Training until validation scores don't improve for 10 rounds
Training until validation scores don't improve for 10 rounds
Training until validation scores don't improve for 10 rounds
Early stopping, best iteration is:
[146]	training's rmse: 0.961845	valid_1's rmse: 0.992671
Early stopping, best iteration is:
[434]	training's rmse: 0.961222	valid_1's rmse: 0.99223
Early stopping, best iteration is:
[550]	training's rmse: 0.961446	valid_1's rmse: 0.991704
Early stopping, best iteration is:
[550]	training's rmse: 0.953493	valid_1's rmse: 0.992515
Training until validation scores don't improve for 10 rounds
Training until validation scores don't improve for 10 rounds
Training until validation scores don't improve for 10 rounds
Training until validation scores don't improve for 10 rounds
Did not meet early stopping. Best iteration is:
[1000]	training's rmse: 0.960986	valid_1's rmse: 0.989771
Training until validation scores don't improve for 10 rounds
Early stopping, best iteration is:
[98]	training's rmse: 0.971674	valid_1's rmse: 0.995077
Early stopping, best iteration is:
[469]	training's rmse: 0.965041	valid_1's rmse: 0.991916
Early stopping, best iteration is:
[639]	training's rmse: 0.952456	valid_1's rmse: 0.991627
Early stopping, best iteration is:
[309]	training's rmse: 0.967739	valid_1's rmse: 0.994287
Training until validation scores don't improve for 10 rounds
Training until validation scores don't improve for 10 rounds
Training until validation scores don't improve for 10 rounds
Training until validation scores don't improve for 10 rounds
Early stopping, best iteration is:
[633]	training's rmse: 0.949224	valid_1's rmse: 0.990849
Training until validation scores don't improve for 10 rounds
Early stopping, best iteration is:
[256]	training's rmse: 0.94721	valid_1's rmse: 0.991832
Did not meet early stopping. Best iteration is:
[1000]	training's rmse: 0.960442	valid_1's rmse: 0.989915
[I 2025-06-19 14:42:08,110] Trial 13 finished with value: 0.12817755895519745 and parameters: {'learning_rate': 0.00541452401301774, 'num_leaves': 650, 'min_data_in_leaf': 1594, 'lambda_l2': 0.007112575499804694, 'subsample': 0.9953940956750833, 'colsample_bytree': 0.6965360555891179}. Best is trial 11 with value: 0.12915777234492978.
Early stopping, best iteration is:
[289]	training's rmse: 0.968687	valid_1's rmse: 0.993367
