[I 2025-06-21 15:01:40,625] Trial 24 finished with value: 0.5220529958431239 and parameters: {'learning_rate': 0.02001912503536688, 'num_leaves': 1175, 'min_data_in_leaf': 718, 'lambda_l2': 0.07346611797707003, 'subsample': 0.6025800311064878, 'colsample_bytree': 0.74268555439242}. Best is trial 11 with value: 0.5225841810537267.
Training until validation scores don't improve for 10 rounds
Training until validation scores don't improve for 10 rounds
Early stopping, best iteration is:
[57]	training's ndcg@1000: 0.555559	valid_1's ndcg@1000: 0.487834
Early stopping, best iteration is:
[29]	training's ndcg@1000: 0.534344	valid_1's ndcg@1000: 0.537187
Early stopping, best iteration is:
[177]	training's ndcg@1000: 0.615594	valid_1's ndcg@1000: 0.500914
Early stopping, best iteration is:
[114]	training's ndcg@1000: 0.562835	valid_1's ndcg@1000: 0.490246
Early stopping, best iteration is:
[91]	training's ndcg@1000: 0.546539	valid_1's ndcg@1000: 0.508269
Training until validation scores don't improve for 10 rounds
Early stopping, best iteration is:
[32]	training's ndcg@1000: 0.514855	valid_1's ndcg@1000: 0.502096
Training until validation scores don't improve for 10 rounds
Training until validation scores don't improve for 10 rounds
Training until validation scores don't improve for 10 rounds
Early stopping, best iteration is:
[50]	training's ndcg@1000: 0.551253	valid_1's ndcg@1000: 0.530925
Training until validation scores don't improve for 10 rounds
Training until validation scores don't improve for 10 rounds
Early stopping, best iteration is:
[48]	training's ndcg@1000: 0.552996	valid_1's ndcg@1000: 0.488237
Early stopping, best iteration is:
[34]	training's ndcg@1000: 0.542252	valid_1's ndcg@1000: 0.4853
[I 2025-06-21 15:02:40,609] Trial 24 finished with value: 0.5416877173083179 and parameters: {'learning_rate': 0.026105992784837946, 'num_leaves': 1866, 'min_data_in_leaf': 1217, 'lambda_l2': 0.876428351454525, 'subsample': 0.9235564039482153, 'colsample_bytree': 0.6401730557156048}. Best is trial 4 with value: 0.5452967307296768.
Early stopping, best iteration is:
[27]	training's ndcg@1000: 0.528035	valid_1's ndcg@1000: 0.484472
Early stopping, best iteration is:
[111]	training's ndcg@1000: 0.558399	valid_1's ndcg@1000: 0.497851
Training until validation scores don't improve for 10 rounds
Early stopping, best iteration is:
[18]	training's ndcg@1000: 0.516476	valid_1's ndcg@1000: 0.489488
Training until validation scores don't improve for 10 rounds
Training until validation scores don't improve for 10 rounds
Training until validation scores don't improve for 10 rounds
Training until validation scores don't improve for 10 rounds
Early stopping, best iteration is:
[62]	training's ndcg@1000: 0.555568	valid_1's ndcg@1000: 0.546895
Training until validation scores don't improve for 10 rounds
Early stopping, best iteration is:
[60]	training's ndcg@1000: 0.556134	valid_1's ndcg@1000: 0.492607
[I 2025-06-21 15:03:39,803] Trial 24 finished with value: 0.5229094000630272 and parameters: {'learning_rate': 0.022748701800956124, 'num_leaves': 1544, 'min_data_in_leaf': 930, 'lambda_l2': 0.589990813712645, 'subsample': 0.6069231600491853, 'colsample_bytree': 0.8565292069274701}. Best is trial 19 with value: 0.5256625571645875.
Training until validation scores don't improve for 10 rounds
Early stopping, best iteration is:
[45]	training's ndcg@1000: 0.535615	valid_1's ndcg@1000: 0.497694
[I 2025-06-21 15:03:41,706] Trial 25 finished with value: 0.5330630897603055 and parameters: {'learning_rate': 0.015901935898117368, 'num_leaves': 1287, 'min_data_in_leaf': 1934, 'lambda_l2': 0.47035065262202536, 'subsample': 0.6306969470227374, 'colsample_bytree': 0.777203521867076}. Best is trial 23 with value: 0.5370032470095417.
Early stopping, best iteration is:
[186]	training's ndcg@1000: 0.625309	valid_1's ndcg@1000: 0.518114
Early stopping, best iteration is:
[122]	training's ndcg@1000: 0.5702	valid_1's ndcg@1000: 0.488212
Early stopping, best iteration is:
[57]	training's ndcg@1000: 0.531007	valid_1's ndcg@1000: 0.491895
Training until validation scores don't improve for 10 rounds
Training until validation scores don't improve for 10 rounds
Training until validation scores don't improve for 10 rounds
Training until validation scores don't improve for 10 rounds
Early stopping, best iteration is:
[35]	training's ndcg@1000: 0.553157	valid_1's ndcg@1000: 0.496737
[I 2025-06-21 15:04:27,020] Trial 26 finished with value: 0.5463890234632786 and parameters: {'learning_rate': 0.027716173190189194, 'num_leaves': 1054, 'min_data_in_leaf': 1278, 'lambda_l2': 0.9010307365929274, 'subsample': 0.9741898033225866, 'colsample_bytree': 0.641740398133032}. Best is trial 14 with value: 0.5525900785421649.
Training until validation scores don't improve for 10 rounds
Training until validation scores don't improve for 10 rounds
Early stopping, best iteration is:
[61]	training's ndcg@1000: 0.544399	valid_1's ndcg@1000: 0.522157
Early stopping, best iteration is:
[163]	training's ndcg@1000: 0.619177	valid_1's ndcg@1000: 0.527286
Early stopping, best iteration is:
[92]	training's ndcg@1000: 0.544306	valid_1's ndcg@1000: 0.483783
[I 2025-06-21 15:04:47,469] Trial 25 finished with value: 0.518024278727075 and parameters: {'learning_rate': 0.02137374023325855, 'num_leaves': 265, 'min_data_in_leaf': 1215, 'lambda_l2': 0.9931820683193516, 'subsample': 0.986285308452662, 'colsample_bytree': 0.5809617202937314}. Best is trial 11 with value: 0.5225841810537267.
Early stopping, best iteration is:
[104]	training's ndcg@1000: 0.557114	valid_1's ndcg@1000: 0.47983
[I 2025-06-21 15:04:56,161] Trial 27 finished with value: 0.5151101433726015 and parameters: {'learning_rate': 0.015464074239012048, 'num_leaves': 1095, 'min_data_in_leaf': 1726, 'lambda_l2': 0.10067296098900758, 'subsample': 0.708909453712757, 'colsample_bytree': 0.9934221642210752}. Best is trial 6 with value: 0.5168964705489263.
Early stopping, best iteration is:
[172]	training's ndcg@1000: 0.572654	valid_1's ndcg@1000: 0.533398
Training until validation scores don't improve for 10 rounds
Training until validation scores don't improve for 10 rounds
Training until validation scores don't improve for 10 rounds
Early stopping, best iteration is:
[39]	training's ndcg@1000: 0.538628	valid_1's ndcg@1000: 0.486243
Training until validation scores don't improve for 10 rounds
Training until validation scores don't improve for 10 rounds
Training until validation scores don't improve for 10 rounds
Early stopping, best iteration is:
[112]	training's ndcg@1000: 0.598361	valid_1's ndcg@1000: 0.499545
Early stopping, best iteration is:
[41]	training's ndcg@1000: 0.516914	valid_1's ndcg@1000: 0.486838
Early stopping, best iteration is:
[71]	training's ndcg@1000: 0.544323	valid_1's ndcg@1000: 0.504524
Early stopping, best iteration is:
[56]	training's ndcg@1000: 0.542265	valid_1's ndcg@1000: 0.503934
Training until validation scores don't improve for 10 rounds
Early stopping, best iteration is:
[214]	training's ndcg@1000: 0.63146	valid_1's ndcg@1000: 0.545459
Early stopping, best iteration is:
[22]	training's ndcg@1000: 0.529196	valid_1's ndcg@1000: 0.484301
Training until validation scores don't improve for 10 rounds
Training until validation scores don't improve for 10 rounds
Early stopping, best iteration is:
[27]	training's ndcg@1000: 0.552877	valid_1's ndcg@1000: 0.488004
[I 2025-06-21 15:06:18,243] Trial 25 finished with value: 0.5412080208966725 and parameters: {'learning_rate': 0.024060838297424194, 'num_leaves': 352, 'min_data_in_leaf': 1389, 'lambda_l2': 0.2838738867687691, 'subsample': 0.7853752254677966, 'colsample_bytree': 0.7299499285191104}. Best is trial 4 with value: 0.5452967307296768.
Early stopping, best iteration is:
[40]	training's ndcg@1000: 0.519575	valid_1's ndcg@1000: 0.484309
Training until validation scores don't improve for 10 rounds
Training until validation scores don't improve for 10 rounds
Training until validation scores don't improve for 10 rounds
Training until validation scores don't improve for 10 rounds
Early stopping, best iteration is:
[26]	training's ndcg@1000: 0.545077	valid_1's ndcg@1000: 0.528566
Early stopping, best iteration is:
[121]	training's ndcg@1000: 0.568135	valid_1's ndcg@1000: 0.496139
Training until validation scores don't improve for 10 rounds
Training until validation scores don't improve for 10 rounds
Early stopping, best iteration is:
[116]	training's ndcg@1000: 0.564857	valid_1's ndcg@1000: 0.495402
Early stopping, best iteration is:
[25]	training's ndcg@1000: 0.516436	valid_1's ndcg@1000: 0.485143
Early stopping, best iteration is:
[87]	training's ndcg@1000: 0.569098	valid_1's ndcg@1000: 0.493362
[I 2025-06-21 15:07:10,921] Trial 25 finished with value: 0.522809277154936 and parameters: {'learning_rate': 0.028824951974235867, 'num_leaves': 861, 'min_data_in_leaf': 1497, 'lambda_l2': 0.6758438670901428, 'subsample': 0.6182342157970271, 'colsample_bytree': 0.9639914933778817}. Best is trial 19 with value: 0.5256625571645875.
Training until validation scores don't improve for 10 rounds
Early stopping, best iteration is:
[158]	training's ndcg@1000: 0.595521	valid_1's ndcg@1000: 0.550876
Training until validation scores don't improve for 10 rounds
Training until validation scores don't improve for 10 rounds
Training until validation scores don't improve for 10 rounds
Early stopping, best iteration is:
[10]	training's ndcg@1000: 0.510469	valid_1's ndcg@1000: 0.471132
Early stopping, best iteration is:
[56]	training's ndcg@1000: 0.544906	valid_1's ndcg@1000: 0.497241
[I 2025-06-21 15:07:38,194] Trial 28 finished with value: 0.5110923780942903 and parameters: {'learning_rate': 0.012328734047340828, 'num_leaves': 941, 'min_data_in_leaf': 1688, 'lambda_l2': 0.4113263871326812, 'subsample': 0.9530065466630807, 'colsample_bytree': 0.6865854813880041}. Best is trial 6 with value: 0.5168964705489263.
[I 2025-06-21 15:07:38,755] Trial 26 finished with value: 0.5327978133647502 and parameters: {'learning_rate': 0.014534802897838893, 'num_leaves': 1396, 'min_data_in_leaf': 878, 'lambda_l2': 0.8814433963940249, 'subsample': 0.890817250764897, 'colsample_bytree': 0.9056829812975582}. Best is trial 23 with value: 0.5370032470095417.
Early stopping, best iteration is:
[27]	training's ndcg@1000: 0.537842	valid_1's ndcg@1000: 0.490132
Early stopping, best iteration is:
[121]	training's ndcg@1000: 0.600522	valid_1's ndcg@1000: 0.513167
Training until validation scores don't improve for 10 rounds
Training until validation scores don't improve for 10 rounds
Early stopping, best iteration is:
[50]	training's ndcg@1000: 0.537144	valid_1's ndcg@1000: 0.521942
Training until validation scores don't improve for 10 rounds
Training until validation scores don't improve for 10 rounds
Early stopping, best iteration is:
[101]	training's ndcg@1000: 0.573016	valid_1's ndcg@1000: 0.524273
Training until validation scores don't improve for 10 rounds
Training until validation scores don't improve for 10 rounds
Early stopping, best iteration is:
[41]	training's ndcg@1000: 0.543637	valid_1's ndcg@1000: 0.479887
[I 2025-06-21 15:08:29,723] Trial 26 finished with value: 0.5190544332518011 and parameters: {'learning_rate': 0.010884088230257858, 'num_leaves': 1742, 'min_data_in_leaf': 595, 'lambda_l2': 0.49105579831089263, 'subsample': 0.9572523016945335, 'colsample_bytree': 0.766710000671591}. Best is trial 11 with value: 0.5225841810537267.
Early stopping, best iteration is:
[84]	training's ndcg@1000: 0.542768	valid_1's ndcg@1000: 0.488723
Training until validation scores don't improve for 10 rounds
Early stopping, best iteration is:
[146]	training's ndcg@1000: 0.573649	valid_1's ndcg@1000: 0.535215
Early stopping, best iteration is:
[90]	training's ndcg@1000: 0.586645	valid_1's ndcg@1000: 0.49849
[I 2025-06-21 15:08:44,111] Trial 27 finished with value: 0.5475558953033908 and parameters: {'learning_rate': 0.02024001353648464, 'num_leaves': 911, 'min_data_in_leaf': 778, 'lambda_l2': 0.7618247792209627, 'subsample': 0.9221903703250527, 'colsample_bytree': 0.9549396311951086}. Best is trial 14 with value: 0.5525900785421649.
Training until validation scores don't improve for 10 rounds
Early stopping, best iteration is:
[52]	training's ndcg@1000: 0.545927	valid_1's ndcg@1000: 0.486802
Training until validation scores don't improve for 10 rounds
Training until validation scores don't improve for 10 rounds
Training until validation scores don't improve for 10 rounds
Training until validation scores don't improve for 10 rounds
Early stopping, best iteration is:
[184]	training's ndcg@1000: 0.620587	valid_1's ndcg@1000: 0.501922
Early stopping, best iteration is:
[130]	training's ndcg@1000: 0.548895	valid_1's ndcg@1000: 0.50741
Training until validation scores don't improve for 10 rounds
Early stopping, best iteration is:
[121]	training's ndcg@1000: 0.556619	valid_1's ndcg@1000: 0.48634
Early stopping, best iteration is:
[148]	training's ndcg@1000: 0.579138	valid_1's ndcg@1000: 0.510549
Early stopping, best iteration is:
[119]	training's ndcg@1000: 0.602445	valid_1's ndcg@1000: 0.54398
Early stopping, best iteration is:
[49]	training's ndcg@1000: 0.543353	valid_1's ndcg@1000: 0.486306
Training until validation scores don't improve for 10 rounds
Early stopping, best iteration is:
[29]	training's ndcg@1000: 0.542937	valid_1's ndcg@1000: 0.487213
[I 2025-06-21 15:10:02,207] Trial 26 finished with value: 0.5422356544186377 and parameters: {'learning_rate': 0.028405864724935108, 'num_leaves': 1960, 'min_data_in_leaf': 1349, 'lambda_l2': 0.9649721515107005, 'subsample': 0.95266400626449, 'colsample_bytree': 0.7784193930422101}. Best is trial 4 with value: 0.5452967307296768.
Training until validation scores don't improve for 10 rounds
Training until validation scores don't improve for 10 rounds
Training until validation scores don't improve for 10 rounds
Training until validation scores don't improve for 10 rounds
Early stopping, best iteration is:
[73]	training's ndcg@1000: 0.529623	valid_1's ndcg@1000: 0.494729
Early stopping, best iteration is:
[43]	training's ndcg@1000: 0.562656	valid_1's ndcg@1000: 0.533995
Training until validation scores don't improve for 10 rounds
Training until validation scores don't improve for 10 rounds
Early stopping, best iteration is:
[115]	training's ndcg@1000: 0.55677	valid_1's ndcg@1000: 0.488688
Early stopping, best iteration is:
[163]	training's ndcg@1000: 0.591973	valid_1's ndcg@1000: 0.500253
Early stopping, best iteration is:
[62]	training's ndcg@1000: 0.544448	valid_1's ndcg@1000: 0.545622
Training until validation scores don't improve for 10 rounds
Early stopping, best iteration is:
[107]	training's ndcg@1000: 0.579775	valid_1's ndcg@1000: 0.493737
[I 2025-06-21 15:11:00,258] Trial 26 finished with value: 0.5232511165187892 and parameters: {'learning_rate': 0.027739805890562033, 'num_leaves': 1751, 'min_data_in_leaf': 1662, 'lambda_l2': 0.5286571825799717, 'subsample': 0.9703597945240393, 'colsample_bytree': 0.8527426885995026}. Best is trial 19 with value: 0.5256625571645875.
Training until validation scores don't improve for 10 rounds
Early stopping, best iteration is:
[53]	training's ndcg@1000: 0.524642	valid_1's ndcg@1000: 0.491527
Training until validation scores don't improve for 10 rounds
Training until validation scores don't improve for 10 rounds
Training until validation scores don't improve for 10 rounds
Early stopping, best iteration is:
[35]	training's ndcg@1000: 0.532824	valid_1's ndcg@1000: 0.496753
[I 2025-06-21 15:11:28,507] Trial 27 finished with value: 0.5360236862806638 and parameters: {'learning_rate': 0.0275327078357745, 'num_leaves': 1732, 'min_data_in_leaf': 1961, 'lambda_l2': 0.9589534580470742, 'subsample': 0.9222126232088882, 'colsample_bytree': 0.8798625606454481}. Best is trial 23 with value: 0.5370032470095417.
Early stopping, best iteration is:
[144]	training's ndcg@1000: 0.629205	valid_1's ndcg@1000: 0.518217
Training until validation scores don't improve for 10 rounds
Training until validation scores don't improve for 10 rounds
Early stopping, best iteration is:
[105]	training's ndcg@1000: 0.548625	valid_1's ndcg@1000: 0.478427
[I 2025-06-21 15:11:41,675] Trial 29 finished with value: 0.5145122179214907 and parameters: {'learning_rate': 0.01025676508697799, 'num_leaves': 512, 'min_data_in_leaf': 1543, 'lambda_l2': 0.09615668569949443, 'subsample': 0.8337125098999594, 'colsample_bytree': 0.9231106453878056}. Best is trial 6 with value: 0.5168964705489263.
Early stopping, best iteration is:
[144]	training's ndcg@1000: 0.592035	valid_1's ndcg@1000: 0.526041
Training until validation scores don't improve for 10 rounds
Training until validation scores don't improve for 10 rounds
Early stopping, best iteration is:
[156]	training's ndcg@1000: 0.561439	valid_1's ndcg@1000: 0.484375
[I 2025-06-21 15:12:06,842] Trial 27 finished with value: 0.5204138251143268 and parameters: {'learning_rate': 0.019674285549050714, 'num_leaves': 810, 'min_data_in_leaf': 1973, 'lambda_l2': 0.795998415269891, 'subsample': 0.9325399779600847, 'colsample_bytree': 0.6168299365855185}. Best is trial 11 with value: 0.5225841810537267.
Early stopping, best iteration is:
[142]	training's ndcg@1000: 0.551056	valid_1's ndcg@1000: 0.522057
Training until validation scores don't improve for 10 rounds
Early stopping, best iteration is:
[67]	training's ndcg@1000: 0.587733	valid_1's ndcg@1000: 0.500809
[I 2025-06-21 15:12:21,184] Trial 28 finished with value: 0.5497141019403955 and parameters: {'learning_rate': 0.024907828685378844, 'num_leaves': 418, 'min_data_in_leaf': 1521, 'lambda_l2': 0.1482857356034003, 'subsample': 0.8055641591300149, 'colsample_bytree': 0.5637671114735617}. Best is trial 14 with value: 0.5525900785421649.
Training until validation scores don't improve for 10 rounds
Early stopping, best iteration is:
[18]	training's ndcg@1000: 0.540053	valid_1's ndcg@1000: 0.491111
Early stopping, best iteration is:
[29]	training's ndcg@1000: 0.563483	valid_1's ndcg@1000: 0.490623
Training until validation scores don't improve for 10 rounds
Training until validation scores don't improve for 10 rounds
Early stopping, best iteration is:
[122]	training's ndcg@1000: 0.624407	valid_1's ndcg@1000: 0.534059
Early stopping, best iteration is:
[40]	training's ndcg@1000: 0.529587	valid_1's ndcg@1000: 0.486266
Training until validation scores don't improve for 10 rounds
Training until validation scores don't improve for 10 rounds
Training until validation scores don't improve for 10 rounds
Early stopping, best iteration is:
[35]	training's ndcg@1000: 0.574641	valid_1's ndcg@1000: 0.485974
Early stopping, best iteration is:
[110]	training's ndcg@1000: 0.611348	valid_1's ndcg@1000: 0.507578
Early stopping, best iteration is:
[125]	training's ndcg@1000: 0.589298	valid_1's ndcg@1000: 0.491565
[I 2025-06-21 15:13:26,278] Trial 27 finished with value: 0.5395200292467892 and parameters: {'learning_rate': 0.02271289729871684, 'num_leaves': 279, 'min_data_in_leaf': 1700, 'lambda_l2': 0.3506259560017454, 'subsample': 0.7579063413442961, 'colsample_bytree': 0.8599614993854063}. Best is trial 4 with value: 0.5452967307296768.
Early stopping, best iteration is:
[164]	training's ndcg@1000: 0.608834	valid_1's ndcg@1000: 0.544986
Training until validation scores don't improve for 10 rounds
Training until validation scores don't improve for 10 rounds
Early stopping, best iteration is:
[30]	training's ndcg@1000: 0.52696	valid_1's ndcg@1000: 0.485069
Training until validation scores don't improve for 10 rounds
Early stopping, best iteration is:
[59]	training's ndcg@1000: 0.591953	valid_1's ndcg@1000: 0.507881
Training until validation scores don't improve for 10 rounds
Training until validation scores don't improve for 10 rounds
Training until validation scores don't improve for 10 rounds
Early stopping, best iteration is:
[34]	training's ndcg@1000: 0.530333	valid_1's ndcg@1000: 0.540096
Early stopping, best iteration is:
[80]	training's ndcg@1000: 0.62312	valid_1's ndcg@1000: 0.489192
Early stopping, best iteration is:
[73]	training's ndcg@1000: 0.583088	valid_1's ndcg@1000: 0.495798
Training until validation scores don't improve for 10 rounds
Early stopping, best iteration is:
[134]	training's ndcg@1000: 0.599301	valid_1's ndcg@1000: 0.538195
Training until validation scores don't improve for 10 rounds
Early stopping, best iteration is:
[32]	training's ndcg@1000: 0.580991	valid_1's ndcg@1000: 0.495866
Training until validation scores don't improve for 10 rounds
Training until validation scores don't improve for 10 rounds
Early stopping, best iteration is:
[50]	training's ndcg@1000: 0.54388	valid_1's ndcg@1000: 0.517368
Early stopping, best iteration is:
[123]	training's ndcg@1000: 0.550796	valid_1's ndcg@1000: 0.492766
[I 2025-06-21 15:14:58,142] Trial 27 finished with value: 0.5223725508114154 and parameters: {'learning_rate': 0.01347826877002543, 'num_leaves': 1605, 'min_data_in_leaf': 1469, 'lambda_l2': 0.6000882044616885, 'subsample': 0.6959821105232178, 'colsample_bytree': 0.8056277143564526}. Best is trial 19 with value: 0.5256625571645875.
Training until validation scores don't improve for 10 rounds
Training until validation scores don't improve for 10 rounds
Early stopping, best iteration is:
[29]	training's ndcg@1000: 0.552649	valid_1's ndcg@1000: 0.49178
Early stopping, best iteration is:
[74]	training's ndcg@1000: 0.611247	valid_1's ndcg@1000: 0.48219
Training until validation scores don't improve for 10 rounds
