[I 2025-06-25 07:19:14,492] Trial 20 finished with value: 0.08019625653013471 and parameters: {'learning_rate': 0.05413205036851778, 'num_leaves': 613, 'min_data_in_leaf': 1883, 'lambda_l2': 0.5100051566145916, 'subsample': 0.7837975620712818, 'colsample_bytree': 0.7390367432605636}. Best is trial 13 with value: 0.08914769642510759.
Training until validation scores don't improve for 10 rounds
Training until validation scores don't improve for 10 rounds
Did not meet early stopping. Best iteration is:
[999]	training's w_rmse: 0.955836	valid_1's w_rmse: 0.987951
Training until validation scores don't improve for 10 rounds
Early stopping, best iteration is:
[63]	training's w_rmse: 0.966352	valid_1's w_rmse: 0.988714
Early stopping, best iteration is:
[19]	training's w_rmse: 0.983651	valid_1's w_rmse: 0.994325
Early stopping, best iteration is:
[62]	training's w_rmse: 0.975128	valid_1's w_rmse: 0.990623
[I 2025-06-25 07:19:51,042] Trial 16 finished with value: 0.08638984235735658 and parameters: {'learning_rate': 0.04169524123096563, 'num_leaves': 696, 'min_data_in_leaf': 1559, 'lambda_l2': 0.2322267657419188, 'subsample': 0.6166405326265376, 'colsample_bytree': 0.6729494863173631}. Best is trial 4 with value: 0.09144273357636691.
Training until validation scores don't improve for 10 rounds
Early stopping, best iteration is:
[37]	training's w_rmse: 0.975416	valid_1's w_rmse: 0.990859
Early stopping, best iteration is:
[269]	training's w_rmse: 0.935656	valid_1's w_rmse: 0.98659
Training until validation scores don't improve for 10 rounds
Training until validation scores don't improve for 10 rounds
Training until validation scores don't improve for 10 rounds
Training until validation scores don't improve for 10 rounds
Early stopping, best iteration is:
[104]	training's w_rmse: 0.956335	valid_1's w_rmse: 0.9883
[I 2025-06-25 07:20:39,870] Trial 21 finished with value: 0.0913697618393052 and parameters: {'learning_rate': 0.07580692781698205, 'num_leaves': 575, 'min_data_in_leaf': 1342, 'lambda_l2': 0.8441250429973416, 'subsample': 0.6104448324220053, 'colsample_bytree': 0.6640989821603913}. Best is trial 20 with value: 0.10047067280204725.
Early stopping, best iteration is:
[81]	training's w_rmse: 0.968189	valid_1's w_rmse: 0.986972
[I 2025-06-25 07:20:42,860] Trial 16 finished with value: 0.08079193586519462 and parameters: {'learning_rate': 0.05942602110148201, 'num_leaves': 331, 'min_data_in_leaf': 1796, 'lambda_l2': 0.47409575975670304, 'subsample': 0.7894355821189004, 'colsample_bytree': 0.6700959207982272}. Best is trial 3 with value: 0.0915630807142072.
Training until validation scores don't improve for 10 rounds
Early stopping, best iteration is:
[31]	training's w_rmse: 0.97696	valid_1's w_rmse: 0.990594
Training until validation scores don't improve for 10 rounds
Early stopping, best iteration is:
[97]	training's w_rmse: 0.986044	valid_1's w_rmse: 0.993822
Training until validation scores don't improve for 10 rounds
Training until validation scores don't improve for 10 rounds
Early stopping, best iteration is:
[10]	training's w_rmse: 0.983861	valid_1's w_rmse: 0.99517
Training until validation scores don't improve for 10 rounds
Training until validation scores don't improve for 10 rounds
Early stopping, best iteration is:
[20]	training's w_rmse: 0.981556	valid_1's w_rmse: 0.991832
Training until validation scores don't improve for 10 rounds
Early stopping, best iteration is:
[18]	training's w_rmse: 0.978573	valid_1's w_rmse: 0.992366
Early stopping, best iteration is:
[280]	training's w_rmse: 0.935236	valid_1's w_rmse: 0.987194
[I 2025-06-25 07:22:20,612] Trial 19 finished with value: 0.11768897833832803 and parameters: {'learning_rate': 0.0255764535415584, 'num_leaves': 1662, 'min_data_in_leaf': 606, 'lambda_l2': 0.3707296250319678, 'subsample': 0.7843769276679534, 'colsample_bytree': 0.8925812704693913}. Best is trial 19 with value: 0.11768897833832803.
Training until validation scores don't improve for 10 rounds
Early stopping, best iteration is:
[179]	training's w_rmse: 0.970459	valid_1's w_rmse: 0.989371
Early stopping, best iteration is:
[44]	training's w_rmse: 0.974802	valid_1's w_rmse: 0.988309
[I 2025-06-25 07:22:41,101] Trial 21 finished with value: 0.07957279140574858 and parameters: {'learning_rate': 0.07646591350977205, 'num_leaves': 1578, 'min_data_in_leaf': 1913, 'lambda_l2': 0.936528803213644, 'subsample': 0.7068642319514565, 'colsample_bytree': 0.8136942713985451}. Best is trial 13 with value: 0.08914769642510759.
Early stopping, best iteration is:
[239]	training's w_rmse: 0.977635	valid_1's w_rmse: 0.989711
Training until validation scores don't improve for 10 rounds
Training until validation scores don't improve for 10 rounds
Early stopping, best iteration is:
[54]	training's w_rmse: 0.95999	valid_1's w_rmse: 0.988884
Early stopping, best iteration is:
[500]	training's w_rmse: 0.969256	valid_1's w_rmse: 0.992369
[I 2025-06-25 07:23:13,949] Trial 16 finished with value: 0.09162505050588576 and parameters: {'learning_rate': 0.005234086429282401, 'num_leaves': 996, 'min_data_in_leaf': 862, 'lambda_l2': 0.34903202510013864, 'subsample': 0.9591503262605678, 'colsample_bytree': 0.648625775759911}. Best is trial 0 with value: 0.09434005529405001.
Training until validation scores don't improve for 10 rounds
Training until validation scores don't improve for 10 rounds
Training until validation scores don't improve for 10 rounds
Early stopping, best iteration is:
[36]	training's w_rmse: 0.977851	valid_1's w_rmse: 0.9906
Training until validation scores don't improve for 10 rounds
Training until validation scores don't improve for 10 rounds
Training until validation scores don't improve for 10 rounds
Early stopping, best iteration is:
[91]	training's w_rmse: 0.947438	valid_1's w_rmse: 0.98854
[I 2025-06-25 07:24:19,241] Trial 22 finished with value: 0.09220887337355488 and parameters: {'learning_rate': 0.08336839859905996, 'num_leaves': 1127, 'min_data_in_leaf': 909, 'lambda_l2': 0.6213341080644342, 'subsample': 0.6757150645039042, 'colsample_bytree': 0.6309675627012878}. Best is trial 20 with value: 0.10047067280204725.
Early stopping, best iteration is:
[36]	training's w_rmse: 0.983183	valid_1's w_rmse: 0.995188
Early stopping, best iteration is:
[83]	training's w_rmse: 0.964741	valid_1's w_rmse: 0.990059
Training until validation scores don't improve for 10 rounds
Training until validation scores don't improve for 10 rounds
Early stopping, best iteration is:
[12]	training's w_rmse: 0.986651	valid_1's w_rmse: 0.995146
Training until validation scores don't improve for 10 rounds
Early stopping, best iteration is:
[37]	training's w_rmse: 0.97687	valid_1's w_rmse: 0.991603
Early stopping, best iteration is:
[468]	training's w_rmse: 0.948531	valid_1's w_rmse: 0.988635
Training until validation scores don't improve for 10 rounds
Early stopping, best iteration is:
[29]	training's w_rmse: 0.979452	valid_1's w_rmse: 0.99249
Early stopping, best iteration is:
[184]	training's w_rmse: 0.958605	valid_1's w_rmse: 0.988517
Training until validation scores don't improve for 10 rounds
Training until validation scores don't improve for 10 rounds
Training until validation scores don't improve for 10 rounds
Training until validation scores don't improve for 10 rounds
Early stopping, best iteration is:
[968]	training's w_rmse: 0.954019	valid_1's w_rmse: 0.987531
Early stopping, best iteration is:
[128]	training's w_rmse: 0.955903	valid_1's w_rmse: 0.986982
[I 2025-06-25 07:26:54,609] Trial 22 finished with value: 0.08305228278384807 and parameters: {'learning_rate': 0.0496640692191712, 'num_leaves': 650, 'min_data_in_leaf': 1268, 'lambda_l2': 0.6476071075620101, 'subsample': 0.9008052028324811, 'colsample_bytree': 0.5834075498321747}. Best is trial 13 with value: 0.08914769642510759.
Early stopping, best iteration is:
[66]	training's w_rmse: 0.968601	valid_1's w_rmse: 0.988921
Did not meet early stopping. Best iteration is:
[998]	training's w_rmse: 0.94524	valid_1's w_rmse: 0.987076
Early stopping, best iteration is:
[115]	training's w_rmse: 0.97732	valid_1's w_rmse: 0.993719
Training until validation scores don't improve for 10 rounds
Training until validation scores don't improve for 10 rounds
Training until validation scores don't improve for 10 rounds
Training until validation scores don't improve for 10 rounds
Early stopping, best iteration is:
[79]	training's w_rmse: 0.966423	valid_1's w_rmse: 0.988428
[I 2025-06-25 07:27:59,859] Trial 23 finished with value: 0.09118512571631432 and parameters: {'learning_rate': 0.0634085202845331, 'num_leaves': 926, 'min_data_in_leaf': 1351, 'lambda_l2': 0.15031166899038662, 'subsample': 0.6211423968122193, 'colsample_bytree': 0.8204008569326491}. Best is trial 20 with value: 0.10047067280204725.
Early stopping, best iteration is:
[310]	training's w_rmse: 0.943281	valid_1's w_rmse: 0.987983
Training until validation scores don't improve for 10 rounds
Early stopping, best iteration is:
[145]	training's w_rmse: 0.977129	valid_1's w_rmse: 0.990313
Early stopping, best iteration is:
[131]	training's w_rmse: 0.981692	valid_1's w_rmse: 0.994182
Training until validation scores don't improve for 10 rounds
Early stopping, best iteration is:
[42]	training's w_rmse: 0.987093	valid_1's w_rmse: 0.995253
Training until validation scores don't improve for 10 rounds
Training until validation scores don't improve for 10 rounds
Early stopping, best iteration is:
[305]	training's w_rmse: 0.974595	valid_1's w_rmse: 0.990365
[I 2025-06-25 07:29:04,742] Trial 17 finished with value: 0.08638483018684102 and parameters: {'learning_rate': 0.009071844287697264, 'num_leaves': 392, 'min_data_in_leaf': 1697, 'lambda_l2': 0.682688466704725, 'subsample': 0.8140837792343357, 'colsample_bytree': 0.7668059578353612}. Best is trial 4 with value: 0.09144273357636691.
Training until validation scores don't improve for 10 rounds
Training until validation scores don't improve for 10 rounds
Training until validation scores don't improve for 10 rounds
Early stopping, best iteration is:
[23]	training's w_rmse: 0.983506	valid_1's w_rmse: 0.993469
Early stopping, best iteration is:
[100]	training's w_rmse: 0.980244	valid_1's w_rmse: 0.992446
Early stopping, best iteration is:
[172]	training's w_rmse: 0.959128	valid_1's w_rmse: 0.992216
[I 2025-06-25 07:30:05,975] Trial 17 finished with value: 0.09379316364189566 and parameters: {'learning_rate': 0.024088973196440006, 'num_leaves': 1402, 'min_data_in_leaf': 836, 'lambda_l2': 0.7542536660553391, 'subsample': 0.9555576855063046, 'colsample_bytree': 0.9687935140949766}. Best is trial 0 with value: 0.09434005529405001.
Early stopping, best iteration is:
[249]	training's w_rmse: 0.968695	valid_1's w_rmse: 0.989918
Early stopping, best iteration is:
[381]	training's w_rmse: 0.957286	valid_1's w_rmse: 0.98673
[I 2025-06-25 07:30:33,518] Trial 17 finished with value: 0.08742292507306465 and parameters: {'learning_rate': 0.010030252644912203, 'num_leaves': 653, 'min_data_in_leaf': 749, 'lambda_l2': 0.8268039426281971, 'subsample': 0.6419627473707061, 'colsample_bytree': 0.6473732919632333}. Best is trial 3 with value: 0.0915630807142072.
Training until validation scores don't improve for 10 rounds
Training until validation scores don't improve for 10 rounds
Training until validation scores don't improve for 10 rounds
Early stopping, best iteration is:
[7]	training's w_rmse: 0.989124	valid_1's w_rmse: 0.995732
Training until validation scores don't improve for 10 rounds
Early stopping, best iteration is:
[59]	training's w_rmse: 0.969233	valid_1's w_rmse: 0.98962
Training until validation scores don't improve for 10 rounds
Early stopping, best iteration is:
[35]	training's w_rmse: 0.977168	valid_1's w_rmse: 0.990594
Training until validation scores don't improve for 10 rounds
Early stopping, best iteration is:
[243]	training's w_rmse: 0.969222	valid_1's w_rmse: 0.988449
Training until validation scores don't improve for 10 rounds
Early stopping, best iteration is:
[121]	training's w_rmse: 0.978779	valid_1's w_rmse: 0.991244
Early stopping, best iteration is:
[64]	training's w_rmse: 0.966184	valid_1's w_rmse: 0.989463
Training until validation scores don't improve for 10 rounds
Training until validation scores don't improve for 10 rounds
Training until validation scores don't improve for 10 rounds
Early stopping, best iteration is:
[147]	training's w_rmse: 0.942084	valid_1's w_rmse: 0.98836
Training until validation scores don't improve for 10 rounds
Early stopping, best iteration is:
[56]	training's w_rmse: 0.967934	valid_1's w_rmse: 0.989334
Early stopping, best iteration is:
[193]	training's w_rmse: 0.944896	valid_1's w_rmse: 0.98894
Training until validation scores don't improve for 10 rounds
Did not meet early stopping. Best iteration is:
[999]	training's w_rmse: 0.944732	valid_1's w_rmse: 0.98635
Training until validation scores don't improve for 10 rounds
Training until validation scores don't improve for 10 rounds
Early stopping, best iteration is:
[19]	training's w_rmse: 0.983129	valid_1's w_rmse: 0.994185
Early stopping, best iteration is:
[89]	training's w_rmse: 0.960668	valid_1's w_rmse: 0.990238
[I 2025-06-25 07:33:25,739] Trial 18 finished with value: 0.08953346066401868 and parameters: {'learning_rate': 0.038700419415855204, 'num_leaves': 296, 'min_data_in_leaf': 434, 'lambda_l2': 0.6082741181668795, 'subsample': 0.6487876784921802, 'colsample_bytree': 0.9904836441899407}. Best is trial 4 with value: 0.09144273357636691.
Early stopping, best iteration is:
[52]	training's w_rmse: 0.96889	valid_1's w_rmse: 0.993157
[I 2025-06-25 07:33:26,872] Trial 18 finished with value: 0.08717545117102925 and parameters: {'learning_rate': 0.0986901251729662, 'num_leaves': 358, 'min_data_in_leaf': 1651, 'lambda_l2': 0.616991693788299, 'subsample': 0.9961541768087945, 'colsample_bytree': 0.6498439899293861}. Best is trial 0 with value: 0.09434005529405001.
Early stopping, best iteration is:
[388]	training's w_rmse: 0.961304	valid_1's w_rmse: 0.987851
[I 2025-06-25 07:33:28,839] Trial 24 finished with value: 0.09261440150286006 and parameters: {'learning_rate': 0.019457726004289, 'num_leaves': 339, 'min_data_in_leaf': 1639, 'lambda_l2': 0.5332851729254677, 'subsample': 0.6214222194909007, 'colsample_bytree': 0.8757397487967151}. Best is trial 20 with value: 0.10047067280204725.
Training until validation scores don't improve for 10 rounds
Training until validation scores don't improve for 10 rounds
Early stopping, best iteration is:
[328]	training's w_rmse: 0.965487	valid_1's w_rmse: 0.987021
[I 2025-06-25 07:33:56,712] Trial 23 finished with value: 0.08301025985509329 and parameters: {'learning_rate': 0.013256568986947381, 'num_leaves': 1139, 'min_data_in_leaf': 1368, 'lambda_l2': 0.5215199229005346, 'subsample': 0.7331673145025579, 'colsample_bytree': 0.7165043854987861}. Best is trial 13 with value: 0.08914769642510759.
Training until validation scores don't improve for 10 rounds
Training until validation scores don't improve for 10 rounds
Training until validation scores don't improve for 10 rounds
Early stopping, best iteration is:
[12]	training's w_rmse: 0.989102	valid_1's w_rmse: 0.995848
Early stopping, best iteration is:
[112]	training's w_rmse: 0.959676	valid_1's w_rmse: 0.986965
[I 2025-06-25 07:34:15,293] Trial 18 finished with value: 0.08597762892814823 and parameters: {'learning_rate': 0.05707012339192153, 'num_leaves': 508, 'min_data_in_leaf': 1526, 'lambda_l2': 0.749357578110083, 'subsample': 0.9121300089320289, 'colsample_bytree': 0.5177977647640513}. Best is trial 3 with value: 0.0915630807142072.
Early stopping, best iteration is:
[13]	training's w_rmse: 0.983548	valid_1's w_rmse: 0.994993
Training until validation scores don't improve for 10 rounds
Training until validation scores don't improve for 10 rounds
Training until validation scores don't improve for 10 rounds
Training until validation scores don't improve for 10 rounds
Early stopping, best iteration is:
[24]	training's w_rmse: 0.97754	valid_1's w_rmse: 0.992427
Early stopping, best iteration is:
[123]	training's w_rmse: 0.980066	valid_1's w_rmse: 0.993182
Early stopping, best iteration is:
[50]	training's w_rmse: 0.978148	valid_1's w_rmse: 0.990095
Early stopping, best iteration is:
[131]	training's w_rmse: 0.962341	valid_1's w_rmse: 0.989093
Early stopping, best iteration is:
[110]	training's w_rmse: 0.974617	valid_1's w_rmse: 0.990091
Training until validation scores don't improve for 10 rounds
Training until validation scores don't improve for 10 rounds
Training until validation scores don't improve for 10 rounds
Training until validation scores don't improve for 10 rounds
Training until validation scores don't improve for 10 rounds
Early stopping, best iteration is:
[57]	training's w_rmse: 0.964553	valid_1's w_rmse: 0.988424
Early stopping, best iteration is:
[143]	training's w_rmse: 0.959702	valid_1's w_rmse: 0.98849
Early stopping, best iteration is:
[163]	training's w_rmse: 0.959866	valid_1's w_rmse: 0.989363
Training until validation scores don't improve for 10 rounds
Early stopping, best iteration is:
[210]	training's w_rmse: 0.963579	valid_1's w_rmse: 0.989656
Training until validation scores don't improve for 10 rounds
Training until validation scores don't improve for 10 rounds
Early stopping, best iteration is:
[65]	training's w_rmse: 0.963767	valid_1's w_rmse: 0.988516
[I 2025-06-25 07:37:02,941] Trial 25 finished with value: 0.09277830137587298 and parameters: {'learning_rate': 0.06904889243104737, 'num_leaves': 1583, 'min_data_in_leaf': 1004, 'lambda_l2': 0.5222493832097876, 'subsample': 0.6414639208018148, 'colsample_bytree': 0.8872373672086811}. Best is trial 20 with value: 0.10047067280204725.
Early stopping, best iteration is:
[36]	training's w_rmse: 0.9815	valid_1's w_rmse: 0.994204
Early stopping, best iteration is:
[70]	training's w_rmse: 0.972679	valid_1's w_rmse: 0.992979
[I 2025-06-25 07:37:15,143] Trial 19 finished with value: 0.08892973368640218 and parameters: {'learning_rate': 0.05933413324844256, 'num_leaves': 1963, 'min_data_in_leaf': 1872, 'lambda_l2': 0.3237284144697058, 'subsample': 0.9723927870024196, 'colsample_bytree': 0.8920592797334764}. Best is trial 0 with value: 0.09434005529405001.
Did not meet early stopping. Best iteration is:
[1000]	training's w_rmse: 0.945655	valid_1's w_rmse: 0.986803
[I 2025-06-25 07:37:31,199] Trial 20 finished with value: 0.11701346237727062 and parameters: {'learning_rate': 0.007244576369143392, 'num_leaves': 1357, 'min_data_in_leaf': 836, 'lambda_l2': 0.6403114018211397, 'subsample': 0.6939521566172944, 'colsample_bytree': 0.6303963341745089}. Best is trial 19 with value: 0.11768897833832803.
Training until validation scores don't improve for 10 rounds
Early stopping, best iteration is:
[299]	training's w_rmse: 0.966328	valid_1's w_rmse: 0.989291
Training until validation scores don't improve for 10 rounds
Training until validation scores don't improve for 10 rounds
Training until validation scores don't improve for 10 rounds
Early stopping, best iteration is:
[21]	training's w_rmse: 0.984748	valid_1's w_rmse: 0.995106
Early stopping, best iteration is:
[93]	training's w_rmse: 0.976577	valid_1's w_rmse: 0.99112
Training until validation scores don't improve for 10 rounds
Early stopping, best iteration is:
[97]	training's w_rmse: 0.984074	valid_1's w_rmse: 0.994828
Training until validation scores don't improve for 10 rounds
Early stopping, best iteration is:
[160]	training's w_rmse: 0.96282	valid_1's w_rmse: 0.986951
[I 2025-06-25 07:38:25,405] Trial 19 finished with value: 0.0839735981746045 and parameters: {'learning_rate': 0.03347736185924439, 'num_leaves': 410, 'min_data_in_leaf': 1454, 'lambda_l2': 0.8476297083324111, 'subsample': 0.6003344915577237, 'colsample_bytree': 0.9563254067571803}. Best is trial 3 with value: 0.0915630807142072.
Early stopping, best iteration is:
[135]	training's w_rmse: 0.930277	valid_1's w_rmse: 0.988099
Training until validation scores don't improve for 10 rounds
Training until validation scores don't improve for 10 rounds
Training until validation scores don't improve for 10 rounds
Training until validation scores don't improve for 10 rounds
Training until validation scores don't improve for 10 rounds
Early stopping, best iteration is:
[15]	training's w_rmse: 0.979297	valid_1's w_rmse: 0.994374
Early stopping, best iteration is:
[78]	training's w_rmse: 0.980279	valid_1's w_rmse: 0.990271
Early stopping, best iteration is:
[189]	training's w_rmse: 0.945468	valid_1's w_rmse: 0.988177
Early stopping, best iteration is:
[191]	training's w_rmse: 0.977803	valid_1's w_rmse: 0.992114
Training until validation scores don't improve for 10 rounds
Training until validation scores don't improve for 10 rounds
Training until validation scores don't improve for 10 rounds
Early stopping, best iteration is:
[315]	training's w_rmse: 0.954944	valid_1's w_rmse: 0.986585
[I 2025-06-25 07:40:18,582] Trial 24 finished with value: 0.08479606872575313 and parameters: {'learning_rate': 0.017642289035983163, 'num_leaves': 1303, 'min_data_in_leaf': 1048, 'lambda_l2': 0.04112024570308381, 'subsample': 0.8188901094627334, 'colsample_bytree': 0.5600857006832305}. Best is trial 13 with value: 0.08914769642510759.
Early stopping, best iteration is:
[67]	training's w_rmse: 0.95376	valid_1's w_rmse: 0.987906
Training until validation scores don't improve for 10 rounds
Early stopping, best iteration is:
[134]	training's w_rmse: 0.956115	valid_1's w_rmse: 0.988537
Training until validation scores don't improve for 10 rounds
Training until validation scores don't improve for 10 rounds
Early stopping, best iteration is:
[18]	training's w_rmse: 0.98158	valid_1's w_rmse: 0.990931
Training until validation scores don't improve for 10 rounds
Early stopping, best iteration is:
[116]	training's w_rmse: 0.935383	valid_1's w_rmse: 0.988011
