[I 2025-06-25 06:46:38,558] Trial 11 finished with value: 0.11609875759263977 and parameters: {'learning_rate': 0.04806883125548384, 'num_leaves': 1571, 'min_data_in_leaf': 768, 'lambda_l2': 0.6409649972367231, 'subsample': 0.6508479000830248, 'colsample_bytree': 0.5068781978896808}. Best is trial 6 with value: 0.11716865399191098.
Early stopping, best iteration is:
[6]	training's w_rmse: 0.989862	valid_1's w_rmse: 0.995828
Early stopping, best iteration is:
[16]	training's w_rmse: 0.974864	valid_1's w_rmse: 0.990251
Training until validation scores don't improve for 10 rounds
Training until validation scores don't improve for 10 rounds
Early stopping, best iteration is:
[16]	training's w_rmse: 0.977789	valid_1's w_rmse: 0.994623
Training until validation scores don't improve for 10 rounds
Early stopping, best iteration is:
[43]	training's w_rmse: 0.977096	valid_1's w_rmse: 0.990927
Early stopping, best iteration is:
[21]	training's w_rmse: 0.969711	valid_1's w_rmse: 0.990856
[I 2025-06-25 06:47:12,209] Trial 10 finished with value: 0.08659607743508697 and parameters: {'learning_rate': 0.09368520214922449, 'num_leaves': 1683, 'min_data_in_leaf': 672, 'lambda_l2': 0.13693280501386207, 'subsample': 0.796974418364879, 'colsample_bytree': 0.6171566569178284}. Best is trial 4 with value: 0.09144273357636691.
Training until validation scores don't improve for 10 rounds
Training until validation scores don't improve for 10 rounds
Training until validation scores don't improve for 10 rounds
Training until validation scores don't improve for 10 rounds
Early stopping, best iteration is:
[82]	training's w_rmse: 0.958806	valid_1's w_rmse: 0.989491
Training until validation scores don't improve for 10 rounds
Early stopping, best iteration is:
[30]	training's w_rmse: 0.969053	valid_1's w_rmse: 0.991873
Early stopping, best iteration is:
[59]	training's w_rmse: 0.948466	valid_1's w_rmse: 0.989804
Training until validation scores don't improve for 10 rounds
Early stopping, best iteration is:
[273]	training's w_rmse: 0.945413	valid_1's w_rmse: 0.987543
Training until validation scores don't improve for 10 rounds
Early stopping, best iteration is:
[34]	training's w_rmse: 0.977754	valid_1's w_rmse: 0.992933
Early stopping, best iteration is:
[138]	training's w_rmse: 0.95446	valid_1's w_rmse: 0.986773
[I 2025-06-25 06:48:14,820] Trial 12 finished with value: 0.08695180060234636 and parameters: {'learning_rate': 0.03904726939232435, 'num_leaves': 265, 'min_data_in_leaf': 654, 'lambda_l2': 0.336228933217801, 'subsample': 0.7964971360119869, 'colsample_bytree': 0.7921829857529735}. Best is trial 3 with value: 0.08850777424716247.
Training until validation scores don't improve for 10 rounds
Early stopping, best iteration is:
[47]	training's w_rmse: 0.97074	valid_1's w_rmse: 0.989204
Training until validation scores don't improve for 10 rounds
Training until validation scores don't improve for 10 rounds
Early stopping, best iteration is:
[11]	training's w_rmse: 0.980072	valid_1's w_rmse: 0.994201
Early stopping, best iteration is:
[19]	training's w_rmse: 0.986197	valid_1's w_rmse: 0.994708
Early stopping, best iteration is:
[63]	training's w_rmse: 0.951814	valid_1's w_rmse: 0.988328
Training until validation scores don't improve for 10 rounds
Training until validation scores don't improve for 10 rounds
Training until validation scores don't improve for 10 rounds
Early stopping, best iteration is:
[34]	training's w_rmse: 0.967188	valid_1's w_rmse: 0.99
Training until validation scores don't improve for 10 rounds
Early stopping, best iteration is:
[44]	training's w_rmse: 0.970263	valid_1's w_rmse: 0.992772
[I 2025-06-25 06:49:09,061] Trial 9 finished with value: 0.08796275773471245 and parameters: {'learning_rate': 0.09514259980435322, 'num_leaves': 1765, 'min_data_in_leaf': 1545, 'lambda_l2': 0.032191865806764475, 'subsample': 0.7462434634544322, 'colsample_bytree': 0.9714298429291679}. Best is trial 0 with value: 0.09434005529405001.
Training until validation scores don't improve for 10 rounds
Training until validation scores don't improve for 10 rounds
Early stopping, best iteration is:
[74]	training's w_rmse: 0.964247	valid_1's w_rmse: 0.989345
Early stopping, best iteration is:
[43]	training's w_rmse: 0.960038	valid_1's w_rmse: 0.9873
[I 2025-06-25 06:49:27,149] Trial 9 finished with value: 0.0837755803071281 and parameters: {'learning_rate': 0.08726138290797418, 'num_leaves': 672, 'min_data_in_leaf': 793, 'lambda_l2': 0.33498001185516457, 'subsample': 0.9389700065073149, 'colsample_bytree': 0.8851479015420135}. Best is trial 3 with value: 0.0915630807142072.
Early stopping, best iteration is:
[108]	training's w_rmse: 0.96817	valid_1's w_rmse: 0.98801
Training until validation scores don't improve for 10 rounds
Training until validation scores don't improve for 10 rounds
Early stopping, best iteration is:
[11]	training's w_rmse: 0.989482	valid_1's w_rmse: 0.995718
Early stopping, best iteration is:
[99]	training's w_rmse: 0.939205	valid_1's w_rmse: 0.987919
[I 2025-06-25 06:49:51,390] Trial 13 finished with value: 0.09765250476684245 and parameters: {'learning_rate': 0.05807379856696706, 'num_leaves': 1686, 'min_data_in_leaf': 485, 'lambda_l2': 0.11304322666991862, 'subsample': 0.7543283545476309, 'colsample_bytree': 0.6483586533449616}. Best is trial 4 with value: 0.0983582473269544.
Training until validation scores don't improve for 10 rounds
Training until validation scores don't improve for 10 rounds
Training until validation scores don't improve for 10 rounds
Early stopping, best iteration is:
[34]	training's w_rmse: 0.98053	valid_1's w_rmse: 0.99016
Early stopping, best iteration is:
[120]	training's w_rmse: 0.928108	valid_1's w_rmse: 0.98922
Training until validation scores don't improve for 10 rounds
Training until validation scores don't improve for 10 rounds
Early stopping, best iteration is:
[176]	training's w_rmse: 0.957691	valid_1's w_rmse: 0.987555
[I 2025-06-25 06:50:31,566] Trial 12 finished with value: 0.11020060231202837 and parameters: {'learning_rate': 0.046000023886789074, 'num_leaves': 1988, 'min_data_in_leaf': 1526, 'lambda_l2': 0.14251011049883955, 'subsample': 0.6761619971118283, 'colsample_bytree': 0.5713975604373975}. Best is trial 6 with value: 0.11716865399191098.
Early stopping, best iteration is:
[67]	training's w_rmse: 0.973854	valid_1's w_rmse: 0.989383
Early stopping, best iteration is:
[62]	training's w_rmse: 0.986889	valid_1's w_rmse: 0.995228
Training until validation scores don't improve for 10 rounds
Training until validation scores don't improve for 10 rounds
Early stopping, best iteration is:
[163]	training's w_rmse: 0.945751	valid_1's w_rmse: 0.987724
Training until validation scores don't improve for 10 rounds
Early stopping, best iteration is:
[28]	training's w_rmse: 0.970283	valid_1's w_rmse: 0.990784
Training until validation scores don't improve for 10 rounds
Training until validation scores don't improve for 10 rounds
Early stopping, best iteration is:
[86]	training's w_rmse: 0.970217	valid_1's w_rmse: 0.989139
Early stopping, best iteration is:
[211]	training's w_rmse: 0.946365	valid_1's w_rmse: 0.987486
Training until validation scores don't improve for 10 rounds
Early stopping, best iteration is:
[112]	training's w_rmse: 0.983086	valid_1's w_rmse: 0.992569
Early stopping, best iteration is:
[256]	training's w_rmse: 0.927404	valid_1's w_rmse: 0.988467
Training until validation scores don't improve for 10 rounds
Training until validation scores don't improve for 10 rounds
Training until validation scores don't improve for 10 rounds
Early stopping, best iteration is:
[12]	training's w_rmse: 0.987336	valid_1's w_rmse: 0.994876
Training until validation scores don't improve for 10 rounds
Early stopping, best iteration is:
[80]	training's w_rmse: 0.946732	valid_1's w_rmse: 0.986658
[I 2025-06-25 06:52:22,316] Trial 13 finished with value: 0.08914769642510759 and parameters: {'learning_rate': 0.05032202295137012, 'num_leaves': 772, 'min_data_in_leaf': 465, 'lambda_l2': 0.5458616359856743, 'subsample': 0.9595826315144529, 'colsample_bytree': 0.7483657762390712}. Best is trial 13 with value: 0.08914769642510759.
Early stopping, best iteration is:
[98]	training's w_rmse: 0.958397	valid_1's w_rmse: 0.989936
Early stopping, best iteration is:
[89]	training's w_rmse: 0.968821	valid_1's w_rmse: 0.992584
[I 2025-06-25 06:52:25,735] Trial 10 finished with value: 0.08643686663649067 and parameters: {'learning_rate': 0.060005862320585385, 'num_leaves': 1356, 'min_data_in_leaf': 1787, 'lambda_l2': 0.3879726581221413, 'subsample': 0.6512650124475616, 'colsample_bytree': 0.7336766005139591}. Best is trial 0 with value: 0.09434005529405001.
[I 2025-06-25 06:52:25,873] Trial 11 finished with value: 0.0910114806229128 and parameters: {'learning_rate': 0.029521013867479837, 'num_leaves': 1176, 'min_data_in_leaf': 598, 'lambda_l2': 0.4216308615091051, 'subsample': 0.7830991324345502, 'colsample_bytree': 0.6231092935006792}. Best is trial 4 with value: 0.09144273357636691.
Training until validation scores don't improve for 10 rounds
Early stopping, best iteration is:
[29]	training's w_rmse: 0.981697	valid_1's w_rmse: 0.994146
Training until validation scores don't improve for 10 rounds
Training until validation scores don't improve for 10 rounds
Training until validation scores don't improve for 10 rounds
Training until validation scores don't improve for 10 rounds
Early stopping, best iteration is:
[24]	training's w_rmse: 0.980687	valid_1's w_rmse: 0.990923
Early stopping, best iteration is:
[293]	training's w_rmse: 0.972644	valid_1's w_rmse: 0.988526
Early stopping, best iteration is:
[8]	training's w_rmse: 0.988557	valid_1's w_rmse: 0.995762
Early stopping, best iteration is:
[174]	training's w_rmse: 0.951538	valid_1's w_rmse: 0.987631
Early stopping, best iteration is:
[8]	training's w_rmse: 0.981156	valid_1's w_rmse: 0.993743
Training until validation scores don't improve for 10 rounds
Early stopping, best iteration is:
[98]	training's w_rmse: 0.964328	valid_1's w_rmse: 0.986957
Training until validation scores don't improve for 10 rounds
[I 2025-06-25 06:53:41,680] Trial 10 finished with value: 0.08764821147796248 and parameters: {'learning_rate': 0.043067855910128246, 'num_leaves': 232, 'min_data_in_leaf': 740, 'lambda_l2': 0.7086894374618606, 'subsample': 0.813878175488941, 'colsample_bytree': 0.9309793184313069}. Best is trial 3 with value: 0.0915630807142072.
Training until validation scores don't improve for 10 rounds
Training until validation scores don't improve for 10 rounds
Training until validation scores don't improve for 10 rounds
Training until validation scores don't improve for 10 rounds
Early stopping, best iteration is:
[64]	training's w_rmse: 0.965086	valid_1's w_rmse: 0.989115
Early stopping, best iteration is:
[63]	training's w_rmse: 0.968571	valid_1's w_rmse: 0.990327
Early stopping, best iteration is:
[17]	training's w_rmse: 0.96942	valid_1's w_rmse: 0.990281
Early stopping, best iteration is:
[123]	training's w_rmse: 0.959841	valid_1's w_rmse: 0.98811
[I 2025-06-25 06:54:06,332] Trial 13 finished with value: 0.1123585999200121 and parameters: {'learning_rate': 0.07084025506218344, 'num_leaves': 1866, 'min_data_in_leaf': 1832, 'lambda_l2': 0.057035535294031825, 'subsample': 0.8339960764045522, 'colsample_bytree': 0.5665262374829516}. Best is trial 6 with value: 0.11716865399191098.
Training until validation scores don't improve for 10 rounds
Training until validation scores don't improve for 10 rounds
Training until validation scores don't improve for 10 rounds
Training until validation scores don't improve for 10 rounds
Training until validation scores don't improve for 10 rounds
Early stopping, best iteration is:
[67]	training's w_rmse: 0.965375	valid_1's w_rmse: 0.989035
Early stopping, best iteration is:
[23]	training's w_rmse: 0.980877	valid_1's w_rmse: 0.991507
Early stopping, best iteration is:
[406]	training's w_rmse: 0.968712	valid_1's w_rmse: 0.987998
[I 2025-06-25 06:54:52,015] Trial 14 finished with value: 0.09114995554671794 and parameters: {'learning_rate': 0.01427488377618781, 'num_leaves': 615, 'min_data_in_leaf': 1795, 'lambda_l2': 0.9580225479799477, 'subsample': 0.9296645090959199, 'colsample_bytree': 0.5685364145151941}. Best is trial 4 with value: 0.0983582473269544.
Early stopping, best iteration is:
[114]	training's w_rmse: 0.97754	valid_1's w_rmse: 0.989901
Early stopping, best iteration is:
[87]	training's w_rmse: 0.922673	valid_1's w_rmse: 0.988667
Training until validation scores don't improve for 10 rounds
Training until validation scores don't improve for 10 rounds
Training until validation scores don't improve for 10 rounds
Training until validation scores don't improve for 10 rounds
Early stopping, best iteration is:
[34]	training's w_rmse: 0.974527	valid_1's w_rmse: 0.992973
Early stopping, best iteration is:
[9]	training's w_rmse: 0.986073	valid_1's w_rmse: 0.995381
[I 2025-06-25 06:55:34,980] Trial 11 finished with value: 0.08726708533750513 and parameters: {'learning_rate': 0.08218207579939375, 'num_leaves': 1270, 'min_data_in_leaf': 1355, 'lambda_l2': 0.8214343342961576, 'subsample': 0.7242325842446322, 'colsample_bytree': 0.6353043190484076}. Best is trial 0 with value: 0.09434005529405001.
Early stopping, best iteration is:
[412]	training's w_rmse: 0.945742	valid_1's w_rmse: 0.987351
Training until validation scores don't improve for 10 rounds
Early stopping, best iteration is:
[137]	training's w_rmse: 0.953347	valid_1's w_rmse: 0.986759
[I 2025-06-25 06:55:53,803] Trial 14 finished with value: 0.08220725781170014 and parameters: {'learning_rate': 0.05981623166666354, 'num_leaves': 1632, 'min_data_in_leaf': 1487, 'lambda_l2': 0.9246027409771569, 'subsample': 0.6750813667626671, 'colsample_bytree': 0.7316312514646884}. Best is trial 13 with value: 0.08914769642510759.
Early stopping, best iteration is:
[29]	training's w_rmse: 0.959605	valid_1's w_rmse: 0.990782
[I 2025-06-25 06:56:07,568] Trial 12 finished with value: 0.08745915599472114 and parameters: {'learning_rate': 0.09116584015544138, 'num_leaves': 940, 'min_data_in_leaf': 537, 'lambda_l2': 0.8716161350783924, 'subsample': 0.6594302900312355, 'colsample_bytree': 0.8801482547955766}. Best is trial 4 with value: 0.09144273357636691.
Training until validation scores don't improve for 10 rounds
Training until validation scores don't improve for 10 rounds
Early stopping, best iteration is:
[7]	training's w_rmse: 0.99071	valid_1's w_rmse: 0.995976
Early stopping, best iteration is:
[17]	training's w_rmse: 0.980944	valid_1's w_rmse: 0.992364
Training until validation scores don't improve for 10 rounds
Early stopping, best iteration is:
[32]	training's w_rmse: 0.987175	valid_1's w_rmse: 0.994754
Training until validation scores don't improve for 10 rounds
Early stopping, best iteration is:
[24]	training's w_rmse: 0.976377	valid_1's w_rmse: 0.990617
Training until validation scores don't improve for 10 rounds
Training until validation scores don't improve for 10 rounds
Training until validation scores don't improve for 10 rounds
Early stopping, best iteration is:
[16]	training's w_rmse: 0.98119	valid_1's w_rmse: 0.993177
Early stopping, best iteration is:
[78]	training's w_rmse: 0.968909	valid_1's w_rmse: 0.989178
Early stopping, best iteration is:
[63]	training's w_rmse: 0.961236	valid_1's w_rmse: 0.988788
Training until validation scores don't improve for 10 rounds
Training until validation scores don't improve for 10 rounds
Training until validation scores don't improve for 10 rounds
Training until validation scores don't improve for 10 rounds
Early stopping, best iteration is:
[62]	training's w_rmse: 0.959076	valid_1's w_rmse: 0.98989
Early stopping, best iteration is:
[183]	training's w_rmse: 0.967263	valid_1's w_rmse: 0.987791
Early stopping, best iteration is:
[680]	training's w_rmse: 0.94286	valid_1's w_rmse: 0.988102
Training until validation scores don't improve for 10 rounds
Early stopping, best iteration is:
[45]	training's w_rmse: 0.976483	valid_1's w_rmse: 0.989481
Early stopping, best iteration is:
[62]	training's w_rmse: 0.963844	valid_1's w_rmse: 0.988547
[I 2025-06-25 06:57:52,956] Trial 15 finished with value: 0.09107423174406895 and parameters: {'learning_rate': 0.08407574010167232, 'num_leaves': 1652, 'min_data_in_leaf': 1140, 'lambda_l2': 0.030165668797524803, 'subsample': 0.7044984392448428, 'colsample_bytree': 0.6104488327047813}. Best is trial 4 with value: 0.0983582473269544.
Early stopping, best iteration is:
[41]	training's w_rmse: 0.965803	valid_1's w_rmse: 0.989775
Training until validation scores don't improve for 10 rounds
Training until validation scores don't improve for 10 rounds
Training until validation scores don't improve for 10 rounds
Training until validation scores don't improve for 10 rounds
Early stopping, best iteration is:
[25]	training's w_rmse: 0.975601	valid_1's w_rmse: 0.99132
Training until validation scores don't improve for 10 rounds
Training until validation scores don't improve for 10 rounds
Early stopping, best iteration is:
[67]	training's w_rmse: 0.969601	valid_1's w_rmse: 0.99287
[I 2025-06-25 06:58:34,683] Trial 12 finished with value: 0.08650212104943292 and parameters: {'learning_rate': 0.0832639285497782, 'num_leaves': 580, 'min_data_in_leaf': 1987, 'lambda_l2': 0.33260680757803174, 'subsample': 0.9598097912248154, 'colsample_bytree': 0.6206222663335346}. Best is trial 0 with value: 0.09434005529405001.
Early stopping, best iteration is:
[13]	training's w_rmse: 0.986684	valid_1's w_rmse: 0.995396
Early stopping, best iteration is:
[88]	training's w_rmse: 0.980127	valid_1's w_rmse: 0.993954
Training until validation scores don't improve for 10 rounds
Early stopping, best iteration is:
[107]	training's w_rmse: 0.940456	valid_1's w_rmse: 0.988179
Training until validation scores don't improve for 10 rounds
Training until validation scores don't improve for 10 rounds
Early stopping, best iteration is:
[61]	training's w_rmse: 0.961586	valid_1's w_rmse: 0.987653
[I 2025-06-25 06:59:16,364] Trial 15 finished with value: 0.08274552043963407 and parameters: {'learning_rate': 0.06717381617895092, 'num_leaves': 486, 'min_data_in_leaf': 947, 'lambda_l2': 0.5034185244452019, 'subsample': 0.8372257554136271, 'colsample_bytree': 0.7052152892171532}. Best is trial 13 with value: 0.08914769642510759.
Early stopping, best iteration is:
[23]	training's w_rmse: 0.982775	valid_1's w_rmse: 0.992664
Early stopping, best iteration is:
[10]	training's w_rmse: 0.986805	valid_1's w_rmse: 0.995519
Early stopping, best iteration is:
[461]	training's w_rmse: 0.941687	valid_1's w_rmse: 0.986901
[I 2025-06-25 06:59:27,260] Trial 14 finished with value: 0.11322264823944483 and parameters: {'learning_rate': 0.026531569117438508, 'num_leaves': 220, 'min_data_in_leaf': 1175, 'lambda_l2': 0.48966945728747, 'subsample': 0.901933288246202, 'colsample_bytree': 0.8076169543497197}. Best is trial 6 with value: 0.11716865399191098.
Training until validation scores don't improve for 10 rounds
Training until validation scores don't improve for 10 rounds
Training until validation scores don't improve for 10 rounds
Training until validation scores don't improve for 10 rounds
Training until validation scores don't improve for 10 rounds
Early stopping, best iteration is:
[24]	training's w_rmse: 0.974058	valid_1's w_rmse: 0.990793
Training until validation scores don't improve for 10 rounds
Early stopping, best iteration is:
[48]	training's w_rmse: 0.963582	valid_1's w_rmse: 0.99021
[I 2025-06-25 07:00:03,784] Trial 13 finished with value: 0.08884378913373916 and parameters: {'learning_rate': 0.05410231627096851, 'num_leaves': 635, 'min_data_in_leaf': 625, 'lambda_l2': 0.6049609356109868, 'subsample': 0.7263970137821709, 'colsample_bytree': 0.6932947751031218}. Best is trial 4 with value: 0.09144273357636691.
Early stopping, best iteration is:
[80]	training's w_rmse: 0.967896	valid_1's w_rmse: 0.988646
Early stopping, best iteration is:
[76]	training's w_rmse: 0.960366	valid_1's w_rmse: 0.989049
Training until validation scores don't improve for 10 rounds
Training until validation scores don't improve for 10 rounds
Early stopping, best iteration is:
[23]	training's w_rmse: 0.974227	valid_1's w_rmse: 0.990544
Training until validation scores don't improve for 10 rounds
Training until validation scores don't improve for 10 rounds
Early stopping, best iteration is:
[18]	training's w_rmse: 0.986113	valid_1's w_rmse: 0.993989
Early stopping, best iteration is:
[364]	training's w_rmse: 0.960721	valid_1's w_rmse: 0.986452
[I 2025-06-25 07:00:53,479] Trial 11 finished with value: 0.08786582668529047 and parameters: {'learning_rate': 0.014785769723263186, 'num_leaves': 1817, 'min_data_in_leaf': 1349, 'lambda_l2': 0.5594452980222198, 'subsample': 0.7997150722525964, 'colsample_bytree': 0.7170622521333208}. Best is trial 3 with value: 0.0915630807142072.
Early stopping, best iteration is:
[317]	training's w_rmse: 0.948795	valid_1's w_rmse: 0.987554
Early stopping, best iteration is:
[64]	training's w_rmse: 0.964042	valid_1's w_rmse: 0.989278
Early stopping, best iteration is:
[150]	training's w_rmse: 0.954092	valid_1's w_rmse: 0.987908
