[I 2025-06-17 10:50:35,646] Trial 7 finished with value: 0.11284314396162642 and parameters: {'learning_rate': 0.018193580508800405, 'num_leaves': 1850, 'min_data_in_leaf': 1223, 'lambda_l2': 0.5215403218672638, 'subsample': 0.8443076057853152, 'colsample_bytree': 0.6972628342524314}. Best is trial 5 with value: 0.11613665381718966.
Early stopping, best iteration is:
[137]	training's rmse: 0.00744265	valid_1's rmse: 0.00820756
Early stopping, best iteration is:
[128]	training's rmse: 0.00760507	valid_1's rmse: 0.00867734
Training until validation scores don't improve for 10 rounds
Training until validation scores don't improve for 10 rounds
Early stopping, best iteration is:
[222]	training's rmse: 0.00706775	valid_1's rmse: 0.00679949
Early stopping, best iteration is:
[31]	training's rmse: 0.00668835	valid_1's rmse: 0.00795534
Training until validation scores don't improve for 10 rounds
Training until validation scores don't improve for 10 rounds
Early stopping, best iteration is:
[538]	training's rmse: 0.00701258	valid_1's rmse: 0.00790298
Training until validation scores don't improve for 10 rounds
Training until validation scores don't improve for 10 rounds
Early stopping, best iteration is:
[142]	training's rmse: 0.00784552	valid_1's rmse: 0.00804728
Training until validation scores don't improve for 10 rounds
Early stopping, best iteration is:
[286]	training's rmse: 0.00748904	valid_1's rmse: 0.00790295
Early stopping, best iteration is:
[290]	training's rmse: 0.00676473	valid_1's rmse: 0.00664982
Early stopping, best iteration is:
[287]	training's rmse: 0.00711578	valid_1's rmse: 0.00639689
[I 2025-06-17 10:52:57,222] Trial 8 finished with value: 0.11508784779031625 and parameters: {'learning_rate': 0.010471778144200215, 'num_leaves': 396, 'min_data_in_leaf': 621, 'lambda_l2': 0.6099139592466968, 'subsample': 0.9135589181562437, 'colsample_bytree': 0.5549613833178946}. Best is trial 8 with value: 0.11508784779031625.
Training until validation scores don't improve for 10 rounds
Training until validation scores don't improve for 10 rounds
Training until validation scores don't improve for 10 rounds
Early stopping, best iteration is:
[213]	training's rmse: 0.00675832	valid_1's rmse: 0.00708399
Early stopping, best iteration is:
[563]	training's rmse: 0.00741667	valid_1's rmse: 0.00664142
Early stopping, best iteration is:
[210]	training's rmse: 0.00796587	valid_1's rmse: 0.00740588
[I 2025-06-17 10:54:14,024] Trial 6 finished with value: 0.12813906991818702 and parameters: {'learning_rate': 0.021701509439354946, 'num_leaves': 349, 'min_data_in_leaf': 1676, 'lambda_l2': 0.44322018910014194, 'subsample': 0.9574160181828494, 'colsample_bytree': 0.9680249379756417}. Best is trial 3 with value: 0.12931262562872914.
Early stopping, best iteration is:
[207]	training's rmse: 0.00659701	valid_1's rmse: 0.00805474
Training until validation scores don't improve for 10 rounds
Training until validation scores don't improve for 10 rounds
Training until validation scores don't improve for 10 rounds
Training until validation scores don't improve for 10 rounds
Early stopping, best iteration is:
[318]	training's rmse: 0.00680966	valid_1's rmse: 0.00848299
Early stopping, best iteration is:
[843]	training's rmse: 0.0073596	valid_1's rmse: 0.0073996
[I 2025-06-17 10:55:44,857] Trial 8 finished with value: 0.11181572289865652 and parameters: {'learning_rate': 0.015487181089862793, 'num_leaves': 1572, 'min_data_in_leaf': 990, 'lambda_l2': 0.8714863803399281, 'subsample': 0.7558099250853092, 'colsample_bytree': 0.8403026989045734}. Best is trial 5 with value: 0.11613665381718966.
Early stopping, best iteration is:
[249]	training's rmse: 0.00678669	valid_1's rmse: 0.0074005
Training until validation scores don't improve for 10 rounds
Early stopping, best iteration is:
[601]	training's rmse: 0.00727418	valid_1's rmse: 0.00707719
Training until validation scores don't improve for 10 rounds
Training until validation scores don't improve for 10 rounds
[I 2025-06-17 10:56:30,532] Trial 8 finished with value: 0.12620126220060604 and parameters: {'learning_rate': 0.010790108316658843, 'num_leaves': 971, 'min_data_in_leaf': 1531, 'lambda_l2': 0.6732387570152284, 'subsample': 0.8109879063085583, 'colsample_bytree': 0.8033460450844441}. Best is trial 8 with value: 0.12620126220060604.
Early stopping, best iteration is:
[43]	training's rmse: 0.00668594	valid_1's rmse: 0.00795788
Training until validation scores don't improve for 10 rounds
Early stopping, best iteration is:
[130]	training's rmse: 0.00712898	valid_1's rmse: 0.00680101
Training until validation scores don't improve for 10 rounds
Training until validation scores don't improve for 10 rounds
Early stopping, best iteration is:
[142]	training's rmse: 0.00796055	valid_1's rmse: 0.00665691
[I 2025-06-17 10:57:12,705] Trial 6 finished with value: 0.12345987110871912 and parameters: {'learning_rate': 0.01552402330740615, 'num_leaves': 798, 'min_data_in_leaf': 1603, 'lambda_l2': 0.21274646469018899, 'subsample': 0.6207323835229451, 'colsample_bytree': 0.5887897582045131}. Best is trial 6 with value: 0.12345987110871912.
Early stopping, best iteration is:
[303]	training's rmse: 0.00767027	valid_1's rmse: 0.00828191
Training until validation scores don't improve for 10 rounds
Training until validation scores don't improve for 10 rounds
Early stopping, best iteration is:
[380]	training's rmse: 0.00678092	valid_1's rmse: 0.00665216
Training until validation scores don't improve for 10 rounds
Early stopping, best iteration is:
[175]	training's rmse: 0.00717696	valid_1's rmse: 0.00639853
[I 2025-06-17 10:58:26,105] Trial 9 finished with value: 0.1135412569623288 and parameters: {'learning_rate': 0.01584711346580134, 'num_leaves': 1380, 'min_data_in_leaf': 1092, 'lambda_l2': 0.573418944948566, 'subsample': 0.7167631586084555, 'colsample_bytree': 0.814824670359702}. Best is trial 8 with value: 0.11508784779031625.
Early stopping, best iteration is:
[584]	training's rmse: 0.00682798	valid_1's rmse: 0.00818411
Early stopping, best iteration is:
[85]	training's rmse: 0.00733316	valid_1's rmse: 0.00841041
Training until validation scores don't improve for 10 rounds
Training until validation scores don't improve for 10 rounds
Training until validation scores don't improve for 10 rounds
Training until validation scores don't improve for 10 rounds
Early stopping, best iteration is:
[172]	training's rmse: 0.00714203	valid_1's rmse: 0.00791102
Early stopping, best iteration is:
[329]	training's rmse: 0.00673413	valid_1's rmse: 0.00708264
Early stopping, best iteration is:
[90]	training's rmse: 0.00738018	valid_1's rmse: 0.00820495
Early stopping, best iteration is:
[497]	training's rmse: 0.00766499	valid_1's rmse: 0.00677899
[I 2025-06-17 11:00:19,121] Trial 7 finished with value: 0.12168746174972805 and parameters: {'learning_rate': 0.005916520434820414, 'num_leaves': 1749, 'min_data_in_leaf': 577, 'lambda_l2': 0.02653245384088021, 'subsample': 0.9115782779063483, 'colsample_bytree': 0.8609292581063922}. Best is trial 7 with value: 0.12168746174972805.
Early stopping, best iteration is:
[255]	training's rmse: 0.00754647	valid_1's rmse: 0.00867379
Training until validation scores don't improve for 10 rounds
Early stopping, best iteration is:
[469]	training's rmse: 0.00666633	valid_1's rmse: 0.00806135
Training until validation scores don't improve for 10 rounds
Training until validation scores don't improve for 10 rounds
Training until validation scores don't improve for 10 rounds
Early stopping, best iteration is:
[401]	training's rmse: 0.00743071	valid_1's rmse: 0.00664181
Early stopping, best iteration is:
[494]	training's rmse: 0.00678612	valid_1's rmse: 0.00848017
Early stopping, best iteration is:
[285]	training's rmse: 0.00706559	valid_1's rmse: 0.00867256
Training until validation scores don't improve for 10 rounds
[I 2025-06-17 11:02:13,900] Trial 9 finished with value: 0.11137240695895383 and parameters: {'learning_rate': 0.010732948994186232, 'num_leaves': 604, 'min_data_in_leaf': 952, 'lambda_l2': 0.6766500789464004, 'subsample': 0.6755718260518893, 'colsample_bytree': 0.9305366768321762}. Best is trial 5 with value: 0.11613665381718966.
Training until validation scores don't improve for 10 rounds
Training until validation scores don't improve for 10 rounds
Early stopping, best iteration is:
[38]	training's rmse: 0.00658585	valid_1's rmse: 0.00794511
Training until validation scores don't improve for 10 rounds
Early stopping, best iteration is:
[420]	training's rmse: 0.00729127	valid_1's rmse: 0.0070787
[I 2025-06-17 11:03:18,123] Trial 9 finished with value: 0.12380311884587877 and parameters: {'learning_rate': 0.015874566685323978, 'num_leaves': 562, 'min_data_in_leaf': 1715, 'lambda_l2': 0.7132120258678348, 'subsample': 0.6081838656577911, 'colsample_bytree': 0.858266723454135}. Best is trial 8 with value: 0.12620126220060604.
Training until validation scores don't improve for 10 rounds
Training until validation scores don't improve for 10 rounds
Early stopping, best iteration is:
[119]	training's rmse: 0.00745704	valid_1's rmse: 0.00806932
Training until validation scores don't improve for 10 rounds
Early stopping, best iteration is:
[89]	training's rmse: 0.00756881	valid_1's rmse: 0.00790701
Early stopping, best iteration is:
[168]	training's rmse: 0.00663974	valid_1's rmse: 0.00664787
Early stopping, best iteration is:
[467]	training's rmse: 0.00759233	valid_1's rmse: 0.00803323
Training until validation scores don't improve for 10 rounds
Training until validation scores don't improve for 10 rounds
Early stopping, best iteration is:
[654]	training's rmse: 0.00684052	valid_1's rmse: 0.00740107
Training until validation scores don't improve for 10 rounds
Training until validation scores don't improve for 10 rounds
Early stopping, best iteration is:
[135]	training's rmse: 0.00662739	valid_1's rmse: 0.00708568
Early stopping, best iteration is:
[63]	training's rmse: 0.00797907	valid_1's rmse: 0.00665844
[I 2025-06-17 11:05:23,081] Trial 7 finished with value: 0.12210167889839227 and parameters: {'learning_rate': 0.026669875702196776, 'num_leaves': 777, 'min_data_in_leaf': 1147, 'lambda_l2': 0.1339854219292872, 'subsample': 0.9352116202125393, 'colsample_bytree': 0.7956484647945808}. Best is trial 6 with value: 0.12345987110871912.
Training until validation scores don't improve for 10 rounds
Early stopping, best iteration is:
[328]	training's rmse: 0.00755884	valid_1's rmse: 0.00740241
Training until validation scores don't improve for 10 rounds
Training until validation scores don't improve for 10 rounds
Training until validation scores don't improve for 10 rounds
Early stopping, best iteration is:
[121]	training's rmse: 0.00680862	valid_1's rmse: 0.00850298
[I 2025-06-17 11:06:36,539] Trial 10 finished with value: 0.11304713704169461 and parameters: {'learning_rate': 0.023273401735170958, 'num_leaves': 770, 'min_data_in_leaf': 437, 'lambda_l2': 0.971433945025028, 'subsample': 0.9231628817769397, 'colsample_bytree': 0.5201315309774307}. Best is trial 5 with value: 0.11613665381718966.
Early stopping, best iteration is:
[347]	training's rmse: 0.0071631	valid_1's rmse: 0.00680135
Early stopping, best iteration is:
[89]	training's rmse: 0.00738603	valid_1's rmse: 0.0084143
Did not meet early stopping. Best iteration is:
[997]	training's rmse: 0.00686316	valid_1's rmse: 0.00818519
Training until validation scores don't improve for 10 rounds
Early stopping, best iteration is:
[287]	training's rmse: 0.00797928	valid_1's rmse: 0.0074046
[I 2025-06-17 11:07:23,443] Trial 7 finished with value: 0.1296274525215691 and parameters: {'learning_rate': 0.007891063788628867, 'num_leaves': 1734, 'min_data_in_leaf': 643, 'lambda_l2': 0.4691678900091991, 'subsample': 0.64384914829568, 'colsample_bytree': 0.6241427819372862}. Best is trial 7 with value: 0.1296274525215691.
Training until validation scores don't improve for 10 rounds
Early stopping, best iteration is:
[158]	training's rmse: 0.00664736	valid_1's rmse: 0.00795234
Training until validation scores don't improve for 10 rounds
Training until validation scores don't improve for 10 rounds
Early stopping, best iteration is:
[263]	training's rmse: 0.00775052	valid_1's rmse: 0.00678075
[I 2025-06-17 11:07:46,163] Trial 8 finished with value: 0.12082263155884161 and parameters: {'learning_rate': 0.01433637714467138, 'num_leaves': 1151, 'min_data_in_leaf': 1213, 'lambda_l2': 0.798836647318041, 'subsample': 0.6879385343430093, 'colsample_bytree': 0.883099558774473}. Best is trial 7 with value: 0.12168746174972805.
Early stopping, best iteration is:
[84]	training's rmse: 0.00745316	valid_1's rmse: 0.00821079
Training until validation scores don't improve for 10 rounds
Training until validation scores don't improve for 10 rounds
Training until validation scores don't improve for 10 rounds
Early stopping, best iteration is:
[428]	training's rmse: 0.00723632	valid_1's rmse: 0.00639919
[I 2025-06-17 11:08:42,911] Trial 10 finished with value: 0.1154460211430145 and parameters: {'learning_rate': 0.005881770367355079, 'num_leaves': 634, 'min_data_in_leaf': 1466, 'lambda_l2': 0.3813687690567185, 'subsample': 0.9821657668691094, 'colsample_bytree': 0.5021751844430569}. Best is trial 10 with value: 0.1154460211430145.
Training until validation scores don't improve for 10 rounds
Early stopping, best iteration is:
[238]	training's rmse: 0.00712743	valid_1's rmse: 0.00867156
Training until validation scores don't improve for 10 rounds
Early stopping, best iteration is:
[243]	training's rmse: 0.00764498	valid_1's rmse: 0.00827975
Early stopping, best iteration is:
[463]	training's rmse: 0.00710608	valid_1's rmse: 0.00791066
Early stopping, best iteration is:
[690]	training's rmse: 0.00683121	valid_1's rmse: 0.00664831
Early stopping, best iteration is:
[197]	training's rmse: 0.00747914	valid_1's rmse: 0.00790176
Training until validation scores don't improve for 10 rounds
Training until validation scores don't improve for 10 rounds
Training until validation scores don't improve for 10 rounds
Training until validation scores don't improve for 10 rounds
Training until validation scores don't improve for 10 rounds
Early stopping, best iteration is:
[98]	training's rmse: 0.00749316	valid_1's rmse: 0.00807279
Early stopping, best iteration is:
[70]	training's rmse: 0.00801446	valid_1's rmse: 0.00666081
[I 2025-06-17 11:11:02,596] Trial 8 finished with value: 0.12086878410680049 and parameters: {'learning_rate': 0.024688546515170724, 'num_leaves': 1296, 'min_data_in_leaf': 1720, 'lambda_l2': 0.2471812331280343, 'subsample': 0.6365013930922782, 'colsample_bytree': 0.9738841527183082}. Best is trial 6 with value: 0.12345987110871912.
Early stopping, best iteration is:
[135]	training's rmse: 0.00759208	valid_1's rmse: 0.00867611
Early stopping, best iteration is:
[654]	training's rmse: 0.00663747	valid_1's rmse: 0.00805834
Training until validation scores don't improve for 10 rounds
Early stopping, best iteration is:
[708]	training's rmse: 0.00676048	valid_1's rmse: 0.0070831
Training until validation scores don't improve for 10 rounds
Training until validation scores don't improve for 10 rounds
Training until validation scores don't improve for 10 rounds
Early stopping, best iteration is:
[267]	training's rmse: 0.00763194	valid_1's rmse: 0.0074037
Training until validation scores don't improve for 10 rounds
Early stopping, best iteration is:
[742]	training's rmse: 0.00744825	valid_1's rmse: 0.00664434
Training until validation scores don't improve for 10 rounds
Early stopping, best iteration is:
[153]	training's rmse: 0.0072647	valid_1's rmse: 0.0084076
Early stopping, best iteration is:
[273]	training's rmse: 0.00765821	valid_1's rmse: 0.00803631
Early stopping, best iteration is:
[543]	training's rmse: 0.00689844	valid_1's rmse: 0.00740538
Training until validation scores don't improve for 10 rounds
Early stopping, best iteration is:
[248]	training's rmse: 0.00778874	valid_1's rmse: 0.00678248
[I 2025-06-17 11:13:57,131] Trial 9 finished with value: 0.12030183612253996 and parameters: {'learning_rate': 0.01743865387053108, 'num_leaves': 735, 'min_data_in_leaf': 1783, 'lambda_l2': 0.8754632659888781, 'subsample': 0.7076330338141883, 'colsample_bytree': 0.7696073964726546}. Best is trial 7 with value: 0.12168746174972805.
Early stopping, best iteration is:
[555]	training's rmse: 0.00697984	valid_1's rmse: 0.00850297
[I 2025-06-17 11:14:02,006] Trial 11 finished with value: 0.11560513858277696 and parameters: {'learning_rate': 0.0051227175173350625, 'num_leaves': 222, 'min_data_in_leaf': 564, 'lambda_l2': 0.30200886977176866, 'subsample': 0.7314063390151084, 'colsample_bytree': 0.5714451404777783}. Best is trial 5 with value: 0.11613665381718966.
Training until validation scores don't improve for 10 rounds
Training until validation scores don't improve for 10 rounds
Training until validation scores don't improve for 10 rounds
Training until validation scores don't improve for 10 rounds
Training until validation scores don't improve for 10 rounds
Early stopping, best iteration is:
[140]	training's rmse: 0.00734365	valid_1's rmse: 0.00820361
Early stopping, best iteration is:
[381]	training's rmse: 0.00717043	valid_1's rmse: 0.00680155
Early stopping, best iteration is:
[161]	training's rmse: 0.00660063	valid_1's rmse: 0.00795004
Early stopping, best iteration is:
[220]	training's rmse: 0.00793109	valid_1's rmse: 0.00740434
[I 2025-06-17 11:15:38,314] Trial 8 finished with value: 0.12893634286106956 and parameters: {'learning_rate': 0.017777104379787002, 'num_leaves': 1884, 'min_data_in_leaf': 1187, 'lambda_l2': 0.5464669434578306, 'subsample': 0.7596004724840527, 'colsample_bytree': 0.8948294644725747}. Best is trial 7 with value: 0.1296274525215691.
Training until validation scores don't improve for 10 rounds
Training until validation scores don't improve for 10 rounds
Training until validation scores don't improve for 10 rounds
Did not meet early stopping. Best iteration is:
[999]	training's rmse: 0.00725901	valid_1's rmse: 0.00707659
[I 2025-06-17 11:17:07,791] Trial 10 finished with value: 0.12353211063020184 and parameters: {'learning_rate': 0.0059596700843723704, 'num_leaves': 1280, 'min_data_in_leaf': 1280, 'lambda_l2': 0.9784313492937172, 'subsample': 0.7089831710771923, 'colsample_bytree': 0.9987257092826474}. Best is trial 8 with value: 0.12620126220060604.
Training until validation scores don't improve for 10 rounds
Early stopping, best iteration is:
[140]	training's rmse: 0.00753496	valid_1's rmse: 0.00790278
Early stopping, best iteration is:
[150]	training's rmse: 0.00761845	valid_1's rmse: 0.0082786
Training until validation scores don't improve for 10 rounds
Early stopping, best iteration is:
[626]	training's rmse: 0.00673779	valid_1's rmse: 0.00664718
Training until validation scores don't improve for 10 rounds
Early stopping, best iteration is:
[494]	training's rmse: 0.00723847	valid_1's rmse: 0.0063985
[I 2025-06-17 11:18:38,046] Trial 11 finished with value: 0.11547477733223005 and parameters: {'learning_rate': 0.005071743416486369, 'num_leaves': 641, 'min_data_in_leaf': 1468, 'lambda_l2': 0.40911174057548855, 'subsample': 0.9790895297882594, 'colsample_bytree': 0.5017366963152345}. Best is trial 11 with value: 0.11547477733223005.
Training until validation scores don't improve for 10 rounds
Early stopping, best iteration is:
[91]	training's rmse: 0.00754764	valid_1's rmse: 0.00867459
Training until validation scores don't improve for 10 rounds
Early stopping, best iteration is:
[612]	training's rmse: 0.00688393	valid_1's rmse: 0.0086693
Early stopping, best iteration is:
[652]	training's rmse: 0.00682324	valid_1's rmse: 0.00818183
Training until validation scores don't improve for 10 rounds
Training until validation scores don't improve for 10 rounds
Training until validation scores don't improve for 10 rounds
Training until validation scores don't improve for 10 rounds
Early stopping, best iteration is:
[86]	training's rmse: 0.0078216	valid_1's rmse: 0.0080467
Early stopping, best iteration is:
[534]	training's rmse: 0.00670869	valid_1's rmse: 0.00708306
Early stopping, best iteration is:
[107]	training's rmse: 0.00793989	valid_1's rmse: 0.00665605
[I 2025-06-17 11:20:39,438] Trial 9 finished with value: 0.1247509829744661 and parameters: {'learning_rate': 0.014077350751899854, 'num_leaves': 1931, 'min_data_in_leaf': 646, 'lambda_l2': 0.4211950007858787, 'subsample': 0.839192164968647, 'colsample_bytree': 0.5837159559139358}. Best is trial 9 with value: 0.1247509829744661.
Early stopping, best iteration is:
[467]	training's rmse: 0.00668181	valid_1's rmse: 0.00806222
Early stopping, best iteration is:
[338]	training's rmse: 0.00705923	valid_1's rmse: 0.00790507
Training until validation scores don't improve for 10 rounds
Training until validation scores don't improve for 10 rounds
Training until validation scores don't improve for 10 rounds
Training until validation scores don't improve for 10 rounds
Training until validation scores don't improve for 10 rounds
Early stopping, best iteration is:
[137]	training's rmse: 0.00789908	valid_1's rmse: 0.00740693
