[I 2025-06-21 09:38:23,152] Trial 21 finished with value: 0.5216632974855046 and parameters: {'learning_rate': 0.02426739176897489, 'num_leaves': 1532, 'min_data_in_leaf': 832, 'lambda_l2': 0.35561497926570884, 'subsample': 0.7151064603866587, 'colsample_bytree': 0.5237204907229276}. Best is trial 4 with value: 0.5230962823888797.
Training until validation scores don't improve for 10 rounds
Early stopping, best iteration is:
[83]	training's ndcg@1000: 0.609594	valid_1's ndcg@1000: 0.489525
Early stopping, best iteration is:
[27]	training's ndcg@1000: 0.557288	valid_1's ndcg@1000: 0.48532
Training until validation scores don't improve for 10 rounds
Early stopping, best iteration is:
[99]	training's ndcg@1000: 0.661361	valid_1's ndcg@1000: 0.535772
Early stopping, best iteration is:
[164]	training's ndcg@1000: 0.683474	valid_1's ndcg@1000: 0.504306
[I 2025-06-21 09:38:58,757] Trial 20 finished with value: 0.5532878817055384 and parameters: {'learning_rate': 0.024204378207539994, 'num_leaves': 1697, 'min_data_in_leaf': 598, 'lambda_l2': 0.3126594082797336, 'subsample': 0.8307394641485172, 'colsample_bytree': 0.7868150803719403}. Best is trial 20 with value: 0.5532878817055384.
Training until validation scores don't improve for 10 rounds
Training until validation scores don't improve for 10 rounds
Training until validation scores don't improve for 10 rounds
Early stopping, best iteration is:
[53]	training's ndcg@1000: 0.57847	valid_1's ndcg@1000: 0.546386
Early stopping, best iteration is:
[58]	training's ndcg@1000: 0.559221	valid_1's ndcg@1000: 0.507364
Early stopping, best iteration is:
[29]	training's ndcg@1000: 0.561359	valid_1's ndcg@1000: 0.487083
Training until validation scores don't improve for 10 rounds
Training until validation scores don't improve for 10 rounds
Training until validation scores don't improve for 10 rounds
Early stopping, best iteration is:
[95]	training's ndcg@1000: 0.619933	valid_1's ndcg@1000: 0.494006
Training until validation scores don't improve for 10 rounds
[I 2025-06-21 09:39:53,544] Trial 21 finished with value: 0.5249740997467396 and parameters: {'learning_rate': 0.025707625621815045, 'num_leaves': 1650, 'min_data_in_leaf': 1266, 'lambda_l2': 0.02884240498293733, 'subsample': 0.665561599419297, 'colsample_bytree': 0.9965005869019143}. Best is trial 21 with value: 0.5249740997467396.
Training until validation scores don't improve for 10 rounds
Early stopping, best iteration is:
[73]	training's ndcg@1000: 0.639914	valid_1's ndcg@1000: 0.510417
Early stopping, best iteration is:
[64]	training's ndcg@1000: 0.567505	valid_1's ndcg@1000: 0.496828
Early stopping, best iteration is:
[128]	training's ndcg@1000: 0.644762	valid_1's ndcg@1000: 0.528925
Training until validation scores don't improve for 10 rounds
Early stopping, best iteration is:
[182]	training's ndcg@1000: 0.681797	valid_1's ndcg@1000: 0.546202
Training until validation scores don't improve for 10 rounds
Training until validation scores don't improve for 10 rounds
Early stopping, best iteration is:
[28]	training's ndcg@1000: 0.547996	valid_1's ndcg@1000: 0.492266
Early stopping, best iteration is:
[165]	training's ndcg@1000: 0.664924	valid_1's ndcg@1000: 0.482759
Training until validation scores don't improve for 10 rounds
[I 2025-06-21 09:40:57,628] Trial 23 finished with value: 0.5155633342632531 and parameters: {'learning_rate': 0.022206004658848852, 'num_leaves': 1430, 'min_data_in_leaf': 690, 'lambda_l2': 0.19575373986382003, 'subsample': 0.8411620417220329, 'colsample_bytree': 0.6451197886289897}. Best is trial 22 with value: 0.5156399944783088.
Early stopping, best iteration is:
[74]	training's ndcg@1000: 0.581653	valid_1's ndcg@1000: 0.523774
Training until validation scores don't improve for 10 rounds
Early stopping, best iteration is:
[73]	training's ndcg@1000: 0.645645	valid_1's ndcg@1000: 0.499891
Early stopping, best iteration is:
[38]	training's ndcg@1000: 0.580294	valid_1's ndcg@1000: 0.53226
Early stopping, best iteration is:
[99]	training's ndcg@1000: 0.627649	valid_1's ndcg@1000: 0.500908
Training until validation scores don't improve for 10 rounds
Training until validation scores don't improve for 10 rounds
Training until validation scores don't improve for 10 rounds
Early stopping, best iteration is:
[24]	training's ndcg@1000: 0.544535	valid_1's ndcg@1000: 0.487752
Early stopping, best iteration is:
[25]	training's ndcg@1000: 0.54991	valid_1's ndcg@1000: 0.484435
Training until validation scores don't improve for 10 rounds
Training until validation scores don't improve for 10 rounds
Training until validation scores don't improve for 10 rounds
Early stopping, best iteration is:
[25]	training's ndcg@1000: 0.571559	valid_1's ndcg@1000: 0.489966
[I 2025-06-21 09:42:15,358] Trial 22 finished with value: 0.5426894790310166 and parameters: {'learning_rate': 0.027316063441043828, 'num_leaves': 461, 'min_data_in_leaf': 1359, 'lambda_l2': 0.0013498349357050077, 'subsample': 0.9368170049087629, 'colsample_bytree': 0.8349632554281631}. Best is trial 0 with value: 0.5442122638226504.
Early stopping, best iteration is:
[152]	training's ndcg@1000: 0.6244	valid_1's ndcg@1000: 0.485838
Training until validation scores don't improve for 10 rounds
[I 2025-06-21 09:42:17,426] Trial 22 finished with value: 0.5214316616950523 and parameters: {'learning_rate': 0.018401682997744438, 'num_leaves': 1561, 'min_data_in_leaf': 839, 'lambda_l2': 0.21681220523961045, 'subsample': 0.7862066034923268, 'colsample_bytree': 0.5197166090957276}. Best is trial 4 with value: 0.5230962823888797.
Training until validation scores don't improve for 10 rounds
Early stopping, best iteration is:
[40]	training's ndcg@1000: 0.560451	valid_1's ndcg@1000: 0.485619
Early stopping, best iteration is:
[89]	training's ndcg@1000: 0.62867	valid_1's ndcg@1000: 0.513755
Early stopping, best iteration is:
[89]	training's ndcg@1000: 0.660156	valid_1's ndcg@1000: 0.500985
[I 2025-06-21 09:42:36,537] Trial 21 finished with value: 0.5376584727279876 and parameters: {'learning_rate': 0.02614158717596089, 'num_leaves': 763, 'min_data_in_leaf': 768, 'lambda_l2': 0.01698142776621514, 'subsample': 0.6817145790910989, 'colsample_bytree': 0.6405665270155331}. Best is trial 21 with value: 0.5376584727279876.
Early stopping, best iteration is:
[59]	training's ndcg@1000: 0.576301	valid_1's ndcg@1000: 0.487641
Training until validation scores don't improve for 10 rounds
Training until validation scores don't improve for 10 rounds
Early stopping, best iteration is:
[51]	training's ndcg@1000: 0.542455	valid_1's ndcg@1000: 0.545384
Training until validation scores don't improve for 10 rounds
Training until validation scores don't improve for 10 rounds
Training until validation scores don't improve for 10 rounds
Early stopping, best iteration is:
[78]	training's ndcg@1000: 0.567321	valid_1's ndcg@1000: 0.506478
Training until validation scores don't improve for 10 rounds
Early stopping, best iteration is:
[59]	training's ndcg@1000: 0.60744	valid_1's ndcg@1000: 0.49874
[I 2025-06-21 09:43:32,133] Trial 21 finished with value: 0.5489954385203792 and parameters: {'learning_rate': 0.023255955789192307, 'num_leaves': 1671, 'min_data_in_leaf': 576, 'lambda_l2': 0.3036112451894632, 'subsample': 0.7983130530373348, 'colsample_bytree': 0.7927426345218875}. Best is trial 20 with value: 0.5532878817055384.
Early stopping, best iteration is:
[54]	training's ndcg@1000: 0.57282	valid_1's ndcg@1000: 0.488407
Training until validation scores don't improve for 10 rounds
Early stopping, best iteration is:
[101]	training's ndcg@1000: 0.679606	valid_1's ndcg@1000: 0.535302
Training until validation scores don't improve for 10 rounds
Early stopping, best iteration is:
[96]	training's ndcg@1000: 0.577854	valid_1's ndcg@1000: 0.524419
Early stopping, best iteration is:
[73]	training's ndcg@1000: 0.587246	valid_1's ndcg@1000: 0.493173
[I 2025-06-21 09:44:01,644] Trial 22 finished with value: 0.5241255153185636 and parameters: {'learning_rate': 0.02483509803066693, 'num_leaves': 1683, 'min_data_in_leaf': 1238, 'lambda_l2': 0.14387507429214175, 'subsample': 0.6607866280761351, 'colsample_bytree': 0.9741983493978387}. Best is trial 21 with value: 0.5249740997467396.
Training until validation scores don't improve for 10 rounds
Training until validation scores don't improve for 10 rounds
Early stopping, best iteration is:
[90]	training's ndcg@1000: 0.579736	valid_1's ndcg@1000: 0.497015
Training until validation scores don't improve for 10 rounds
Training until validation scores don't improve for 10 rounds
Training until validation scores don't improve for 10 rounds
Early stopping, best iteration is:
[84]	training's ndcg@1000: 0.630505	valid_1's ndcg@1000: 0.544254
Training until validation scores don't improve for 10 rounds
Early stopping, best iteration is:
[67]	training's ndcg@1000: 0.644801	valid_1's ndcg@1000: 0.511096
Early stopping, best iteration is:
[138]	training's ndcg@1000: 0.606922	valid_1's ndcg@1000: 0.50112
Early stopping, best iteration is:
[151]	training's ndcg@1000: 0.637006	valid_1's ndcg@1000: 0.48158
[I 2025-06-21 09:45:06,130] Trial 24 finished with value: 0.5152963786670534 and parameters: {'learning_rate': 0.01958500823696361, 'num_leaves': 1425, 'min_data_in_leaf': 674, 'lambda_l2': 0.23805451515462517, 'subsample': 0.8592627375267948, 'colsample_bytree': 0.6484802487876986}. Best is trial 22 with value: 0.5156399944783088.
Early stopping, best iteration is:
[55]	training's ndcg@1000: 0.557522	valid_1's ndcg@1000: 0.493124
Training until validation scores don't improve for 10 rounds
Training until validation scores don't improve for 10 rounds
Training until validation scores don't improve for 10 rounds
Early stopping, best iteration is:
[98]	training's ndcg@1000: 0.626838	valid_1's ndcg@1000: 0.524214
Training until validation scores don't improve for 10 rounds
Early stopping, best iteration is:
[27]	training's ndcg@1000: 0.546665	valid_1's ndcg@1000: 0.487975
[I 2025-06-21 09:45:43,556] Trial 23 finished with value: 0.5404090016717317 and parameters: {'learning_rate': 0.026792351051823385, 'num_leaves': 1474, 'min_data_in_leaf': 1293, 'lambda_l2': 0.6292480573974389, 'subsample': 0.8059615874211706, 'colsample_bytree': 0.7717227876473339}. Best is trial 0 with value: 0.5442122638226504.
Training until validation scores don't improve for 10 rounds
Early stopping, best iteration is:
[56]	training's ndcg@1000: 0.558022	valid_1's ndcg@1000: 0.489788
Early stopping, best iteration is:
[59]	training's ndcg@1000: 0.641899	valid_1's ndcg@1000: 0.498915
Early stopping, best iteration is:
[80]	training's ndcg@1000: 0.572699	valid_1's ndcg@1000: 0.483267
[I 2025-06-21 09:46:09,611] Trial 23 finished with value: 0.5212352129882379 and parameters: {'learning_rate': 0.02471071711587878, 'num_leaves': 1998, 'min_data_in_leaf': 1007, 'lambda_l2': 0.4085552861828399, 'subsample': 0.7036457197053078, 'colsample_bytree': 0.585315667366782}. Best is trial 4 with value: 0.5230962823888797.
Early stopping, best iteration is:
[143]	training's ndcg@1000: 0.685425	valid_1's ndcg@1000: 0.538291
Training until validation scores don't improve for 10 rounds
Training until validation scores don't improve for 10 rounds
Training until validation scores don't improve for 10 rounds
Early stopping, best iteration is:
[43]	training's ndcg@1000: 0.554513	valid_1's ndcg@1000: 0.544809
Training until validation scores don't improve for 10 rounds
Training until validation scores don't improve for 10 rounds
Training until validation scores don't improve for 10 rounds
Early stopping, best iteration is:
[56]	training's ndcg@1000: 0.562418	valid_1's ndcg@1000: 0.486114
Early stopping, best iteration is:
[46]	training's ndcg@1000: 0.588254	valid_1's ndcg@1000: 0.483265
Training until validation scores don't improve for 10 rounds
Early stopping, best iteration is:
[87]	training's ndcg@1000: 0.605395	valid_1's ndcg@1000: 0.508439
Early stopping, best iteration is:
[79]	training's ndcg@1000: 0.664101	valid_1's ndcg@1000: 0.500748
[I 2025-06-21 09:47:15,094] Trial 22 finished with value: 0.5378204492462828 and parameters: {'learning_rate': 0.02988604390707464, 'num_leaves': 840, 'min_data_in_leaf': 719, 'lambda_l2': 0.03245400476873482, 'subsample': 0.6839342491959539, 'colsample_bytree': 0.6473253817066595}. Best is trial 22 with value: 0.5378204492462828.
Training until validation scores don't improve for 10 rounds
Training until validation scores don't improve for 10 rounds
Early stopping, best iteration is:
[50]	training's ndcg@1000: 0.560411	valid_1's ndcg@1000: 0.487831
Early stopping, best iteration is:
[157]	training's ndcg@1000: 0.700027	valid_1's ndcg@1000: 0.518873
Training until validation scores don't improve for 10 rounds
Training until validation scores don't improve for 10 rounds
Early stopping, best iteration is:
[149]	training's ndcg@1000: 0.641944	valid_1's ndcg@1000: 0.526899
Early stopping, best iteration is:
[53]	training's ndcg@1000: 0.575551	valid_1's ndcg@1000: 0.496102
Training until validation scores don't improve for 10 rounds
Training until validation scores don't improve for 10 rounds
Early stopping, best iteration is:
[70]	training's ndcg@1000: 0.628254	valid_1's ndcg@1000: 0.532378
Training until validation scores don't improve for 10 rounds
Early stopping, best iteration is:
[88]	training's ndcg@1000: 0.57654	valid_1's ndcg@1000: 0.47922
[I 2025-06-21 09:48:40,524] Trial 25 finished with value: 0.5148685203580529 and parameters: {'learning_rate': 0.01656946239443903, 'num_leaves': 1356, 'min_data_in_leaf': 953, 'lambda_l2': 0.1517734114970464, 'subsample': 0.8268122716451692, 'colsample_bytree': 0.7282103590199189}. Best is trial 22 with value: 0.5156399944783088.
Early stopping, best iteration is:
[108]	training's ndcg@1000: 0.642246	valid_1's ndcg@1000: 0.48883
Training until validation scores don't improve for 10 rounds
Early stopping, best iteration is:
[31]	training's ndcg@1000: 0.559613	valid_1's ndcg@1000: 0.492925
Early stopping, best iteration is:
[82]	training's ndcg@1000: 0.643161	valid_1's ndcg@1000: 0.501748
[I 2025-06-21 09:49:00,013] Trial 22 finished with value: 0.5521218694741592 and parameters: {'learning_rate': 0.0238453714972863, 'num_leaves': 1763, 'min_data_in_leaf': 645, 'lambda_l2': 0.15332773625029, 'subsample': 0.837070557847992, 'colsample_bytree': 0.7792985229987641}. Best is trial 20 with value: 0.5532878817055384.
Training until validation scores don't improve for 10 rounds
Training until validation scores don't improve for 10 rounds
Early stopping, best iteration is:
[144]	training's ndcg@1000: 0.647606	valid_1's ndcg@1000: 0.501139
Training until validation scores don't improve for 10 rounds
Training until validation scores don't improve for 10 rounds
Training until validation scores don't improve for 10 rounds
Early stopping, best iteration is:
[88]	training's ndcg@1000: 0.590397	valid_1's ndcg@1000: 0.491362
Early stopping, best iteration is:
[81]	training's ndcg@1000: 0.645533	valid_1's ndcg@1000: 0.509978
Training until validation scores don't improve for 10 rounds
Early stopping, best iteration is:
[59]	training's ndcg@1000: 0.601373	valid_1's ndcg@1000: 0.493742
[I 2025-06-21 09:49:57,148] Trial 23 finished with value: 0.5249536810478035 and parameters: {'learning_rate': 0.020833337909013205, 'num_leaves': 1719, 'min_data_in_leaf': 749, 'lambda_l2': 0.1075050739367246, 'subsample': 0.7297558938723074, 'colsample_bytree': 0.9963347104175979}. Best is trial 21 with value: 0.5249740997467396.
Early stopping, best iteration is:
[28]	training's ndcg@1000: 0.560247	valid_1's ndcg@1000: 0.488518
[I 2025-06-21 09:50:06,155] Trial 24 finished with value: 0.5416990616569479 and parameters: {'learning_rate': 0.029944001783063657, 'num_leaves': 487, 'min_data_in_leaf': 416, 'lambda_l2': 0.7391819517394341, 'subsample': 0.8754239771533587, 'colsample_bytree': 0.8759905771714824}. Best is trial 0 with value: 0.5442122638226504.
Training until validation scores don't improve for 10 rounds
Training until validation scores don't improve for 10 rounds
Early stopping, best iteration is:
[123]	training's ndcg@1000: 0.670248	valid_1's ndcg@1000: 0.545915
Early stopping, best iteration is:
[33]	training's ndcg@1000: 0.554823	valid_1's ndcg@1000: 0.484731
Training until validation scores don't improve for 10 rounds
Early stopping, best iteration is:
[120]	training's ndcg@1000: 0.635102	valid_1's ndcg@1000: 0.485635
[I 2025-06-21 09:50:36,625] Trial 24 finished with value: 0.5222252178246682 and parameters: {'learning_rate': 0.024602679692090314, 'num_leaves': 1517, 'min_data_in_leaf': 722, 'lambda_l2': 0.24046942986405292, 'subsample': 0.887282525904443, 'colsample_bytree': 0.5820631033349368}. Best is trial 4 with value: 0.5230962823888797.
Training until validation scores don't improve for 10 rounds
Early stopping, best iteration is:
[17]	training's ndcg@1000: 0.517551	valid_1's ndcg@1000: 0.542874
Training until validation scores don't improve for 10 rounds
Training until validation scores don't improve for 10 rounds
Training until validation scores don't improve for 10 rounds
Early stopping, best iteration is:
[116]	training's ndcg@1000: 0.68323	valid_1's ndcg@1000: 0.499975
Early stopping, best iteration is:
[90]	training's ndcg@1000: 0.610689	valid_1's ndcg@1000: 0.523867
Early stopping, best iteration is:
[54]	training's ndcg@1000: 0.571353	valid_1's ndcg@1000: 0.487671
Training until validation scores don't improve for 10 rounds
Early stopping, best iteration is:
[36]	training's ndcg@1000: 0.558806	valid_1's ndcg@1000: 0.506042
Early stopping, best iteration is:
[126]	training's ndcg@1000: 0.580352	valid_1's ndcg@1000: 0.525364
Early stopping, best iteration is:
[122]	training's ndcg@1000: 0.674937	valid_1's ndcg@1000: 0.538793
Training until validation scores don't improve for 10 rounds
Training until validation scores don't improve for 10 rounds
Training until validation scores don't improve for 10 rounds
Training until validation scores don't improve for 10 rounds
Early stopping, best iteration is:
[58]	training's ndcg@1000: 0.585445	valid_1's ndcg@1000: 0.497264
Training until validation scores don't improve for 10 rounds
Early stopping, best iteration is:
[43]	training's ndcg@1000: 0.612476	valid_1's ndcg@1000: 0.498967
Early stopping, best iteration is:
[70]	training's ndcg@1000: 0.576904	valid_1's ndcg@1000: 0.48006
[I 2025-06-21 09:52:23,356] Trial 23 finished with value: 0.5367916878629894 and parameters: {'learning_rate': 0.025189116022882235, 'num_leaves': 868, 'min_data_in_leaf': 782, 'lambda_l2': 0.026625116857215067, 'subsample': 0.76758255859143, 'colsample_bytree': 0.99541270732518}. Best is trial 22 with value: 0.5378204492462828.
[I 2025-06-21 09:52:24,020] Trial 26 finished with value: 0.5154837399205388 and parameters: {'learning_rate': 0.021538409525677968, 'num_leaves': 1304, 'min_data_in_leaf': 1315, 'lambda_l2': 0.009806681463739197, 'subsample': 0.87821063577077, 'colsample_bytree': 0.9654361753231273}. Best is trial 22 with value: 0.5156399944783088.
Early stopping, best iteration is:
[27]	training's ndcg@1000: 0.539425	valid_1's ndcg@1000: 0.491396
Early stopping, best iteration is:
[47]	training's ndcg@1000: 0.581837	valid_1's ndcg@1000: 0.484985
Training until validation scores don't improve for 10 rounds
Training until validation scores don't improve for 10 rounds
Training until validation scores don't improve for 10 rounds
Training until validation scores don't improve for 10 rounds
Training until validation scores don't improve for 10 rounds
Training until validation scores don't improve for 10 rounds
Early stopping, best iteration is:
[48]	training's ndcg@1000: 0.579478	valid_1's ndcg@1000: 0.493808
Early stopping, best iteration is:
[72]	training's ndcg@1000: 0.561963	valid_1's ndcg@1000: 0.489901
[I 2025-06-21 09:53:15,135] Trial 25 finished with value: 0.5380514981324678 and parameters: {'learning_rate': 0.026667510510639265, 'num_leaves': 1995, 'min_data_in_leaf': 1997, 'lambda_l2': 0.572740321676588, 'subsample': 0.9058075623643882, 'colsample_bytree': 0.8499284167552295}. Best is trial 0 with value: 0.5442122638226504.
Early stopping, best iteration is:
[68]	training's ndcg@1000: 0.584745	valid_1's ndcg@1000: 0.489879
Early stopping, best iteration is:
[42]	training's ndcg@1000: 0.578044	valid_1's ndcg@1000: 0.486735
Early stopping, best iteration is:
[96]	training's ndcg@1000: 0.64085	valid_1's ndcg@1000: 0.533255
Training until validation scores don't improve for 10 rounds
Training until validation scores don't improve for 10 rounds
Training until validation scores don't improve for 10 rounds
Early stopping, best iteration is:
[43]	training's ndcg@1000: 0.543786	valid_1's ndcg@1000: 0.544645
Early stopping, best iteration is:
[257]	training's ndcg@1000: 0.758822	valid_1's ndcg@1000: 0.519344
Early stopping, best iteration is:
[53]	training's ndcg@1000: 0.575039	valid_1's ndcg@1000: 0.486235
Training until validation scores don't improve for 10 rounds
Early stopping, best iteration is:
[88]	training's ndcg@1000: 0.615766	valid_1's ndcg@1000: 0.485746
Training until validation scores don't improve for 10 rounds
