[I 2025-06-21 08:43:10,631] Trial 6 finished with value: 0.5130073187928089 and parameters: {'learning_rate': 0.02461820069851195, 'num_leaves': 1201, 'min_data_in_leaf': 794, 'lambda_l2': 0.35640126051134946, 'subsample': 0.6718092078457906, 'colsample_bytree': 0.8836985088347351}. Best is trial 1 with value: 0.5154849840620674.
Training until validation scores don't improve for 10 rounds
Training until validation scores don't improve for 10 rounds
Early stopping, best iteration is:
[51]	training's ndcg@1000: 0.547805	valid_1's ndcg@1000: 0.528627
Early stopping, best iteration is:
[32]	training's ndcg@1000: 0.566557	valid_1's ndcg@1000: 0.545248
Early stopping, best iteration is:
[60]	training's ndcg@1000: 0.542832	valid_1's ndcg@1000: 0.487086
Training until validation scores don't improve for 10 rounds
Training until validation scores don't improve for 10 rounds
Early stopping, best iteration is:
[146]	training's ndcg@1000: 0.611947	valid_1's ndcg@1000: 0.515991
Early stopping, best iteration is:
[26]	training's ndcg@1000: 0.527325	valid_1's ndcg@1000: 0.487749
Training until validation scores don't improve for 10 rounds
Training until validation scores don't improve for 10 rounds
Early stopping, best iteration is:
[88]	training's ndcg@1000: 0.575145	valid_1's ndcg@1000: 0.494156
Training until validation scores don't improve for 10 rounds
Early stopping, best iteration is:
[67]	training's ndcg@1000: 0.561461	valid_1's ndcg@1000: 0.507044
Early stopping, best iteration is:
[38]	training's ndcg@1000: 0.535726	valid_1's ndcg@1000: 0.485603
Training until validation scores don't improve for 10 rounds
Training until validation scores don't improve for 10 rounds
Early stopping, best iteration is:
[24]	training's ndcg@1000: 0.555828	valid_1's ndcg@1000: 0.497072
[I 2025-06-21 08:44:28,821] Trial 6 finished with value: 0.5490085788535662 and parameters: {'learning_rate': 0.019555824561503104, 'num_leaves': 1000, 'min_data_in_leaf': 1090, 'lambda_l2': 0.4420279630295523, 'subsample': 0.9606544269244122, 'colsample_bytree': 0.8193512280037676}. Best is trial 0 with value: 0.5528159803430056.
Early stopping, best iteration is:
[33]	training's ndcg@1000: 0.533162	valid_1's ndcg@1000: 0.486728
Early stopping, best iteration is:
[114]	training's ndcg@1000: 0.644184	valid_1's ndcg@1000: 0.526188
Training until validation scores don't improve for 10 rounds
Training until validation scores don't improve for 10 rounds
Training until validation scores don't improve for 10 rounds
Training until validation scores don't improve for 10 rounds
Training until validation scores don't improve for 10 rounds
Training until validation scores don't improve for 10 rounds
Early stopping, best iteration is:
[134]	training's ndcg@1000: 0.602392	valid_1's ndcg@1000: 0.486327
Early stopping, best iteration is:
[97]	training's ndcg@1000: 0.576863	valid_1's ndcg@1000: 0.497478
[I 2025-06-21 08:45:12,989] Trial 7 finished with value: 0.5201265829812789 and parameters: {'learning_rate': 0.028513745526385977, 'num_leaves': 1183, 'min_data_in_leaf': 968, 'lambda_l2': 0.8365592159670013, 'subsample': 0.6431375055990847, 'colsample_bytree': 0.8134793510112301}. Best is trial 4 with value: 0.5230962823888797.
Early stopping, best iteration is:
[54]	training's ndcg@1000: 0.544701	valid_1's ndcg@1000: 0.488027
Early stopping, best iteration is:
[95]	training's ndcg@1000: 0.551009	valid_1's ndcg@1000: 0.492846
[I 2025-06-21 08:45:22,031] Trial 7 finished with value: 0.5222678827346802 and parameters: {'learning_rate': 0.015000798784921245, 'num_leaves': 283, 'min_data_in_leaf': 1051, 'lambda_l2': 0.40422220075499227, 'subsample': 0.9603266395188307, 'colsample_bytree': 0.839444136772119}. Best is trial 3 with value: 0.5232471323652125.
Early stopping, best iteration is:
[117]	training's ndcg@1000: 0.584251	valid_1's ndcg@1000: 0.541673
Training until validation scores don't improve for 10 rounds
Training until validation scores don't improve for 10 rounds
Training until validation scores don't improve for 10 rounds
Training until validation scores don't improve for 10 rounds
Early stopping, best iteration is:
[44]	training's ndcg@1000: 0.597657	valid_1's ndcg@1000: 0.507746
Training until validation scores don't improve for 10 rounds
Early stopping, best iteration is:
[97]	training's ndcg@1000: 0.558597	valid_1's ndcg@1000: 0.479305
[I 2025-06-21 08:46:14,571] Trial 7 finished with value: 0.5140506140893134 and parameters: {'learning_rate': 0.015589003976052375, 'num_leaves': 593, 'min_data_in_leaf': 1240, 'lambda_l2': 0.21210676701497166, 'subsample': 0.7888735166159546, 'colsample_bytree': 0.5814927927042619}. Best is trial 1 with value: 0.5154849840620674.
Early stopping, best iteration is:
[181]	training's ndcg@1000: 0.695786	valid_1's ndcg@1000: 0.502304
Early stopping, best iteration is:
[90]	training's ndcg@1000: 0.572161	valid_1's ndcg@1000: 0.498836
[I 2025-06-21 08:46:19,024] Trial 7 finished with value: 0.5331840504937403 and parameters: {'learning_rate': 0.01181535206260172, 'num_leaves': 1035, 'min_data_in_leaf': 723, 'lambda_l2': 0.37797231920557806, 'subsample': 0.8217525955046756, 'colsample_bytree': 0.9070128141666882}. Best is trial 5 with value: 0.5374882433438216.
Early stopping, best iteration is:
[43]	training's ndcg@1000: 0.554613	valid_1's ndcg@1000: 0.53043
Early stopping, best iteration is:
[66]	training's ndcg@1000: 0.58329	valid_1's ndcg@1000: 0.524148
Training until validation scores don't improve for 10 rounds
Training until validation scores don't improve for 10 rounds
Training until validation scores don't improve for 10 rounds
Training until validation scores don't improve for 10 rounds
Training until validation scores don't improve for 10 rounds
Early stopping, best iteration is:
[38]	training's ndcg@1000: 0.52281	valid_1's ndcg@1000: 0.486162
Early stopping, best iteration is:
[35]	training's ndcg@1000: 0.591873	valid_1's ndcg@1000: 0.496001
Training until validation scores don't improve for 10 rounds
Early stopping, best iteration is:
[100]	training's ndcg@1000: 0.560134	valid_1's ndcg@1000: 0.53282
Early stopping, best iteration is:
[32]	training's ndcg@1000: 0.560111	valid_1's ndcg@1000: 0.485994
Early stopping, best iteration is:
[91]	training's ndcg@1000: 0.631518	valid_1's ndcg@1000: 0.491109
[I 2025-06-21 08:47:28,484] Trial 8 finished with value: 0.5425569315968638 and parameters: {'learning_rate': 0.02332751328084101, 'num_leaves': 1793, 'min_data_in_leaf': 508, 'lambda_l2': 0.316891858878231, 'subsample': 0.8861007076690237, 'colsample_bytree': 0.795050090769296}. Best is trial 0 with value: 0.5442122638226504.
Training until validation scores don't improve for 10 rounds
Early stopping, best iteration is:
[31]	training's ndcg@1000: 0.524402	valid_1's ndcg@1000: 0.48449
Training until validation scores don't improve for 10 rounds
Training until validation scores don't improve for 10 rounds
Training until validation scores don't improve for 10 rounds
Early stopping, best iteration is:
[212]	training's ndcg@1000: 0.641157	valid_1's ndcg@1000: 0.516153
Early stopping, best iteration is:
[47]	training's ndcg@1000: 0.609269	valid_1's ndcg@1000: 0.492479
Training until validation scores don't improve for 10 rounds
Early stopping, best iteration is:
[26]	training's ndcg@1000: 0.554864	valid_1's ndcg@1000: 0.48762
Training until validation scores don't improve for 10 rounds
Early stopping, best iteration is:
[45]	training's ndcg@1000: 0.528526	valid_1's ndcg@1000: 0.484815
Early stopping, best iteration is:
[43]	training's ndcg@1000: 0.603704	valid_1's ndcg@1000: 0.546736
Training until validation scores don't improve for 10 rounds
Early stopping, best iteration is:
[139]	training's ndcg@1000: 0.582936	valid_1's ndcg@1000: 0.510288
Training until validation scores don't improve for 10 rounds
Training until validation scores don't improve for 10 rounds
Early stopping, best iteration is:
[89]	training's ndcg@1000: 0.585859	valid_1's ndcg@1000: 0.499304
[I 2025-06-21 08:48:52,411] Trial 7 finished with value: 0.5475985046381517 and parameters: {'learning_rate': 0.01898337898110828, 'num_leaves': 1154, 'min_data_in_leaf': 516, 'lambda_l2': 0.9066757788043914, 'subsample': 0.6309663021676237, 'colsample_bytree': 0.6786938312376284}. Best is trial 0 with value: 0.5528159803430056.
Training until validation scores don't improve for 10 rounds
Training until validation scores don't improve for 10 rounds
Early stopping, best iteration is:
[58]	training's ndcg@1000: 0.581731	valid_1's ndcg@1000: 0.494149
Training until validation scores don't improve for 10 rounds
Early stopping, best iteration is:
[26]	training's ndcg@1000: 0.52085	valid_1's ndcg@1000: 0.47291
[I 2025-06-21 08:49:02,707] Trial 8 finished with value: 0.5243721837616175 and parameters: {'learning_rate': 0.028846508851982495, 'num_leaves': 1470, 'min_data_in_leaf': 1483, 'lambda_l2': 0.023976460127170363, 'subsample': 0.8282457482807034, 'colsample_bytree': 0.7881428373139799}. Best is trial 8 with value: 0.5243721837616175.
[I 2025-06-21 08:49:02,973] Trial 8 finished with value: 0.5113323319612979 and parameters: {'learning_rate': 0.010804028217123705, 'num_leaves': 1846, 'min_data_in_leaf': 1086, 'lambda_l2': 0.44305979382417715, 'subsample': 0.8056974419384927, 'colsample_bytree': 0.6756957957594136}. Best is trial 1 with value: 0.5154849840620674.
Early stopping, best iteration is:
[40]	training's ndcg@1000: 0.607545	valid_1's ndcg@1000: 0.523766
Early stopping, best iteration is:
[40]	training's ndcg@1000: 0.549846	valid_1's ndcg@1000: 0.494944
Training until validation scores don't improve for 10 rounds
Early stopping, best iteration is:
[117]	training's ndcg@1000: 0.669771	valid_1's ndcg@1000: 0.48485
[I 2025-06-21 08:49:30,978] Trial 8 finished with value: 0.5221419367351947 and parameters: {'learning_rate': 0.020371364838717675, 'num_leaves': 924, 'min_data_in_leaf': 575, 'lambda_l2': 0.07519278345156133, 'subsample': 0.9692342014751505, 'colsample_bytree': 0.7376445233516399}. Best is trial 4 with value: 0.5230962823888797.
Training until validation scores don't improve for 10 rounds
Training until validation scores don't improve for 10 rounds
Training until validation scores don't improve for 10 rounds
Training until validation scores don't improve for 10 rounds
Early stopping, best iteration is:
[145]	training's ndcg@1000: 0.599683	valid_1's ndcg@1000: 0.545651
Early stopping, best iteration is:
[69]	training's ndcg@1000: 0.557554	valid_1's ndcg@1000: 0.498995
Early stopping, best iteration is:
[84]	training's ndcg@1000: 0.564541	valid_1's ndcg@1000: 0.49045
[I 2025-06-21 08:50:03,121] Trial 8 finished with value: 0.5338783871455612 and parameters: {'learning_rate': 0.016292080992547576, 'num_leaves': 544, 'min_data_in_leaf': 884, 'lambda_l2': 0.5470024152668924, 'subsample': 0.6343504792571562, 'colsample_bytree': 0.5964199640194514}. Best is trial 5 with value: 0.5374882433438216.
Early stopping, best iteration is:
[113]	training's ndcg@1000: 0.552709	valid_1's ndcg@1000: 0.523596
Training until validation scores don't improve for 10 rounds
Early stopping, best iteration is:
[105]	training's ndcg@1000: 0.680979	valid_1's ndcg@1000: 0.500872
Training until validation scores don't improve for 10 rounds
Early stopping, best iteration is:
[31]	training's ndcg@1000: 0.543001	valid_1's ndcg@1000: 0.531278
Early stopping, best iteration is:
[70]	training's ndcg@1000: 0.591402	valid_1's ndcg@1000: 0.505522
Training until validation scores don't improve for 10 rounds
Training until validation scores don't improve for 10 rounds
Training until validation scores don't improve for 10 rounds
Early stopping, best iteration is:
[30]	training's ndcg@1000: 0.538378	valid_1's ndcg@1000: 0.485117
Early stopping, best iteration is:
[40]	training's ndcg@1000: 0.53355	valid_1's ndcg@1000: 0.488128
Training until validation scores don't improve for 10 rounds
Training until validation scores don't improve for 10 rounds
Early stopping, best iteration is:
[97]	training's ndcg@1000: 0.570797	valid_1's ndcg@1000: 0.533169
Training until validation scores don't improve for 10 rounds
Training until validation scores don't improve for 10 rounds
Early stopping, best iteration is:
[48]	training's ndcg@1000: 0.621987	valid_1's ndcg@1000: 0.490316
[I 2025-06-21 08:51:27,386] Trial 9 finished with value: 0.5417417132729385 and parameters: {'learning_rate': 0.029006941945467653, 'num_leaves': 1193, 'min_data_in_leaf': 610, 'lambda_l2': 0.12313172463877509, 'subsample': 0.6195639534930499, 'colsample_bytree': 0.6751240779846532}. Best is trial 0 with value: 0.5442122638226504.
Training until validation scores don't improve for 10 rounds
Early stopping, best iteration is:
[78]	training's ndcg@1000: 0.602287	valid_1's ndcg@1000: 0.496859
Early stopping, best iteration is:
[156]	training's ndcg@1000: 0.617567	valid_1's ndcg@1000: 0.517763
Early stopping, best iteration is:
[60]	training's ndcg@1000: 0.556028	valid_1's ndcg@1000: 0.487427
Training until validation scores don't improve for 10 rounds
Early stopping, best iteration is:
[89]	training's ndcg@1000: 0.550246	valid_1's ndcg@1000: 0.487708
Training until validation scores don't improve for 10 rounds
Early stopping, best iteration is:
[77]	training's ndcg@1000: 0.564731	valid_1's ndcg@1000: 0.507978
Training until validation scores don't improve for 10 rounds
Training until validation scores don't improve for 10 rounds
Training until validation scores don't improve for 10 rounds
Early stopping, best iteration is:
[111]	training's ndcg@1000: 0.548179	valid_1's ndcg@1000: 0.547494
Training until validation scores don't improve for 10 rounds
Early stopping, best iteration is:
[99]	training's ndcg@1000: 0.590958	valid_1's ndcg@1000: 0.501516
[I 2025-06-21 08:52:31,102] Trial 8 finished with value: 0.5497675848442463 and parameters: {'learning_rate': 0.02873478807188553, 'num_leaves': 1169, 'min_data_in_leaf': 1824, 'lambda_l2': 0.4701422141020889, 'subsample': 0.927504502700895, 'colsample_bytree': 0.7247186822555196}. Best is trial 0 with value: 0.5528159803430056.
Early stopping, best iteration is:
[88]	training's ndcg@1000: 0.617588	valid_1's ndcg@1000: 0.495786
Training until validation scores don't improve for 10 rounds
Early stopping, best iteration is:
[70]	training's ndcg@1000: 0.542208	valid_1's ndcg@1000: 0.492485
[I 2025-06-21 08:52:44,565] Trial 9 finished with value: 0.5232429122736729 and parameters: {'learning_rate': 0.01678919187615458, 'num_leaves': 1788, 'min_data_in_leaf': 1849, 'lambda_l2': 0.32076327574081365, 'subsample': 0.8868992610179296, 'colsample_bytree': 0.6536653557196732}. Best is trial 8 with value: 0.5243721837616175.
Training until validation scores don't improve for 10 rounds
Early stopping, best iteration is:
[149]	training's ndcg@1000: 0.598849	valid_1's ndcg@1000: 0.481536
[I 2025-06-21 08:52:56,680] Trial 9 finished with value: 0.5154970124419986 and parameters: {'learning_rate': 0.01728581123014222, 'num_leaves': 790, 'min_data_in_leaf': 1104, 'lambda_l2': 0.21591759097494834, 'subsample': 0.7385093729757392, 'colsample_bytree': 0.8530592982339567}. Best is trial 9 with value: 0.5154970124419986.
Training until validation scores don't improve for 10 rounds
Early stopping, best iteration is:
[120]	training's ndcg@1000: 0.596515	valid_1's ndcg@1000: 0.49955
Early stopping, best iteration is:
[24]	training's ndcg@1000: 0.530543	valid_1's ndcg@1000: 0.53595
Training until validation scores don't improve for 10 rounds
Early stopping, best iteration is:
[154]	training's ndcg@1000: 0.571234	valid_1's ndcg@1000: 0.524739
Training until validation scores don't improve for 10 rounds
Training until validation scores don't improve for 10 rounds
Training until validation scores don't improve for 10 rounds
Early stopping, best iteration is:
[81]	training's ndcg@1000: 0.603855	valid_1's ndcg@1000: 0.484623
[I 2025-06-21 08:53:43,694] Trial 9 finished with value: 0.5224088414863561 and parameters: {'learning_rate': 0.029809905371847988, 'num_leaves': 843, 'min_data_in_leaf': 570, 'lambda_l2': 0.4702006749417542, 'subsample': 0.868773482794194, 'colsample_bytree': 0.6789897532781068}. Best is trial 4 with value: 0.5230962823888797.
Training until validation scores don't improve for 10 rounds
Training until validation scores don't improve for 10 rounds
Early stopping, best iteration is:
[139]	training's ndcg@1000: 0.544238	valid_1's ndcg@1000: 0.522546
Early stopping, best iteration is:
[64]	training's ndcg@1000: 0.583169	valid_1's ndcg@1000: 0.489925
Early stopping, best iteration is:
[34]	training's ndcg@1000: 0.542955	valid_1's ndcg@1000: 0.4968
[I 2025-06-21 08:53:57,069] Trial 9 finished with value: 0.5346041664637611 and parameters: {'learning_rate': 0.02919392666201835, 'num_leaves': 1670, 'min_data_in_leaf': 1012, 'lambda_l2': 0.967640267229803, 'subsample': 0.6395807017221087, 'colsample_bytree': 0.7400923392412437}. Best is trial 5 with value: 0.5374882433438216.
Early stopping, best iteration is:
[121]	training's ndcg@1000: 0.557357	valid_1's ndcg@1000: 0.531541
Early stopping, best iteration is:
[189]	training's ndcg@1000: 0.590356	valid_1's ndcg@1000: 0.501102
Training until validation scores don't improve for 10 rounds
Early stopping, best iteration is:
[55]	training's ndcg@1000: 0.514058	valid_1's ndcg@1000: 0.50245
Training until validation scores don't improve for 10 rounds
Training until validation scores don't improve for 10 rounds
Training until validation scores don't improve for 10 rounds
Training until validation scores don't improve for 10 rounds
Early stopping, best iteration is:
[37]	training's ndcg@1000: 0.526599	valid_1's ndcg@1000: 0.487209
Early stopping, best iteration is:
[46]	training's ndcg@1000: 0.531519	valid_1's ndcg@1000: 0.527487
Training until validation scores don't improve for 10 rounds
Early stopping, best iteration is:
[39]	training's ndcg@1000: 0.539922	valid_1's ndcg@1000: 0.488138
[I 2025-06-21 08:54:59,621] Trial 10 finished with value: 0.5405276898227663 and parameters: {'learning_rate': 0.021724790824263037, 'num_leaves': 681, 'min_data_in_leaf': 1829, 'lambda_l2': 0.8743241184696411, 'subsample': 0.8296385210913652, 'colsample_bytree': 0.5315461300154886}. Best is trial 0 with value: 0.5442122638226504.
Training until validation scores don't improve for 10 rounds
Early stopping, best iteration is:
[99]	training's ndcg@1000: 0.612042	valid_1's ndcg@1000: 0.488045
Early stopping, best iteration is:
[41]	training's ndcg@1000: 0.516734	valid_1's ndcg@1000: 0.490339
Training until validation scores don't improve for 10 rounds
Early stopping, best iteration is:
[235]	training's ndcg@1000: 0.591201	valid_1's ndcg@1000: 0.514543
Early stopping, best iteration is:
[41]	training's ndcg@1000: 0.527887	valid_1's ndcg@1000: 0.48586
Training until validation scores don't improve for 10 rounds
Training until validation scores don't improve for 10 rounds
Training until validation scores don't improve for 10 rounds
Training until validation scores don't improve for 10 rounds
Early stopping, best iteration is:
[81]	training's ndcg@1000: 0.545604	valid_1's ndcg@1000: 0.503974
Early stopping, best iteration is:
[24]	training's ndcg@1000: 0.566941	valid_1's ndcg@1000: 0.485584
Early stopping, best iteration is:
[29]	training's ndcg@1000: 0.515799	valid_1's ndcg@1000: 0.48769
Training until validation scores don't improve for 10 rounds
Training until validation scores don't improve for 10 rounds
Early stopping, best iteration is:
[17]	training's ndcg@1000: 0.520362	valid_1's ndcg@1000: 0.486906
[I 2025-06-21 08:56:05,505] Trial 10 finished with value: 0.5212175282722784 and parameters: {'learning_rate': 0.012749385830411849, 'num_leaves': 919, 'min_data_in_leaf': 1121, 'lambda_l2': 0.8694496407712137, 'subsample': 0.7879601009700703, 'colsample_bytree': 0.5341441571141061}. Best is trial 8 with value: 0.5243721837616175.
Early stopping, best iteration is:
[51]	training's ndcg@1000: 0.55194	valid_1's ndcg@1000: 0.495681
[I 2025-06-21 08:56:11,166] Trial 9 finished with value: 0.5450735332996326 and parameters: {'learning_rate': 0.011727279995328369, 'num_leaves': 288, 'min_data_in_leaf': 890, 'lambda_l2': 0.7847841012429364, 'subsample': 0.7223439282081904, 'colsample_bytree': 0.9633056102003668}. Best is trial 0 with value: 0.5528159803430056.
Early stopping, best iteration is:
[94]	training's ndcg@1000: 0.601373	valid_1's ndcg@1000: 0.547996
Training until validation scores don't improve for 10 rounds
Training until validation scores don't improve for 10 rounds
Training until validation scores don't improve for 10 rounds
Early stopping, best iteration is:
[32]	training's ndcg@1000: 0.518322	valid_1's ndcg@1000: 0.478525
[I 2025-06-21 08:56:35,044] Trial 10 finished with value: 0.5167570334799195 and parameters: {'learning_rate': 0.009936079087047314, 'num_leaves': 1816, 'min_data_in_leaf': 1612, 'lambda_l2': 0.7528672503307647, 'subsample': 0.6286186082044262, 'colsample_bytree': 0.8402939029705885}. Best is trial 4 with value: 0.5230962823888797.
Training until validation scores don't improve for 10 rounds
Early stopping, best iteration is:
[57]	training's ndcg@1000: 0.547443	valid_1's ndcg@1000: 0.494245
Training until validation scores don't improve for 10 rounds
Early stopping, best iteration is:
[24]	training's ndcg@1000: 0.532839	valid_1's ndcg@1000: 0.536625
Early stopping, best iteration is:
[53]	training's ndcg@1000: 0.577731	valid_1's ndcg@1000: 0.476967
