[I 2025-06-25 06:13:14,657] Trial 3 finished with value: 0.08683940736195446 and parameters: {'learning_rate': 0.0905250525180539, 'num_leaves': 382, 'min_data_in_leaf': 1148, 'lambda_l2': 0.6409428549578055, 'subsample': 0.6532675720147851, 'colsample_bytree': 0.9420998363650694}. Best is trial 0 with value: 0.09434005529405001.
Early stopping, best iteration is:
[241]	training's w_rmse: 0.949219	valid_1's w_rmse: 0.989203
Early stopping, best iteration is:
[18]	training's w_rmse: 0.980723	valid_1's w_rmse: 0.993188
Training until validation scores don't improve for 10 rounds
Training until validation scores don't improve for 10 rounds
Training until validation scores don't improve for 10 rounds
Training until validation scores don't improve for 10 rounds
Training until validation scores don't improve for 10 rounds
Early stopping, best iteration is:
[70]	training's w_rmse: 0.940015	valid_1's w_rmse: 0.988478
[I 2025-06-25 06:14:03,827] Trial 4 finished with value: 0.11081579298817668 and parameters: {'learning_rate': 0.08901125300836593, 'num_leaves': 1763, 'min_data_in_leaf': 566, 'lambda_l2': 0.5472504947645095, 'subsample': 0.8147102013952309, 'colsample_bytree': 0.8623469825102631}. Best is trial 3 with value: 0.11322911607311086.
Early stopping, best iteration is:
[60]	training's w_rmse: 0.988552	valid_1's w_rmse: 0.995531
Early stopping, best iteration is:
[46]	training's w_rmse: 0.966013	valid_1's w_rmse: 0.989748
Early stopping, best iteration is:
[112]	training's w_rmse: 0.967783	valid_1's w_rmse: 0.990655
Training until validation scores don't improve for 10 rounds
Training until validation scores don't improve for 10 rounds
Training until validation scores don't improve for 10 rounds
Training until validation scores don't improve for 10 rounds
Early stopping, best iteration is:
[257]	training's w_rmse: 0.944695	valid_1's w_rmse: 0.987837
Early stopping, best iteration is:
[613]	training's w_rmse: 0.959755	valid_1's w_rmse: 0.987751
[I 2025-06-25 06:15:52,022] Trial 3 finished with value: 0.09345038754668955 and parameters: {'learning_rate': 0.013106695281092304, 'num_leaves': 1086, 'min_data_in_leaf': 1704, 'lambda_l2': 0.23910227295820563, 'subsample': 0.8851994393639508, 'colsample_bytree': 0.9990841531739443}. Best is trial 0 with value: 0.0959338626662923.
Early stopping, best iteration is:
[173]	training's w_rmse: 0.930395	valid_1's w_rmse: 0.987847
Early stopping, best iteration is:
[705]	training's w_rmse: 0.909464	valid_1's w_rmse: 0.987492
Training until validation scores don't improve for 10 rounds
Early stopping, best iteration is:
[14]	training's w_rmse: 0.987257	valid_1's w_rmse: 0.994936
Early stopping, best iteration is:
[362]	training's w_rmse: 0.970844	valid_1's w_rmse: 0.988846
Training until validation scores don't improve for 10 rounds
Training until validation scores don't improve for 10 rounds
Training until validation scores don't improve for 10 rounds
Early stopping, best iteration is:
[25]	training's w_rmse: 0.976449	valid_1's w_rmse: 0.994512
Training until validation scores don't improve for 10 rounds
Training until validation scores don't improve for 10 rounds
Early stopping, best iteration is:
[308]	training's w_rmse: 0.942447	valid_1's w_rmse: 0.986321
[I 2025-06-25 06:17:00,772] Trial 3 finished with value: 0.08850777424716247 and parameters: {'learning_rate': 0.017603369213240867, 'num_leaves': 670, 'min_data_in_leaf': 617, 'lambda_l2': 0.26669178281791217, 'subsample': 0.7443038429149658, 'colsample_bytree': 0.8493145468651428}. Best is trial 3 with value: 0.08850777424716247.
Early stopping, best iteration is:
[44]	training's w_rmse: 0.968134	valid_1's w_rmse: 0.99045
[I 2025-06-25 06:17:06,169] Trial 3 finished with value: 0.0888680169395314 and parameters: {'learning_rate': 0.047488561437562186, 'num_leaves': 1126, 'min_data_in_leaf': 681, 'lambda_l2': 0.4462717408448338, 'subsample': 0.8176296425904015, 'colsample_bytree': 0.7987137440278935}. Best is trial 1 with value: 0.09043592010749207.
Early stopping, best iteration is:
[169]	training's w_rmse: 0.956926	valid_1's w_rmse: 0.987711
Training until validation scores don't improve for 10 rounds
Training until validation scores don't improve for 10 rounds
Early stopping, best iteration is:
[41]	training's w_rmse: 0.969098	valid_1's w_rmse: 0.991676
Early stopping, best iteration is:
[84]	training's w_rmse: 0.972831	valid_1's w_rmse: 0.993754
Training until validation scores don't improve for 10 rounds
Early stopping, best iteration is:
[18]	training's w_rmse: 0.977182	valid_1's w_rmse: 0.990409
Training until validation scores don't improve for 10 rounds
Early stopping, best iteration is:
[43]	training's w_rmse: 0.982387	valid_1's w_rmse: 0.993245
Training until validation scores don't improve for 10 rounds
Early stopping, best iteration is:
[464]	training's w_rmse: 0.966726	valid_1's w_rmse: 0.988348
Early stopping, best iteration is:
[168]	training's w_rmse: 0.956501	valid_1's w_rmse: 0.988071
[I 2025-06-25 06:18:16,118] Trial 5 finished with value: 0.11096941591848278 and parameters: {'learning_rate': 0.06043466707742353, 'num_leaves': 1991, 'min_data_in_leaf': 1903, 'lambda_l2': 0.4299276048261238, 'subsample': 0.7179375514180903, 'colsample_bytree': 0.8372942666081149}. Best is trial 3 with value: 0.11322911607311086.
Training until validation scores don't improve for 10 rounds
Training until validation scores don't improve for 10 rounds
Early stopping, best iteration is:
[37]	training's w_rmse: 0.965197	valid_1's w_rmse: 0.990374
Training until validation scores don't improve for 10 rounds
Early stopping, best iteration is:
[78]	training's w_rmse: 0.953986	valid_1's w_rmse: 0.988115
Training until validation scores don't improve for 10 rounds
Training until validation scores don't improve for 10 rounds
Training until validation scores don't improve for 10 rounds
Training until validation scores don't improve for 10 rounds
Early stopping, best iteration is:
[21]	training's w_rmse: 0.974459	valid_1's w_rmse: 0.991313
Early stopping, best iteration is:
[126]	training's w_rmse: 0.966466	valid_1's w_rmse: 0.989326
Early stopping, best iteration is:
[133]	training's w_rmse: 0.929564	valid_1's w_rmse: 0.987694
Training until validation scores don't improve for 10 rounds
Training until validation scores don't improve for 10 rounds
Early stopping, best iteration is:
[138]	training's w_rmse: 0.936464	valid_1's w_rmse: 0.988128
[I 2025-06-25 06:20:10,412] Trial 4 finished with value: 0.0983582473269544 and parameters: {'learning_rate': 0.042393268338302766, 'num_leaves': 728, 'min_data_in_leaf': 458, 'lambda_l2': 0.8429817986752512, 'subsample': 0.6076183600144163, 'colsample_bytree': 0.9260036004256569}. Best is trial 4 with value: 0.0983582473269544.
Early stopping, best iteration is:
[234]	training's w_rmse: 0.953859	valid_1's w_rmse: 0.986807
[I 2025-06-25 06:20:16,737] Trial 3 finished with value: 0.0915630807142072 and parameters: {'learning_rate': 0.013824827679565888, 'num_leaves': 1984, 'min_data_in_leaf': 515, 'lambda_l2': 0.6489576886491842, 'subsample': 0.8558546641935151, 'colsample_bytree': 0.9919684256235062}. Best is trial 3 with value: 0.0915630807142072.
Training until validation scores don't improve for 10 rounds
Early stopping, best iteration is:
[87]	training's w_rmse: 0.944851	valid_1's w_rmse: 0.987328
[I 2025-06-25 06:20:23,446] Trial 4 finished with value: 0.08405123237372426 and parameters: {'learning_rate': 0.07426376045804645, 'num_leaves': 1555, 'min_data_in_leaf': 829, 'lambda_l2': 0.06080922101854591, 'subsample': 0.658657821361451, 'colsample_bytree': 0.9647325789502558}. Best is trial 3 with value: 0.08850777424716247.
Early stopping, best iteration is:
[457]	training's w_rmse: 0.966048	valid_1's w_rmse: 0.992258
[I 2025-06-25 06:20:33,375] Trial 4 finished with value: 0.0897286888018923 and parameters: {'learning_rate': 0.011480228387697095, 'num_leaves': 1755, 'min_data_in_leaf': 1540, 'lambda_l2': 0.6528189226484126, 'subsample': 0.8807812996583322, 'colsample_bytree': 0.8255435285297223}. Best is trial 0 with value: 0.09434005529405001.
Early stopping, best iteration is:
[21]	training's w_rmse: 0.97569	valid_1's w_rmse: 0.994135
Training until validation scores don't improve for 10 rounds
Early stopping, best iteration is:
[9]	training's w_rmse: 0.987197	valid_1's w_rmse: 0.995465
Training until validation scores don't improve for 10 rounds
Training until validation scores don't improve for 10 rounds
Training until validation scores don't improve for 10 rounds
Early stopping, best iteration is:
[20]	training's w_rmse: 0.977693	valid_1's w_rmse: 0.990527
Training until validation scores don't improve for 10 rounds
Early stopping, best iteration is:
[27]	training's w_rmse: 0.975535	valid_1's w_rmse: 0.990057
Early stopping, best iteration is:
[8]	training's w_rmse: 0.988544	valid_1's w_rmse: 0.995738
Training until validation scores don't improve for 10 rounds
Early stopping, best iteration is:
[19]	training's w_rmse: 0.981609	valid_1's w_rmse: 0.992697
Training until validation scores don't improve for 10 rounds
Training until validation scores don't improve for 10 rounds
Training until validation scores don't improve for 10 rounds
Early stopping, best iteration is:
[141]	training's w_rmse: 0.926394	valid_1's w_rmse: 0.987308
Early stopping, best iteration is:
[433]	training's w_rmse: 0.936274	valid_1's w_rmse: 0.987031
Early stopping, best iteration is:
[48]	training's w_rmse: 0.963991	valid_1's w_rmse: 0.990241
Training until validation scores don't improve for 10 rounds
Early stopping, best iteration is:
[74]	training's w_rmse: 0.962644	valid_1's w_rmse: 0.989346
Early stopping, best iteration is:
[87]	training's w_rmse: 0.945023	valid_1's w_rmse: 0.989193
Early stopping, best iteration is:
[54]	training's w_rmse: 0.96847	valid_1's w_rmse: 0.988778
Training until validation scores don't improve for 10 rounds
Training until validation scores don't improve for 10 rounds
Training until validation scores don't improve for 10 rounds
Early stopping, best iteration is:
[19]	training's w_rmse: 0.977673	valid_1's w_rmse: 0.991436
Training until validation scores don't improve for 10 rounds
Training until validation scores don't improve for 10 rounds
Training until validation scores don't improve for 10 rounds
Early stopping, best iteration is:
[72]	training's w_rmse: 0.963401	valid_1's w_rmse: 0.989147
Early stopping, best iteration is:
[19]	training's w_rmse: 0.980002	valid_1's w_rmse: 0.994026
Early stopping, best iteration is:
[60]	training's w_rmse: 0.968137	valid_1's w_rmse: 0.988574
[I 2025-06-25 06:22:59,393] Trial 5 finished with value: 0.08992580879974268 and parameters: {'learning_rate': 0.08597823805266123, 'num_leaves': 1163, 'min_data_in_leaf': 1527, 'lambda_l2': 0.25394422573411446, 'subsample': 0.7453017421791966, 'colsample_bytree': 0.7255340619525252}. Best is trial 4 with value: 0.0983582473269544.
Training until validation scores don't improve for 10 rounds
Early stopping, best iteration is:
[171]	training's w_rmse: 0.919342	valid_1's w_rmse: 0.987381
[I 2025-06-25 06:23:21,261] Trial 6 finished with value: 0.11716865399191098 and parameters: {'learning_rate': 0.047541335374607245, 'num_leaves': 1914, 'min_data_in_leaf': 453, 'lambda_l2': 0.8397186676721665, 'subsample': 0.7299862609760693, 'colsample_bytree': 0.9116490819566196}. Best is trial 6 with value: 0.11716865399191098.
Early stopping, best iteration is:
[53]	training's w_rmse: 0.963088	valid_1's w_rmse: 0.98776
[I 2025-06-25 06:23:23,852] Trial 5 finished with value: 0.08184689572946699 and parameters: {'learning_rate': 0.07625055884587131, 'num_leaves': 950, 'min_data_in_leaf': 998, 'lambda_l2': 0.3195199273871244, 'subsample': 0.9440930030202941, 'colsample_bytree': 0.6477274262453842}. Best is trial 3 with value: 0.08850777424716247.
Training until validation scores don't improve for 10 rounds
Training until validation scores don't improve for 10 rounds
Training until validation scores don't improve for 10 rounds
Early stopping, best iteration is:
[184]	training's w_rmse: 0.959239	valid_1's w_rmse: 0.989911
[I 2025-06-25 06:23:38,561] Trial 4 finished with value: 0.09144273357636691 and parameters: {'learning_rate': 0.020312677675534765, 'num_leaves': 1528, 'min_data_in_leaf': 886, 'lambda_l2': 0.6902422328001242, 'subsample': 0.8030303337586709, 'colsample_bytree': 0.7637759004915774}. Best is trial 4 with value: 0.09144273357636691.
Early stopping, best iteration is:
[22]	training's w_rmse: 0.987124	valid_1's w_rmse: 0.995319
Early stopping, best iteration is:
[70]	training's w_rmse: 0.963504	valid_1's w_rmse: 0.992851
[I 2025-06-25 06:23:45,748] Trial 5 finished with value: 0.08869109768048507 and parameters: {'learning_rate': 0.08514126621925298, 'num_leaves': 1518, 'min_data_in_leaf': 1439, 'lambda_l2': 0.9001562459897712, 'subsample': 0.6606770474702599, 'colsample_bytree': 0.658422832138468}. Best is trial 0 with value: 0.09434005529405001.
Early stopping, best iteration is:
[51]	training's w_rmse: 0.965421	valid_1's w_rmse: 0.987435
[I 2025-06-25 06:23:48,264] Trial 4 finished with value: 0.08532897142167309 and parameters: {'learning_rate': 0.05933022839323587, 'num_leaves': 386, 'min_data_in_leaf': 601, 'lambda_l2': 0.6949914066372609, 'subsample': 0.7750532337254463, 'colsample_bytree': 0.562547599540929}. Best is trial 3 with value: 0.0915630807142072.
Training until validation scores don't improve for 10 rounds
Training until validation scores don't improve for 10 rounds
Early stopping, best iteration is:
[15]	training's w_rmse: 0.98112	valid_1's w_rmse: 0.99077
Early stopping, best iteration is:
[64]	training's w_rmse: 0.944892	valid_1's w_rmse: 0.988517
Training until validation scores don't improve for 10 rounds
Training until validation scores don't improve for 10 rounds
Training until validation scores don't improve for 10 rounds
Early stopping, best iteration is:
[49]	training's w_rmse: 0.981297	valid_1's w_rmse: 0.992483
Early stopping, best iteration is:
[14]	training's w_rmse: 0.984677	valid_1's w_rmse: 0.993791
Training until validation scores don't improve for 10 rounds
Early stopping, best iteration is:
[30]	training's w_rmse: 0.975983	valid_1's w_rmse: 0.990085
Training until validation scores don't improve for 10 rounds
Training until validation scores don't improve for 10 rounds
Early stopping, best iteration is:
[96]	training's w_rmse: 0.988531	valid_1's w_rmse: 0.995651
Early stopping, best iteration is:
[26]	training's w_rmse: 0.974406	valid_1's w_rmse: 0.99038
Early stopping, best iteration is:
[10]	training's w_rmse: 0.981556	valid_1's w_rmse: 0.994485
Training until validation scores don't improve for 10 rounds
Training until validation scores don't improve for 10 rounds
Training until validation scores don't improve for 10 rounds
Early stopping, best iteration is:
[34]	training's w_rmse: 0.9752	valid_1's w_rmse: 0.989965
Training until validation scores don't improve for 10 rounds
Early stopping, best iteration is:
[144]	training's w_rmse: 0.967236	valid_1's w_rmse: 0.988358
Training until validation scores don't improve for 10 rounds
Training until validation scores don't improve for 10 rounds
Early stopping, best iteration is:
[16]	training's w_rmse: 0.980109	valid_1's w_rmse: 0.991577
Early stopping, best iteration is:
[49]	training's w_rmse: 0.953917	valid_1's w_rmse: 0.988098
Early stopping, best iteration is:
[105]	training's w_rmse: 0.952999	valid_1's w_rmse: 0.989439
Training until validation scores don't improve for 10 rounds
Training until validation scores don't improve for 10 rounds
Training until validation scores don't improve for 10 rounds
Training until validation scores don't improve for 10 rounds
Training until validation scores don't improve for 10 rounds
Early stopping, best iteration is:
[74]	training's w_rmse: 0.955849	valid_1's w_rmse: 0.987014
[I 2025-06-25 06:26:24,554] Trial 6 finished with value: 0.08199029547939554 and parameters: {'learning_rate': 0.08920378653559609, 'num_leaves': 1080, 'min_data_in_leaf': 1369, 'lambda_l2': 0.8707933353640634, 'subsample': 0.8050336526474164, 'colsample_bytree': 0.8170091707679241}. Best is trial 3 with value: 0.08850777424716247.
Early stopping, best iteration is:
[17]	training's w_rmse: 0.982237	valid_1's w_rmse: 0.994063
Early stopping, best iteration is:
[169]	training's w_rmse: 0.940469	valid_1's w_rmse: 0.98765
Early stopping, best iteration is:
[68]	training's w_rmse: 0.944157	valid_1's w_rmse: 0.988533
[I 2025-06-25 06:26:36,668] Trial 7 finished with value: 0.11018645571253273 and parameters: {'learning_rate': 0.08625792187726093, 'num_leaves': 605, 'min_data_in_leaf': 565, 'lambda_l2': 0.3717218991464786, 'subsample': 0.8774663436334365, 'colsample_bytree': 0.6685062167138287}. Best is trial 6 with value: 0.11716865399191098.
Early stopping, best iteration is:
[266]	training's w_rmse: 0.955073	valid_1's w_rmse: 0.987711
[I 2025-06-25 06:26:45,637] Trial 6 finished with value: 0.09332555364288707 and parameters: {'learning_rate': 0.03740810546270629, 'num_leaves': 1990, 'min_data_in_leaf': 1682, 'lambda_l2': 0.08547904971157261, 'subsample': 0.9025926358668579, 'colsample_bytree': 0.6307257850344886}. Best is trial 4 with value: 0.0983582473269544.
Training until validation scores don't improve for 10 rounds
Training until validation scores don't improve for 10 rounds
Training until validation scores don't improve for 10 rounds
Training until validation scores don't improve for 10 rounds
Early stopping, best iteration is:
[642]	training's w_rmse: 0.970339	valid_1's w_rmse: 0.988695
Training until validation scores don't improve for 10 rounds
Early stopping, best iteration is:
[90]	training's w_rmse: 0.978945	valid_1's w_rmse: 0.990463
Early stopping, best iteration is:
[10]	training's w_rmse: 0.9871	valid_1's w_rmse: 0.995524
Early stopping, best iteration is:
[70]	training's w_rmse: 0.964149	valid_1's w_rmse: 0.987169
[I 2025-06-25 06:27:27,102] Trial 5 finished with value: 0.08431944050395257 and parameters: {'learning_rate': 0.059750347768602614, 'num_leaves': 1265, 'min_data_in_leaf': 1226, 'lambda_l2': 0.8929088866341357, 'subsample': 0.8156867234644593, 'colsample_bytree': 0.7977958569731987}. Best is trial 3 with value: 0.0915630807142072.
Early stopping, best iteration is:
[51]	training's w_rmse: 0.969101	valid_1's w_rmse: 0.990413
[I 2025-06-25 06:27:30,398] Trial 5 finished with value: 0.08752761967666756 and parameters: {'learning_rate': 0.059939269712488676, 'num_leaves': 564, 'min_data_in_leaf': 1214, 'lambda_l2': 0.40550409509020013, 'subsample': 0.7942082548268274, 'colsample_bytree': 0.9166599240361166}. Best is trial 4 with value: 0.09144273357636691.
Early stopping, best iteration is:
[240]	training's w_rmse: 0.947577	valid_1's w_rmse: 0.987724
Training until validation scores don't improve for 10 rounds
Training until validation scores don't improve for 10 rounds
Training until validation scores don't improve for 10 rounds
Training until validation scores don't improve for 10 rounds
Early stopping, best iteration is:
[24]	training's w_rmse: 0.980496	valid_1's w_rmse: 0.992792
Training until validation scores don't improve for 10 rounds
Early stopping, best iteration is:
[28]	training's w_rmse: 0.98552	valid_1's w_rmse: 0.994052
Training until validation scores don't improve for 10 rounds
Early stopping, best iteration is:
[117]	training's w_rmse: 0.975084	valid_1's w_rmse: 0.990188
Early stopping, best iteration is:
[18]	training's w_rmse: 0.986339	valid_1's w_rmse: 0.994779
Early stopping, best iteration is:
[58]	training's w_rmse: 0.973552	valid_1's w_rmse: 0.989659
Training until validation scores don't improve for 10 rounds
Early stopping, best iteration is:
[54]	training's w_rmse: 0.970407	valid_1's w_rmse: 0.988788
Training until validation scores don't improve for 10 rounds
Training until validation scores don't improve for 10 rounds
Training until validation scores don't improve for 10 rounds
Training until validation scores don't improve for 10 rounds
Early stopping, best iteration is:
[62]	training's w_rmse: 0.978651	valid_1's w_rmse: 0.989971
Early stopping, best iteration is:
[88]	training's w_rmse: 0.978543	valid_1's w_rmse: 0.991329
Training until validation scores don't improve for 10 rounds
Early stopping, best iteration is:
[174]	training's w_rmse: 0.957146	valid_1's w_rmse: 0.987463
Early stopping, best iteration is:
[59]	training's w_rmse: 0.970406	valid_1's w_rmse: 0.988454
[I 2025-06-25 06:29:38,539] Trial 7 finished with value: 0.08948156275962564 and parameters: {'learning_rate': 0.08030847247290356, 'num_leaves': 1058, 'min_data_in_leaf': 1520, 'lambda_l2': 0.20979968108617775, 'subsample': 0.7811110488608414, 'colsample_bytree': 0.5243568681755999}. Best is trial 4 with value: 0.0983582473269544.
Training until validation scores don't improve for 10 rounds
Early stopping, best iteration is:
[723]	training's w_rmse: 0.968343	valid_1's w_rmse: 0.988453
Training until validation scores don't improve for 10 rounds
Training until validation scores don't improve for 10 rounds
Training until validation scores don't improve for 10 rounds
Early stopping, best iteration is:
[10]	training's w_rmse: 0.986595	valid_1's w_rmse: 0.995265
Training until validation scores don't improve for 10 rounds
Early stopping, best iteration is:
[290]	training's w_rmse: 0.951168	valid_1's w_rmse: 0.987639
Early stopping, best iteration is:
[217]	training's w_rmse: 0.951266	valid_1's w_rmse: 0.98754
