[I 2025-06-19 17:11:48,902] Trial 29 finished with value: 0.11324466978994609 and parameters: {'learning_rate': 0.016821426096060854, 'num_leaves': 1118, 'min_data_in_leaf': 972, 'lambda_l2': 0.23486654174699054, 'subsample': 0.8140510142530388, 'colsample_bytree': 0.6413254437015585}. Best is trial 5 with value: 0.11514199242296116.
Early stopping, best iteration is:
[353]	training's rmse: 0.953096	valid_1's rmse: 0.990914
Early stopping, best iteration is:
[229]	training's rmse: 0.966058	valid_1's rmse: 0.993434
Training until validation scores don't improve for 10 rounds
Early stopping, best iteration is:
[558]	training's rmse: 0.941323	valid_1's rmse: 0.987787
Training until validation scores don't improve for 10 rounds
Training until validation scores don't improve for 10 rounds
Training until validation scores don't improve for 10 rounds
Early stopping, best iteration is:
[487]	training's rmse: 0.95471	valid_1's rmse: 0.992906
Early stopping, best iteration is:
[184]	training's rmse: 0.949771	valid_1's rmse: 0.992094
[I 2025-06-19 17:13:26,037] Trial 25 finished with value: 0.10568149632225537 and parameters: {'learning_rate': 0.007514903779466977, 'num_leaves': 794, 'min_data_in_leaf': 851, 'lambda_l2': 0.20813408020649837, 'subsample': 0.8800945539732925, 'colsample_bytree': 0.6031481431036857}. Best is trial 11 with value: 0.10686291830013028.
Early stopping, best iteration is:
[247]	training's rmse: 0.960618	valid_1's rmse: 0.992087
Training until validation scores don't improve for 10 rounds
Training until validation scores don't improve for 10 rounds
Training until validation scores don't improve for 10 rounds
Early stopping, best iteration is:
[293]	training's rmse: 0.959656	valid_1's rmse: 0.992826
Early stopping, best iteration is:
[468]	training's rmse: 0.945692	valid_1's rmse: 0.991334
Early stopping, best iteration is:
[204]	training's rmse: 0.946459	valid_1's rmse: 0.991654
Training until validation scores don't improve for 10 rounds
Early stopping, best iteration is:
[160]	training's rmse: 0.970997	valid_1's rmse: 0.992534
Early stopping, best iteration is:
[461]	training's rmse: 0.946412	valid_1's rmse: 0.990756
Training until validation scores don't improve for 10 rounds
[I 2025-06-19 17:16:05,790] Trial 29 finished with value: 0.11762263649928192 and parameters: {'learning_rate': 0.018404228608332122, 'num_leaves': 803, 'min_data_in_leaf': 1299, 'lambda_l2': 0.2756638322020589, 'subsample': 0.8850955490089248, 'colsample_bytree': 0.5256305371788773}. Best is trial 11 with value: 0.11936504261646605.
Training until validation scores don't improve for 10 rounds
Early stopping, best iteration is:
[264]	training's rmse: 0.962909	valid_1's rmse: 0.99417
Early stopping, best iteration is:
[191]	training's rmse: 0.948324	valid_1's rmse: 0.991152
Training until validation scores don't improve for 10 rounds
Training until validation scores don't improve for 10 rounds
Early stopping, best iteration is:
[581]	training's rmse: 0.938633	valid_1's rmse: 0.989258
Early stopping, best iteration is:
[371]	training's rmse: 0.957984	valid_1's rmse: 0.991911
Early stopping, best iteration is:
[340]	training's rmse: 0.946697	valid_1's rmse: 0.991213
Training until validation scores don't improve for 10 rounds
Early stopping, best iteration is:
[127]	training's rmse: 0.976015	valid_1's rmse: 0.995878
Training until validation scores don't improve for 10 rounds
Early stopping, best iteration is:
[681]	training's rmse: 0.939427	valid_1's rmse: 0.990482
Training until validation scores don't improve for 10 rounds
Training until validation scores don't improve for 10 rounds
Early stopping, best iteration is:
[495]	training's rmse: 0.943487	valid_1's rmse: 0.989596
[I 2025-06-19 17:44:37,910] Trial 28 finished with value: 0.12895196948386936 and parameters: {'learning_rate': 0.012190240503808542, 'num_leaves': 1827, 'min_data_in_leaf': 898, 'lambda_l2': 0.4846221458111338, 'subsample': 0.8236255746292614, 'colsample_bytree': 0.7466308110239939}. Best is trial 20 with value: 0.13002762747781185.
Early stopping, best iteration is:
[271]	training's rmse: 0.961169	valid_1's rmse: 0.993071
[I 2025-06-19 17:44:52,735] Trial 34 finished with value: 0.10185550044595587 and parameters: {'learning_rate': 0.008859849590629514, 'num_leaves': 1294, 'min_data_in_leaf': 615, 'lambda_l2': 0.8410515311574314, 'subsample': 0.7434213612647727, 'colsample_bytree': 0.6519338572549248}. Best is trial 31 with value: 0.10195187406044713.
2024q2 378
Training until validation scores don't improve for 10 rounds
Training until validation scores don't improve for 10 rounds
Training until validation scores don't improve for 10 rounds
Early stopping, best iteration is:
[308]	training's rmse: 0.953664	valid_1's rmse: 0.99275
[I 2025-06-19 17:59:21,692] Trial 26 finished with value: 0.10520876816676081 and parameters: {'learning_rate': 0.012725089101328264, 'num_leaves': 306, 'min_data_in_leaf': 664, 'lambda_l2': 0.08769261037487988, 'subsample': 0.9255688648274196, 'colsample_bytree': 0.5637844604404736}. Best is trial 11 with value: 0.10686291830013028.
Early stopping, best iteration is:
[494]	training's rmse: 0.948664	valid_1's rmse: 0.991855
Early stopping, best iteration is:
[495]	training's rmse: 0.929111	valid_1's rmse: 0.987522
Training until validation scores don't improve for 10 rounds
Early stopping, best iteration is:
[168]	training's rmse: 0.95242	valid_1's rmse: 0.993235
[I 2025-06-19 18:16:16,701] Trial 30 finished with value: 0.11231374586088466 and parameters: {'learning_rate': 0.02193185142620732, 'num_leaves': 802, 'min_data_in_leaf': 713, 'lambda_l2': 0.4862029241522147, 'subsample': 0.7410227682138839, 'colsample_bytree': 0.7014742241993676}. Best is trial 5 with value: 0.11514199242296116.
Training until validation scores don't improve for 10 rounds
Training until validation scores don't improve for 10 rounds
Early stopping, best iteration is:
[273]	training's rmse: 0.948918	valid_1's rmse: 0.991598
Early stopping, best iteration is:
[355]	training's rmse: 0.940054	valid_1's rmse: 0.991548
Training until validation scores don't improve for 10 rounds
Training until validation scores don't improve for 10 rounds
Training until validation scores don't improve for 10 rounds
Early stopping, best iteration is:
[276]	training's rmse: 0.948494	valid_1's rmse: 0.991453
Early stopping, best iteration is:
[216]	training's rmse: 0.961537	valid_1's rmse: 0.992432
Training until validation scores don't improve for 10 rounds
Early stopping, best iteration is:
[423]	training's rmse: 0.934038	valid_1's rmse: 0.989159
Training until validation scores don't improve for 10 rounds
Training until validation scores don't improve for 10 rounds
Early stopping, best iteration is:
[299]	training's rmse: 0.946375	valid_1's rmse: 0.99087
Training until validation scores don't improve for 10 rounds
Early stopping, best iteration is:
[452]	training's rmse: 0.930619	valid_1's rmse: 0.989344
[I 2025-06-19 18:30:14,651] Trial 29 finished with value: 0.12845237692191958 and parameters: {'learning_rate': 0.015486056909518629, 'num_leaves': 1616, 'min_data_in_leaf': 711, 'lambda_l2': 0.5680987557412263, 'subsample': 0.8812667081670462, 'colsample_bytree': 0.6291953873396248}. Best is trial 20 with value: 0.13002762747781185.
Early stopping, best iteration is:
[458]	training's rmse: 0.934424	valid_1's rmse: 0.990926
Training until validation scores don't improve for 10 rounds
Early stopping, best iteration is:
[360]	training's rmse: 0.939957	valid_1's rmse: 0.992924
[I 2025-06-19 18:32:02,176] Trial 31 finished with value: 0.11414557915654512 and parameters: {'learning_rate': 0.012445058120166504, 'num_leaves': 529, 'min_data_in_leaf': 508, 'lambda_l2': 0.7419756557819357, 'subsample': 0.7933898938298891, 'colsample_bytree': 0.5710806516469553}. Best is trial 5 with value: 0.11514199242296116.
Early stopping, best iteration is:
[286]	training's rmse: 0.936889	valid_1's rmse: 0.987504
Training until validation scores don't improve for 10 rounds
Training until validation scores don't improve for 10 rounds
Training until validation scores don't improve for 10 rounds
Early stopping, best iteration is:
[178]	training's rmse: 0.950155	valid_1's rmse: 0.991657
Training until validation scores don't improve for 10 rounds
Training until validation scores don't improve for 10 rounds
Early stopping, best iteration is:
[195]	training's rmse: 0.964407	valid_1's rmse: 0.995863
Early stopping, best iteration is:
[268]	training's rmse: 0.93789	valid_1's rmse: 0.989264
Training until validation scores don't improve for 10 rounds
Early stopping, best iteration is:
[891]	training's rmse: 0.95641	valid_1's rmse: 0.991499
Early stopping, best iteration is:
[676]	training's rmse: 0.940624	valid_1's rmse: 0.99095
[I 2025-06-19 18:37:42,256] Trial 30 finished with value: 0.1181778312275691 and parameters: {'learning_rate': 0.008473667570572874, 'num_leaves': 1345, 'min_data_in_leaf': 719, 'lambda_l2': 0.38727101617335413, 'subsample': 0.9340540226538585, 'colsample_bytree': 0.5930221627090195}. Best is trial 11 with value: 0.11936504261646605.
Training until validation scores don't improve for 10 rounds
Training until validation scores don't improve for 10 rounds
Training until validation scores don't improve for 10 rounds
Early stopping, best iteration is:
[308]	training's rmse: 0.952411	valid_1's rmse: 0.992804
[I 2025-06-19 18:39:12,296] Trial 27 finished with value: 0.10570495249929043 and parameters: {'learning_rate': 0.009632146636230583, 'num_leaves': 528, 'min_data_in_leaf': 525, 'lambda_l2': 0.3144167449682091, 'subsample': 0.8369449979636366, 'colsample_bytree': 0.655130492634489}. Best is trial 11 with value: 0.10686291830013028.
Completed 2024q2, Results collected.
Early stopping, best iteration is:
[290]	training's rmse: 0.933352	valid_1's rmse: 0.989647
[I 2025-06-19 18:39:44,960] Trial 30 finished with value: 0.12797696887157756 and parameters: {'learning_rate': 0.027983277159610274, 'num_leaves': 1901, 'min_data_in_leaf': 892, 'lambda_l2': 0.37651716366497834, 'subsample': 0.738263577957714, 'colsample_bytree': 0.5532707122186493}. Best is trial 20 with value: 0.13002762747781185.
Training until validation scores don't improve for 10 rounds
Training until validation scores don't improve for 10 rounds
Early stopping, best iteration is:
[581]	training's rmse: 0.967206	valid_1's rmse: 0.991672
Early stopping, best iteration is:
[109]	training's rmse: 0.959312	valid_1's rmse: 0.992664
Early stopping, best iteration is:
[732]	training's rmse: 0.95548	valid_1's rmse: 0.991627
Training until validation scores don't improve for 10 rounds
Training until validation scores don't improve for 10 rounds
Training until validation scores don't improve for 10 rounds
Early stopping, best iteration is:
[115]	training's rmse: 0.958562	valid_1's rmse: 0.991909
Early stopping, best iteration is:
[907]	training's rmse: 0.930266	valid_1's rmse: 0.987415
Training until validation scores don't improve for 10 rounds
Early stopping, best iteration is:
[61]	training's rmse: 0.973459	valid_1's rmse: 0.995987
Training until validation scores don't improve for 10 rounds
Early stopping, best iteration is:
[795]	training's rmse: 0.958862	valid_1's rmse: 0.990816
Training until validation scores don't improve for 10 rounds
Training until validation scores don't improve for 10 rounds
Early stopping, best iteration is:
[151]	training's rmse: 0.953111	valid_1's rmse: 0.993031
[I 2025-06-19 18:49:19,054] Trial 28 finished with value: 0.10333061228616156 and parameters: {'learning_rate': 0.02524700263697456, 'num_leaves': 1113, 'min_data_in_leaf': 821, 'lambda_l2': 0.5398141110102995, 'subsample': 0.7570375325264611, 'colsample_bytree': 0.5001046655207687}. Best is trial 11 with value: 0.10686291830013028.
Did not meet early stopping. Best iteration is:
[1000]	training's rmse: 0.944035	valid_1's rmse: 0.990404
Early stopping, best iteration is:
[557]	training's rmse: 0.94637	valid_1's rmse: 0.991341
Training until validation scores don't improve for 10 rounds
Training until validation scores don't improve for 10 rounds
Training until validation scores don't improve for 10 rounds
Early stopping, best iteration is:
[758]	training's rmse: 0.961338	valid_1's rmse: 0.993147
[I 2025-06-19 18:53:15,756] Trial 32 finished with value: 0.1144011516220127 and parameters: {'learning_rate': 0.006727449496356952, 'num_leaves': 203, 'min_data_in_leaf': 1147, 'lambda_l2': 0.5902608110386519, 'subsample': 0.7736172584241758, 'colsample_bytree': 0.5279134170671582}. Best is trial 5 with value: 0.11514199242296116.
Training until validation scores don't improve for 10 rounds
Early stopping, best iteration is:
[308]	training's rmse: 0.953726	valid_1's rmse: 0.992477
Early stopping, best iteration is:
[676]	training's rmse: 0.955287	valid_1's rmse: 0.99197
Early stopping, best iteration is:
[229]	training's rmse: 0.958919	valid_1's rmse: 0.991759
Early stopping, best iteration is:
[791]	training's rmse: 0.933719	valid_1's rmse: 0.989089
Training until validation scores don't improve for 10 rounds
Training until validation scores don't improve for 10 rounds
Training until validation scores don't improve for 10 rounds
Training until validation scores don't improve for 10 rounds
Early stopping, best iteration is:
[194]	training's rmse: 0.963358	valid_1's rmse: 0.991829
Training until validation scores don't improve for 10 rounds
Early stopping, best iteration is:
[373]	training's rmse: 0.948415	valid_1's rmse: 0.991163
Early stopping, best iteration is:
[309]	training's rmse: 0.950656	valid_1's rmse: 0.990756
Early stopping, best iteration is:
[874]	training's rmse: 0.95013	valid_1's rmse: 0.991063
[I 2025-06-19 19:03:22,082] Trial 31 finished with value: 0.11854647600662721 and parameters: {'learning_rate': 0.005247532198144521, 'num_leaves': 344, 'min_data_in_leaf': 631, 'lambda_l2': 0.5678239166464983, 'subsample': 0.9199345299229128, 'colsample_bytree': 0.6174527912880237}. Best is trial 11 with value: 0.11936504261646605.
Training until validation scores don't improve for 10 rounds
Early stopping, best iteration is:
[863]	training's rmse: 0.929958	valid_1's rmse: 0.989167
[I 2025-06-19 19:03:49,034] Trial 31 finished with value: 0.129847301988879 and parameters: {'learning_rate': 0.008080508210337952, 'num_leaves': 1072, 'min_data_in_leaf': 693, 'lambda_l2': 0.1018074672107897, 'subsample': 0.8759953352795377, 'colsample_bytree': 0.623716436548891}. Best is trial 20 with value: 0.13002762747781185.
Training until validation scores don't improve for 10 rounds
Training until validation scores don't improve for 10 rounds
Training until validation scores don't improve for 10 rounds
Early stopping, best iteration is:
[308]	training's rmse: 0.951988	valid_1's rmse: 0.993137
[I 2025-06-19 19:05:32,504] Trial 33 finished with value: 0.11359324884576369 and parameters: {'learning_rate': 0.01913640577609902, 'num_leaves': 311, 'min_data_in_leaf': 1045, 'lambda_l2': 0.5095443005199987, 'subsample': 0.6981611448412914, 'colsample_bytree': 0.6080689817209055}. Best is trial 5 with value: 0.11514199242296116.
Training until validation scores don't improve for 10 rounds
Early stopping, best iteration is:
[175]	training's rmse: 0.96956	valid_1's rmse: 0.995965
Early stopping, best iteration is:
[521]	training's rmse: 0.962249	valid_1's rmse: 0.991927
Training until validation scores don't improve for 10 rounds
Training until validation scores don't improve for 10 rounds
Early stopping, best iteration is:
[773]	training's rmse: 0.928103	valid_1's rmse: 0.987593
Early stopping, best iteration is:
[473]	training's rmse: 0.94181	valid_1's rmse: 0.991611
Training until validation scores don't improve for 10 rounds
Training until validation scores don't improve for 10 rounds
Early stopping, best iteration is:
[461]	training's rmse: 0.944425	valid_1's rmse: 0.992662
[I 2025-06-19 19:12:05,132] Trial 29 finished with value: 0.10532572926164743 and parameters: {'learning_rate': 0.009817272709035917, 'num_leaves': 736, 'min_data_in_leaf': 734, 'lambda_l2': 0.10096415720629148, 'subsample': 0.6694219913632286, 'colsample_bytree': 0.6042668443829708}. Best is trial 11 with value: 0.10686291830013028.
Early stopping, best iteration is:
[792]	training's rmse: 0.950713	valid_1's rmse: 0.990757
Training until validation scores don't improve for 10 rounds
Early stopping, best iteration is:
[322]	training's rmse: 0.953571	valid_1's rmse: 0.991571
Early stopping, best iteration is:
[580]	training's rmse: 0.938471	valid_1's rmse: 0.991254
Early stopping, best iteration is:
[347]	training's rmse: 0.967833	valid_1's rmse: 0.992543
Training until validation scores don't improve for 10 rounds
Early stopping, best iteration is:
[508]	training's rmse: 0.959166	valid_1's rmse: 0.991331
Training until validation scores don't improve for 10 rounds
Training until validation scores don't improve for 10 rounds
Early stopping, best iteration is:
[248]	training's rmse: 0.974799	valid_1's rmse: 0.996108
Training until validation scores don't improve for 10 rounds
Training until validation scores don't improve for 10 rounds
Training until validation scores don't improve for 10 rounds
Early stopping, best iteration is:
[508]	training's rmse: 0.940064	valid_1's rmse: 0.990675
Early stopping, best iteration is:
[716]	training's rmse: 0.929721	valid_1's rmse: 0.989006
Training until validation scores don't improve for 10 rounds
Early stopping, best iteration is:
[555]	training's rmse: 0.959143	valid_1's rmse: 0.992786
[I 2025-06-19 19:41:49,125] Trial 30 finished with value: 0.10537633729506164 and parameters: {'learning_rate': 0.007046672735553255, 'num_leaves': 1073, 'min_data_in_leaf': 1158, 'lambda_l2': 0.20941715370913283, 'subsample': 0.9366510747023397, 'colsample_bytree': 0.7039158342632205}. Best is trial 11 with value: 0.10686291830013028.
Early stopping, best iteration is:
[678]	training's rmse: 0.954407	valid_1's rmse: 0.991803
Training until validation scores don't improve for 10 rounds
Training until validation scores don't improve for 10 rounds
Early stopping, best iteration is:
[460]	training's rmse: 0.943471	valid_1's rmse: 0.993083
[I 2025-06-19 19:45:18,704] Trial 34 finished with value: 0.11424857602113221 and parameters: {'learning_rate': 0.00959366710899505, 'num_leaves': 650, 'min_data_in_leaf': 611, 'lambda_l2': 0.6697700729204155, 'subsample': 0.7455645160399997, 'colsample_bytree': 0.6536471255886536}. Best is trial 5 with value: 0.11514199242296116.
2023q3 614
Training until validation scores don't improve for 10 rounds
Early stopping, best iteration is:
[788]	training's rmse: 0.925225	valid_1's rmse: 0.989178
[I 2025-06-19 19:49:39,101] Trial 32 finished with value: 0.12969621120410763 and parameters: {'learning_rate': 0.0075488691099293214, 'num_leaves': 988, 'min_data_in_leaf': 510, 'lambda_l2': 0.09537967613504995, 'subsample': 0.9483917153979504, 'colsample_bytree': 0.6258307156971032}. Best is trial 20 with value: 0.13002762747781185.
Training until validation scores don't improve for 10 rounds
Early stopping, best iteration is:
[481]	training's rmse: 0.95486	valid_1's rmse: 0.992147
Early stopping, best iteration is:
[804]	training's rmse: 0.951319	valid_1's rmse: 0.991171
[I 2025-06-19 19:51:51,694] Trial 32 finished with value: 0.11803052556475742 and parameters: {'learning_rate': 0.006266507543555828, 'num_leaves': 685, 'min_data_in_leaf': 911, 'lambda_l2': 0.5129956748262221, 'subsample': 0.9686787839976645, 'colsample_bytree': 0.5373134497156559}. Best is trial 11 with value: 0.11936504261646605.
Training until validation scores don't improve for 10 rounds
Training until validation scores don't improve for 10 rounds
Early stopping, best iteration is:
[773]	training's rmse: 0.940692	valid_1's rmse: 0.9877
Training until validation scores don't improve for 10 rounds
Early stopping, best iteration is:
[429]	training's rmse: 0.956864	valid_1's rmse: 0.991978
Training until validation scores don't improve for 10 rounds
Early stopping, best iteration is:
[622]	training's rmse: 0.944084	valid_1's rmse: 0.991047
Early stopping, best iteration is:
[615]	training's rmse: 0.947142	valid_1's rmse: 0.99126
Training until validation scores don't improve for 10 rounds
Completed 2023q3, Results collected.
Training until validation scores don't improve for 10 rounds
Early stopping, best iteration is:
[661]	training's rmse: 0.94209	valid_1's rmse: 0.990564
Training until validation scores don't improve for 10 rounds
Early stopping, best iteration is:
[678]	training's rmse: 0.943657	valid_1's rmse: 0.989213
Early stopping, best iteration is:
[352]	training's rmse: 0.965529	valid_1's rmse: 0.995712
Training until validation scores don't improve for 10 rounds
Training until validation scores don't improve for 10 rounds
Early stopping, best iteration is:
[643]	training's rmse: 0.941608	valid_1's rmse: 0.991683
Training until validation scores don't improve for 10 rounds
Early stopping, best iteration is:
[984]	training's rmse: 0.929565	valid_1's rmse: 0.989077
[I 2025-06-19 20:12:00,819] Trial 33 finished with value: 0.12992622303588522 and parameters: {'learning_rate': 0.00819808470721818, 'num_leaves': 1026, 'min_data_in_leaf': 812, 'lambda_l2': 0.10547251628651795, 'subsample': 0.940673896090756, 'colsample_bytree': 0.6181928720759157}. Best is trial 20 with value: 0.13002762747781185.
Training until validation scores don't improve for 10 rounds
Early stopping, best iteration is:
[620]	training's rmse: 0.947839	valid_1's rmse: 0.992656
