[I 2025-06-21 13:42:16,370] Trial 2 finished with value: 0.5134403679827282 and parameters: {'learning_rate': 0.01228250968770025, 'num_leaves': 1941, 'min_data_in_leaf': 1360, 'lambda_l2': 0.22180376206858787, 'subsample': 0.8429484506286788, 'colsample_bytree': 0.509462378961665}. Best is trial 2 with value: 0.5134403679827282.
Training until validation scores don't improve for 10 rounds
Training until validation scores don't improve for 10 rounds
Early stopping, best iteration is:
[33]	training's ndcg@1000: 0.527095	valid_1's ndcg@1000: 0.490498
Early stopping, best iteration is:
[18]	training's ndcg@1000: 0.548265	valid_1's ndcg@1000: 0.492767
Early stopping, best iteration is:
[99]	training's ndcg@1000: 0.569225	valid_1's ndcg@1000: 0.49808
[I 2025-06-21 13:42:22,919] Trial 4 finished with value: 0.5409547962778168 and parameters: {'learning_rate': 0.008031068866245253, 'num_leaves': 1773, 'min_data_in_leaf': 712, 'lambda_l2': 0.8409232605367657, 'subsample': 0.6835223693179323, 'colsample_bytree': 0.8081317375088667}. Best is trial 3 with value: 0.5497716136865003.
Training until validation scores don't improve for 10 rounds
Training until validation scores don't improve for 10 rounds
Early stopping, best iteration is:
[150]	training's ndcg@1000: 0.605661	valid_1's ndcg@1000: 0.550213
Early stopping, best iteration is:
[54]	training's ndcg@1000: 0.560888	valid_1's ndcg@1000: 0.488242
Training until validation scores don't improve for 10 rounds
Training until validation scores don't improve for 10 rounds
Training until validation scores don't improve for 10 rounds
Early stopping, best iteration is:
[12]	training's ndcg@1000: 0.536121	valid_1's ndcg@1000: 0.533839
Early stopping, best iteration is:
[76]	training's ndcg@1000: 0.557003	valid_1's ndcg@1000: 0.488613
Early stopping, best iteration is:
[59]	training's ndcg@1000: 0.541175	valid_1's ndcg@1000: 0.491415
Early stopping, best iteration is:
[107]	training's ndcg@1000: 0.570639	valid_1's ndcg@1000: 0.500073
[I 2025-06-21 13:43:19,187] Trial 3 finished with value: 0.5330539743553148 and parameters: {'learning_rate': 0.019054669215555736, 'num_leaves': 881, 'min_data_in_leaf': 1553, 'lambda_l2': 0.40775324082978126, 'subsample': 0.7150557248370522, 'colsample_bytree': 0.80677452036925}. Best is trial 1 with value: 0.5360096269760186.
Training until validation scores don't improve for 10 rounds
Training until validation scores don't improve for 10 rounds
Training until validation scores don't improve for 10 rounds
Early stopping, best iteration is:
[18]	training's ndcg@1000: 0.542656	valid_1's ndcg@1000: 0.527483
Training until validation scores don't improve for 10 rounds
Training until validation scores don't improve for 10 rounds
Early stopping, best iteration is:
[34]	training's ndcg@1000: 0.532301	valid_1's ndcg@1000: 0.484714
Training until validation scores don't improve for 10 rounds
Early stopping, best iteration is:
[45]	training's ndcg@1000: 0.535494	valid_1's ndcg@1000: 0.480694
[I 2025-06-21 13:43:55,554] Trial 3 finished with value: 0.5181509242781155 and parameters: {'learning_rate': 0.021307650029761132, 'num_leaves': 703, 'min_data_in_leaf': 1167, 'lambda_l2': 0.7720435263324534, 'subsample': 0.8504249634640186, 'colsample_bytree': 0.9642116648906875}. Best is trial 0 with value: 0.5205040754223261.
Training until validation scores don't improve for 10 rounds
Early stopping, best iteration is:
[222]	training's ndcg@1000: 0.64527	valid_1's ndcg@1000: 0.528268
Early stopping, best iteration is:
[109]	training's ndcg@1000: 0.588592	valid_1's ndcg@1000: 0.494187
Early stopping, best iteration is:
[123]	training's ndcg@1000: 0.558178	valid_1's ndcg@1000: 0.534955
[I 2025-06-21 13:44:16,076] Trial 3 finished with value: 0.5241390070133589 and parameters: {'learning_rate': 0.01670669536115784, 'num_leaves': 538, 'min_data_in_leaf': 1386, 'lambda_l2': 0.06816144603533092, 'subsample': 0.8784266119383279, 'colsample_bytree': 0.8885866579891006}. Best is trial 3 with value: 0.5241390070133589.
Training until validation scores don't improve for 10 rounds
Early stopping, best iteration is:
[67]	training's ndcg@1000: 0.556087	valid_1's ndcg@1000: 0.507952
Training until validation scores don't improve for 10 rounds
Early stopping, best iteration is:
[49]	training's ndcg@1000: 0.526848	valid_1's ndcg@1000: 0.505199
Training until validation scores don't improve for 10 rounds
Early stopping, best iteration is:
[76]	training's ndcg@1000: 0.562267	valid_1's ndcg@1000: 0.487403
Training until validation scores don't improve for 10 rounds
Training until validation scores don't improve for 10 rounds
Training until validation scores don't improve for 10 rounds
Early stopping, best iteration is:
[31]	training's ndcg@1000: 0.514971	valid_1's ndcg@1000: 0.518803
Early stopping, best iteration is:
[81]	training's ndcg@1000: 0.548875	valid_1's ndcg@1000: 0.508806
Early stopping, best iteration is:
[42]	training's ndcg@1000: 0.556848	valid_1's ndcg@1000: 0.495851
[I 2025-06-21 13:45:07,491] Trial 5 finished with value: 0.5427709972895084 and parameters: {'learning_rate': 0.005428567589446432, 'num_leaves': 1489, 'min_data_in_leaf': 992, 'lambda_l2': 0.3375199966846244, 'subsample': 0.7584291123698691, 'colsample_bytree': 0.8319931481621092}. Best is trial 3 with value: 0.5497716136865003.
Early stopping, best iteration is:
[135]	training's ndcg@1000: 0.609298	valid_1's ndcg@1000: 0.501275
Training until validation scores don't improve for 10 rounds
Training until validation scores don't improve for 10 rounds
Early stopping, best iteration is:
[19]	training's ndcg@1000: 0.52488	valid_1's ndcg@1000: 0.492404
Training until validation scores don't improve for 10 rounds
Training until validation scores don't improve for 10 rounds
Training until validation scores don't improve for 10 rounds
Early stopping, best iteration is:
[47]	training's ndcg@1000: 0.528745	valid_1's ndcg@1000: 0.487229
Training until validation scores don't improve for 10 rounds
Early stopping, best iteration is:
[53]	training's ndcg@1000: 0.545339	valid_1's ndcg@1000: 0.495849
Training until validation scores don't improve for 10 rounds
Early stopping, best iteration is:
[136]	training's ndcg@1000: 0.590818	valid_1's ndcg@1000: 0.480572
[I 2025-06-21 13:45:58,531] Trial 3 finished with value: 0.5148486866709894 and parameters: {'learning_rate': 0.02430565191392931, 'num_leaves': 371, 'min_data_in_leaf': 1092, 'lambda_l2': 0.4796888039865198, 'subsample': 0.724421745956416, 'colsample_bytree': 0.9976820266275622}. Best is trial 3 with value: 0.5148486866709894.
Early stopping, best iteration is:
[22]	training's ndcg@1000: 0.527297	valid_1's ndcg@1000: 0.491191
Training until validation scores don't improve for 10 rounds
Early stopping, best iteration is:
[84]	training's ndcg@1000: 0.660472	valid_1's ndcg@1000: 0.544526
Training until validation scores don't improve for 10 rounds
Early stopping, best iteration is:
[23]	training's ndcg@1000: 0.522156	valid_1's ndcg@1000: 0.48441
Early stopping, best iteration is:
[183]	training's ndcg@1000: 0.634878	valid_1's ndcg@1000: 0.494035
Early stopping, best iteration is:
[29]	training's ndcg@1000: 0.533269	valid_1's ndcg@1000: 0.49602
[I 2025-06-21 13:46:27,355] Trial 4 finished with value: 0.5334504028408235 and parameters: {'learning_rate': 0.02062494908058975, 'num_leaves': 545, 'min_data_in_leaf': 1301, 'lambda_l2': 0.8803065005508393, 'subsample': 0.8453531345170648, 'colsample_bytree': 0.5776878729710704}. Best is trial 1 with value: 0.5360096269760186.
[I 2025-06-21 13:46:27,757] Trial 4 finished with value: 0.5452967307296768 and parameters: {'learning_rate': 0.02848982004010423, 'num_leaves': 986, 'min_data_in_leaf': 1057, 'lambda_l2': 0.8217348095605368, 'subsample': 0.8863019653945348, 'colsample_bytree': 0.7013146146717865}. Best is trial 4 with value: 0.5452967307296768.
Training until validation scores don't improve for 10 rounds
Training until validation scores don't improve for 10 rounds
Early stopping, best iteration is:
[33]	training's ndcg@1000: 0.517713	valid_1's ndcg@1000: 0.486715
Training until validation scores don't improve for 10 rounds
Training until validation scores don't improve for 10 rounds
Training until validation scores don't improve for 10 rounds
Early stopping, best iteration is:
[87]	training's ndcg@1000: 0.543587	valid_1's ndcg@1000: 0.480962
[I 2025-06-21 13:47:00,000] Trial 4 finished with value: 0.5183651154439384 and parameters: {'learning_rate': 0.009637886157139283, 'num_leaves': 1297, 'min_data_in_leaf': 1495, 'lambda_l2': 0.19694359177174314, 'subsample': 0.8403176571438858, 'colsample_bytree': 0.5888148431328082}. Best is trial 0 with value: 0.5205040754223261.
Training until validation scores don't improve for 10 rounds
Early stopping, best iteration is:
[34]	training's ndcg@1000: 0.614861	valid_1's ndcg@1000: 0.533905
Training until validation scores don't improve for 10 rounds
Early stopping, best iteration is:
[89]	training's ndcg@1000: 0.567932	valid_1's ndcg@1000: 0.533664
Early stopping, best iteration is:
[71]	training's ndcg@1000: 0.574393	valid_1's ndcg@1000: 0.546517
Early stopping, best iteration is:
[99]	training's ndcg@1000: 0.553013	valid_1's ndcg@1000: 0.486538
Early stopping, best iteration is:
[120]	training's ndcg@1000: 0.547401	valid_1's ndcg@1000: 0.492866
[I 2025-06-21 13:47:29,831] Trial 4 finished with value: 0.5216566650534755 and parameters: {'learning_rate': 0.014187943850209432, 'num_leaves': 721, 'min_data_in_leaf': 1937, 'lambda_l2': 0.5049540403755134, 'subsample': 0.989016143398574, 'colsample_bytree': 0.7779444129522105}. Best is trial 3 with value: 0.5241390070133589.
Training until validation scores don't improve for 10 rounds
Training until validation scores don't improve for 10 rounds
Early stopping, best iteration is:
[95]	training's ndcg@1000: 0.537553	valid_1's ndcg@1000: 0.506144
Training until validation scores don't improve for 10 rounds
Training until validation scores don't improve for 10 rounds
Early stopping, best iteration is:
[29]	training's ndcg@1000: 0.541005	valid_1's ndcg@1000: 0.505689
Training until validation scores don't improve for 10 rounds
Training until validation scores don't improve for 10 rounds
Early stopping, best iteration is:
[21]	training's ndcg@1000: 0.515024	valid_1's ndcg@1000: 0.485023
Early stopping, best iteration is:
[57]	training's ndcg@1000: 0.530799	valid_1's ndcg@1000: 0.519559
Training until validation scores don't improve for 10 rounds
Early stopping, best iteration is:
[97]	training's ndcg@1000: 0.685874	valid_1's ndcg@1000: 0.517064
Early stopping, best iteration is:
[117]	training's ndcg@1000: 0.605291	valid_1's ndcg@1000: 0.523555
Training until validation scores don't improve for 10 rounds
Training until validation scores don't improve for 10 rounds
Early stopping, best iteration is:
[35]	training's ndcg@1000: 0.551281	valid_1's ndcg@1000: 0.495591
Early stopping, best iteration is:
[137]	training's ndcg@1000: 0.558363	valid_1's ndcg@1000: 0.497329
Training until validation scores don't improve for 10 rounds
Training until validation scores don't improve for 10 rounds
Training until validation scores don't improve for 10 rounds
Early stopping, best iteration is:
[125]	training's ndcg@1000: 0.561638	valid_1's ndcg@1000: 0.479258
[I 2025-06-21 13:49:09,204] Trial 4 finished with value: 0.5133443590497776 and parameters: {'learning_rate': 0.02291550438144168, 'num_leaves': 1773, 'min_data_in_leaf': 1946, 'lambda_l2': 0.4747195418084488, 'subsample': 0.8920735977531815, 'colsample_bytree': 0.8249536595344253}. Best is trial 3 with value: 0.5148486866709894.
Early stopping, best iteration is:
[74]	training's ndcg@1000: 0.545055	valid_1's ndcg@1000: 0.486893
Training until validation scores don't improve for 10 rounds
Early stopping, best iteration is:
[40]	training's ndcg@1000: 0.550281	valid_1's ndcg@1000: 0.499068
[I 2025-06-21 13:49:28,292] Trial 5 finished with value: 0.5333613111488772 and parameters: {'learning_rate': 0.024764424075520843, 'num_leaves': 938, 'min_data_in_leaf': 1248, 'lambda_l2': 0.45233252805954083, 'subsample': 0.8182023010341029, 'colsample_bytree': 0.6593678186609819}. Best is trial 1 with value: 0.5360096269760186.
Training until validation scores don't improve for 10 rounds
Early stopping, best iteration is:
[38]	training's ndcg@1000: 0.522561	valid_1's ndcg@1000: 0.490197
Early stopping, best iteration is:
[83]	training's ndcg@1000: 0.672604	valid_1's ndcg@1000: 0.501246
[I 2025-06-21 13:49:39,685] Trial 6 finished with value: 0.5507346381938631 and parameters: {'learning_rate': 0.02436821735070029, 'num_leaves': 889, 'min_data_in_leaf': 608, 'lambda_l2': 0.055769702396698984, 'subsample': 0.7138570656131853, 'colsample_bytree': 0.8353421793036905}. Best is trial 6 with value: 0.5507346381938631.
Training until validation scores don't improve for 10 rounds
Training until validation scores don't improve for 10 rounds
Early stopping, best iteration is:
[65]	training's ndcg@1000: 0.543283	valid_1's ndcg@1000: 0.48898
Early stopping, best iteration is:
[163]	training's ndcg@1000: 0.6352	valid_1's ndcg@1000: 0.499544
Training until validation scores don't improve for 10 rounds
Early stopping, best iteration is:
[54]	training's ndcg@1000: 0.537206	valid_1's ndcg@1000: 0.485365
Training until validation scores don't improve for 10 rounds
Training until validation scores don't improve for 10 rounds
Early stopping, best iteration is:
[48]	training's ndcg@1000: 0.527684	valid_1's ndcg@1000: 0.479911
[I 2025-06-21 13:50:21,006] Trial 5 finished with value: 0.5199691712845499 and parameters: {'learning_rate': 0.01727897185731927, 'num_leaves': 1735, 'min_data_in_leaf': 1981, 'lambda_l2': 0.5165606248482374, 'subsample': 0.9656261977766091, 'colsample_bytree': 0.9752680057652892}. Best is trial 0 with value: 0.5205040754223261.
Early stopping, best iteration is:
[89]	training's ndcg@1000: 0.564422	valid_1's ndcg@1000: 0.532341
Training until validation scores don't improve for 10 rounds
Training until validation scores don't improve for 10 rounds
Training until validation scores don't improve for 10 rounds
Early stopping, best iteration is:
[63]	training's ndcg@1000: 0.54461	valid_1's ndcg@1000: 0.486708
Early stopping, best iteration is:
[40]	training's ndcg@1000: 0.532022	valid_1's ndcg@1000: 0.489368
[I 2025-06-21 13:50:53,961] Trial 5 finished with value: 0.5215598118999135 and parameters: {'learning_rate': 0.0158006044995223, 'num_leaves': 961, 'min_data_in_leaf': 1202, 'lambda_l2': 0.6763508526587922, 'subsample': 0.9928215777394527, 'colsample_bytree': 0.935474684792907}. Best is trial 3 with value: 0.5241390070133589.
Early stopping, best iteration is:
[65]	training's ndcg@1000: 0.585323	valid_1's ndcg@1000: 0.489845
[I 2025-06-21 13:50:54,991] Trial 5 finished with value: 0.54040093583545 and parameters: {'learning_rate': 0.015152004808339347, 'num_leaves': 764, 'min_data_in_leaf': 520, 'lambda_l2': 0.32516297300888986, 'subsample': 0.7157019829629871, 'colsample_bytree': 0.5474720239547985}. Best is trial 4 with value: 0.5452967307296768.
Training until validation scores don't improve for 10 rounds
Training until validation scores don't improve for 10 rounds
Early stopping, best iteration is:
[17]	training's ndcg@1000: 0.514888	valid_1's ndcg@1000: 0.501265
Early stopping, best iteration is:
[172]	training's ndcg@1000: 0.640158	valid_1's ndcg@1000: 0.544558
Training until validation scores don't improve for 10 rounds
Early stopping, best iteration is:
[109]	training's ndcg@1000: 0.581134	valid_1's ndcg@1000: 0.509576
Training until validation scores don't improve for 10 rounds
Training until validation scores don't improve for 10 rounds
Early stopping, best iteration is:
[76]	training's ndcg@1000: 0.554146	valid_1's ndcg@1000: 0.488178
Training until validation scores don't improve for 10 rounds
Early stopping, best iteration is:
[33]	training's ndcg@1000: 0.521932	valid_1's ndcg@1000: 0.51969
Training until validation scores don't improve for 10 rounds
Training until validation scores don't improve for 10 rounds
Early stopping, best iteration is:
[139]	training's ndcg@1000: 0.538776	valid_1's ndcg@1000: 0.545263
Early stopping, best iteration is:
[119]	training's ndcg@1000: 0.533974	valid_1's ndcg@1000: 0.4945
Early stopping, best iteration is:
[57]	training's ndcg@1000: 0.559039	valid_1's ndcg@1000: 0.49675
Training until validation scores don't improve for 10 rounds
Training until validation scores don't improve for 10 rounds
Early stopping, best iteration is:
[46]	training's ndcg@1000: 0.536362	valid_1's ndcg@1000: 0.488301
Early stopping, best iteration is:
[150]	training's ndcg@1000: 0.633713	valid_1's ndcg@1000: 0.537491
Training until validation scores don't improve for 10 rounds
Early stopping, best iteration is:
[114]	training's ndcg@1000: 0.571338	valid_1's ndcg@1000: 0.480369
Training until validation scores don't improve for 10 rounds
[I 2025-06-21 13:52:33,364] Trial 5 finished with value: 0.5148479753340278 and parameters: {'learning_rate': 0.024118289786586197, 'num_leaves': 1610, 'min_data_in_leaf': 1402, 'lambda_l2': 0.4620809343490636, 'subsample': 0.979051643826976, 'colsample_bytree': 0.6987813973246841}. Best is trial 3 with value: 0.5148486866709894.
Early stopping, best iteration is:
[45]	training's ndcg@1000: 0.533566	valid_1's ndcg@1000: 0.518711
Training until validation scores don't improve for 10 rounds
Early stopping, best iteration is:
[43]	training's ndcg@1000: 0.525765	valid_1's ndcg@1000: 0.49223
Training until validation scores don't improve for 10 rounds
Training until validation scores don't improve for 10 rounds
Early stopping, best iteration is:
[136]	training's ndcg@1000: 0.600791	valid_1's ndcg@1000: 0.502242
[I 2025-06-21 13:53:07,080] Trial 6 finished with value: 0.5352799035451261 and parameters: {'learning_rate': 0.026280897429751558, 'num_leaves': 1618, 'min_data_in_leaf': 1481, 'lambda_l2': 0.4743065678429662, 'subsample': 0.7188724655912306, 'colsample_bytree': 0.7090686750756909}. Best is trial 1 with value: 0.5360096269760186.
Training until validation scores don't improve for 10 rounds
Training until validation scores don't improve for 10 rounds
Early stopping, best iteration is:
[53]	training's ndcg@1000: 0.539745	valid_1's ndcg@1000: 0.486671
Early stopping, best iteration is:
[42]	training's ndcg@1000: 0.539047	valid_1's ndcg@1000: 0.489258
Training until validation scores don't improve for 10 rounds
Early stopping, best iteration is:
[27]	training's ndcg@1000: 0.525319	valid_1's ndcg@1000: 0.479098
[I 2025-06-21 13:53:23,931] Trial 6 finished with value: 0.5178399366382817 and parameters: {'learning_rate': 0.006120757549006199, 'num_leaves': 266, 'min_data_in_leaf': 1448, 'lambda_l2': 0.1965540492825657, 'subsample': 0.8594071140436876, 'colsample_bytree': 0.5244990894967991}. Best is trial 0 with value: 0.5205040754223261.
Early stopping, best iteration is:
[85]	training's ndcg@1000: 0.597759	valid_1's ndcg@1000: 0.512269
Early stopping, best iteration is:
[70]	training's ndcg@1000: 0.591081	valid_1's ndcg@1000: 0.490856
Training until validation scores don't improve for 10 rounds
Training until validation scores don't improve for 10 rounds
Training until validation scores don't improve for 10 rounds
Training until validation scores don't improve for 10 rounds
Training until validation scores don't improve for 10 rounds
Early stopping, best iteration is:
[65]	training's ndcg@1000: 0.544028	valid_1's ndcg@1000: 0.487532
Early stopping, best iteration is:
[103]	training's ndcg@1000: 0.543418	valid_1's ndcg@1000: 0.531835
[I 2025-06-21 13:54:01,155] Trial 6 finished with value: 0.5355128905451401 and parameters: {'learning_rate': 0.009473526801882685, 'num_leaves': 1533, 'min_data_in_leaf': 953, 'lambda_l2': 0.9747639187447859, 'subsample': 0.8708443994650936, 'colsample_bytree': 0.5380347638390002}. Best is trial 4 with value: 0.5452967307296768.
Training until validation scores don't improve for 10 rounds
Early stopping, best iteration is:
[78]	training's ndcg@1000: 0.551772	valid_1's ndcg@1000: 0.492988
[I 2025-06-21 13:54:14,775] Trial 6 finished with value: 0.5225506435818311 and parameters: {'learning_rate': 0.02595047226407743, 'num_leaves': 1498, 'min_data_in_leaf': 1774, 'lambda_l2': 0.642445874009657, 'subsample': 0.7531627855177723, 'colsample_bytree': 0.7062569388520665}. Best is trial 3 with value: 0.5241390070133589.
Early stopping, best iteration is:
[47]	training's ndcg@1000: 0.573031	valid_1's ndcg@1000: 0.485721
Early stopping, best iteration is:
[92]	training's ndcg@1000: 0.559364	valid_1's ndcg@1000: 0.505644
Early stopping, best iteration is:
[101]	training's ndcg@1000: 0.610669	valid_1's ndcg@1000: 0.50068
