[I 2025-06-25 07:01:11,412] Trial 16 finished with value: 0.09204284130234511 and parameters: {'learning_rate': 0.0659832990195893, 'num_leaves': 728, 'min_data_in_leaf': 1629, 'lambda_l2': 0.02629887900057626, 'subsample': 0.6045640241989533, 'colsample_bytree': 0.7308619041714797}. Best is trial 4 with value: 0.0983582473269544.
Training until validation scores don't improve for 10 rounds
Early stopping, best iteration is:
[15]	training's w_rmse: 0.979068	valid_1's w_rmse: 0.991698
Training until validation scores don't improve for 10 rounds
Training until validation scores don't improve for 10 rounds
Training until validation scores don't improve for 10 rounds
Early stopping, best iteration is:
[22]	training's w_rmse: 0.978598	valid_1's w_rmse: 0.990492
Training until validation scores don't improve for 10 rounds
Early stopping, best iteration is:
[53]	training's w_rmse: 0.975265	valid_1's w_rmse: 0.989887
Early stopping, best iteration is:
[30]	training's w_rmse: 0.985105	valid_1's w_rmse: 0.994576
Training until validation scores don't improve for 10 rounds
Early stopping, best iteration is:
[12]	training's w_rmse: 0.98038	valid_1's w_rmse: 0.995033
Early stopping, best iteration is:
[70]	training's w_rmse: 0.960328	valid_1's w_rmse: 0.992819
[I 2025-06-25 07:02:00,176] Trial 13 finished with value: 0.08940620336986096 and parameters: {'learning_rate': 0.07085582919136282, 'num_leaves': 1745, 'min_data_in_leaf': 1062, 'lambda_l2': 0.3814852116295673, 'subsample': 0.986901836478825, 'colsample_bytree': 0.7506821663733224}. Best is trial 0 with value: 0.09434005529405001.
Training until validation scores don't improve for 10 rounds
Training until validation scores don't improve for 10 rounds
Training until validation scores don't improve for 10 rounds
Early stopping, best iteration is:
[83]	training's w_rmse: 0.950524	valid_1's w_rmse: 0.986858
[I 2025-06-25 07:02:20,197] Trial 16 finished with value: 0.0829971618544413 and parameters: {'learning_rate': 0.09689168260789605, 'num_leaves': 1796, 'min_data_in_leaf': 1249, 'lambda_l2': 0.19165177518776877, 'subsample': 0.710495878033683, 'colsample_bytree': 0.6990896816153946}. Best is trial 13 with value: 0.08914769642510759.
Training until validation scores don't improve for 10 rounds
Early stopping, best iteration is:
[32]	training's w_rmse: 0.972886	valid_1's w_rmse: 0.99042
Training until validation scores don't improve for 10 rounds
Training until validation scores don't improve for 10 rounds
Early stopping, best iteration is:
[25]	training's w_rmse: 0.970505	valid_1's w_rmse: 0.992136
Early stopping, best iteration is:
[20]	training's w_rmse: 0.98498	valid_1's w_rmse: 0.995198
Early stopping, best iteration is:
[202]	training's w_rmse: 0.950743	valid_1's w_rmse: 0.987899
Training until validation scores don't improve for 10 rounds
Training until validation scores don't improve for 10 rounds
Early stopping, best iteration is:
[219]	training's w_rmse: 0.959351	valid_1's w_rmse: 0.987466
Early stopping, best iteration is:
[12]	training's w_rmse: 0.984432	valid_1's w_rmse: 0.994339
Training until validation scores don't improve for 10 rounds
Early stopping, best iteration is:
[88]	training's w_rmse: 0.971614	valid_1's w_rmse: 0.989916
Training until validation scores don't improve for 10 rounds
Training until validation scores don't improve for 10 rounds
Early stopping, best iteration is:
[50]	training's w_rmse: 0.953597	valid_1's w_rmse: 0.988695
Training until validation scores don't improve for 10 rounds
Training until validation scores don't improve for 10 rounds
Early stopping, best iteration is:
[104]	training's w_rmse: 0.961787	valid_1's w_rmse: 0.988489
Early stopping, best iteration is:
[61]	training's w_rmse: 0.973739	valid_1's w_rmse: 0.990526
[I 2025-06-25 07:03:51,975] Trial 14 finished with value: 0.08563576473319964 and parameters: {'learning_rate': 0.046530971887603044, 'num_leaves': 1380, 'min_data_in_leaf': 1594, 'lambda_l2': 0.41545575851919825, 'subsample': 0.7687450419148382, 'colsample_bytree': 0.8465334139729072}. Best is trial 4 with value: 0.09144273357636691.
Early stopping, best iteration is:
[41]	training's w_rmse: 0.971693	valid_1's w_rmse: 0.987536
[I 2025-06-25 07:03:55,036] Trial 12 finished with value: 0.08035429263277319 and parameters: {'learning_rate': 0.08157860593154236, 'num_leaves': 293, 'min_data_in_leaf': 1356, 'lambda_l2': 0.14161513407465265, 'subsample': 0.7536483695947913, 'colsample_bytree': 0.944642522530269}. Best is trial 3 with value: 0.0915630807142072.
Training until validation scores don't improve for 10 rounds
Training until validation scores don't improve for 10 rounds
Early stopping, best iteration is:
[245]	training's w_rmse: 0.957039	valid_1's w_rmse: 0.987464
[I 2025-06-25 07:04:22,674] Trial 15 finished with value: 0.11174292755853826 and parameters: {'learning_rate': 0.029064775425811925, 'num_leaves': 1383, 'min_data_in_leaf': 1256, 'lambda_l2': 0.9268025321917882, 'subsample': 0.8050206237322806, 'colsample_bytree': 0.6665581381868798}. Best is trial 6 with value: 0.11716865399191098.
Training until validation scores don't improve for 10 rounds
Training until validation scores don't improve for 10 rounds
Training until validation scores don't improve for 10 rounds
Early stopping, best iteration is:
[57]	training's w_rmse: 0.953775	valid_1's w_rmse: 0.988583
[I 2025-06-25 07:04:33,595] Trial 17 finished with value: 0.0944633888266367 and parameters: {'learning_rate': 0.07395628635256954, 'num_leaves': 717, 'min_data_in_leaf': 537, 'lambda_l2': 0.664036358074985, 'subsample': 0.8194627067260538, 'colsample_bytree': 0.7119471075034404}. Best is trial 4 with value: 0.0983582473269544.
Early stopping, best iteration is:
[27]	training's w_rmse: 0.980755	valid_1's w_rmse: 0.990217
Early stopping, best iteration is:
[180]	training's w_rmse: 0.956876	valid_1's w_rmse: 0.989464
Early stopping, best iteration is:
[112]	training's w_rmse: 0.959699	valid_1's w_rmse: 0.98851
Training until validation scores don't improve for 10 rounds
Training until validation scores don't improve for 10 rounds
Early stopping, best iteration is:
[25]	training's w_rmse: 0.985254	valid_1's w_rmse: 0.995229
Training until validation scores don't improve for 10 rounds
Training until validation scores don't improve for 10 rounds
Early stopping, best iteration is:
[203]	training's w_rmse: 0.951359	valid_1's w_rmse: 0.987925
Training until validation scores don't improve for 10 rounds
Early stopping, best iteration is:
[131]	training's w_rmse: 0.980529	valid_1's w_rmse: 0.993026
Training until validation scores don't improve for 10 rounds
Early stopping, best iteration is:
[84]	training's w_rmse: 0.971987	valid_1's w_rmse: 0.990957
Early stopping, best iteration is:
[72]	training's w_rmse: 0.968177	valid_1's w_rmse: 0.992531
[I 2025-06-25 07:05:55,203] Trial 14 finished with value: 0.09109501164244167 and parameters: {'learning_rate': 0.03929191285925833, 'num_leaves': 573, 'min_data_in_leaf': 828, 'lambda_l2': 0.3651044505892601, 'subsample': 0.8652142264146041, 'colsample_bytree': 0.6567356219246798}. Best is trial 0 with value: 0.09434005529405001.
Early stopping, best iteration is:
[164]	training's w_rmse: 0.942802	valid_1's w_rmse: 0.988777
Training until validation scores don't improve for 10 rounds
Early stopping, best iteration is:
[53]	training's w_rmse: 0.978154	valid_1's w_rmse: 0.992244
Early stopping, best iteration is:
[14]	training's w_rmse: 0.987158	valid_1's w_rmse: 0.994932
Training until validation scores don't improve for 10 rounds
Training until validation scores don't improve for 10 rounds
Training until validation scores don't improve for 10 rounds
Training until validation scores don't improve for 10 rounds
Early stopping, best iteration is:
[10]	training's w_rmse: 0.984233	valid_1's w_rmse: 0.995341
Training until validation scores don't improve for 10 rounds
Training until validation scores don't improve for 10 rounds
Early stopping, best iteration is:
[23]	training's w_rmse: 0.981893	valid_1's w_rmse: 0.994111
Early stopping, best iteration is:
[117]	training's w_rmse: 0.963128	valid_1's w_rmse: 0.988261
Early stopping, best iteration is:
[171]	training's w_rmse: 0.955765	valid_1's w_rmse: 0.987591
Training until validation scores don't improve for 10 rounds
Training until validation scores don't improve for 10 rounds
Early stopping, best iteration is:
[51]	training's w_rmse: 0.952923	valid_1's w_rmse: 0.988938
Training until validation scores don't improve for 10 rounds
Early stopping, best iteration is:
[78]	training's w_rmse: 0.965755	valid_1's w_rmse: 0.986843
[I 2025-06-25 07:07:46,822] Trial 13 finished with value: 0.08580335220544943 and parameters: {'learning_rate': 0.05182961235880834, 'num_leaves': 290, 'min_data_in_leaf': 1069, 'lambda_l2': 0.9647466320542689, 'subsample': 0.6706587068377036, 'colsample_bytree': 0.9806147298795753}. Best is trial 3 with value: 0.0915630807142072.
Training until validation scores don't improve for 10 rounds
Early stopping, best iteration is:
[264]	training's w_rmse: 0.947103	valid_1's w_rmse: 0.986394
[I 2025-06-25 07:07:50,535] Trial 17 finished with value: 0.0867638048137257 and parameters: {'learning_rate': 0.022228817947072314, 'num_leaves': 1101, 'min_data_in_leaf': 809, 'lambda_l2': 0.15493458200098453, 'subsample': 0.914150977264536, 'colsample_bytree': 0.6835206363670392}. Best is trial 13 with value: 0.08914769642510759.
Training until validation scores don't improve for 10 rounds
Early stopping, best iteration is:
[298]	training's w_rmse: 0.968003	valid_1's w_rmse: 0.989247
Early stopping, best iteration is:
[143]	training's w_rmse: 0.960253	valid_1's w_rmse: 0.988026
[I 2025-06-25 07:08:15,178] Trial 16 finished with value: 0.11047398435880428 and parameters: {'learning_rate': 0.05845733709562095, 'num_leaves': 1874, 'min_data_in_leaf': 1794, 'lambda_l2': 0.39653252071840006, 'subsample': 0.9271213876612635, 'colsample_bytree': 0.9717815126670599}. Best is trial 6 with value: 0.11716865399191098.
Training until validation scores don't improve for 10 rounds
Early stopping, best iteration is:
[56]	training's w_rmse: 0.951543	valid_1's w_rmse: 0.989111
Early stopping, best iteration is:
[186]	training's w_rmse: 0.952322	valid_1's w_rmse: 0.987904
Training until validation scores don't improve for 10 rounds
[I 2025-06-25 07:08:28,652] Trial 18 finished with value: 0.09491814868799585 and parameters: {'learning_rate': 0.03770367436123105, 'num_leaves': 273, 'min_data_in_leaf': 835, 'lambda_l2': 0.014437533523938284, 'subsample': 0.7740174757947219, 'colsample_bytree': 0.8840847678471042}. Best is trial 4 with value: 0.0983582473269544.
Early stopping, best iteration is:
[31]	training's w_rmse: 0.974627	valid_1's w_rmse: 0.99005
Early stopping, best iteration is:
[24]	training's w_rmse: 0.97522	valid_1's w_rmse: 0.990335
Training until validation scores don't improve for 10 rounds
Training until validation scores don't improve for 10 rounds
Training until validation scores don't improve for 10 rounds
Training until validation scores don't improve for 10 rounds
Early stopping, best iteration is:
[10]	training's w_rmse: 0.987342	valid_1's w_rmse: 0.995592
Early stopping, best iteration is:
[62]	training's w_rmse: 0.938803	valid_1's w_rmse: 0.988628
Training until validation scores don't improve for 10 rounds
Training until validation scores don't improve for 10 rounds
Early stopping, best iteration is:
[32]	training's w_rmse: 0.966481	valid_1's w_rmse: 0.992862
[I 2025-06-25 07:09:15,901] Trial 15 finished with value: 0.09030893326013749 and parameters: {'learning_rate': 0.07530330821143467, 'num_leaves': 499, 'min_data_in_leaf': 454, 'lambda_l2': 0.02169438036842608, 'subsample': 0.7815768192531707, 'colsample_bytree': 0.7954123902415356}. Best is trial 0 with value: 0.09434005529405001.
Early stopping, best iteration is:
[41]	training's w_rmse: 0.965921	valid_1's w_rmse: 0.989908
Training until validation scores don't improve for 10 rounds
Training until validation scores don't improve for 10 rounds
Early stopping, best iteration is:
[18]	training's w_rmse: 0.983823	valid_1's w_rmse: 0.992987
Early stopping, best iteration is:
[180]	training's w_rmse: 0.935195	valid_1's w_rmse: 0.988732
Training until validation scores don't improve for 10 rounds
Early stopping, best iteration is:
[9]	training's w_rmse: 0.979631	valid_1's w_rmse: 0.994457
Training until validation scores don't improve for 10 rounds
Early stopping, best iteration is:
[25]	training's w_rmse: 0.973888	valid_1's w_rmse: 0.991093
Training until validation scores don't improve for 10 rounds
Training until validation scores don't improve for 10 rounds
Training until validation scores don't improve for 10 rounds
Early stopping, best iteration is:
[50]	training's w_rmse: 0.972985	valid_1's w_rmse: 0.988897
Early stopping, best iteration is:
[21]	training's w_rmse: 0.97938	valid_1's w_rmse: 0.994139
Early stopping, best iteration is:
[44]	training's w_rmse: 0.949765	valid_1's w_rmse: 0.988776
Early stopping, best iteration is:
[153]	training's w_rmse: 0.984444	valid_1's w_rmse: 0.995124
Training until validation scores don't improve for 10 rounds
Training until validation scores don't improve for 10 rounds
Training until validation scores don't improve for 10 rounds
Training until validation scores don't improve for 10 rounds
Training until validation scores don't improve for 10 rounds
Early stopping, best iteration is:
[92]	training's w_rmse: 0.963419	valid_1's w_rmse: 0.9882
[I 2025-06-25 07:11:32,798] Trial 19 finished with value: 0.08942772874282286 and parameters: {'learning_rate': 0.08354862557084007, 'num_leaves': 460, 'min_data_in_leaf': 1859, 'lambda_l2': 0.7911881060962508, 'subsample': 0.6091864685800031, 'colsample_bytree': 0.8092920026593573}. Best is trial 4 with value: 0.0983582473269544.
Early stopping, best iteration is:
[70]	training's w_rmse: 0.96315	valid_1's w_rmse: 0.9872
[I 2025-06-25 07:11:38,084] Trial 14 finished with value: 0.08661594338095838 and parameters: {'learning_rate': 0.05552582827092538, 'num_leaves': 701, 'min_data_in_leaf': 1036, 'lambda_l2': 0.4784600835685108, 'subsample': 0.7754059960957106, 'colsample_bytree': 0.7845627028420468}. Best is trial 3 with value: 0.0915630807142072.
Early stopping, best iteration is:
[58]	training's w_rmse: 0.941911	valid_1's w_rmse: 0.988519
[I 2025-06-25 07:11:41,587] Trial 17 finished with value: 0.11031062299772167 and parameters: {'learning_rate': 0.09946538762915588, 'num_leaves': 767, 'min_data_in_leaf': 543, 'lambda_l2': 0.1641197085542052, 'subsample': 0.9223706807535715, 'colsample_bytree': 0.8826841947473144}. Best is trial 6 with value: 0.11716865399191098.
Early stopping, best iteration is:
[110]	training's w_rmse: 0.9417	valid_1's w_rmse: 0.986799
[I 2025-06-25 07:11:49,677] Trial 18 finished with value: 0.08520235081596403 and parameters: {'learning_rate': 0.0627799985876811, 'num_leaves': 1753, 'min_data_in_leaf': 744, 'lambda_l2': 0.5896546210661842, 'subsample': 0.7918879118620014, 'colsample_bytree': 0.665922370318941}. Best is trial 13 with value: 0.08914769642510759.
Training until validation scores don't improve for 10 rounds
Training until validation scores don't improve for 10 rounds
Training until validation scores don't improve for 10 rounds
Training until validation scores don't improve for 10 rounds
Early stopping, best iteration is:
[846]	training's w_rmse: 0.944232	valid_1's w_rmse: 0.987198
Early stopping, best iteration is:
[35]	training's w_rmse: 0.978036	valid_1's w_rmse: 0.994356
Early stopping, best iteration is:
[141]	training's w_rmse: 0.952897	valid_1's w_rmse: 0.988116
Early stopping, best iteration is:
[16]	training's w_rmse: 0.977895	valid_1's w_rmse: 0.990815
Early stopping, best iteration is:
[59]	training's w_rmse: 0.972732	valid_1's w_rmse: 0.989636
Training until validation scores don't improve for 10 rounds
Training until validation scores don't improve for 10 rounds
Training until validation scores don't improve for 10 rounds
Training until validation scores don't improve for 10 rounds
Early stopping, best iteration is:
[11]	training's w_rmse: 0.986883	valid_1's w_rmse: 0.995035
Training until validation scores don't improve for 10 rounds
Early stopping, best iteration is:
[26]	training's w_rmse: 0.970398	valid_1's w_rmse: 0.99048
Early stopping, best iteration is:
[81]	training's w_rmse: 0.966083	valid_1's w_rmse: 0.991657
Training until validation scores don't improve for 10 rounds
Training until validation scores don't improve for 10 rounds
Early stopping, best iteration is:
[125]	training's w_rmse: 0.957133	valid_1's w_rmse: 0.988169
Early stopping, best iteration is:
[15]	training's w_rmse: 0.977854	valid_1's w_rmse: 0.991598
Training until validation scores don't improve for 10 rounds
Early stopping, best iteration is:
[689]	training's w_rmse: 0.964154	valid_1's w_rmse: 0.988235
Early stopping, best iteration is:
[407]	training's w_rmse: 0.919655	valid_1's w_rmse: 0.987838
Training until validation scores don't improve for 10 rounds
Training until validation scores don't improve for 10 rounds
Early stopping, best iteration is:
[83]	training's w_rmse: 0.966322	valid_1's w_rmse: 0.988685
[I 2025-06-25 07:15:09,573] Trial 18 finished with value: 0.10893845129951713 and parameters: {'learning_rate': 0.08737429979075831, 'num_leaves': 939, 'min_data_in_leaf': 1983, 'lambda_l2': 0.6469925269864543, 'subsample': 0.8332089563652859, 'colsample_bytree': 0.5051762188928854}. Best is trial 6 with value: 0.11716865399191098.
Early stopping, best iteration is:
[131]	training's w_rmse: 0.953871	valid_1's w_rmse: 0.987861
Training until validation scores don't improve for 10 rounds
Training until validation scores don't improve for 10 rounds
Early stopping, best iteration is:
[54]	training's w_rmse: 0.956836	valid_1's w_rmse: 0.987531
[I 2025-06-25 07:15:25,378] Trial 19 finished with value: 0.08115484095342738 and parameters: {'learning_rate': 0.09573411844192, 'num_leaves': 1040, 'min_data_in_leaf': 1054, 'lambda_l2': 0.8398701327288463, 'subsample': 0.9981301346630089, 'colsample_bytree': 0.9015663133185239}. Best is trial 13 with value: 0.08914769642510759.
Early stopping, best iteration is:
[41]	training's w_rmse: 0.977917	valid_1's w_rmse: 0.993675
Early stopping, best iteration is:
[371]	training's w_rmse: 0.96441	valid_1's w_rmse: 0.989949
Training until validation scores don't improve for 10 rounds
[I 2025-06-25 07:15:50,736] Trial 15 finished with value: 0.09066746656590399 and parameters: {'learning_rate': 0.007137679213905844, 'num_leaves': 1415, 'min_data_in_leaf': 733, 'lambda_l2': 0.32331825032709416, 'subsample': 0.8272646805691402, 'colsample_bytree': 0.5270133672130985}. Best is trial 4 with value: 0.09144273357636691.
Training until validation scores don't improve for 10 rounds
Training until validation scores don't improve for 10 rounds
Early stopping, best iteration is:
[27]	training's w_rmse: 0.982363	valid_1's w_rmse: 0.990837
Training until validation scores don't improve for 10 rounds
Training until validation scores don't improve for 10 rounds
Early stopping, best iteration is:
[21]	training's w_rmse: 0.985947	valid_1's w_rmse: 0.993851
Training until validation scores don't improve for 10 rounds
Early stopping, best iteration is:
[261]	training's w_rmse: 0.933805	valid_1's w_rmse: 0.987497
Training until validation scores don't improve for 10 rounds
Early stopping, best iteration is:
[267]	training's w_rmse: 0.936746	valid_1's w_rmse: 0.987263
[I 2025-06-25 07:17:16,632] Trial 20 finished with value: 0.10047067280204725 and parameters: {'learning_rate': 0.02754477652611783, 'num_leaves': 1668, 'min_data_in_leaf': 547, 'lambda_l2': 0.16372230782354968, 'subsample': 0.7130319289147808, 'colsample_bytree': 0.7340961968326793}. Best is trial 20 with value: 0.10047067280204725.
Early stopping, best iteration is:
[188]	training's w_rmse: 0.949691	valid_1's w_rmse: 0.986401
[I 2025-06-25 07:17:19,159] Trial 15 finished with value: 0.09074020869807727 and parameters: {'learning_rate': 0.026427950797248155, 'num_leaves': 1730, 'min_data_in_leaf': 734, 'lambda_l2': 0.08222300745633104, 'subsample': 0.7325139006088037, 'colsample_bytree': 0.5425474730667283}. Best is trial 3 with value: 0.0915630807142072.
Early stopping, best iteration is:
[58]	training's w_rmse: 0.973661	valid_1's w_rmse: 0.99039
Early stopping, best iteration is:
[64]	training's w_rmse: 0.973803	valid_1's w_rmse: 0.989889
Training until validation scores don't improve for 10 rounds
Training until validation scores don't improve for 10 rounds
Training until validation scores don't improve for 10 rounds
Training until validation scores don't improve for 10 rounds
Early stopping, best iteration is:
[10]	training's w_rmse: 0.986833	valid_1's w_rmse: 0.995177
Early stopping, best iteration is:
[31]	training's w_rmse: 0.98041	valid_1's w_rmse: 0.991636
Early stopping, best iteration is:
[34]	training's w_rmse: 0.978285	valid_1's w_rmse: 0.990514
Training until validation scores don't improve for 10 rounds
Early stopping, best iteration is:
[39]	training's w_rmse: 0.978371	valid_1's w_rmse: 0.994064
Training until validation scores don't improve for 10 rounds
Early stopping, best iteration is:
[21]	training's w_rmse: 0.981063	valid_1's w_rmse: 0.992742
Training until validation scores don't improve for 10 rounds
Training until validation scores don't improve for 10 rounds
Early stopping, best iteration is:
[213]	training's w_rmse: 0.952169	valid_1's w_rmse: 0.98767
Training until validation scores don't improve for 10 rounds
Early stopping, best iteration is:
[42]	training's w_rmse: 0.975832	valid_1's w_rmse: 0.99065
Early stopping, best iteration is:
[88]	training's w_rmse: 0.969175	valid_1's w_rmse: 0.987518
