[I 2025-06-19 13:03:41,884] Trial 5 finished with value: 0.1274634220361569 and parameters: {'learning_rate': 0.0179227656489248, 'num_leaves': 932, 'min_data_in_leaf': 603, 'lambda_l2': 0.31998128703603745, 'subsample': 0.8451781113960701, 'colsample_bytree': 0.8106476012061887}. Best is trial 3 with value: 0.12892656630006064.
Training until validation scores don't improve for 10 rounds
Early stopping, best iteration is:
[160]	training's rmse: 0.941687	valid_1's rmse: 0.991105
Early stopping, best iteration is:
[236]	training's rmse: 0.958383	valid_1's rmse: 0.993091
[I 2025-06-19 13:04:23,049] Trial 6 finished with value: 0.10068118915507668 and parameters: {'learning_rate': 0.013300771194346955, 'num_leaves': 1555, 'min_data_in_leaf': 733, 'lambda_l2': 0.7729889051795322, 'subsample': 0.7796224310543455, 'colsample_bytree': 0.5524719022913769}. Best is trial 5 with value: 0.10080376849721634.
Training until validation scores don't improve for 10 rounds
Training until validation scores don't improve for 10 rounds
Training until validation scores don't improve for 10 rounds
Early stopping, best iteration is:
[854]	training's rmse: 0.966713	valid_1's rmse: 0.993238
[I 2025-06-19 13:05:41,711] Trial 10 finished with value: 0.10532221307082346 and parameters: {'learning_rate': 0.005052935884221522, 'num_leaves': 1979, 'min_data_in_leaf': 1963, 'lambda_l2': 0.7675844849281339, 'subsample': 0.9932670812824647, 'colsample_bytree': 0.50348462196391}. Best is trial 10 with value: 0.10532221307082346.
Training until validation scores don't improve for 10 rounds
Early stopping, best iteration is:
[172]	training's rmse: 0.979097	valid_1's rmse: 0.993811
Early stopping, best iteration is:
[535]	training's rmse: 0.943485	valid_1's rmse: 0.991048
Early stopping, best iteration is:
[379]	training's rmse: 0.947277	valid_1's rmse: 0.988014
[I 2025-06-19 13:06:13,304] Trial 10 finished with value: 0.11898816960868677 and parameters: {'learning_rate': 0.00918573096041632, 'num_leaves': 299, 'min_data_in_leaf': 411, 'lambda_l2': 0.4614221766316204, 'subsample': 0.9877498475190509, 'colsample_bytree': 0.5121794345612471}. Best is trial 10 with value: 0.11898816960868677.
Early stopping, best iteration is:
[155]	training's rmse: 0.942783	valid_1's rmse: 0.993327
[I 2025-06-19 13:06:17,525] Trial 6 finished with value: 0.11048217913052998 and parameters: {'learning_rate': 0.02851580393680096, 'num_leaves': 1964, 'min_data_in_leaf': 624, 'lambda_l2': 0.09090387258245725, 'subsample': 0.6377896085751441, 'colsample_bytree': 0.912587627792534}. Best is trial 5 with value: 0.11514199242296116.
Training until validation scores don't improve for 10 rounds
Training until validation scores don't improve for 10 rounds
Training until validation scores don't improve for 10 rounds
Training until validation scores don't improve for 10 rounds
Training until validation scores don't improve for 10 rounds
Early stopping, best iteration is:
[327]	training's rmse: 0.968571	valid_1's rmse: 0.992754
Early stopping, best iteration is:
[330]	training's rmse: 0.974439	valid_1's rmse: 0.996061
Early stopping, best iteration is:
[291]	training's rmse: 0.953584	valid_1's rmse: 0.991463
Training until validation scores don't improve for 10 rounds
Early stopping, best iteration is:
[284]	training's rmse: 0.940987	valid_1's rmse: 0.991706
Training until validation scores don't improve for 10 rounds
Training until validation scores don't improve for 10 rounds
Early stopping, best iteration is:
[214]	training's rmse: 0.975646	valid_1's rmse: 0.994628
Training until validation scores don't improve for 10 rounds
Early stopping, best iteration is:
[357]	training's rmse: 0.980233	valid_1's rmse: 0.993244
Training until validation scores don't improve for 10 rounds
Early stopping, best iteration is:
[415]	training's rmse: 0.943785	valid_1's rmse: 0.989398
Training until validation scores don't improve for 10 rounds
Early stopping, best iteration is:
[588]	training's rmse: 0.949934	valid_1's rmse: 0.991461
Early stopping, best iteration is:
[203]	training's rmse: 0.952126	valid_1's rmse: 0.991549
Training until validation scores don't improve for 10 rounds
Early stopping, best iteration is:
[275]	training's rmse: 0.97208	valid_1's rmse: 0.993184
[I 2025-06-19 13:12:07,096] Trial 7 finished with value: 0.10080856806389885 and parameters: {'learning_rate': 0.01206398665398219, 'num_leaves': 270, 'min_data_in_leaf': 1646, 'lambda_l2': 0.7453892985906208, 'subsample': 0.9782808450836098, 'colsample_bytree': 0.5451863509755513}. Best is trial 7 with value: 0.10080856806389885.
Training until validation scores don't improve for 10 rounds
Training until validation scores don't improve for 10 rounds
Early stopping, best iteration is:
[287]	training's rmse: 0.983464	valid_1's rmse: 0.99514
Training until validation scores don't improve for 10 rounds
Early stopping, best iteration is:
[342]	training's rmse: 0.949048	valid_1's rmse: 0.989708
[I 2025-06-19 13:13:33,602] Trial 6 finished with value: 0.12821539591615622 and parameters: {'learning_rate': 0.01725373013012616, 'num_leaves': 1462, 'min_data_in_leaf': 1047, 'lambda_l2': 0.5597680925318506, 'subsample': 0.6691863410808564, 'colsample_bytree': 0.5268924037439351}. Best is trial 3 with value: 0.12892656630006064.
Early stopping, best iteration is:
[97]	training's rmse: 0.972286	valid_1's rmse: 0.993572
Early stopping, best iteration is:
[699]	training's rmse: 0.960886	valid_1's rmse: 0.992838
[I 2025-06-19 13:13:56,444] Trial 5 finished with value: 0.10544879142906603 and parameters: {'learning_rate': 0.00572318579800783, 'num_leaves': 676, 'min_data_in_leaf': 1296, 'lambda_l2': 0.430164390852247, 'subsample': 0.7728601264550954, 'colsample_bytree': 0.8385511467725274}. Best is trial 2 with value: 0.10625333356377972.
Early stopping, best iteration is:
[253]	training's rmse: 0.945103	valid_1's rmse: 0.990876
Training until validation scores don't improve for 10 rounds
Training until validation scores don't improve for 10 rounds
Training until validation scores don't improve for 10 rounds
Training until validation scores don't improve for 10 rounds
Training until validation scores don't improve for 10 rounds
Early stopping, best iteration is:
[404]	training's rmse: 0.951942	valid_1's rmse: 0.987834
Early stopping, best iteration is:
[747]	training's rmse: 0.939692	valid_1's rmse: 0.990222
Early stopping, best iteration is:
[188]	training's rmse: 0.954201	valid_1's rmse: 0.992879
Training until validation scores don't improve for 10 rounds
Training until validation scores don't improve for 10 rounds
Training until validation scores don't improve for 10 rounds
Early stopping, best iteration is:
[182]	training's rmse: 0.960677	valid_1's rmse: 0.992591
Early stopping, best iteration is:
[258]	training's rmse: 0.944608	valid_1's rmse: 0.993041
[I 2025-06-19 13:17:01,663] Trial 7 finished with value: 0.11383326749228657 and parameters: {'learning_rate': 0.015278981181609804, 'num_leaves': 1064, 'min_data_in_leaf': 567, 'lambda_l2': 0.8282015022152089, 'subsample': 0.6217572476532847, 'colsample_bytree': 0.5044750686824302}. Best is trial 5 with value: 0.11514199242296116.
Early stopping, best iteration is:
[287]	training's rmse: 0.958795	valid_1's rmse: 0.991419
Early stopping, best iteration is:
[165]	training's rmse: 0.958679	valid_1's rmse: 0.994319
Training until validation scores don't improve for 10 rounds
Training until validation scores don't improve for 10 rounds
Early stopping, best iteration is:
[743]	training's rmse: 0.970387	valid_1's rmse: 0.992034
Training until validation scores don't improve for 10 rounds
Early stopping, best iteration is:
[225]	training's rmse: 0.956564	valid_1's rmse: 0.991931
Training until validation scores don't improve for 10 rounds
Early stopping, best iteration is:
[360]	training's rmse: 0.953825	valid_1's rmse: 0.989614
Training until validation scores don't improve for 10 rounds
Early stopping, best iteration is:
[231]	training's rmse: 0.957064	valid_1's rmse: 0.991302
Training until validation scores don't improve for 10 rounds
Early stopping, best iteration is:
[667]	training's rmse: 0.9421	valid_1's rmse: 0.991529
Early stopping, best iteration is:
[141]	training's rmse: 0.964392	valid_1's rmse: 0.993082
[I 2025-06-19 13:19:37,026] Trial 8 finished with value: 0.10076415076454825 and parameters: {'learning_rate': 0.01835555059701656, 'num_leaves': 384, 'min_data_in_leaf': 621, 'lambda_l2': 0.8061585152574358, 'subsample': 0.9775264952188543, 'colsample_bytree': 0.6820056228344277}. Best is trial 7 with value: 0.10080856806389885.
Training until validation scores don't improve for 10 rounds
Early stopping, best iteration is:
[187]	training's rmse: 0.961386	valid_1's rmse: 0.991884
Training until validation scores don't improve for 10 rounds
Training until validation scores don't improve for 10 rounds
Training until validation scores don't improve for 10 rounds
Training until validation scores don't improve for 10 rounds
Early stopping, best iteration is:
[424]	training's rmse: 0.948807	valid_1's rmse: 0.989643
[I 2025-06-19 13:21:04,460] Trial 7 finished with value: 0.1284458641548074 and parameters: {'learning_rate': 0.023177859669004548, 'num_leaves': 1421, 'min_data_in_leaf': 1780, 'lambda_l2': 0.2783548766697935, 'subsample': 0.7089474277160818, 'colsample_bytree': 0.5334095475734596}. Best is trial 3 with value: 0.12892656630006064.
Early stopping, best iteration is:
[79]	training's rmse: 0.977304	valid_1's rmse: 0.996179
Early stopping, best iteration is:
[170]	training's rmse: 0.962605	valid_1's rmse: 0.991131
Early stopping, best iteration is:
[227]	training's rmse: 0.980691	valid_1's rmse: 0.993989
Early stopping, best iteration is:
[835]	training's rmse: 0.967232	valid_1's rmse: 0.993218
Training until validation scores don't improve for 10 rounds
[I 2025-06-19 13:21:57,514] Trial 11 finished with value: 0.10511126047668859 and parameters: {'learning_rate': 0.005090343992624088, 'num_leaves': 2000, 'min_data_in_leaf': 1979, 'lambda_l2': 0.7670516114126089, 'subsample': 0.966776801357296, 'colsample_bytree': 0.5564946518857748}. Best is trial 10 with value: 0.10532221307082346.
Training until validation scores don't improve for 10 rounds
Training until validation scores don't improve for 10 rounds
Training until validation scores don't improve for 10 rounds
Early stopping, best iteration is:
[648]	training's rmse: 0.946863	valid_1's rmse: 0.99092
Training until validation scores don't improve for 10 rounds
[I 2025-06-19 13:22:54,956] Trial 11 finished with value: 0.11936504261646605 and parameters: {'learning_rate': 0.008501500623710162, 'num_leaves': 231, 'min_data_in_leaf': 469, 'lambda_l2': 0.48934215062640835, 'subsample': 0.996421881610211, 'colsample_bytree': 0.5065119305027446}. Best is trial 11 with value: 0.11936504261646605.
Early stopping, best iteration is:
[412]	training's rmse: 0.946239	valid_1's rmse: 0.987734
Early stopping, best iteration is:
[195]	training's rmse: 0.959885	valid_1's rmse: 0.993166
[I 2025-06-19 13:23:11,729] Trial 8 finished with value: 0.11302155855738202 and parameters: {'learning_rate': 0.02932986116377977, 'num_leaves': 947, 'min_data_in_leaf': 1574, 'lambda_l2': 0.2645755543770488, 'subsample': 0.87704253556663, 'colsample_bytree': 0.5009405796333604}. Best is trial 5 with value: 0.11514199242296116.
Early stopping, best iteration is:
[194]	training's rmse: 0.961427	valid_1's rmse: 0.99301
[I 2025-06-19 13:23:48,071] Trial 6 finished with value: 0.10481174233220894 and parameters: {'learning_rate': 0.022076438120196495, 'num_leaves': 1325, 'min_data_in_leaf': 1450, 'lambda_l2': 0.4908425226135166, 'subsample': 0.9041724859981612, 'colsample_bytree': 0.8125386937740959}. Best is trial 2 with value: 0.10625333356377972.
Training until validation scores don't improve for 10 rounds
Training until validation scores don't improve for 10 rounds
Early stopping, best iteration is:
[344]	training's rmse: 0.974087	valid_1's rmse: 0.992971
Early stopping, best iteration is:
[245]	training's rmse: 0.971794	valid_1's rmse: 0.992952
Training until validation scores don't improve for 10 rounds
Early stopping, best iteration is:
[188]	training's rmse: 0.963529	valid_1's rmse: 0.991782
Training until validation scores don't improve for 10 rounds
Early stopping, best iteration is:
[239]	training's rmse: 0.962622	valid_1's rmse: 0.991912
Training until validation scores don't improve for 10 rounds
Training until validation scores don't improve for 10 rounds
Training until validation scores don't improve for 10 rounds
Training until validation scores don't improve for 10 rounds
Early stopping, best iteration is:
[277]	training's rmse: 0.955303	valid_1's rmse: 0.989696
Early stopping, best iteration is:
[124]	training's rmse: 0.983638	valid_1's rmse: 0.995194
Early stopping, best iteration is:
[432]	training's rmse: 0.947181	valid_1's rmse: 0.991763
Early stopping, best iteration is:
[367]	training's rmse: 0.972842	valid_1's rmse: 0.99462
Early stopping, best iteration is:
[236]	training's rmse: 0.963097	valid_1's rmse: 0.991789
Early stopping, best iteration is:
[224]	training's rmse: 0.952103	valid_1's rmse: 0.992268
Training until validation scores don't improve for 10 rounds
Training until validation scores don't improve for 10 rounds
Training until validation scores don't improve for 10 rounds
Training until validation scores don't improve for 10 rounds
Early stopping, best iteration is:
[344]	training's rmse: 0.948953	valid_1's rmse: 0.989405
[I 2025-06-19 13:28:14,723] Trial 8 finished with value: 0.12778401893962735 and parameters: {'learning_rate': 0.0246846513979745, 'num_leaves': 621, 'min_data_in_leaf': 1541, 'lambda_l2': 0.9512946311414818, 'subsample': 0.6744607984946267, 'colsample_bytree': 0.5007028119928691}. Best is trial 3 with value: 0.12892656630006064.
Training until validation scores don't improve for 10 rounds
Training until validation scores don't improve for 10 rounds
Early stopping, best iteration is:
[312]	training's rmse: 0.955728	valid_1's rmse: 0.990821
Training until validation scores don't improve for 10 rounds
Early stopping, best iteration is:
[275]	training's rmse: 0.977813	valid_1's rmse: 0.993563
[I 2025-06-19 13:29:04,351] Trial 9 finished with value: 0.10050366291261312 and parameters: {'learning_rate': 0.007783444950811812, 'num_leaves': 1909, 'min_data_in_leaf': 1693, 'lambda_l2': 0.027276058674738257, 'subsample': 0.6800744381764325, 'colsample_bytree': 0.9069777687079522}. Best is trial 7 with value: 0.10080856806389885.
Training until validation scores don't improve for 10 rounds
Training until validation scores don't improve for 10 rounds
Early stopping, best iteration is:
[435]	training's rmse: 0.964256	valid_1's rmse: 0.991902
Early stopping, best iteration is:
[221]	training's rmse: 0.952377	valid_1's rmse: 0.991377
Early stopping, best iteration is:
[256]	training's rmse: 0.961421	valid_1's rmse: 0.993278
[I 2025-06-19 13:31:00,924] Trial 9 finished with value: 0.11316800918651909 and parameters: {'learning_rate': 0.017322206860127365, 'num_leaves': 228, 'min_data_in_leaf': 1033, 'lambda_l2': 0.9238156653016636, 'subsample': 0.7473214160996703, 'colsample_bytree': 0.7823612504009942}. Best is trial 5 with value: 0.11514199242296116.
Training until validation scores don't improve for 10 rounds
Training until validation scores don't improve for 10 rounds
Early stopping, best iteration is:
[633]	training's rmse: 0.946311	valid_1's rmse: 0.987726
Early stopping, best iteration is:
[355]	training's rmse: 0.97733	valid_1's rmse: 0.993802
Training until validation scores don't improve for 10 rounds
Training until validation scores don't improve for 10 rounds
Early stopping, best iteration is:
[98]	training's rmse: 0.972175	valid_1's rmse: 0.996072
Training until validation scores don't improve for 10 rounds
Early stopping, best iteration is:
[633]	training's rmse: 0.930704	valid_1's rmse: 0.990545
Training until validation scores don't improve for 10 rounds
Early stopping, best iteration is:
[450]	training's rmse: 0.954873	valid_1's rmse: 0.99136
Early stopping, best iteration is:
[585]	training's rmse: 0.95712	valid_1's rmse: 0.992897
[I 2025-06-19 13:33:45,748] Trial 12 finished with value: 0.10470181399049179 and parameters: {'learning_rate': 0.010260946136682977, 'num_leaves': 1974, 'min_data_in_leaf': 1657, 'lambda_l2': 0.7879854537415352, 'subsample': 0.617696091432774, 'colsample_bytree': 0.6529298872452167}. Best is trial 10 with value: 0.10532221307082346.
Training until validation scores don't improve for 10 rounds
Training until validation scores don't improve for 10 rounds
Training until validation scores don't improve for 10 rounds
Early stopping, best iteration is:
[732]	training's rmse: 0.961676	valid_1's rmse: 0.992414
Early stopping, best iteration is:
[263]	training's rmse: 0.94973	valid_1's rmse: 0.992867
[I 2025-06-19 13:35:27,938] Trial 7 finished with value: 0.10539123670844447 and parameters: {'learning_rate': 0.018700473260361276, 'num_leaves': 917, 'min_data_in_leaf': 1019, 'lambda_l2': 0.45938940035811704, 'subsample': 0.7776973400889539, 'colsample_bytree': 0.7447957913064056}. Best is trial 2 with value: 0.10625333356377972.
Early stopping, best iteration is:
[196]	training's rmse: 0.9766	valid_1's rmse: 0.993291
Training until validation scores don't improve for 10 rounds
Early stopping, best iteration is:
[673]	training's rmse: 0.95449	valid_1's rmse: 0.99178
Early stopping, best iteration is:
[472]	training's rmse: 0.953606	valid_1's rmse: 0.989473
Training until validation scores don't improve for 10 rounds
Training until validation scores don't improve for 10 rounds
Training until validation scores don't improve for 10 rounds
Training until validation scores don't improve for 10 rounds
Early stopping, best iteration is:
[553]	training's rmse: 0.934565	valid_1's rmse: 0.991854
Early stopping, best iteration is:
[211]	training's rmse: 0.970752	valid_1's rmse: 0.992688
Early stopping, best iteration is:
[146]	training's rmse: 0.9819	valid_1's rmse: 0.995118
Early stopping, best iteration is:
[450]	training's rmse: 0.972954	valid_1's rmse: 0.99437
Training until validation scores don't improve for 10 rounds
Training until validation scores don't improve for 10 rounds
Training until validation scores don't improve for 10 rounds
Early stopping, best iteration is:
[493]	training's rmse: 0.951722	valid_1's rmse: 0.989539
[I 2025-06-19 13:38:59,918] Trial 9 finished with value: 0.12896726648230405 and parameters: {'learning_rate': 0.013353084039700334, 'num_leaves': 587, 'min_data_in_leaf': 1332, 'lambda_l2': 0.9258415621462353, 'subsample': 0.6256936646426613, 'colsample_bytree': 0.6509806702159939}. Best is trial 9 with value: 0.12896726648230405.
Training until validation scores don't improve for 10 rounds
Training until validation scores don't improve for 10 rounds
Early stopping, best iteration is:
[364]	training's rmse: 0.959608	valid_1's rmse: 0.991246
Early stopping, best iteration is:
[568]	training's rmse: 0.958949	valid_1's rmse: 0.991493
Early stopping, best iteration is:
[464]	training's rmse: 0.963375	valid_1's rmse: 0.991849
Early stopping, best iteration is:
[479]	training's rmse: 0.973081	valid_1's rmse: 0.99328
[I 2025-06-19 13:41:09,232] Trial 10 finished with value: 0.10118111801287696 and parameters: {'learning_rate': 0.0056778600071945564, 'num_leaves': 229, 'min_data_in_leaf': 1101, 'lambda_l2': 0.967589036468189, 'subsample': 0.892923075447223, 'colsample_bytree': 0.8449607958144776}. Best is trial 10 with value: 0.10118111801287696.
Early stopping, best iteration is:
[680]	training's rmse: 0.929859	valid_1's rmse: 0.990859
[I 2025-06-19 13:41:37,663] Trial 12 finished with value: 0.11814453266981571 and parameters: {'learning_rate': 0.0076634003759050795, 'num_leaves': 582, 'min_data_in_leaf': 411, 'lambda_l2': 0.5258559770952134, 'subsample': 0.9925839759739074, 'colsample_bytree': 0.5224426678063087}. Best is trial 11 with value: 0.11936504261646605.
Training until validation scores don't improve for 10 rounds
Did not meet early stopping. Best iteration is:
[1000]	training's rmse: 0.963341	valid_1's rmse: 0.988369
Training until validation scores don't improve for 10 rounds
Training until validation scores don't improve for 10 rounds
Early stopping, best iteration is:
[269]	training's rmse: 0.955082	valid_1's rmse: 0.991863
Early stopping, best iteration is:
[328]	training's rmse: 0.978719	valid_1's rmse: 0.993818
Training until validation scores don't improve for 10 rounds
Training until validation scores don't improve for 10 rounds
Training until validation scores don't improve for 10 rounds
Training until validation scores don't improve for 10 rounds
Training until validation scores don't improve for 10 rounds
Early stopping, best iteration is:
[476]	training's rmse: 0.962926	valid_1's rmse: 0.99134
Early stopping, best iteration is:
[151]	training's rmse: 0.976903	valid_1's rmse: 0.996106
Training until validation scores don't improve for 10 rounds
Training until validation scores don't improve for 10 rounds
Early stopping, best iteration is:
[480]	training's rmse: 0.961394	valid_1's rmse: 0.993044
