[I 2025-06-21 09:23:52,547] Trial 18 finished with value: 0.514343641617383 and parameters: {'learning_rate': 0.02102598472549076, 'num_leaves': 1070, 'min_data_in_leaf': 1101, 'lambda_l2': 0.6676429914042961, 'subsample': 0.9353549945840801, 'colsample_bytree': 0.5680530816844515}. Best is trial 9 with value: 0.5154970124419986.
Early stopping, best iteration is:
[31]	training's ndcg@1000: 0.54047	valid_1's ndcg@1000: 0.529229
Training until validation scores don't improve for 10 rounds
Training until validation scores don't improve for 10 rounds
Training until validation scores don't improve for 10 rounds
Training until validation scores don't improve for 10 rounds
Training until validation scores don't improve for 10 rounds
Training until validation scores don't improve for 10 rounds
Early stopping, best iteration is:
[9]	training's ndcg@1000: 0.512579	valid_1's ndcg@1000: 0.479914
Early stopping, best iteration is:
[28]	training's ndcg@1000: 0.567253	valid_1's ndcg@1000: 0.485698
Early stopping, best iteration is:
[26]	training's ndcg@1000: 0.531609	valid_1's ndcg@1000: 0.488178
Early stopping, best iteration is:
[38]	training's ndcg@1000: 0.550765	valid_1's ndcg@1000: 0.507238
Early stopping, best iteration is:
[142]	training's ndcg@1000: 0.63821	valid_1's ndcg@1000: 0.501125
Early stopping, best iteration is:
[61]	training's ndcg@1000: 0.571435	valid_1's ndcg@1000: 0.522939
Training until validation scores don't improve for 10 rounds
Training until validation scores don't improve for 10 rounds
Training until validation scores don't improve for 10 rounds
Training until validation scores don't improve for 10 rounds
Training until validation scores don't improve for 10 rounds
Early stopping, best iteration is:
[52]	training's ndcg@1000: 0.522738	valid_1's ndcg@1000: 0.482679
Training until validation scores don't improve for 10 rounds
Early stopping, best iteration is:
[25]	training's ndcg@1000: 0.561342	valid_1's ndcg@1000: 0.493797
Early stopping, best iteration is:
[40]	training's ndcg@1000: 0.53517	valid_1's ndcg@1000: 0.489105
Early stopping, best iteration is:
[70]	training's ndcg@1000: 0.562757	valid_1's ndcg@1000: 0.497198
[I 2025-06-21 09:25:24,816] Trial 17 finished with value: 0.5432692497742997 and parameters: {'learning_rate': 0.014166220334589232, 'num_leaves': 470, 'min_data_in_leaf': 1039, 'lambda_l2': 0.6097398550897966, 'subsample': 0.9440429182073466, 'colsample_bytree': 0.532890001931922}. Best is trial 0 with value: 0.5528159803430056.
Early stopping, best iteration is:
[34]	training's ndcg@1000: 0.55954	valid_1's ndcg@1000: 0.4991
[I 2025-06-21 09:25:31,026] Trial 17 finished with value: 0.5370653736933262 and parameters: {'learning_rate': 0.027197127573905112, 'num_leaves': 779, 'min_data_in_leaf': 1208, 'lambda_l2': 0.2016332825770205, 'subsample': 0.6354734855074192, 'colsample_bytree': 0.6146068006935904}. Best is trial 5 with value: 0.5374882433438216.
Early stopping, best iteration is:
[58]	training's ndcg@1000: 0.595051	valid_1's ndcg@1000: 0.487334
Training until validation scores don't improve for 10 rounds
Training until validation scores don't improve for 10 rounds
Training until validation scores don't improve for 10 rounds
Training until validation scores don't improve for 10 rounds
Early stopping, best iteration is:
[57]	training's ndcg@1000: 0.523324	valid_1's ndcg@1000: 0.483195
Early stopping, best iteration is:
[21]	training's ndcg@1000: 0.561022	valid_1's ndcg@1000: 0.487988
[I 2025-06-21 09:26:02,867] Trial 18 finished with value: 0.5386874919176201 and parameters: {'learning_rate': 0.013420907470668885, 'num_leaves': 594, 'min_data_in_leaf': 922, 'lambda_l2': 0.146928272113115, 'subsample': 0.7524520704348847, 'colsample_bytree': 0.5111284309149592}. Best is trial 0 with value: 0.5442122638226504.
Training until validation scores don't improve for 10 rounds
Early stopping, best iteration is:
[57]	training's ndcg@1000: 0.539025	valid_1's ndcg@1000: 0.479123
[I 2025-06-21 09:26:15,758] Trial 18 finished with value: 0.5169390848983509 and parameters: {'learning_rate': 0.006213597926532695, 'num_leaves': 889, 'min_data_in_leaf': 521, 'lambda_l2': 0.6277096694854181, 'subsample': 0.8887682347021235, 'colsample_bytree': 0.7698833234610356}. Best is trial 4 with value: 0.5230962823888797.
Training until validation scores don't improve for 10 rounds
Training until validation scores don't improve for 10 rounds
Training until validation scores don't improve for 10 rounds
Early stopping, best iteration is:
[188]	training's ndcg@1000: 0.589022	valid_1's ndcg@1000: 0.535514
Early stopping, best iteration is:
[35]	training's ndcg@1000: 0.518062	valid_1's ndcg@1000: 0.470612
[I 2025-06-21 09:26:46,609] Trial 19 finished with value: 0.5098533824757379 and parameters: {'learning_rate': 0.005182758068350017, 'num_leaves': 1595, 'min_data_in_leaf': 843, 'lambda_l2': 0.6571298812924907, 'subsample': 0.7061568177142068, 'colsample_bytree': 0.8339928161502967}. Best is trial 9 with value: 0.5154970124419986.
Early stopping, best iteration is:
[237]	training's ndcg@1000: 0.603245	valid_1's ndcg@1000: 0.545175
Training until validation scores don't improve for 10 rounds
Early stopping, best iteration is:
[42]	training's ndcg@1000: 0.531239	valid_1's ndcg@1000: 0.504229
Early stopping, best iteration is:
[85]	training's ndcg@1000: 0.618962	valid_1's ndcg@1000: 0.494257
[I 2025-06-21 09:27:13,244] Trial 18 finished with value: 0.5249408632361823 and parameters: {'learning_rate': 0.023029948587489284, 'num_leaves': 850, 'min_data_in_leaf': 699, 'lambda_l2': 0.19211531810662363, 'subsample': 0.6350804385990562, 'colsample_bytree': 0.8824682912596837}. Best is trial 18 with value: 0.5249408632361823.
Training until validation scores don't improve for 10 rounds
Early stopping, best iteration is:
[125]	training's ndcg@1000: 0.673419	valid_1's ndcg@1000: 0.549782
Training until validation scores don't improve for 10 rounds
Training until validation scores don't improve for 10 rounds
Early stopping, best iteration is:
[33]	training's ndcg@1000: 0.539664	valid_1's ndcg@1000: 0.528626
Early stopping, best iteration is:
[55]	training's ndcg@1000: 0.539734	valid_1's ndcg@1000: 0.487212
Training until validation scores don't improve for 10 rounds
Early stopping, best iteration is:
[70]	training's ndcg@1000: 0.548824	valid_1's ndcg@1000: 0.507765
Training until validation scores don't improve for 10 rounds
Training until validation scores don't improve for 10 rounds
Training until validation scores don't improve for 10 rounds
Early stopping, best iteration is:
[32]	training's ndcg@1000: 0.527408	valid_1's ndcg@1000: 0.520536
Early stopping, best iteration is:
[107]	training's ndcg@1000: 0.570781	valid_1's ndcg@1000: 0.497558
Training until validation scores don't improve for 10 rounds
Early stopping, best iteration is:
[59]	training's ndcg@1000: 0.55564	valid_1's ndcg@1000: 0.508816
Early stopping, best iteration is:
[49]	training's ndcg@1000: 0.537132	valid_1's ndcg@1000: 0.485912
Training until validation scores don't improve for 10 rounds
Early stopping, best iteration is:
[84]	training's ndcg@1000: 0.638815	valid_1's ndcg@1000: 0.526601
Training until validation scores don't improve for 10 rounds
Training until validation scores don't improve for 10 rounds
Training until validation scores don't improve for 10 rounds
Early stopping, best iteration is:
[186]	training's ndcg@1000: 0.600694	valid_1's ndcg@1000: 0.500837
Training until validation scores don't improve for 10 rounds
Early stopping, best iteration is:
[32]	training's ndcg@1000: 0.535402	valid_1's ndcg@1000: 0.487857
Early stopping, best iteration is:
[55]	training's ndcg@1000: 0.557463	valid_1's ndcg@1000: 0.496452
[I 2025-06-21 09:28:57,268] Trial 18 finished with value: 0.5454988333984289 and parameters: {'learning_rate': 0.016128110676032873, 'num_leaves': 1899, 'min_data_in_leaf': 1194, 'lambda_l2': 0.6806234896801469, 'subsample': 0.8106690477106674, 'colsample_bytree': 0.6961887908333864}. Best is trial 0 with value: 0.5528159803430056.
Early stopping, best iteration is:
[47]	training's ndcg@1000: 0.53779	valid_1's ndcg@1000: 0.486679
Training until validation scores don't improve for 10 rounds
Early stopping, best iteration is:
[119]	training's ndcg@1000: 0.581188	valid_1's ndcg@1000: 0.49325
Training until validation scores don't improve for 10 rounds
Training until validation scores don't improve for 10 rounds
Training until validation scores don't improve for 10 rounds
Training until validation scores don't improve for 10 rounds
Early stopping, best iteration is:
[41]	training's ndcg@1000: 0.540945	valid_1's ndcg@1000: 0.498052
[I 2025-06-21 09:29:34,610] Trial 18 finished with value: 0.5355074457392138 and parameters: {'learning_rate': 0.020131873741553712, 'num_leaves': 295, 'min_data_in_leaf': 1442, 'lambda_l2': 0.535640331744013, 'subsample': 0.9979161715942513, 'colsample_bytree': 0.6623333531663915}. Best is trial 5 with value: 0.5374882433438216.
Training until validation scores don't improve for 10 rounds
Early stopping, best iteration is:
[146]	training's ndcg@1000: 0.694784	valid_1's ndcg@1000: 0.502369
Early stopping, best iteration is:
[56]	training's ndcg@1000: 0.547767	valid_1's ndcg@1000: 0.48781
Early stopping, best iteration is:
[110]	training's ndcg@1000: 0.570921	valid_1's ndcg@1000: 0.479706
[I 2025-06-21 09:29:56,068] Trial 20 finished with value: 0.5143431548200026 and parameters: {'learning_rate': 0.029870636014006885, 'num_leaves': 253, 'min_data_in_leaf': 1383, 'lambda_l2': 0.5222004164507911, 'subsample': 0.852529296717666, 'colsample_bytree': 0.9801372642955133}. Best is trial 9 with value: 0.5154970124419986.
Early stopping, best iteration is:
[126]	training's ndcg@1000: 0.566431	valid_1's ndcg@1000: 0.541383
Training until validation scores don't improve for 10 rounds
Early stopping, best iteration is:
[147]	training's ndcg@1000: 0.591243	valid_1's ndcg@1000: 0.485047
[I 2025-06-21 09:30:20,261] Trial 19 finished with value: 0.5214075495625481 and parameters: {'learning_rate': 0.021357610392588648, 'num_leaves': 370, 'min_data_in_leaf': 1171, 'lambda_l2': 0.5335122412723544, 'subsample': 0.6590572056341695, 'colsample_bytree': 0.8993489945035672}. Best is trial 4 with value: 0.5230962823888797.
Training until validation scores don't improve for 10 rounds
Early stopping, best iteration is:
[65]	training's ndcg@1000: 0.54095	valid_1's ndcg@1000: 0.530367
Training until validation scores don't improve for 10 rounds
Training until validation scores don't improve for 10 rounds
Training until validation scores don't improve for 10 rounds
Early stopping, best iteration is:
[49]	training's ndcg@1000: 0.533158	valid_1's ndcg@1000: 0.489525
Early stopping, best iteration is:
[51]	training's ndcg@1000: 0.612429	valid_1's ndcg@1000: 0.489348
[I 2025-06-21 09:30:44,165] Trial 19 finished with value: 0.5436740021980073 and parameters: {'learning_rate': 0.027618935556478288, 'num_leaves': 1613, 'min_data_in_leaf': 683, 'lambda_l2': 0.15110510566723945, 'subsample': 0.8129069463755626, 'colsample_bytree': 0.6850960180652124}. Best is trial 0 with value: 0.5442122638226504.
Early stopping, best iteration is:
[82]	training's ndcg@1000: 0.557322	valid_1's ndcg@1000: 0.531923
Early stopping, best iteration is:
[80]	training's ndcg@1000: 0.558842	valid_1's ndcg@1000: 0.492968
[I 2025-06-21 09:30:51,705] Trial 19 finished with value: 0.522992764546115 and parameters: {'learning_rate': 0.022905346748393732, 'num_leaves': 1552, 'min_data_in_leaf': 1946, 'lambda_l2': 0.2398384100107046, 'subsample': 0.9329736918784152, 'colsample_bytree': 0.7861517499988236}. Best is trial 18 with value: 0.5249408632361823.
Training until validation scores don't improve for 10 rounds
Training until validation scores don't improve for 10 rounds
Early stopping, best iteration is:
[29]	training's ndcg@1000: 0.535192	valid_1's ndcg@1000: 0.506038
Training until validation scores don't improve for 10 rounds
Training until validation scores don't improve for 10 rounds
Training until validation scores don't improve for 10 rounds
Early stopping, best iteration is:
[50]	training's ndcg@1000: 0.536195	valid_1's ndcg@1000: 0.486651
Early stopping, best iteration is:
[99]	training's ndcg@1000: 0.594253	valid_1's ndcg@1000: 0.509174
Training until validation scores don't improve for 10 rounds
Training until validation scores don't improve for 10 rounds
Early stopping, best iteration is:
[102]	training's ndcg@1000: 0.577099	valid_1's ndcg@1000: 0.548864
Early stopping, best iteration is:
[26]	training's ndcg@1000: 0.541019	valid_1's ndcg@1000: 0.494503
Training until validation scores don't improve for 10 rounds
Training until validation scores don't improve for 10 rounds
Early stopping, best iteration is:
[210]	training's ndcg@1000: 0.606673	valid_1's ndcg@1000: 0.515415
Early stopping, best iteration is:
[47]	training's ndcg@1000: 0.53672	valid_1's ndcg@1000: 0.48767
Training until validation scores don't improve for 10 rounds
Early stopping, best iteration is:
[84]	training's ndcg@1000: 0.619864	valid_1's ndcg@1000: 0.523439
Training until validation scores don't improve for 10 rounds
Early stopping, best iteration is:
[14]	training's ndcg@1000: 0.531458	valid_1's ndcg@1000: 0.496303
[I 2025-06-21 09:32:24,740] Trial 19 finished with value: 0.5317229583463597 and parameters: {'learning_rate': 0.018064199185625514, 'num_leaves': 1337, 'min_data_in_leaf': 1558, 'lambda_l2': 0.38606008483456755, 'subsample': 0.8065152579965706, 'colsample_bytree': 0.6664668356805631}. Best is trial 5 with value: 0.5374882433438216.
Early stopping, best iteration is:
[93]	training's ndcg@1000: 0.592382	valid_1's ndcg@1000: 0.49716
Training until validation scores don't improve for 10 rounds
Training until validation scores don't improve for 10 rounds
Early stopping, best iteration is:
[165]	training's ndcg@1000: 0.61835	valid_1's ndcg@1000: 0.526993
Early stopping, best iteration is:
[62]	training's ndcg@1000: 0.56142	valid_1's ndcg@1000: 0.497235
[I 2025-06-21 09:32:53,474] Trial 19 finished with value: 0.5471234000068265 and parameters: {'learning_rate': 0.01388629925682179, 'num_leaves': 1367, 'min_data_in_leaf': 1312, 'lambda_l2': 0.43285910597865374, 'subsample': 0.7969462918206864, 'colsample_bytree': 0.9136422968639903}. Best is trial 0 with value: 0.5528159803430056.
Training until validation scores don't improve for 10 rounds
Training until validation scores don't improve for 10 rounds
Training until validation scores don't improve for 10 rounds
Early stopping, best iteration is:
[127]	training's ndcg@1000: 0.563194	valid_1's ndcg@1000: 0.481855
[I 2025-06-21 09:33:12,820] Trial 21 finished with value: 0.514743382329676 and parameters: {'learning_rate': 0.017358828941313225, 'num_leaves': 263, 'min_data_in_leaf': 1943, 'lambda_l2': 0.027094502133112985, 'subsample': 0.7130975781268443, 'colsample_bytree': 0.6412106427989431}. Best is trial 9 with value: 0.5154970124419986.
Early stopping, best iteration is:
[26]	training's ndcg@1000: 0.570103	valid_1's ndcg@1000: 0.485355
Training until validation scores don't improve for 10 rounds
Early stopping, best iteration is:
[40]	training's ndcg@1000: 0.642981	valid_1's ndcg@1000: 0.530256
Training until validation scores don't improve for 10 rounds
Early stopping, best iteration is:
[97]	training's ndcg@1000: 0.598778	valid_1's ndcg@1000: 0.495626
Early stopping, best iteration is:
[125]	training's ndcg@1000: 0.604416	valid_1's ndcg@1000: 0.500971
Training until validation scores don't improve for 10 rounds
Training until validation scores don't improve for 10 rounds
Training until validation scores don't improve for 10 rounds
Early stopping, best iteration is:
[16]	training's ndcg@1000: 0.560768	valid_1's ndcg@1000: 0.484566
Training until validation scores don't improve for 10 rounds
Early stopping, best iteration is:
[96]	training's ndcg@1000: 0.60782	valid_1's ndcg@1000: 0.49209
Training until validation scores don't improve for 10 rounds
Early stopping, best iteration is:
[162]	training's ndcg@1000: 0.671741	valid_1's ndcg@1000: 0.546261
Early stopping, best iteration is:
[33]	training's ndcg@1000: 0.549763	valid_1's ndcg@1000: 0.488712
[I 2025-06-21 09:34:31,066] Trial 20 finished with value: 0.542550137013282 and parameters: {'learning_rate': 0.02978875526841, 'num_leaves': 1591, 'min_data_in_leaf': 1381, 'lambda_l2': 0.6764490279274815, 'subsample': 0.9014308303214662, 'colsample_bytree': 0.8739016966171127}. Best is trial 0 with value: 0.5442122638226504.
Early stopping, best iteration is:
[97]	training's ndcg@1000: 0.594054	valid_1's ndcg@1000: 0.48494
[I 2025-06-21 09:34:36,928] Trial 20 finished with value: 0.5229378569237663 and parameters: {'learning_rate': 0.024165240463489543, 'num_leaves': 1523, 'min_data_in_leaf': 835, 'lambda_l2': 0.3477028553474794, 'subsample': 0.7801915913500055, 'colsample_bytree': 0.5310646165608458}. Best is trial 4 with value: 0.5230962823888797.
Training until validation scores don't improve for 10 rounds
Training until validation scores don't improve for 10 rounds
Training until validation scores don't improve for 10 rounds
Early stopping, best iteration is:
[29]	training's ndcg@1000: 0.573926	valid_1's ndcg@1000: 0.491461
[I 2025-06-21 09:35:05,037] Trial 20 finished with value: 0.5235634088738781 and parameters: {'learning_rate': 0.023718317358462963, 'num_leaves': 1139, 'min_data_in_leaf': 706, 'lambda_l2': 0.15327252095167063, 'subsample': 0.6670403176733128, 'colsample_bytree': 0.8967301528029574}. Best is trial 18 with value: 0.5249408632361823.
Early stopping, best iteration is:
[99]	training's ndcg@1000: 0.721612	valid_1's ndcg@1000: 0.51069
Training until validation scores don't improve for 10 rounds
Early stopping, best iteration is:
[53]	training's ndcg@1000: 0.579043	valid_1's ndcg@1000: 0.487138
Training until validation scores don't improve for 10 rounds
Early stopping, best iteration is:
[50]	training's ndcg@1000: 0.553319	valid_1's ndcg@1000: 0.507165
Early stopping, best iteration is:
[146]	training's ndcg@1000: 0.582076	valid_1's ndcg@1000: 0.55011
Training until validation scores don't improve for 10 rounds
Training until validation scores don't improve for 10 rounds
Training until validation scores don't improve for 10 rounds
Early stopping, best iteration is:
[146]	training's ndcg@1000: 0.667129	valid_1's ndcg@1000: 0.53941
Early stopping, best iteration is:
[25]	training's ndcg@1000: 0.557749	valid_1's ndcg@1000: 0.486856
Training until validation scores don't improve for 10 rounds
Training until validation scores don't improve for 10 rounds
Early stopping, best iteration is:
[47]	training's ndcg@1000: 0.665639	valid_1's ndcg@1000: 0.497139
Early stopping, best iteration is:
[72]	training's ndcg@1000: 0.593241	valid_1's ndcg@1000: 0.523294
Training until validation scores don't improve for 10 rounds
Early stopping, best iteration is:
[161]	training's ndcg@1000: 0.596349	valid_1's ndcg@1000: 0.527676
Early stopping, best iteration is:
[92]	training's ndcg@1000: 0.591148	valid_1's ndcg@1000: 0.498095
Training until validation scores don't improve for 10 rounds
Training until validation scores don't improve for 10 rounds
Training until validation scores don't improve for 10 rounds
Training until validation scores don't improve for 10 rounds
Early stopping, best iteration is:
[88]	training's ndcg@1000: 0.600801	valid_1's ndcg@1000: 0.479605
[I 2025-06-21 09:37:05,177] Trial 22 finished with value: 0.5156399944783088 and parameters: {'learning_rate': 0.02019197395221296, 'num_leaves': 1385, 'min_data_in_leaf': 699, 'lambda_l2': 0.17078433098213458, 'subsample': 0.8366290840160626, 'colsample_bytree': 0.6477286455787858}. Best is trial 22 with value: 0.5156399944783088.
Training until validation scores don't improve for 10 rounds
Early stopping, best iteration is:
[30]	training's ndcg@1000: 0.56412	valid_1's ndcg@1000: 0.484028
Early stopping, best iteration is:
[148]	training's ndcg@1000: 0.673674	valid_1's ndcg@1000: 0.517278
Early stopping, best iteration is:
[49]	training's ndcg@1000: 0.559247	valid_1's ndcg@1000: 0.49352
Early stopping, best iteration is:
[129]	training's ndcg@1000: 0.58788	valid_1's ndcg@1000: 0.499555
Early stopping, best iteration is:
[64]	training's ndcg@1000: 0.683655	valid_1's ndcg@1000: 0.500973
[I 2025-06-21 09:37:38,189] Trial 20 finished with value: 0.5366722258989738 and parameters: {'learning_rate': 0.02587052975351947, 'num_leaves': 1174, 'min_data_in_leaf': 401, 'lambda_l2': 0.046353795985288354, 'subsample': 0.7508319269820833, 'colsample_bytree': 0.781417610365466}. Best is trial 5 with value: 0.5374882433438216.
Training until validation scores don't improve for 10 rounds
Early stopping, best iteration is:
[38]	training's ndcg@1000: 0.56211	valid_1's ndcg@1000: 0.488722
Training until validation scores don't improve for 10 rounds
Training until validation scores don't improve for 10 rounds
Training until validation scores don't improve for 10 rounds
Training until validation scores don't improve for 10 rounds
Training until validation scores don't improve for 10 rounds
Early stopping, best iteration is:
[76]	training's ndcg@1000: 0.563262	valid_1's ndcg@1000: 0.489783
[I 2025-06-21 09:38:16,001] Trial 21 finished with value: 0.5426471821728384 and parameters: {'learning_rate': 0.028126661191153216, 'num_leaves': 247, 'min_data_in_leaf': 1998, 'lambda_l2': 0.6348252308900623, 'subsample': 0.9051921794182813, 'colsample_bytree': 0.8061509689719143}. Best is trial 0 with value: 0.5442122638226504.
Early stopping, best iteration is:
[80]	training's ndcg@1000: 0.58128	valid_1's ndcg@1000: 0.484152
