[I 2025-06-21 14:47:50,300] Trial 20 finished with value: 0.5206954487703886 and parameters: {'learning_rate': 0.02043507012302295, 'num_leaves': 1032, 'min_data_in_leaf': 1976, 'lambda_l2': 0.7524954126269618, 'subsample': 0.7680542508232949, 'colsample_bytree': 0.6271178993926789}. Best is trial 19 with value: 0.5256625571645875.
Training until validation scores don't improve for 10 rounds
Training until validation scores don't improve for 10 rounds
Training until validation scores don't improve for 10 rounds
Early stopping, best iteration is:
[45]	training's ndcg@1000: 0.536019	valid_1's ndcg@1000: 0.492148
Training until validation scores don't improve for 10 rounds
Training until validation scores don't improve for 10 rounds
Early stopping, best iteration is:
[170]	training's ndcg@1000: 0.615706	valid_1's ndcg@1000: 0.536781
Early stopping, best iteration is:
[71]	training's ndcg@1000: 0.525354	valid_1's ndcg@1000: 0.485421
Early stopping, best iteration is:
[162]	training's ndcg@1000: 0.627089	valid_1's ndcg@1000: 0.502582
[I 2025-06-21 14:48:40,350] Trial 21 finished with value: 0.5525391568813623 and parameters: {'learning_rate': 0.028581922671504903, 'num_leaves': 488, 'min_data_in_leaf': 1792, 'lambda_l2': 0.4011256956927015, 'subsample': 0.6297243488363872, 'colsample_bytree': 0.9566811064466313}. Best is trial 14 with value: 0.5525900785421649.
Early stopping, best iteration is:
[130]	training's ndcg@1000: 0.580282	valid_1's ndcg@1000: 0.524247
Early stopping, best iteration is:
[83]	training's ndcg@1000: 0.548814	valid_1's ndcg@1000: 0.522328
Training until validation scores don't improve for 10 rounds
Training until validation scores don't improve for 10 rounds
Training until validation scores don't improve for 10 rounds
Early stopping, best iteration is:
[31]	training's ndcg@1000: 0.547872	valid_1's ndcg@1000: 0.507321
Early stopping, best iteration is:
[91]	training's ndcg@1000: 0.5618	valid_1's ndcg@1000: 0.484514
Training until validation scores don't improve for 10 rounds
[I 2025-06-21 14:49:15,925] Trial 21 finished with value: 0.5216873944318426 and parameters: {'learning_rate': 0.026506129320202004, 'num_leaves': 736, 'min_data_in_leaf': 1597, 'lambda_l2': 0.5782738468161303, 'subsample': 0.9953068049796834, 'colsample_bytree': 0.7316859222937799}. Best is trial 11 with value: 0.5225841810537267.
Training until validation scores don't improve for 10 rounds
Early stopping, best iteration is:
[42]	training's ndcg@1000: 0.533074	valid_1's ndcg@1000: 0.535637
Early stopping, best iteration is:
[41]	training's ndcg@1000: 0.520669	valid_1's ndcg@1000: 0.484246
Training until validation scores don't improve for 10 rounds
Early stopping, best iteration is:
[55]	training's ndcg@1000: 0.545968	valid_1's ndcg@1000: 0.486416
Training until validation scores don't improve for 10 rounds
Training until validation scores don't improve for 10 rounds
Training until validation scores don't improve for 10 rounds
Early stopping, best iteration is:
[178]	training's ndcg@1000: 0.604066	valid_1's ndcg@1000: 0.49982
Training until validation scores don't improve for 10 rounds
Early stopping, best iteration is:
[10]	training's ndcg@1000: 0.51473	valid_1's ndcg@1000: 0.47193
[I 2025-06-21 14:50:04,216] Trial 23 finished with value: 0.510379831906812 and parameters: {'learning_rate': 0.008502953055436203, 'num_leaves': 708, 'min_data_in_leaf': 718, 'lambda_l2': 0.9343666055931601, 'subsample': 0.9996977372163656, 'colsample_bytree': 0.551807593799537}. Best is trial 6 with value: 0.5168964705489263.
Early stopping, best iteration is:
[60]	training's ndcg@1000: 0.540918	valid_1's ndcg@1000: 0.529184
Early stopping, best iteration is:
[81]	training's ndcg@1000: 0.560922	valid_1's ndcg@1000: 0.507878
Early stopping, best iteration is:
[111]	training's ndcg@1000: 0.596054	valid_1's ndcg@1000: 0.49959
Training until validation scores don't improve for 10 rounds
Training until validation scores don't improve for 10 rounds
Early stopping, best iteration is:
[32]	training's ndcg@1000: 0.536585	valid_1's ndcg@1000: 0.485519
Training until validation scores don't improve for 10 rounds
Training until validation scores don't improve for 10 rounds
Training until validation scores don't improve for 10 rounds
Early stopping, best iteration is:
[59]	training's ndcg@1000: 0.560636	valid_1's ndcg@1000: 0.48973
[I 2025-06-21 14:50:50,432] Trial 21 finished with value: 0.5406655561847042 and parameters: {'learning_rate': 0.014922318049422678, 'num_leaves': 1763, 'min_data_in_leaf': 1299, 'lambda_l2': 0.28691279677102177, 'subsample': 0.7043953575175347, 'colsample_bytree': 0.8988035904841452}. Best is trial 4 with value: 0.5452967307296768.
Training until validation scores don't improve for 10 rounds
Early stopping, best iteration is:
[74]	training's ndcg@1000: 0.551292	valid_1's ndcg@1000: 0.507297
Early stopping, best iteration is:
[57]	training's ndcg@1000: 0.548646	valid_1's ndcg@1000: 0.496013
Early stopping, best iteration is:
[111]	training's ndcg@1000: 0.550261	valid_1's ndcg@1000: 0.489758
Early stopping, best iteration is:
[79]	training's ndcg@1000: 0.576691	valid_1's ndcg@1000: 0.50059
[I 2025-06-21 14:51:14,118] Trial 22 finished with value: 0.5362012638397085 and parameters: {'learning_rate': 0.02208743769675903, 'num_leaves': 1739, 'min_data_in_leaf': 1860, 'lambda_l2': 0.019629645490310876, 'subsample': 0.8897943299953395, 'colsample_bytree': 0.8232407381581494}. Best is trial 13 with value: 0.5368769613001092.
Training until validation scores don't improve for 10 rounds
Training until validation scores don't improve for 10 rounds
Training until validation scores don't improve for 10 rounds
Training until validation scores don't improve for 10 rounds
Training until validation scores don't improve for 10 rounds
Early stopping, best iteration is:
[48]	training's ndcg@1000: 0.545185	valid_1's ndcg@1000: 0.491817
Early stopping, best iteration is:
[89]	training's ndcg@1000: 0.545645	valid_1's ndcg@1000: 0.546142
Early stopping, best iteration is:
[18]	training's ndcg@1000: 0.520581	valid_1's ndcg@1000: 0.484561
Early stopping, best iteration is:
[80]	training's ndcg@1000: 0.555399	valid_1's ndcg@1000: 0.496286
[I 2025-06-21 14:51:45,913] Trial 22 finished with value: 0.5424911341925536 and parameters: {'learning_rate': 0.00825731627438465, 'num_leaves': 1558, 'min_data_in_leaf': 863, 'lambda_l2': 0.8289557497742062, 'subsample': 0.7431390661981562, 'colsample_bytree': 0.5439393281071618}. Best is trial 14 with value: 0.5525900785421649.
Training until validation scores don't improve for 10 rounds
Early stopping, best iteration is:
[115]	training's ndcg@1000: 0.567555	valid_1's ndcg@1000: 0.493158
[I 2025-06-21 14:51:53,287] Trial 21 finished with value: 0.5228862600225865 and parameters: {'learning_rate': 0.014883041758768482, 'num_leaves': 1806, 'min_data_in_leaf': 1342, 'lambda_l2': 0.30497094924585266, 'subsample': 0.9335050467061076, 'colsample_bytree': 0.8618413423277549}. Best is trial 19 with value: 0.5256625571645875.
Training until validation scores don't improve for 10 rounds
Training until validation scores don't improve for 10 rounds
Training until validation scores don't improve for 10 rounds
Training until validation scores don't improve for 10 rounds
Early stopping, best iteration is:
[160]	training's ndcg@1000: 0.598439	valid_1's ndcg@1000: 0.535218
Training until validation scores don't improve for 10 rounds
Early stopping, best iteration is:
[54]	training's ndcg@1000: 0.533481	valid_1's ndcg@1000: 0.485852
Early stopping, best iteration is:
[70]	training's ndcg@1000: 0.534677	valid_1's ndcg@1000: 0.537286
Early stopping, best iteration is:
[39]	training's ndcg@1000: 0.521176	valid_1's ndcg@1000: 0.518249
Early stopping, best iteration is:
[106]	training's ndcg@1000: 0.578666	valid_1's ndcg@1000: 0.484328
[I 2025-06-21 14:52:44,533] Trial 22 finished with value: 0.5212505229894802 and parameters: {'learning_rate': 0.02555885216736075, 'num_leaves': 1953, 'min_data_in_leaf': 1646, 'lambda_l2': 0.307910180697071, 'subsample': 0.7691907124865944, 'colsample_bytree': 0.7520439522363169}. Best is trial 11 with value: 0.5225841810537267.
Early stopping, best iteration is:
[150]	training's ndcg@1000: 0.570039	valid_1's ndcg@1000: 0.524868
Training until validation scores don't improve for 10 rounds
Training until validation scores don't improve for 10 rounds
Training until validation scores don't improve for 10 rounds
Early stopping, best iteration is:
[40]	training's ndcg@1000: 0.537582	valid_1's ndcg@1000: 0.528794
Training until validation scores don't improve for 10 rounds
Training until validation scores don't improve for 10 rounds
Training until validation scores don't improve for 10 rounds
Early stopping, best iteration is:
[36]	training's ndcg@1000: 0.529455	valid_1's ndcg@1000: 0.488329
Early stopping, best iteration is:
[30]	training's ndcg@1000: 0.546271	valid_1's ndcg@1000: 0.492914
Early stopping, best iteration is:
[129]	training's ndcg@1000: 0.552844	valid_1's ndcg@1000: 0.479491
[I 2025-06-21 14:53:36,293] Trial 24 finished with value: 0.5140753596152431 and parameters: {'learning_rate': 0.014376893892089133, 'num_leaves': 217, 'min_data_in_leaf': 660, 'lambda_l2': 0.11127703020598512, 'subsample': 0.7761451086948654, 'colsample_bytree': 0.957334718117171}. Best is trial 6 with value: 0.5168964705489263.
Early stopping, best iteration is:
[201]	training's ndcg@1000: 0.621695	valid_1's ndcg@1000: 0.512163
Training until validation scores don't improve for 10 rounds
Early stopping, best iteration is:
[64]	training's ndcg@1000: 0.607529	valid_1's ndcg@1000: 0.50648
Early stopping, best iteration is:
[88]	training's ndcg@1000: 0.552216	valid_1's ndcg@1000: 0.508439
Training until validation scores don't improve for 10 rounds
Training until validation scores don't improve for 10 rounds
Training until validation scores don't improve for 10 rounds
Early stopping, best iteration is:
[41]	training's ndcg@1000: 0.551073	valid_1's ndcg@1000: 0.489328
[I 2025-06-21 14:54:12,657] Trial 22 finished with value: 0.5387485778192138 and parameters: {'learning_rate': 0.01083116903194392, 'num_leaves': 1494, 'min_data_in_leaf': 1869, 'lambda_l2': 0.07998795462542396, 'subsample': 0.923218486541709, 'colsample_bytree': 0.7994336486047211}. Best is trial 4 with value: 0.5452967307296768.
Training until validation scores don't improve for 10 rounds
Early stopping, best iteration is:
[62]	training's ndcg@1000: 0.514311	valid_1's ndcg@1000: 0.484532
Early stopping, best iteration is:
[72]	training's ndcg@1000: 0.537555	valid_1's ndcg@1000: 0.486428
Training until validation scores don't improve for 10 rounds
Early stopping, best iteration is:
[63]	training's ndcg@1000: 0.559417	valid_1's ndcg@1000: 0.495906
Training until validation scores don't improve for 10 rounds
Early stopping, best iteration is:
[36]	training's ndcg@1000: 0.547193	valid_1's ndcg@1000: 0.49371
[I 2025-06-21 14:54:41,462] Trial 23 finished with value: 0.5427664823548707 and parameters: {'learning_rate': 0.010059905078836515, 'num_leaves': 247, 'min_data_in_leaf': 461, 'lambda_l2': 0.7177023779056211, 'subsample': 0.9287513868482294, 'colsample_bytree': 0.5166712912046278}. Best is trial 14 with value: 0.5525900785421649.
Training until validation scores don't improve for 10 rounds
Training until validation scores don't improve for 10 rounds
Early stopping, best iteration is:
[34]	training's ndcg@1000: 0.544046	valid_1's ndcg@1000: 0.543493
Training until validation scores don't improve for 10 rounds
Early stopping, best iteration is:
[66]	training's ndcg@1000: 0.612009	valid_1's ndcg@1000: 0.496145
Early stopping, best iteration is:
[73]	training's ndcg@1000: 0.519295	valid_1's ndcg@1000: 0.48568
Training until validation scores don't improve for 10 rounds
Early stopping, best iteration is:
[44]	training's ndcg@1000: 0.530044	valid_1's ndcg@1000: 0.488954
[I 2025-06-21 14:55:10,912] Trial 22 finished with value: 0.5210555648260726 and parameters: {'learning_rate': 0.013488493165555362, 'num_leaves': 732, 'min_data_in_leaf': 1331, 'lambda_l2': 0.6401205600068879, 'subsample': 0.7710203346227816, 'colsample_bytree': 0.6629484461314308}. Best is trial 19 with value: 0.5256625571645875.
Training until validation scores don't improve for 10 rounds
Training until validation scores don't improve for 10 rounds
Training until validation scores don't improve for 10 rounds
Early stopping, best iteration is:
[130]	training's ndcg@1000: 0.592565	valid_1's ndcg@1000: 0.501391
[I 2025-06-21 14:55:39,949] Trial 23 finished with value: 0.5370032470095417 and parameters: {'learning_rate': 0.0259235961461698, 'num_leaves': 1619, 'min_data_in_leaf': 1220, 'lambda_l2': 0.8207943434077803, 'subsample': 0.8126676621523042, 'colsample_bytree': 0.9407034376796781}. Best is trial 23 with value: 0.5370032470095417.
Training until validation scores don't improve for 10 rounds
Early stopping, best iteration is:
[46]	training's ndcg@1000: 0.559525	valid_1's ndcg@1000: 0.518835
Training until validation scores don't improve for 10 rounds
Early stopping, best iteration is:
[156]	training's ndcg@1000: 0.629353	valid_1's ndcg@1000: 0.545365
Early stopping, best iteration is:
[90]	training's ndcg@1000: 0.52525	valid_1's ndcg@1000: 0.485217
Early stopping, best iteration is:
[77]	training's ndcg@1000: 0.626764	valid_1's ndcg@1000: 0.493773
Training until validation scores don't improve for 10 rounds
Early stopping, best iteration is:
[62]	training's ndcg@1000: 0.572164	valid_1's ndcg@1000: 0.5232
Training until validation scores don't improve for 10 rounds
Training until validation scores don't improve for 10 rounds
Early stopping, best iteration is:
[33]	training's ndcg@1000: 0.555102	valid_1's ndcg@1000: 0.532027
Training until validation scores don't improve for 10 rounds
Early stopping, best iteration is:
[58]	training's ndcg@1000: 0.611203	valid_1's ndcg@1000: 0.53365
Training until validation scores don't improve for 10 rounds
Training until validation scores don't improve for 10 rounds
Training until validation scores don't improve for 10 rounds
Early stopping, best iteration is:
[47]	training's ndcg@1000: 0.570003	valid_1's ndcg@1000: 0.488535
Early stopping, best iteration is:
[55]	training's ndcg@1000: 0.603629	valid_1's ndcg@1000: 0.483722
[I 2025-06-21 14:57:17,703] Trial 23 finished with value: 0.5223969408266544 and parameters: {'learning_rate': 0.02010843237079219, 'num_leaves': 1261, 'min_data_in_leaf': 809, 'lambda_l2': 0.021177108393323096, 'subsample': 0.9800460615057446, 'colsample_bytree': 0.9013565546716457}. Best is trial 11 with value: 0.5225841810537267.
Training until validation scores don't improve for 10 rounds
Early stopping, best iteration is:
[297]	training's ndcg@1000: 0.574288	valid_1's ndcg@1000: 0.480417
[I 2025-06-21 14:57:30,249] Trial 25 finished with value: 0.5133132221491692 and parameters: {'learning_rate': 0.013586110514934496, 'num_leaves': 705, 'min_data_in_leaf': 1906, 'lambda_l2': 0.8605044186932184, 'subsample': 0.6789679387271057, 'colsample_bytree': 0.990978818996624}. Best is trial 6 with value: 0.5168964705489263.
Early stopping, best iteration is:
[162]	training's ndcg@1000: 0.644433	valid_1's ndcg@1000: 0.519334
Early stopping, best iteration is:
[230]	training's ndcg@1000: 0.655396	valid_1's ndcg@1000: 0.501232
Training until validation scores don't improve for 10 rounds
Training until validation scores don't improve for 10 rounds
Training until validation scores don't improve for 10 rounds
Early stopping, best iteration is:
[37]	training's ndcg@1000: 0.578411	valid_1's ndcg@1000: 0.506373
Early stopping, best iteration is:
[109]	training's ndcg@1000: 0.655216	valid_1's ndcg@1000: 0.510454
Early stopping, best iteration is:
[48]	training's ndcg@1000: 0.531144	valid_1's ndcg@1000: 0.487277
Training until validation scores don't improve for 10 rounds
Training until validation scores don't improve for 10 rounds
Early stopping, best iteration is:
[76]	training's ndcg@1000: 0.589764	valid_1's ndcg@1000: 0.487649
Early stopping, best iteration is:
[56]	training's ndcg@1000: 0.580961	valid_1's ndcg@1000: 0.499533
[I 2025-06-21 14:58:30,266] Trial 24 finished with value: 0.5500431718386394 and parameters: {'learning_rate': 0.028094090674893425, 'num_leaves': 1626, 'min_data_in_leaf': 1427, 'lambda_l2': 0.2775609949508008, 'subsample': 0.9002485907976602, 'colsample_bytree': 0.6924417858252397}. Best is trial 14 with value: 0.5525900785421649.
Early stopping, best iteration is:
[66]	training's ndcg@1000: 0.574983	valid_1's ndcg@1000: 0.488451
[I 2025-06-21 14:58:45,210] Trial 23 finished with value: 0.5390349344973063 and parameters: {'learning_rate': 0.016475990420862566, 'num_leaves': 1938, 'min_data_in_leaf': 423, 'lambda_l2': 0.6963379611459495, 'subsample': 0.9402400857825803, 'colsample_bytree': 0.8555368637735525}. Best is trial 4 with value: 0.5452967307296768.
Training until validation scores don't improve for 10 rounds
Training until validation scores don't improve for 10 rounds
Training until validation scores don't improve for 10 rounds
Early stopping, best iteration is:
[55]	training's ndcg@1000: 0.537381	valid_1's ndcg@1000: 0.48557
Training until validation scores don't improve for 10 rounds
Training until validation scores don't improve for 10 rounds
Early stopping, best iteration is:
[12]	training's ndcg@1000: 0.520373	valid_1's ndcg@1000: 0.534264
Training until validation scores don't improve for 10 rounds
Early stopping, best iteration is:
[84]	training's ndcg@1000: 0.623616	valid_1's ndcg@1000: 0.497385
Early stopping, best iteration is:
[85]	training's ndcg@1000: 0.643959	valid_1's ndcg@1000: 0.49971
Early stopping, best iteration is:
[81]	training's ndcg@1000: 0.55385	valid_1's ndcg@1000: 0.546735
Training until validation scores don't improve for 10 rounds
Training until validation scores don't improve for 10 rounds
Early stopping, best iteration is:
[37]	training's ndcg@1000: 0.532231	valid_1's ndcg@1000: 0.528764
Early stopping, best iteration is:
[55]	training's ndcg@1000: 0.538909	valid_1's ndcg@1000: 0.486497
Early stopping, best iteration is:
[113]	training's ndcg@1000: 0.615711	valid_1's ndcg@1000: 0.494319
Training until validation scores don't improve for 10 rounds
[I 2025-06-21 15:00:00,851] Trial 23 finished with value: 0.5246760379807365 and parameters: {'learning_rate': 0.01953880899411459, 'num_leaves': 1669, 'min_data_in_leaf': 696, 'lambda_l2': 0.2785281217384137, 'subsample': 0.6269135570891055, 'colsample_bytree': 0.7542197447331109}. Best is trial 19 with value: 0.5256625571645875.
Training until validation scores don't improve for 10 rounds
Training until validation scores don't improve for 10 rounds
Early stopping, best iteration is:
[27]	training's ndcg@1000: 0.5762	valid_1's ndcg@1000: 0.491719
Training until validation scores don't improve for 10 rounds
Training until validation scores don't improve for 10 rounds
Early stopping, best iteration is:
[37]	training's ndcg@1000: 0.604588	valid_1's ndcg@1000: 0.499247
[I 2025-06-21 15:00:29,120] Trial 24 finished with value: 0.5359704162696044 and parameters: {'learning_rate': 0.015827457746037325, 'num_leaves': 1113, 'min_data_in_leaf': 438, 'lambda_l2': 0.10060003412789964, 'subsample': 0.7775493115808113, 'colsample_bytree': 0.5695258669767251}. Best is trial 23 with value: 0.5370032470095417.
Early stopping, best iteration is:
[88]	training's ndcg@1000: 0.551151	valid_1's ndcg@1000: 0.510193
Training until validation scores don't improve for 10 rounds
Early stopping, best iteration is:
[210]	training's ndcg@1000: 0.623313	valid_1's ndcg@1000: 0.526699
Training until validation scores don't improve for 10 rounds
Early stopping, best iteration is:
[141]	training's ndcg@1000: 0.585966	valid_1's ndcg@1000: 0.481583
[I 2025-06-21 15:00:54,524] Trial 26 finished with value: 0.5146442036244229 and parameters: {'learning_rate': 0.02734262091784071, 'num_leaves': 1167, 'min_data_in_leaf': 1693, 'lambda_l2': 0.5614580490895669, 'subsample': 0.6142615872337466, 'colsample_bytree': 0.9812896540183593}. Best is trial 6 with value: 0.5168964705489263.
Early stopping, best iteration is:
[50]	training's ndcg@1000: 0.543892	valid_1's ndcg@1000: 0.521136
Training until validation scores don't improve for 10 rounds
Training until validation scores don't improve for 10 rounds
Early stopping, best iteration is:
[51]	training's ndcg@1000: 0.546311	valid_1's ndcg@1000: 0.494937
[I 2025-06-21 15:01:14,357] Trial 25 finished with value: 0.5425758311035516 and parameters: {'learning_rate': 0.01453392411040444, 'num_leaves': 930, 'min_data_in_leaf': 1802, 'lambda_l2': 0.8104427613717634, 'subsample': 0.6584829573677997, 'colsample_bytree': 0.5610473713075783}. Best is trial 14 with value: 0.5525900785421649.
Early stopping, best iteration is:
[62]	training's ndcg@1000: 0.531171	valid_1's ndcg@1000: 0.530335
Training until validation scores don't improve for 10 rounds
Training until validation scores don't improve for 10 rounds
Training until validation scores don't improve for 10 rounds
Early stopping, best iteration is:
[106]	training's ndcg@1000: 0.640941	valid_1's ndcg@1000: 0.485352
