[I 2025-06-25 07:41:25,931] Trial 21 finished with value: 0.11216158984180118 and parameters: {'learning_rate': 0.06613228337211025, 'num_leaves': 1516, 'min_data_in_leaf': 644, 'lambda_l2': 0.8485683703608726, 'subsample': 0.6159129536140434, 'colsample_bytree': 0.6927181517349679}. Best is trial 19 with value: 0.11768897833832803.
Early stopping, best iteration is:
[540]	training's w_rmse: 0.947188	valid_1's w_rmse: 0.988563
Early stopping, best iteration is:
[659]	training's w_rmse: 0.94957	valid_1's w_rmse: 0.987537
Training until validation scores don't improve for 10 rounds
Early stopping, best iteration is:
[30]	training's w_rmse: 0.975552	valid_1's w_rmse: 0.990559
Early stopping, best iteration is:
[122]	training's w_rmse: 0.957456	valid_1's w_rmse: 0.992436
[I 2025-06-25 07:42:00,667] Trial 20 finished with value: 0.0938747304887503 and parameters: {'learning_rate': 0.03530203286075223, 'num_leaves': 1396, 'min_data_in_leaf': 770, 'lambda_l2': 0.8747468209189252, 'subsample': 0.7182326928163659, 'colsample_bytree': 0.5920971920114326}. Best is trial 0 with value: 0.09434005529405001.
Training until validation scores don't improve for 10 rounds
Training until validation scores don't improve for 10 rounds
Training until validation scores don't improve for 10 rounds
Early stopping, best iteration is:
[56]	training's w_rmse: 0.983108	valid_1's w_rmse: 0.994189
Early stopping, best iteration is:
[597]	training's w_rmse: 0.958111	valid_1's w_rmse: 0.987798
Training until validation scores don't improve for 10 rounds
Early stopping, best iteration is:
[193]	training's w_rmse: 0.947561	valid_1's w_rmse: 0.987832
Early stopping, best iteration is:
[23]	training's w_rmse: 0.97865	valid_1's w_rmse: 0.991473
Training until validation scores don't improve for 10 rounds
Early stopping, best iteration is:
[11]	training's w_rmse: 0.989334	valid_1's w_rmse: 0.995763
Training until validation scores don't improve for 10 rounds
Training until validation scores don't improve for 10 rounds
Training until validation scores don't improve for 10 rounds
Early stopping, best iteration is:
[15]	training's w_rmse: 0.985988	valid_1's w_rmse: 0.994758
Training until validation scores don't improve for 10 rounds
Training until validation scores don't improve for 10 rounds
Early stopping, best iteration is:
[74]	training's w_rmse: 0.960787	valid_1's w_rmse: 0.987027
[I 2025-06-25 07:43:35,516] Trial 25 finished with value: 0.08056837386151994 and parameters: {'learning_rate': 0.07353588156156546, 'num_leaves': 834, 'min_data_in_leaf': 1346, 'lambda_l2': 0.8432203350849333, 'subsample': 0.6980934500934187, 'colsample_bytree': 0.5114262779455057}. Best is trial 13 with value: 0.08914769642510759.
Early stopping, best iteration is:
[78]	training's w_rmse: 0.971742	valid_1's w_rmse: 0.989175
Training until validation scores don't improve for 10 rounds
Early stopping, best iteration is:
[237]	training's w_rmse: 0.967773	valid_1's w_rmse: 0.986763
[I 2025-06-25 07:43:47,955] Trial 20 finished with value: 0.08540990191596359 and parameters: {'learning_rate': 0.020562774665169866, 'num_leaves': 1446, 'min_data_in_leaf': 1799, 'lambda_l2': 0.8764864239482804, 'subsample': 0.7015165440801882, 'colsample_bytree': 0.9323281530435925}. Best is trial 3 with value: 0.0915630807142072.
Early stopping, best iteration is:
[113]	training's w_rmse: 0.96197	valid_1's w_rmse: 0.988012
Training until validation scores don't improve for 10 rounds
Training until validation scores don't improve for 10 rounds
Training until validation scores don't improve for 10 rounds
Early stopping, best iteration is:
[23]	training's w_rmse: 0.980597	valid_1's w_rmse: 0.990483
Early stopping, best iteration is:
[83]	training's w_rmse: 0.971081	valid_1's w_rmse: 0.98906
Training until validation scores don't improve for 10 rounds
Early stopping, best iteration is:
[458]	training's w_rmse: 0.957689	valid_1's w_rmse: 0.989819
Early stopping, best iteration is:
[554]	training's w_rmse: 0.962168	valid_1's w_rmse: 0.987833
[I 2025-06-25 07:45:01,741] Trial 19 finished with value: 0.0904991347990514 and parameters: {'learning_rate': 0.007990988026779333, 'num_leaves': 1210, 'min_data_in_leaf': 794, 'lambda_l2': 0.2555945017233383, 'subsample': 0.9187446010698392, 'colsample_bytree': 0.772180786779157}. Best is trial 4 with value: 0.09144273357636691.
[I 2025-06-25 07:45:03,566] Trial 26 finished with value: 0.09538892570058442 and parameters: {'learning_rate': 0.009424206558759633, 'num_leaves': 609, 'min_data_in_leaf': 1093, 'lambda_l2': 0.2723300212950498, 'subsample': 0.6489601677734672, 'colsample_bytree': 0.548924464450049}. Best is trial 20 with value: 0.10047067280204725.
Training until validation scores don't improve for 10 rounds
Early stopping, best iteration is:
[188]	training's w_rmse: 0.949737	valid_1's w_rmse: 0.987788
[I 2025-06-25 07:45:17,741] Trial 22 finished with value: 0.11144304086101742 and parameters: {'learning_rate': 0.060079726283632, 'num_leaves': 369, 'min_data_in_leaf': 1588, 'lambda_l2': 0.9616000111548693, 'subsample': 0.907441342270612, 'colsample_bytree': 0.8368244170063776}. Best is trial 19 with value: 0.11768897833832803.
Training until validation scores don't improve for 10 rounds
Early stopping, best iteration is:
[66]	training's w_rmse: 0.973037	valid_1's w_rmse: 0.992751
[I 2025-06-25 07:45:31,133] Trial 21 finished with value: 0.08676754252599889 and parameters: {'learning_rate': 0.06352115998051347, 'num_leaves': 384, 'min_data_in_leaf': 1980, 'lambda_l2': 0.5485235888021492, 'subsample': 0.8153445435361729, 'colsample_bytree': 0.9950081935461395}. Best is trial 0 with value: 0.09434005529405001.
Training until validation scores don't improve for 10 rounds
Early stopping, best iteration is:
[157]	training's w_rmse: 0.93675	valid_1's w_rmse: 0.989201
Training until validation scores don't improve for 10 rounds
Training until validation scores don't improve for 10 rounds
Early stopping, best iteration is:
[25]	training's w_rmse: 0.988047	valid_1's w_rmse: 0.995412
Early stopping, best iteration is:
[24]	training's w_rmse: 0.981692	valid_1's w_rmse: 0.993235
Training until validation scores don't improve for 10 rounds
Early stopping, best iteration is:
[285]	training's w_rmse: 0.972891	valid_1's w_rmse: 0.989967
Early stopping, best iteration is:
[17]	training's w_rmse: 0.98802	valid_1's w_rmse: 0.995458
Training until validation scores don't improve for 10 rounds
Early stopping, best iteration is:
[13]	training's w_rmse: 0.985364	valid_1's w_rmse: 0.994181
Training until validation scores don't improve for 10 rounds
Early stopping, best iteration is:
[247]	training's w_rmse: 0.9499	valid_1's w_rmse: 0.987826
Training until validation scores don't improve for 10 rounds
Early stopping, best iteration is:
[68]	training's w_rmse: 0.98085	valid_1's w_rmse: 0.992671
Training until validation scores don't improve for 10 rounds
Training until validation scores don't improve for 10 rounds
Early stopping, best iteration is:
[47]	training's w_rmse: 0.972676	valid_1's w_rmse: 0.98957
Training until validation scores don't improve for 10 rounds
Training until validation scores don't improve for 10 rounds
Early stopping, best iteration is:
[18]	training's w_rmse: 0.986685	valid_1's w_rmse: 0.994907
Early stopping, best iteration is:
[63]	training's w_rmse: 0.966557	valid_1's w_rmse: 0.987098
[I 2025-06-25 07:47:20,878] Trial 21 finished with value: 0.08548224725698211 and parameters: {'learning_rate': 0.07374404807383153, 'num_leaves': 230, 'min_data_in_leaf': 1113, 'lambda_l2': 0.7292051768684763, 'subsample': 0.797018799040988, 'colsample_bytree': 0.5880147720167369}. Best is trial 3 with value: 0.0915630807142072.
Training until validation scores don't improve for 10 rounds
Early stopping, best iteration is:
[163]	training's w_rmse: 0.959416	valid_1's w_rmse: 0.988622
Training until validation scores don't improve for 10 rounds
Training until validation scores don't improve for 10 rounds
Early stopping, best iteration is:
[143]	training's w_rmse: 0.972573	valid_1's w_rmse: 0.988612
Training until validation scores don't improve for 10 rounds
Training until validation scores don't improve for 10 rounds
Early stopping, best iteration is:
[126]	training's w_rmse: 0.966228	valid_1's w_rmse: 0.987928
Early stopping, best iteration is:
[135]	training's w_rmse: 0.950344	valid_1's w_rmse: 0.987862
Early stopping, best iteration is:
[74]	training's w_rmse: 0.976887	valid_1's w_rmse: 0.990061
Training until validation scores don't improve for 10 rounds
Early stopping, best iteration is:
[166]	training's w_rmse: 0.958534	valid_1's w_rmse: 0.988309
Training until validation scores don't improve for 10 rounds
Training until validation scores don't improve for 10 rounds
Training until validation scores don't improve for 10 rounds
Early stopping, best iteration is:
[182]	training's w_rmse: 0.957923	valid_1's w_rmse: 0.987988
Training until validation scores don't improve for 10 rounds
[I 2025-06-25 07:49:23,308] Trial 23 finished with value: 0.10939530340267033 and parameters: {'learning_rate': 0.048255183387180815, 'num_leaves': 1452, 'min_data_in_leaf': 1735, 'lambda_l2': 0.7766895303187179, 'subsample': 0.8659139724462942, 'colsample_bytree': 0.8485108437467836}. Best is trial 19 with value: 0.11768897833832803.
Early stopping, best iteration is:
[114]	training's w_rmse: 0.971044	valid_1's w_rmse: 0.989833
Early stopping, best iteration is:
[330]	training's w_rmse: 0.956863	valid_1's w_rmse: 0.987678
[I 2025-06-25 07:49:30,942] Trial 27 finished with value: 0.0918732117982554 and parameters: {'learning_rate': 0.030256948099867596, 'num_leaves': 672, 'min_data_in_leaf': 1874, 'lambda_l2': 0.06691851756112388, 'subsample': 0.650781787273668, 'colsample_bytree': 0.8426230048951306}. Best is trial 20 with value: 0.10047067280204725.
Early stopping, best iteration is:
[80]	training's w_rmse: 0.963102	valid_1's w_rmse: 0.990132
[I 2025-06-25 07:49:32,085] Trial 20 finished with value: 0.0887600433679624 and parameters: {'learning_rate': 0.03614630955813179, 'num_leaves': 953, 'min_data_in_leaf': 741, 'lambda_l2': 0.6487248011495631, 'subsample': 0.9086657151013369, 'colsample_bytree': 0.6077629089134375}. Best is trial 4 with value: 0.09144273357636691.
Early stopping, best iteration is:
[68]	training's w_rmse: 0.974161	valid_1's w_rmse: 0.992761
[I 2025-06-25 07:49:44,997] Trial 22 finished with value: 0.09026647850522573 and parameters: {'learning_rate': 0.040510640171041216, 'num_leaves': 751, 'min_data_in_leaf': 1337, 'lambda_l2': 0.7340963319735475, 'subsample': 0.7056553560355853, 'colsample_bytree': 0.7921701497546505}. Best is trial 0 with value: 0.09434005529405001.
Early stopping, best iteration is:
[475]	training's w_rmse: 0.963601	valid_1's w_rmse: 0.989616
Training until validation scores don't improve for 10 rounds
Training until validation scores don't improve for 10 rounds
Training until validation scores don't improve for 10 rounds
Training until validation scores don't improve for 10 rounds
Early stopping, best iteration is:
[8]	training's w_rmse: 0.984038	valid_1's w_rmse: 0.995068
Early stopping, best iteration is:
[47]	training's w_rmse: 0.981753	valid_1's w_rmse: 0.993979
Training until validation scores don't improve for 10 rounds
Training until validation scores don't improve for 10 rounds
Early stopping, best iteration is:
[45]	training's w_rmse: 0.98559	valid_1's w_rmse: 0.993793
Early stopping, best iteration is:
[19]	training's w_rmse: 0.989218	valid_1's w_rmse: 0.995719
Early stopping, best iteration is:
[118]	training's w_rmse: 0.937472	valid_1's w_rmse: 0.987671
Training until validation scores don't improve for 10 rounds
Training until validation scores don't improve for 10 rounds
Early stopping, best iteration is:
[15]	training's w_rmse: 0.977949	valid_1's w_rmse: 0.992412
Training until validation scores don't improve for 10 rounds
Training until validation scores don't improve for 10 rounds
Training until validation scores don't improve for 10 rounds
Early stopping, best iteration is:
[14]	training's w_rmse: 0.983344	valid_1's w_rmse: 0.994588
Early stopping, best iteration is:
[81]	training's w_rmse: 0.978167	valid_1's w_rmse: 0.989486
Training until validation scores don't improve for 10 rounds
Early stopping, best iteration is:
[215]	training's w_rmse: 0.962198	valid_1's w_rmse: 0.986544
[I 2025-06-25 07:51:40,980] Trial 22 finished with value: 0.08375998709451007 and parameters: {'learning_rate': 0.025190147643938673, 'num_leaves': 1540, 'min_data_in_leaf': 1418, 'lambda_l2': 0.3441610827644479, 'subsample': 0.9596660602840202, 'colsample_bytree': 0.5881818432511328}. Best is trial 3 with value: 0.0915630807142072.
Training until validation scores don't improve for 10 rounds
Early stopping, best iteration is:
[144]	training's w_rmse: 0.972594	valid_1's w_rmse: 0.989681
Early stopping, best iteration is:
[37]	training's w_rmse: 0.963723	valid_1's w_rmse: 0.988923
Training until validation scores don't improve for 10 rounds
Early stopping, best iteration is:
[75]	training's w_rmse: 0.953727	valid_1's w_rmse: 0.987958
Early stopping, best iteration is:
[257]	training's w_rmse: 0.973845	valid_1's w_rmse: 0.990847
Training until validation scores don't improve for 10 rounds
Training until validation scores don't improve for 10 rounds
Early stopping, best iteration is:
[165]	training's w_rmse: 0.967614	valid_1's w_rmse: 0.988615
Early stopping, best iteration is:
[13]	training's w_rmse: 0.973731	valid_1's w_rmse: 0.99032
Training until validation scores don't improve for 10 rounds
Early stopping, best iteration is:
[35]	training's w_rmse: 0.966475	valid_1's w_rmse: 0.988905
[I 2025-06-25 07:52:44,353] Trial 28 finished with value: 0.09088412935163995 and parameters: {'learning_rate': 0.09608286037138983, 'num_leaves': 851, 'min_data_in_leaf': 828, 'lambda_l2': 0.6250699020173748, 'subsample': 0.9640015241471671, 'colsample_bytree': 0.8109246894069883}. Best is trial 20 with value: 0.10047067280204725.
Training until validation scores don't improve for 10 rounds
Training until validation scores don't improve for 10 rounds
Training until validation scores don't improve for 10 rounds
Training until validation scores don't improve for 10 rounds
Early stopping, best iteration is:
[137]	training's w_rmse: 0.931098	valid_1's w_rmse: 0.987916
[I 2025-06-25 07:53:20,561] Trial 24 finished with value: 0.11326001703167848 and parameters: {'learning_rate': 0.0657321788802657, 'num_leaves': 360, 'min_data_in_leaf': 604, 'lambda_l2': 0.5768531938379633, 'subsample': 0.7060106198429834, 'colsample_bytree': 0.8702620548393765}. Best is trial 19 with value: 0.11768897833832803.
Early stopping, best iteration is:
[33]	training's w_rmse: 0.954144	valid_1's w_rmse: 0.99018
Training until validation scores don't improve for 10 rounds
Early stopping, best iteration is:
[15]	training's w_rmse: 0.987583	valid_1's w_rmse: 0.995431
Early stopping, best iteration is:
[175]	training's w_rmse: 0.965489	valid_1's w_rmse: 0.992544
[I 2025-06-25 07:53:43,448] Trial 23 finished with value: 0.08746324021367011 and parameters: {'learning_rate': 0.03790171191684329, 'num_leaves': 528, 'min_data_in_leaf': 1994, 'lambda_l2': 0.9145147293687217, 'subsample': 0.7786688412370304, 'colsample_bytree': 0.9514943515362303}. Best is trial 0 with value: 0.09434005529405001.
Early stopping, best iteration is:
[392]	training's w_rmse: 0.955054	valid_1's w_rmse: 0.987787
Training until validation scores don't improve for 10 rounds
Training until validation scores don't improve for 10 rounds
Training until validation scores don't improve for 10 rounds
Early stopping, best iteration is:
[11]	training's w_rmse: 0.976108	valid_1's w_rmse: 0.994086
Early stopping, best iteration is:
[34]	training's w_rmse: 0.98173	valid_1's w_rmse: 0.992735
Training until validation scores don't improve for 10 rounds
Training until validation scores don't improve for 10 rounds
Early stopping, best iteration is:
[13]	training's w_rmse: 0.987604	valid_1's w_rmse: 0.995717
Training until validation scores don't improve for 10 rounds
Training until validation scores don't improve for 10 rounds
Early stopping, best iteration is:
[257]	training's w_rmse: 0.928582	valid_1's w_rmse: 0.987419
Early stopping, best iteration is:
[35]	training's w_rmse: 0.955062	valid_1's w_rmse: 0.987691
[I 2025-06-25 07:55:01,099] Trial 23 finished with value: 0.08279133077703676 and parameters: {'learning_rate': 0.09235758011891032, 'num_leaves': 938, 'min_data_in_leaf': 538, 'lambda_l2': 0.12272367111065074, 'subsample': 0.7100542961085866, 'colsample_bytree': 0.8753903188579266}. Best is trial 3 with value: 0.0915630807142072.
Training until validation scores don't improve for 10 rounds
Early stopping, best iteration is:
[143]	training's w_rmse: 0.973194	valid_1's w_rmse: 0.990384
[I 2025-06-25 07:55:10,246] Trial 21 finished with value: 0.08643586465387695 and parameters: {'learning_rate': 0.01866049801989679, 'num_leaves': 1832, 'min_data_in_leaf': 1467, 'lambda_l2': 0.03825308693028284, 'subsample': 0.6628381919018569, 'colsample_bytree': 0.9512463753747125}. Best is trial 4 with value: 0.09144273357636691.
Early stopping, best iteration is:
[102]	training's w_rmse: 0.968197	valid_1's w_rmse: 0.988484
Early stopping, best iteration is:
[116]	training's w_rmse: 0.960607	valid_1's w_rmse: 0.988935
Training until validation scores don't improve for 10 rounds
Early stopping, best iteration is:
[21]	training's w_rmse: 0.983788	valid_1's w_rmse: 0.994474
Training until validation scores don't improve for 10 rounds
Training until validation scores don't improve for 10 rounds
Early stopping, best iteration is:
[35]	training's w_rmse: 0.980939	valid_1's w_rmse: 0.99045
Training until validation scores don't improve for 10 rounds
Early stopping, best iteration is:
[10]	training's w_rmse: 0.985841	valid_1's w_rmse: 0.994263
Training until validation scores don't improve for 10 rounds
Training until validation scores don't improve for 10 rounds
Early stopping, best iteration is:
[151]	training's w_rmse: 0.961579	valid_1's w_rmse: 0.987846
[I 2025-06-25 07:56:20,609] Trial 29 finished with value: 0.09150431036300898 and parameters: {'learning_rate': 0.05310802396259613, 'num_leaves': 1492, 'min_data_in_leaf': 1781, 'lambda_l2': 0.1381405477474601, 'subsample': 0.7601349310890603, 'colsample_bytree': 0.7139936548665791}. Best is trial 20 with value: 0.10047067280204725.
Training until validation scores don't improve for 10 rounds
Training until validation scores don't improve for 10 rounds
Early stopping, best iteration is:
[134]	training's w_rmse: 0.956481	valid_1's w_rmse: 0.988598
Early stopping, best iteration is:
[38]	training's w_rmse: 0.970844	valid_1's w_rmse: 0.990325
Early stopping, best iteration is:
[195]	training's w_rmse: 0.939633	valid_1's w_rmse: 0.986771
Early stopping, best iteration is:
[219]	training's w_rmse: 0.950404	valid_1's w_rmse: 0.989089
Training until validation scores don't improve for 10 rounds
Training until validation scores don't improve for 10 rounds
Early stopping, best iteration is:
[626]	training's w_rmse: 0.958074	valid_1's w_rmse: 0.986744
Early stopping, best iteration is:
[15]	training's w_rmse: 0.98121	valid_1's w_rmse: 0.994768
[I 2025-06-25 07:57:14,585] Trial 26 finished with value: 0.08523574612650602 and parameters: {'learning_rate': 0.006260189748926911, 'num_leaves': 1431, 'min_data_in_leaf': 830, 'lambda_l2': 0.056460525644291604, 'subsample': 0.6216301351486917, 'colsample_bytree': 0.9969538824512845}. Best is trial 13 with value: 0.08914769642510759.
Training until validation scores don't improve for 10 rounds
Early stopping, best iteration is:
[57]	training's w_rmse: 0.972744	valid_1's w_rmse: 0.992948
[I 2025-06-25 07:57:23,983] Trial 24 finished with value: 0.08957198293252641 and parameters: {'learning_rate': 0.06022794402229724, 'num_leaves': 623, 'min_data_in_leaf': 1478, 'lambda_l2': 0.08301473838932183, 'subsample': 0.8223599476538759, 'colsample_bytree': 0.6640861910373055}. Best is trial 0 with value: 0.09434005529405001.
Early stopping, best iteration is:
[52]	training's w_rmse: 0.966849	valid_1's w_rmse: 0.989069
Training until validation scores don't improve for 10 rounds
Training until validation scores don't improve for 10 rounds
Early stopping, best iteration is:
[28]	training's w_rmse: 0.982613	valid_1's w_rmse: 0.994241
Training until validation scores don't improve for 10 rounds
Training until validation scores don't improve for 10 rounds
Training until validation scores don't improve for 10 rounds
Early stopping, best iteration is:
[30]	training's w_rmse: 0.972868	valid_1's w_rmse: 0.992126
Early stopping, best iteration is:
[10]	training's w_rmse: 0.981147	valid_1's w_rmse: 0.995193
Early stopping, best iteration is:
[33]	training's w_rmse: 0.975561	valid_1's w_rmse: 0.990233
Training until validation scores don't improve for 10 rounds
Early stopping, best iteration is:
[171]	training's w_rmse: 0.944805	valid_1's w_rmse: 0.987557
[I 2025-06-25 07:58:16,220] Trial 25 finished with value: 0.11623906622463952 and parameters: {'learning_rate': 0.04178208709578375, 'num_leaves': 398, 'min_data_in_leaf': 748, 'lambda_l2': 0.30883030159262126, 'subsample': 0.9949709682616624, 'colsample_bytree': 0.8043829197086048}. Best is trial 19 with value: 0.11768897833832803.
Early stopping, best iteration is:
[49]	training's w_rmse: 0.967279	valid_1's w_rmse: 0.990906
