Loading factor data from /project/model_share/share_1/factor_data1/fac20250528/fac20250528.fea...
Loading return data from /project/model_share/share_1/label_data/label1.fea...
Loading liquid data from /project/model_share/share_1/label_data/can_trade_amt1.fea...
2023q1
[I 2025-06-21 08:14:11,643] A new study created in memory with name: LightGBM_Tuning_2023q1
Training until validation scores don't improve for 10 rounds
2023q2
[I 2025-06-21 08:14:57,404] A new study created in memory with name: LightGBM_Tuning_2023q2
Training until validation scores don't improve for 10 rounds
Early stopping, best iteration is:
[139]	training's ndcg@1000: 0.641197	valid_1's ndcg@1000: 0.543904
2023q3
[I 2025-06-21 08:15:48,810] A new study created in memory with name: LightGBM_Tuning_2023q3
Early stopping, best iteration is:
[153]	training's ndcg@1000: 0.6051	valid_1's ndcg@1000: 0.550866
Training until validation scores don't improve for 10 rounds
Training until validation scores don't improve for 10 rounds
Early stopping, best iteration is:
[34]	training's ndcg@1000: 0.52684	valid_1's ndcg@1000: 0.528692
Training until validation scores don't improve for 10 rounds
2023q4
[I 2025-06-21 08:16:45,854] A new study created in memory with name: LightGBM_Tuning_2023q4
Early stopping, best iteration is:
[110]	training's ndcg@1000: 0.588344	valid_1's ndcg@1000: 0.525566
Training until validation scores don't improve for 10 rounds
Early stopping, best iteration is:
[55]	training's ndcg@1000: 0.538169	valid_1's ndcg@1000: 0.506265
Training until validation scores don't improve for 10 rounds
Early stopping, best iteration is:
[191]	training's ndcg@1000: 0.676617	valid_1's ndcg@1000: 0.539622
Training until validation scores don't improve for 10 rounds
Early stopping, best iteration is:
[49]	training's ndcg@1000: 0.516883	valid_1's ndcg@1000: 0.518611
2024q1
[I 2025-06-21 08:17:44,924] A new study created in memory with name: LightGBM_Tuning_2024q1
Training until validation scores don't improve for 10 rounds
Early stopping, best iteration is:
[140]	training's ndcg@1000: 0.611088	valid_1's ndcg@1000: 0.501148
Training until validation scores don't improve for 10 rounds
Training until validation scores don't improve for 10 rounds
Early stopping, best iteration is:
[70]	training's ndcg@1000: 0.547081	valid_1's ndcg@1000: 0.495647
Early stopping, best iteration is:
[83]	training's ndcg@1000: 0.535889	valid_1's ndcg@1000: 0.488807
Training until validation scores don't improve for 10 rounds
Early stopping, best iteration is:
[37]	training's ndcg@1000: 0.513618	valid_1's ndcg@1000: 0.501351
Training until validation scores don't improve for 10 rounds
2024q2
Training until validation scores don't improve for 10 rounds
[I 2025-06-21 08:18:43,949] A new study created in memory with name: LightGBM_Tuning_2024q2
Early stopping, best iteration is:
[27]	training's ndcg@1000: 0.534761	valid_1's ndcg@1000: 0.497353
[I 2025-06-21 08:18:47,148] Trial 0 finished with value: 0.5318253177485864 and parameters: {'learning_rate': 0.009002795770997841, 'num_leaves': 293, 'min_data_in_leaf': 1687, 'lambda_l2': 0.23021712040634312, 'subsample': 0.7183317069695047, 'colsample_bytree': 0.7344213237774221}. Best is trial 0 with value: 0.5318253177485864.
Training until validation scores don't improve for 10 rounds
Early stopping, best iteration is:
[156]	training's ndcg@1000: 0.619743	valid_1's ndcg@1000: 0.493242
[I 2025-06-21 08:19:00,165] Trial 0 finished with value: 0.5442122638226504 and parameters: {'learning_rate': 0.02951166914608055, 'num_leaves': 493, 'min_data_in_leaf': 1260, 'lambda_l2': 0.7805598324109576, 'subsample': 0.882925992022839, 'colsample_bytree': 0.8332678689344826}. Best is trial 0 with value: 0.5442122638226504.
Training until validation scores don't improve for 10 rounds
Early stopping, best iteration is:
[72]	training's ndcg@1000: 0.532799	valid_1's ndcg@1000: 0.48607
Early stopping, best iteration is:
[50]	training's ndcg@1000: 0.522583	valid_1's ndcg@1000: 0.49162
Training until validation scores don't improve for 10 rounds
Early stopping, best iteration is:
[168]	training's ndcg@1000: 0.671066	valid_1's ndcg@1000: 0.518435
Training until validation scores don't improve for 10 rounds
Early stopping, best iteration is:
[35]	training's ndcg@1000: 0.531207	valid_1's ndcg@1000: 0.529179
Training until validation scores don't improve for 10 rounds
Early stopping, best iteration is:
[65]	training's ndcg@1000: 0.540184	valid_1's ndcg@1000: 0.487089
Training until validation scores don't improve for 10 rounds
Early stopping, best iteration is:
[63]	training's ndcg@1000: 0.543851	valid_1's ndcg@1000: 0.546263
Training until validation scores don't improve for 10 rounds
Early stopping, best iteration is:
[19]	training's ndcg@1000: 0.516421	valid_1's ndcg@1000: 0.48698
[I 2025-06-21 08:19:48,962] Trial 0 finished with value: 0.5208958092688099 and parameters: {'learning_rate': 0.017070327480129974, 'num_leaves': 788, 'min_data_in_leaf': 1638, 'lambda_l2': 0.9713525355518473, 'subsample': 0.8388875648000705, 'colsample_bytree': 0.5526542883043126}. Best is trial 0 with value: 0.5208958092688099.
Training until validation scores don't improve for 10 rounds
Early stopping, best iteration is:
[43]	training's ndcg@1000: 0.521695	valid_1's ndcg@1000: 0.490418
Training until validation scores don't improve for 10 rounds
Training until validation scores don't improve for 10 rounds
Training until validation scores don't improve for 10 rounds
Early stopping, best iteration is:
[69]	training's ndcg@1000: 0.546447	valid_1's ndcg@1000: 0.508106
Training until validation scores don't improve for 10 rounds
Training until validation scores don't improve for 10 rounds
Early stopping, best iteration is:
[77]	training's ndcg@1000: 0.548106	valid_1's ndcg@1000: 0.485328
Early stopping, best iteration is:
[103]	training's ndcg@1000: 0.57099	valid_1's ndcg@1000: 0.524511
Early stopping, best iteration is:
[49]	training's ndcg@1000: 0.537037	valid_1's ndcg@1000: 0.521619
Early stopping, best iteration is:
[81]	training's ndcg@1000: 0.531346	valid_1's ndcg@1000: 0.480264
[I 2025-06-21 08:20:44,339] Trial 0 finished with value: 0.517299984792139 and parameters: {'learning_rate': 0.010476432129422973, 'num_leaves': 665, 'min_data_in_leaf': 1165, 'lambda_l2': 0.8817260061313753, 'subsample': 0.7140346376556426, 'colsample_bytree': 0.7274761145536014}. Best is trial 0 with value: 0.517299984792139.
Early stopping, best iteration is:
[155]	training's ndcg@1000: 0.664458	valid_1's ndcg@1000: 0.503993
[I 2025-06-21 08:20:50,039] Trial 0 finished with value: 0.5528159803430056 and parameters: {'learning_rate': 0.02353022674693991, 'num_leaves': 827, 'min_data_in_leaf': 558, 'lambda_l2': 0.4643623973392128, 'subsample': 0.9190121099061882, 'colsample_bytree': 0.880777537876399}. Best is trial 0 with value: 0.5528159803430056.
Training until validation scores don't improve for 10 rounds
Training until validation scores don't improve for 10 rounds
Training until validation scores don't improve for 10 rounds
Early stopping, best iteration is:
[58]	training's ndcg@1000: 0.550027	valid_1's ndcg@1000: 0.496024
Training until validation scores don't improve for 10 rounds
Training until validation scores don't improve for 10 rounds
Early stopping, best iteration is:
[37]	training's ndcg@1000: 0.534561	valid_1's ndcg@1000: 0.484591
Early stopping, best iteration is:
[34]	training's ndcg@1000: 0.538879	valid_1's ndcg@1000: 0.488066
Training until validation scores don't improve for 10 rounds
Early stopping, best iteration is:
[48]	training's ndcg@1000: 0.511122	valid_1's ndcg@1000: 0.500515
Early stopping, best iteration is:
[157]	training's ndcg@1000: 0.602488	valid_1's ndcg@1000: 0.500042
Training until validation scores don't improve for 10 rounds
Training until validation scores don't improve for 10 rounds
Training until validation scores don't improve for 10 rounds
Training until validation scores don't improve for 10 rounds
Early stopping, best iteration is:
[188]	training's ndcg@1000: 0.604937	valid_1's ndcg@1000: 0.544154
Early stopping, best iteration is:
[44]	training's ndcg@1000: 0.542796	valid_1's ndcg@1000: 0.498658
[I 2025-06-21 08:22:02,590] Trial 1 finished with value: 0.5324250296896809 and parameters: {'learning_rate': 0.01013236472429732, 'num_leaves': 1942, 'min_data_in_leaf': 1308, 'lambda_l2': 0.27422448305881353, 'subsample': 0.799230580917756, 'colsample_bytree': 0.5997170505643803}. Best is trial 1 with value: 0.5324250296896809.
Early stopping, best iteration is:
[19]	training's ndcg@1000: 0.513499	valid_1's ndcg@1000: 0.487573
Early stopping, best iteration is:
[41]	training's ndcg@1000: 0.541745	valid_1's ndcg@1000: 0.486753
Training until validation scores don't improve for 10 rounds
Early stopping, best iteration is:
[29]	training's ndcg@1000: 0.545651	valid_1's ndcg@1000: 0.48906
[I 2025-06-21 08:22:15,786] Trial 1 finished with value: 0.5407007159439968 and parameters: {'learning_rate': 0.021750941583413452, 'num_leaves': 969, 'min_data_in_leaf': 1624, 'lambda_l2': 0.4313910650773016, 'subsample': 0.9703575092260547, 'colsample_bytree': 0.9213378268514316}. Best is trial 0 with value: 0.5442122638226504.
Early stopping, best iteration is:
[79]	training's ndcg@1000: 0.545596	valid_1's ndcg@1000: 0.475046
[I 2025-06-21 08:22:19,219] Trial 0 finished with value: 0.5125760887853843 and parameters: {'learning_rate': 0.012618525051526244, 'num_leaves': 924, 'min_data_in_leaf': 865, 'lambda_l2': 0.4065346304263704, 'subsample': 0.7456769653067992, 'colsample_bytree': 0.8647771237654589}. Best is trial 0 with value: 0.5125760887853843.
Training until validation scores don't improve for 10 rounds
Training until validation scores don't improve for 10 rounds
Training until validation scores don't improve for 10 rounds
Training until validation scores don't improve for 10 rounds
Training until validation scores don't improve for 10 rounds
Early stopping, best iteration is:
[54]	training's ndcg@1000: 0.519158	valid_1's ndcg@1000: 0.48856
Training until validation scores don't improve for 10 rounds
Early stopping, best iteration is:
[72]	training's ndcg@1000: 0.554747	valid_1's ndcg@1000: 0.492239
[I 2025-06-21 08:23:00,143] Trial 1 finished with value: 0.5226812666030314 and parameters: {'learning_rate': 0.01922839470823907, 'num_leaves': 1428, 'min_data_in_leaf': 1425, 'lambda_l2': 0.3179681058610033, 'subsample': 0.983133164141696, 'colsample_bytree': 0.6851296091110082}. Best is trial 1 with value: 0.5226812666030314.
Early stopping, best iteration is:
[188]	training's ndcg@1000: 0.612219	valid_1's ndcg@1000: 0.538514
Early stopping, best iteration is:
[77]	training's ndcg@1000: 0.560488	valid_1's ndcg@1000: 0.490005
Early stopping, best iteration is:
[133]	training's ndcg@1000: 0.558057	valid_1's ndcg@1000: 0.547315
Training until validation scores don't improve for 10 rounds
Early stopping, best iteration is:
[138]	training's ndcg@1000: 0.607645	valid_1's ndcg@1000: 0.535367
Early stopping, best iteration is:
[28]	training's ndcg@1000: 0.516638	valid_1's ndcg@1000: 0.477844
[I 2025-06-21 08:23:29,532] Trial 1 finished with value: 0.516275322518644 and parameters: {'learning_rate': 0.008087760780605755, 'num_leaves': 1093, 'min_data_in_leaf': 1512, 'lambda_l2': 0.8524754866716245, 'subsample': 0.7636039841510647, 'colsample_bytree': 0.8346044858243122}. Best is trial 0 with value: 0.517299984792139.
Training until validation scores don't improve for 10 rounds
Training until validation scores don't improve for 10 rounds
Early stopping, best iteration is:
[41]	training's ndcg@1000: 0.54175	valid_1's ndcg@1000: 0.52096
Training until validation scores don't improve for 10 rounds
Training until validation scores don't improve for 10 rounds
Early stopping, best iteration is:
[30]	training's ndcg@1000: 0.534084	valid_1's ndcg@1000: 0.485393
Early stopping, best iteration is:
[49]	training's ndcg@1000: 0.544562	valid_1's ndcg@1000: 0.519241
Training until validation scores don't improve for 10 rounds
Training until validation scores don't improve for 10 rounds
Early stopping, best iteration is:
[147]	training's ndcg@1000: 0.599728	valid_1's ndcg@1000: 0.514804
Training until validation scores don't improve for 10 rounds
Training until validation scores don't improve for 10 rounds
Early stopping, best iteration is:
[99]	training's ndcg@1000: 0.553265	valid_1's ndcg@1000: 0.507333
Training until validation scores don't improve for 10 rounds
Early stopping, best iteration is:
[42]	training's ndcg@1000: 0.550387	valid_1's ndcg@1000: 0.48755
Early stopping, best iteration is:
[21]	training's ndcg@1000: 0.543029	valid_1's ndcg@1000: 0.48957
Training until validation scores don't improve for 10 rounds
Early stopping, best iteration is:
[132]	training's ndcg@1000: 0.610252	valid_1's ndcg@1000: 0.511334
Early stopping, best iteration is:
[56]	training's ndcg@1000: 0.552702	valid_1's ndcg@1000: 0.487506
Training until validation scores don't improve for 10 rounds
Training until validation scores don't improve for 10 rounds
Early stopping, best iteration is:
[149]	training's ndcg@1000: 0.603394	valid_1's ndcg@1000: 0.502183
Training until validation scores don't improve for 10 rounds
[I 2025-06-21 08:25:11,716] Trial 1 finished with value: 0.5504120624850054 and parameters: {'learning_rate': 0.01961771389848011, 'num_leaves': 974, 'min_data_in_leaf': 1113, 'lambda_l2': 0.5871866696629088, 'subsample': 0.7107189535693906, 'colsample_bytree': 0.5248025544271324}. Best is trial 0 with value: 0.5528159803430056.
Early stopping, best iteration is:
[20]	training's ndcg@1000: 0.536734	valid_1's ndcg@1000: 0.485575
Early stopping, best iteration is:
[35]	training's ndcg@1000: 0.547562	valid_1's ndcg@1000: 0.488026
[I 2025-06-21 08:25:19,337] Trial 2 finished with value: 0.5367629488624854 and parameters: {'learning_rate': 0.011622713840173849, 'num_leaves': 1312, 'min_data_in_leaf': 1058, 'lambda_l2': 0.4901649111221391, 'subsample': 0.9974190946363322, 'colsample_bytree': 0.728164052542686}. Best is trial 0 with value: 0.5442122638226504.
Early stopping, best iteration is:
[42]	training's ndcg@1000: 0.537726	valid_1's ndcg@1000: 0.494169
Training until validation scores don't improve for 10 rounds
Training until validation scores don't improve for 10 rounds
Training until validation scores don't improve for 10 rounds
Training until validation scores don't improve for 10 rounds
Training until validation scores don't improve for 10 rounds
Training until validation scores don't improve for 10 rounds
Early stopping, best iteration is:
[68]	training's ndcg@1000: 0.540016	valid_1's ndcg@1000: 0.54566
Early stopping, best iteration is:
[30]	training's ndcg@1000: 0.535612	valid_1's ndcg@1000: 0.491533
Early stopping, best iteration is:
[151]	training's ndcg@1000: 0.628832	valid_1's ndcg@1000: 0.500746
Early stopping, best iteration is:
[159]	training's ndcg@1000: 0.607509	valid_1's ndcg@1000: 0.547148
Early stopping, best iteration is:
[220]	training's ndcg@1000: 0.646858	valid_1's ndcg@1000: 0.481754
[I 2025-06-21 08:26:20,420] Trial 1 finished with value: 0.5154849840620674 and parameters: {'learning_rate': 0.022336674578538624, 'num_leaves': 1730, 'min_data_in_leaf': 756, 'lambda_l2': 0.5546896795203824, 'subsample': 0.8087955092554615, 'colsample_bytree': 0.6135566784527839}. Best is trial 1 with value: 0.5154849840620674.
Early stopping, best iteration is:
[85]	training's ndcg@1000: 0.580152	valid_1's ndcg@1000: 0.493564
[I 2025-06-21 08:26:23,627] Trial 2 finished with value: 0.5229117598632759 and parameters: {'learning_rate': 0.02627141910709483, 'num_leaves': 814, 'min_data_in_leaf': 1060, 'lambda_l2': 0.4994743117698721, 'subsample': 0.6006433290045592, 'colsample_bytree': 0.8118412893124505}. Best is trial 2 with value: 0.5229117598632759.
Training until validation scores don't improve for 10 rounds
Training until validation scores don't improve for 10 rounds
Training until validation scores don't improve for 10 rounds
Training until validation scores don't improve for 10 rounds
Early stopping, best iteration is:
[11]	training's ndcg@1000: 0.529748	valid_1's ndcg@1000: 0.478014
[I 2025-06-21 08:26:47,989] Trial 2 finished with value: 0.5193288511619545 and parameters: {'learning_rate': 0.013187844026205514, 'num_leaves': 1885, 'min_data_in_leaf': 1847, 'lambda_l2': 0.01739566695306438, 'subsample': 0.9373693253068436, 'colsample_bytree': 0.8172368606052722}. Best is trial 2 with value: 0.5193288511619545.
Training until validation scores don't improve for 10 rounds
Training until validation scores don't improve for 10 rounds
Early stopping, best iteration is:
[114]	training's ndcg@1000: 0.569645	valid_1's ndcg@1000: 0.523481
Early stopping, best iteration is:
[88]	training's ndcg@1000: 0.577972	valid_1's ndcg@1000: 0.533911
Early stopping, best iteration is:
[62]	training's ndcg@1000: 0.568468	valid_1's ndcg@1000: 0.491217
Early stopping, best iteration is:
[46]	training's ndcg@1000: 0.549404	valid_1's ndcg@1000: 0.522417
Early stopping, best iteration is:
[112]	training's ndcg@1000: 0.601761	valid_1's ndcg@1000: 0.501155
[I 2025-06-21 08:27:23,326] Trial 2 finished with value: 0.5371669263389143 and parameters: {'learning_rate': 0.019248511313449197, 'num_leaves': 465, 'min_data_in_leaf': 563, 'lambda_l2': 0.28793819224772266, 'subsample': 0.6674618460696996, 'colsample_bytree': 0.6385338006689245}. Best is trial 2 with value: 0.5371669263389143.
Training until validation scores don't improve for 10 rounds
Training until validation scores don't improve for 10 rounds
Early stopping, best iteration is:
[39]	training's ndcg@1000: 0.546085	valid_1's ndcg@1000: 0.507342
Training until validation scores don't improve for 10 rounds
Early stopping, best iteration is:
[26]	training's ndcg@1000: 0.555154	valid_1's ndcg@1000: 0.509763
Training until validation scores don't improve for 10 rounds
Training until validation scores don't improve for 10 rounds
Early stopping, best iteration is:
[24]	training's ndcg@1000: 0.549755	valid_1's ndcg@1000: 0.485495
Early stopping, best iteration is:
[158]	training's ndcg@1000: 0.59668	valid_1's ndcg@1000: 0.500768
Training until validation scores don't improve for 10 rounds
Early stopping, best iteration is:
[25]	training's ndcg@1000: 0.546885	valid_1's ndcg@1000: 0.487367
Early stopping, best iteration is:
[34]	training's ndcg@1000: 0.516926	valid_1's ndcg@1000: 0.527099
Training until validation scores don't improve for 10 rounds
Training until validation scores don't improve for 10 rounds
Early stopping, best iteration is:
[26]	training's ndcg@1000: 0.558211	valid_1's ndcg@1000: 0.496409
[I 2025-06-21 08:28:20,311] Trial 2 finished with value: 0.5476533992775763 and parameters: {'learning_rate': 0.021320216802289804, 'num_leaves': 1079, 'min_data_in_leaf': 1838, 'lambda_l2': 0.12066409567453706, 'subsample': 0.906537795245707, 'colsample_bytree': 0.8700954144115993}. Best is trial 0 with value: 0.5528159803430056.
Early stopping, best iteration is:
[69]	training's ndcg@1000: 0.574706	valid_1's ndcg@1000: 0.496822
Training until validation scores don't improve for 10 rounds
Training until validation scores don't improve for 10 rounds
Training until validation scores don't improve for 10 rounds
Training until validation scores don't improve for 10 rounds
Early stopping, best iteration is:
[67]	training's ndcg@1000: 0.556973	valid_1's ndcg@1000: 0.488785
[I 2025-06-21 08:28:44,232] Trial 3 finished with value: 0.5402127528865511 and parameters: {'learning_rate': 0.023852025146243707, 'num_leaves': 1171, 'min_data_in_leaf': 1482, 'lambda_l2': 0.7938688971297453, 'subsample': 0.7063025517007635, 'colsample_bytree': 0.6758990209534737}. Best is trial 0 with value: 0.5442122638226504.
Training until validation scores don't improve for 10 rounds
Early stopping, best iteration is:
[74]	training's ndcg@1000: 0.584019	valid_1's ndcg@1000: 0.489179
Early stopping, best iteration is:
[44]	training's ndcg@1000: 0.556289	valid_1's ndcg@1000: 0.487439
Training until validation scores don't improve for 10 rounds
Early stopping, best iteration is:
[47]	training's ndcg@1000: 0.581592	valid_1's ndcg@1000: 0.541562
Early stopping, best iteration is:
[29]	training's ndcg@1000: 0.544508	valid_1's ndcg@1000: 0.491436
Early stopping, best iteration is:
[236]	training's ndcg@1000: 0.567142	valid_1's ndcg@1000: 0.510809
Training until validation scores don't improve for 10 rounds
Training until validation scores don't improve for 10 rounds
Training until validation scores don't improve for 10 rounds
Training until validation scores don't improve for 10 rounds
Early stopping, best iteration is:
[106]	training's ndcg@1000: 0.576871	valid_1's ndcg@1000: 0.548833
Training until validation scores don't improve for 10 rounds
Training until validation scores don't improve for 10 rounds
Early stopping, best iteration is:
[57]	training's ndcg@1000: 0.562255	valid_1's ndcg@1000: 0.49203
[I 2025-06-21 08:29:54,206] Trial 3 finished with value: 0.5232471323652125 and parameters: {'learning_rate': 0.018594141113516156, 'num_leaves': 1245, 'min_data_in_leaf': 1433, 'lambda_l2': 0.06773157125254026, 'subsample': 0.7242835517991245, 'colsample_bytree': 0.6658909176440526}. Best is trial 3 with value: 0.5232471323652125.
Early stopping, best iteration is:
[44]	training's ndcg@1000: 0.532394	valid_1's ndcg@1000: 0.494225
Early stopping, best iteration is:
[78]	training's ndcg@1000: 0.576123	valid_1's ndcg@1000: 0.480098
