[I 2025-06-19 14:42:31,438] Trial 15 finished with value: 0.10039343336551645 and parameters: {'learning_rate': 0.008133254246994306, 'num_leaves': 606, 'min_data_in_leaf': 955, 'lambda_l2': 0.6047908837765703, 'subsample': 0.8588564808400184, 'colsample_bytree': 0.9746399869014277}. Best is trial 13 with value: 0.10163344794665438.
Early stopping, best iteration is:
[674]	training's rmse: 0.956906	valid_1's rmse: 0.990925
Training until validation scores don't improve for 10 rounds
Training until validation scores don't improve for 10 rounds
Early stopping, best iteration is:
[247]	training's rmse: 0.975826	valid_1's rmse: 0.995882
Training until validation scores don't improve for 10 rounds
Training until validation scores don't improve for 10 rounds
Early stopping, best iteration is:
[171]	training's rmse: 0.973068	valid_1's rmse: 0.99374
Training until validation scores don't improve for 10 rounds
Early stopping, best iteration is:
[570]	training's rmse: 0.961655	valid_1's rmse: 0.988715
Training until validation scores don't improve for 10 rounds
Early stopping, best iteration is:
[526]	training's rmse: 0.962539	valid_1's rmse: 0.993225
[I 2025-06-19 14:45:17,743] Trial 13 finished with value: 0.11389696501957693 and parameters: {'learning_rate': 0.008649835176787246, 'num_leaves': 1463, 'min_data_in_leaf': 1472, 'lambda_l2': 0.3119020900299881, 'subsample': 0.9585129546993865, 'colsample_bytree': 0.7239920647884652}. Best is trial 5 with value: 0.11514199242296116.
Training until validation scores don't improve for 10 rounds
Early stopping, best iteration is:
[907]	training's rmse: 0.940562	valid_1's rmse: 0.99055
Early stopping, best iteration is:
[290]	training's rmse: 0.963341	valid_1's rmse: 0.992634
Training until validation scores don't improve for 10 rounds
Early stopping, best iteration is:
[318]	training's rmse: 0.937175	valid_1's rmse: 0.992902
[I 2025-06-19 14:46:20,842] Trial 18 finished with value: 0.10429285248880042 and parameters: {'learning_rate': 0.012351032299279259, 'num_leaves': 1906, 'min_data_in_leaf': 491, 'lambda_l2': 0.673445882149349, 'subsample': 0.9976170244523785, 'colsample_bytree': 0.7482549358013834}. Best is trial 10 with value: 0.10532221307082346.
Training until validation scores don't improve for 10 rounds
Training until validation scores don't improve for 10 rounds
Early stopping, best iteration is:
[677]	training's rmse: 0.95616	valid_1's rmse: 0.991423
Early stopping, best iteration is:
[229]	training's rmse: 0.96741	valid_1's rmse: 0.994491
Training until validation scores don't improve for 10 rounds
Early stopping, best iteration is:
[718]	training's rmse: 0.948185	valid_1's rmse: 0.992556
[I 2025-06-19 14:47:54,103] Trial 12 finished with value: 0.10684052777891756 and parameters: {'learning_rate': 0.007254273014964346, 'num_leaves': 266, 'min_data_in_leaf': 765, 'lambda_l2': 0.25284273572399296, 'subsample': 0.8356409638860894, 'colsample_bytree': 0.5973469222708592}. Best is trial 11 with value: 0.10686291830013028.
Training until validation scores don't improve for 10 rounds
Training until validation scores don't improve for 10 rounds
Early stopping, best iteration is:
[163]	training's rmse: 0.96877	valid_1's rmse: 0.992898
Early stopping, best iteration is:
[270]	training's rmse: 0.952664	valid_1's rmse: 0.992295
Training until validation scores don't improve for 10 rounds
Early stopping, best iteration is:
[208]	training's rmse: 0.969871	valid_1's rmse: 0.993348
[I 2025-06-19 14:49:09,650] Trial 16 finished with value: 0.10039551167870941 and parameters: {'learning_rate': 0.013782443409513848, 'num_leaves': 889, 'min_data_in_leaf': 1325, 'lambda_l2': 0.905572795767705, 'subsample': 0.7297506163931311, 'colsample_bytree': 0.7795147491630446}. Best is trial 13 with value: 0.10163344794665438.
Training until validation scores don't improve for 10 rounds
Training until validation scores don't improve for 10 rounds
Training until validation scores don't improve for 10 rounds
Early stopping, best iteration is:
[90]	training's rmse: 0.980707	valid_1's rmse: 0.995148
Early stopping, best iteration is:
[579]	training's rmse: 0.960153	valid_1's rmse: 0.990022
Training until validation scores don't improve for 10 rounds
Training until validation scores don't improve for 10 rounds
Early stopping, best iteration is:
[809]	training's rmse: 0.943441	valid_1's rmse: 0.991642
Early stopping, best iteration is:
[469]	training's rmse: 0.967341	valid_1's rmse: 0.992257
Early stopping, best iteration is:
[296]	training's rmse: 0.961086	valid_1's rmse: 0.991736
Training until validation scores don't improve for 10 rounds
Early stopping, best iteration is:
[312]	training's rmse: 0.947117	valid_1's rmse: 0.991901
Training until validation scores don't improve for 10 rounds
Early stopping, best iteration is:
[399]	training's rmse: 0.962277	valid_1's rmse: 0.993467
Training until validation scores don't improve for 10 rounds
Early stopping, best iteration is:
[675]	training's rmse: 0.956174	valid_1's rmse: 0.989839
[I 2025-06-19 14:53:00,784] Trial 14 finished with value: 0.12737466476901171 and parameters: {'learning_rate': 0.009466335657856284, 'num_leaves': 1281, 'min_data_in_leaf': 1575, 'lambda_l2': 0.023655150283751536, 'subsample': 0.9173519648537645, 'colsample_bytree': 0.9930243474060757}. Best is trial 11 with value: 0.12915777234492978.
Training until validation scores don't improve for 10 rounds
Training until validation scores don't improve for 10 rounds
Training until validation scores don't improve for 10 rounds
Early stopping, best iteration is:
[292]	training's rmse: 0.959741	valid_1's rmse: 0.993035
[I 2025-06-19 14:54:08,292] Trial 19 finished with value: 0.10488054800574073 and parameters: {'learning_rate': 0.015832418099970186, 'num_leaves': 1799, 'min_data_in_leaf': 1427, 'lambda_l2': 0.8752729926280577, 'subsample': 0.7170881415681485, 'colsample_bytree': 0.6333857481760706}. Best is trial 10 with value: 0.10532221307082346.
Early stopping, best iteration is:
[329]	training's rmse: 0.951127	valid_1's rmse: 0.988172
Training until validation scores don't improve for 10 rounds
Training until validation scores don't improve for 10 rounds
Early stopping, best iteration is:
[263]	training's rmse: 0.955292	valid_1's rmse: 0.991496
Early stopping, best iteration is:
[280]	training's rmse: 0.950496	valid_1's rmse: 0.991268
Training until validation scores don't improve for 10 rounds
Training until validation scores don't improve for 10 rounds
Early stopping, best iteration is:
[341]	training's rmse: 0.972732	valid_1's rmse: 0.992947
Early stopping, best iteration is:
[247]	training's rmse: 0.957232	valid_1's rmse: 0.98979
Early stopping, best iteration is:
[869]	training's rmse: 0.945069	valid_1's rmse: 0.990817
Early stopping, best iteration is:
[828]	training's rmse: 0.94483	valid_1's rmse: 0.991087
Early stopping, best iteration is:
[612]	training's rmse: 0.948631	valid_1's rmse: 0.992643
[I 2025-06-19 14:57:11,128] Trial 16 finished with value: 0.11875220407304284 and parameters: {'learning_rate': 0.005486276330998676, 'num_leaves': 707, 'min_data_in_leaf': 626, 'lambda_l2': 0.5690699479629346, 'subsample': 0.9183609712777808, 'colsample_bytree': 0.6015810174238403}. Best is trial 11 with value: 0.11936504261646605.
Training until validation scores don't improve for 10 rounds
Training until validation scores don't improve for 10 rounds
Training until validation scores don't improve for 10 rounds
Training until validation scores don't improve for 10 rounds
Training until validation scores don't improve for 10 rounds
Early stopping, best iteration is:
[350]	training's rmse: 0.947944	valid_1's rmse: 0.989655
[I 2025-06-19 14:58:23,819] Trial 15 finished with value: 0.12771779261484256 and parameters: {'learning_rate': 0.029520285450108784, 'num_leaves': 776, 'min_data_in_leaf': 1800, 'lambda_l2': 0.1651955219221625, 'subsample': 0.8990739334275525, 'colsample_bytree': 0.5912155422481321}. Best is trial 11 with value: 0.12915777234492978.
Early stopping, best iteration is:
[208]	training's rmse: 0.981565	valid_1's rmse: 0.995226
Training until validation scores don't improve for 10 rounds
Early stopping, best iteration is:
[370]	training's rmse: 0.961727	valid_1's rmse: 0.991896
Early stopping, best iteration is:
[363]	training's rmse: 0.973933	valid_1's rmse: 0.995836
Training until validation scores don't improve for 10 rounds
Early stopping, best iteration is:
[381]	training's rmse: 0.939735	valid_1's rmse: 0.993093
[I 2025-06-19 14:59:53,267] Trial 14 finished with value: 0.11177153359541797 and parameters: {'learning_rate': 0.008555472834891154, 'num_leaves': 1211, 'min_data_in_leaf': 400, 'lambda_l2': 0.5648110442993098, 'subsample': 0.716685279948056, 'colsample_bytree': 0.9979538754879429}. Best is trial 5 with value: 0.11514199242296116.
Training until validation scores don't improve for 10 rounds
Training until validation scores don't improve for 10 rounds
Training until validation scores don't improve for 10 rounds
Early stopping, best iteration is:
[444]	training's rmse: 0.959288	valid_1's rmse: 0.994206
Early stopping, best iteration is:
[192]	training's rmse: 0.950752	valid_1's rmse: 0.991771
Training until validation scores don't improve for 10 rounds
Early stopping, best iteration is:
[854]	training's rmse: 0.949068	valid_1's rmse: 0.987778
Early stopping, best iteration is:
[458]	training's rmse: 0.955384	valid_1's rmse: 0.990981
Early stopping, best iteration is:
[528]	training's rmse: 0.968346	valid_1's rmse: 0.992073
Training until validation scores don't improve for 10 rounds
Training until validation scores don't improve for 10 rounds
Training until validation scores don't improve for 10 rounds
Training until validation scores don't improve for 10 rounds
Early stopping, best iteration is:
[117]	training's rmse: 0.962635	valid_1's rmse: 0.992176
Training until validation scores don't improve for 10 rounds
Early stopping, best iteration is:
[475]	training's rmse: 0.962199	valid_1's rmse: 0.991663
Early stopping, best iteration is:
[454]	training's rmse: 0.95517	valid_1's rmse: 0.991828
Early stopping, best iteration is:
[186]	training's rmse: 0.952136	valid_1's rmse: 0.99103
Training until validation scores don't improve for 10 rounds
Training until validation scores don't improve for 10 rounds
Early stopping, best iteration is:
[668]	training's rmse: 0.962445	valid_1's rmse: 0.993093
Training until validation scores don't improve for 10 rounds
[I 2025-06-19 15:04:52,626] Trial 20 finished with value: 0.10458059048368543 and parameters: {'learning_rate': 0.007229119077506382, 'num_leaves': 1513, 'min_data_in_leaf': 1751, 'lambda_l2': 0.5727313009435351, 'subsample': 0.8458168590204921, 'colsample_bytree': 0.9008381907686289}. Best is trial 10 with value: 0.10532221307082346.
Early stopping, best iteration is:
[544]	training's rmse: 0.953514	valid_1's rmse: 0.992835
Early stopping, best iteration is:
[906]	training's rmse: 0.947539	valid_1's rmse: 0.992516
[I 2025-06-19 15:05:03,417] Trial 17 finished with value: 0.10162485116332969 and parameters: {'learning_rate': 0.005133319439366383, 'num_leaves': 543, 'min_data_in_leaf': 458, 'lambda_l2': 0.6356922556427334, 'subsample': 0.9223819448926686, 'colsample_bytree': 0.9035634917730813}. Best is trial 13 with value: 0.10163344794665438.
[I 2025-06-19 15:05:05,832] Trial 13 finished with value: 0.10668024173210959 and parameters: {'learning_rate': 0.005060798228721199, 'num_leaves': 259, 'min_data_in_leaf': 506, 'lambda_l2': 0.25963908265874885, 'subsample': 0.8139340510015632, 'colsample_bytree': 0.5054804902094349}. Best is trial 11 with value: 0.10686291830013028.
Training until validation scores don't improve for 10 rounds
Early stopping, best iteration is:
[229]	training's rmse: 0.946029	valid_1's rmse: 0.993155
Training until validation scores don't improve for 10 rounds
[I 2025-06-19 15:05:44,512] Trial 15 finished with value: 0.11239031406230543 and parameters: {'learning_rate': 0.02473992001777607, 'num_leaves': 657, 'min_data_in_leaf': 885, 'lambda_l2': 0.328097009201221, 'subsample': 0.886221908418257, 'colsample_bytree': 0.5907195423404297}. Best is trial 5 with value: 0.11514199242296116.
Training until validation scores don't improve for 10 rounds
Early stopping, best iteration is:
[609]	training's rmse: 0.948936	valid_1's rmse: 0.990952
[I 2025-06-19 15:06:16,055] Trial 17 finished with value: 0.11780096166913961 and parameters: {'learning_rate': 0.012419458738380228, 'num_leaves': 1235, 'min_data_in_leaf': 1266, 'lambda_l2': 0.8568296684853146, 'subsample': 0.9286870563959654, 'colsample_bytree': 0.5729807676676678}. Best is trial 11 with value: 0.11936504261646605.
Training until validation scores don't improve for 10 rounds
Early stopping, best iteration is:
[803]	training's rmse: 0.949968	valid_1's rmse: 0.989322
Training until validation scores don't improve for 10 rounds
Early stopping, best iteration is:
[355]	training's rmse: 0.972924	valid_1's rmse: 0.992904
Training until validation scores don't improve for 10 rounds
Early stopping, best iteration is:
[222]	training's rmse: 0.962209	valid_1's rmse: 0.993659
Training until validation scores don't improve for 10 rounds
Training until validation scores don't improve for 10 rounds
Early stopping, best iteration is:
[546]	training's rmse: 0.959724	valid_1's rmse: 0.991672
Early stopping, best iteration is:
[320]	training's rmse: 0.958755	valid_1's rmse: 0.992382
Early stopping, best iteration is:
[213]	training's rmse: 0.981978	valid_1's rmse: 0.995129
Training until validation scores don't improve for 10 rounds
Training until validation scores don't improve for 10 rounds
Early stopping, best iteration is:
[628]	training's rmse: 0.95392	valid_1's rmse: 0.991616
Training until validation scores don't improve for 10 rounds
Early stopping, best iteration is:
[811]	training's rmse: 0.949217	valid_1's rmse: 0.989452
[I 2025-06-19 15:09:43,437] Trial 16 finished with value: 0.12901233772553738 and parameters: {'learning_rate': 0.009248922107373839, 'num_leaves': 452, 'min_data_in_leaf': 1376, 'lambda_l2': 0.1559971650185824, 'subsample': 0.9994890520536154, 'colsample_bytree': 0.7145120408612982}. Best is trial 11 with value: 0.12915777234492978.
Training until validation scores don't improve for 10 rounds
Training until validation scores don't improve for 10 rounds
Early stopping, best iteration is:
[331]	training's rmse: 0.969738	valid_1's rmse: 0.992059
Early stopping, best iteration is:
[451]	training's rmse: 0.938439	valid_1's rmse: 0.992593
Early stopping, best iteration is:
[474]	training's rmse: 0.971208	valid_1's rmse: 0.992052
Training until validation scores don't improve for 10 rounds
Training until validation scores don't improve for 10 rounds
Training until validation scores don't improve for 10 rounds
Early stopping, best iteration is:
[493]	training's rmse: 0.946643	valid_1's rmse: 0.990956
Early stopping, best iteration is:
[641]	training's rmse: 0.939348	valid_1's rmse: 0.987718
Early stopping, best iteration is:
[557]	training's rmse: 0.959674	valid_1's rmse: 0.990923
Training until validation scores don't improve for 10 rounds
Early stopping, best iteration is:
[682]	training's rmse: 0.949409	valid_1's rmse: 0.990629
Early stopping, best iteration is:
[274]	training's rmse: 0.95588	valid_1's rmse: 0.994246
Training until validation scores don't improve for 10 rounds
Training until validation scores don't improve for 10 rounds
Early stopping, best iteration is:
[660]	training's rmse: 0.964018	valid_1's rmse: 0.993097
[I 2025-06-19 15:13:57,208] Trial 21 finished with value: 0.10522530142808195 and parameters: {'learning_rate': 0.00742948388554571, 'num_leaves': 1443, 'min_data_in_leaf': 1891, 'lambda_l2': 0.43127941094036837, 'subsample': 0.9375825703943144, 'colsample_bytree': 0.5688318997011421}. Best is trial 10 with value: 0.10532221307082346.
Training until validation scores don't improve for 10 rounds
Training until validation scores don't improve for 10 rounds
Training until validation scores don't improve for 10 rounds
Early stopping, best iteration is:
[208]	training's rmse: 0.970328	valid_1's rmse: 0.995954
Early stopping, best iteration is:
[313]	training's rmse: 0.970799	valid_1's rmse: 0.993685
[I 2025-06-19 15:15:14,929] Trial 16 finished with value: 0.11365602008812034 and parameters: {'learning_rate': 0.008698636933944988, 'num_leaves': 1720, 'min_data_in_leaf': 1345, 'lambda_l2': 0.19100585580223683, 'subsample': 0.6913710821283565, 'colsample_bytree': 0.6770400786043191}. Best is trial 5 with value: 0.11514199242296116.
Early stopping, best iteration is:
[449]	training's rmse: 0.949501	valid_1's rmse: 0.991465
Training until validation scores don't improve for 10 rounds
Training until validation scores don't improve for 10 rounds
Early stopping, best iteration is:
[367]	training's rmse: 0.976096	valid_1's rmse: 0.993028
Early stopping, best iteration is:
[294]	training's rmse: 0.952982	valid_1's rmse: 0.993179
[I 2025-06-19 15:16:26,184] Trial 18 finished with value: 0.10008053539852271 and parameters: {'learning_rate': 0.008951916037443506, 'num_leaves': 862, 'min_data_in_leaf': 467, 'lambda_l2': 0.5925659665330136, 'subsample': 0.6069623507971966, 'colsample_bytree': 0.9980783286698333}. Best is trial 13 with value: 0.10163344794665438.
Training until validation scores don't improve for 10 rounds
Early stopping, best iteration is:
[568]	training's rmse: 0.953777	valid_1's rmse: 0.991922
Training until validation scores don't improve for 10 rounds
Training until validation scores don't improve for 10 rounds
Training until validation scores don't improve for 10 rounds
Early stopping, best iteration is:
[126]	training's rmse: 0.970754	valid_1's rmse: 0.993785
Early stopping, best iteration is:
[223]	training's rmse: 0.984201	valid_1's rmse: 0.99514
Training until validation scores don't improve for 10 rounds
Early stopping, best iteration is:
[457]	training's rmse: 0.951235	valid_1's rmse: 0.992758
[I 2025-06-19 15:18:48,037] Trial 14 finished with value: 0.10612912837859476 and parameters: {'learning_rate': 0.008492532867849635, 'num_leaves': 559, 'min_data_in_leaf': 784, 'lambda_l2': 0.24756624073599365, 'subsample': 0.724938872138384, 'colsample_bytree': 0.5933185494292181}. Best is trial 11 with value: 0.10686291830013028.
Early stopping, best iteration is:
[561]	training's rmse: 0.942801	valid_1's rmse: 0.98927
Training until validation scores don't improve for 10 rounds
Training until validation scores don't improve for 10 rounds
Early stopping, best iteration is:
[206]	training's rmse: 0.959244	valid_1's rmse: 0.992678
Training until validation scores don't improve for 10 rounds
Early stopping, best iteration is:
[923]	training's rmse: 0.946183	valid_1's rmse: 0.991467
Early stopping, best iteration is:
[93]	training's rmse: 0.973812	valid_1's rmse: 0.992796
Training until validation scores don't improve for 10 rounds
Training until validation scores don't improve for 10 rounds
Early stopping, best iteration is:
[931]	training's rmse: 0.941208	valid_1's rmse: 0.99084
Training until validation scores don't improve for 10 rounds
Early stopping, best iteration is:
[608]	training's rmse: 0.970152	valid_1's rmse: 0.99212
[I 2025-06-19 15:20:57,761] Trial 18 finished with value: 0.1184713116402014 and parameters: {'learning_rate': 0.007205819670579202, 'num_leaves': 432, 'min_data_in_leaf': 837, 'lambda_l2': 0.4610536171381994, 'subsample': 0.902677602048414, 'colsample_bytree': 0.7663162822821689}. Best is trial 11 with value: 0.11936504261646605.
Early stopping, best iteration is:
[158]	training's rmse: 0.965616	valid_1's rmse: 0.994375
Early stopping, best iteration is:
[219]	training's rmse: 0.948611	valid_1's rmse: 0.991205
Training until validation scores don't improve for 10 rounds
Training until validation scores don't improve for 10 rounds
Training until validation scores don't improve for 10 rounds
Training until validation scores don't improve for 10 rounds
Early stopping, best iteration is:
[177]	training's rmse: 0.951366	valid_1's rmse: 0.991952
Early stopping, best iteration is:
[857]	training's rmse: 0.926285	valid_1's rmse: 0.988949
[I 2025-06-19 15:22:55,414] Trial 17 finished with value: 0.12926161819423332 and parameters: {'learning_rate': 0.009105766760213421, 'num_leaves': 1163, 'min_data_in_leaf': 711, 'lambda_l2': 0.13745470567352597, 'subsample': 0.8709313159458908, 'colsample_bytree': 0.6071711027261665}. Best is trial 17 with value: 0.12926161819423332.
Early stopping, best iteration is:
[79]	training's rmse: 0.976978	valid_1's rmse: 0.996009
Early stopping, best iteration is:
[152]	training's rmse: 0.966259	valid_1's rmse: 0.993305
[I 2025-06-19 15:22:58,528] Trial 19 finished with value: 0.10018172819470983 and parameters: {'learning_rate': 0.0157616596302333, 'num_leaves': 1350, 'min_data_in_leaf': 829, 'lambda_l2': 0.44023969394526385, 'subsample': 0.9425632949147671, 'colsample_bytree': 0.9213960307962401}. Best is trial 13 with value: 0.10163344794665438.
Training until validation scores don't improve for 10 rounds
Training until validation scores don't improve for 10 rounds
Training until validation scores don't improve for 10 rounds
Training until validation scores don't improve for 10 rounds
Early stopping, best iteration is:
[688]	training's rmse: 0.966303	valid_1's rmse: 0.993142
[I 2025-06-19 15:24:01,567] Trial 22 finished with value: 0.10531444221691057 and parameters: {'learning_rate': 0.005692806822172654, 'num_leaves': 1376, 'min_data_in_leaf': 1713, 'lambda_l2': 0.4242549853531141, 'subsample': 0.9350664921277849, 'colsample_bytree': 0.5019211775675181}. Best is trial 10 with value: 0.10532221307082346.
Early stopping, best iteration is:
[762]	training's rmse: 0.95162	valid_1's rmse: 0.99143
Early stopping, best iteration is:
[169]	training's rmse: 0.960194	valid_1's rmse: 0.993117
