[I 2025-06-21 15:30:15,128] Trial 31 finished with value: 0.5230049909757786 and parameters: {'learning_rate': 0.029396659932626048, 'num_leaves': 912, 'min_data_in_leaf': 408, 'lambda_l2': 0.005104249747077759, 'subsample': 0.6029843087269136, 'colsample_bytree': 0.8298347223212074}. Best is trial 31 with value: 0.5230049909757786.
Training until validation scores don't improve for 10 rounds
Early stopping, best iteration is:
[29]	training's ndcg@1000: 0.544368	valid_1's ndcg@1000: 0.53147
Training until validation scores don't improve for 10 rounds
Training until validation scores don't improve for 10 rounds
Training until validation scores don't improve for 10 rounds
Early stopping, best iteration is:
[23]	training's ndcg@1000: 0.544316	valid_1's ndcg@1000: 0.492061
Early stopping, best iteration is:
[97]	training's ndcg@1000: 0.645668	valid_1's ndcg@1000: 0.482203
[I 2025-06-21 15:30:49,415] Trial 34 finished with value: 0.5174946311666674 and parameters: {'learning_rate': 0.026584601233384172, 'num_leaves': 1514, 'min_data_in_leaf': 862, 'lambda_l2': 0.018310007787434596, 'subsample': 0.6472759626812286, 'colsample_bytree': 0.6490801492005236}. Best is trial 34 with value: 0.5174946311666674.
2024q2 79
Training until validation scores don't improve for 10 rounds
Early stopping, best iteration is:
[131]	training's ndcg@1000: 0.617812	valid_1's ndcg@1000: 0.500548
Training until validation scores don't improve for 10 rounds
Training until validation scores don't improve for 10 rounds
Early stopping, best iteration is:
[56]	training's ndcg@1000: 0.66891	valid_1's ndcg@1000: 0.489188
Early stopping, best iteration is:
[124]	training's ndcg@1000: 0.606843	valid_1's ndcg@1000: 0.517162
Early stopping, best iteration is:
[53]	training's ndcg@1000: 0.656959	valid_1's ndcg@1000: 0.505178
Early stopping, best iteration is:
[80]	training's ndcg@1000: 0.575142	valid_1's ndcg@1000: 0.490734
[I 2025-06-21 15:31:31,658] Trial 32 finished with value: 0.5407836371662911 and parameters: {'learning_rate': 0.02605877487151482, 'num_leaves': 698, 'min_data_in_leaf': 1527, 'lambda_l2': 0.43283273228245833, 'subsample': 0.8328923502213078, 'colsample_bytree': 0.6587116911492593}. Best is trial 4 with value: 0.5452967307296768.
Training until validation scores don't improve for 10 rounds
Early stopping, best iteration is:
[27]	training's ndcg@1000: 0.54556	valid_1's ndcg@1000: 0.496775
[I 2025-06-21 15:31:46,060] Trial 32 finished with value: 0.535488882698106 and parameters: {'learning_rate': 0.029418101276895044, 'num_leaves': 1705, 'min_data_in_leaf': 1069, 'lambda_l2': 0.6093634341395334, 'subsample': 0.8811369265432014, 'colsample_bytree': 0.940978365663473}. Best is trial 23 with value: 0.5370032470095417.
Training until validation scores don't improve for 10 rounds
Training until validation scores don't improve for 10 rounds
Training until validation scores don't improve for 10 rounds
Completed 2024q2, Results collected.
Training until validation scores don't improve for 10 rounds
Training until validation scores don't improve for 10 rounds
Early stopping, best iteration is:
[143]	training's ndcg@1000: 0.618194	valid_1's ndcg@1000: 0.504554
[I 2025-06-21 15:32:23,833] Trial 33 finished with value: 0.5502654716132431 and parameters: {'learning_rate': 0.029792478767046954, 'num_leaves': 1261, 'min_data_in_leaf': 1789, 'lambda_l2': 0.4119173505064154, 'subsample': 0.8260868634030374, 'colsample_bytree': 0.717236674129244}. Best is trial 14 with value: 0.5525900785421649.
Early stopping, best iteration is:
[110]	training's ndcg@1000: 0.569869	valid_1's ndcg@1000: 0.548909
Early stopping, best iteration is:
[50]	training's ndcg@1000: 0.659635	valid_1's ndcg@1000: 0.495169
Early stopping, best iteration is:
[108]	training's ndcg@1000: 0.585777	valid_1's ndcg@1000: 0.532425
Training until validation scores don't improve for 10 rounds
Training until validation scores don't improve for 10 rounds
Early stopping, best iteration is:
[87]	training's ndcg@1000: 0.707412	valid_1's ndcg@1000: 0.494794
[I 2025-06-21 15:33:06,171] Trial 31 finished with value: 0.5258340029016966 and parameters: {'learning_rate': 0.023495534259802362, 'num_leaves': 1342, 'min_data_in_leaf': 429, 'lambda_l2': 0.02076482659797023, 'subsample': 0.658067732188482, 'colsample_bytree': 0.5237896215567496}. Best is trial 30 with value: 0.5263812107516677.
Training until validation scores don't improve for 10 rounds
Training until validation scores don't improve for 10 rounds
Early stopping, best iteration is:
[167]	training's ndcg@1000: 0.612878	valid_1's ndcg@1000: 0.547237
Early stopping, best iteration is:
[51]	training's ndcg@1000: 0.664613	valid_1's ndcg@1000: 0.491532
Early stopping, best iteration is:
[215]	training's ndcg@1000: 0.625562	valid_1's ndcg@1000: 0.529031
Training until validation scores don't improve for 10 rounds
Early stopping, best iteration is:
[40]	training's ndcg@1000: 0.553234	valid_1's ndcg@1000: 0.506275
Training until validation scores don't improve for 10 rounds
Training until validation scores don't improve for 10 rounds
Training until validation scores don't improve for 10 rounds
Training until validation scores don't improve for 10 rounds
Early stopping, best iteration is:
[118]	training's ndcg@1000: 0.587629	valid_1's ndcg@1000: 0.500235
Early stopping, best iteration is:
[82]	training's ndcg@1000: 0.698238	valid_1's ndcg@1000: 0.523859
Early stopping, best iteration is:
[215]	training's ndcg@1000: 0.638389	valid_1's ndcg@1000: 0.540221
Early stopping, best iteration is:
[68]	training's ndcg@1000: 0.680645	valid_1's ndcg@1000: 0.484631
Early stopping, best iteration is:
[108]	training's ndcg@1000: 0.597677	valid_1's ndcg@1000: 0.498078
[I 2025-06-21 15:34:55,327] Trial 32 finished with value: 0.5225082717594849 and parameters: {'learning_rate': 0.029561175186700667, 'num_leaves': 889, 'min_data_in_leaf': 401, 'lambda_l2': 0.0235616291164212, 'subsample': 0.7183750410104623, 'colsample_bytree': 0.8363195239386023}. Best is trial 31 with value: 0.5230049909757786.
Training until validation scores don't improve for 10 rounds
Early stopping, best iteration is:
[24]	training's ndcg@1000: 0.541513	valid_1's ndcg@1000: 0.487477
[I 2025-06-21 15:35:14,943] Trial 33 finished with value: 0.5420161174465944 and parameters: {'learning_rate': 0.026695567290389865, 'num_leaves': 483, 'min_data_in_leaf': 1569, 'lambda_l2': 0.6052833920217078, 'subsample': 0.9955645374955521, 'colsample_bytree': 0.6057942580490047}. Best is trial 4 with value: 0.5452967307296768.
Training until validation scores don't improve for 10 rounds
Training until validation scores don't improve for 10 rounds
Training until validation scores don't improve for 10 rounds
Training until validation scores don't improve for 10 rounds
Training until validation scores don't improve for 10 rounds
Early stopping, best iteration is:
[124]	training's ndcg@1000: 0.603814	valid_1's ndcg@1000: 0.516351
Early stopping, best iteration is:
[46]	training's ndcg@1000: 0.536123	valid_1's ndcg@1000: 0.544908
Early stopping, best iteration is:
[92]	training's ndcg@1000: 0.585374	valid_1's ndcg@1000: 0.499252
Early stopping, best iteration is:
[51]	training's ndcg@1000: 0.656184	valid_1's ndcg@1000: 0.506752
Early stopping, best iteration is:
[42]	training's ndcg@1000: 0.653229	valid_1's ndcg@1000: 0.487269
[I 2025-06-21 15:36:03,044] Trial 33 finished with value: 0.534517211655525 and parameters: {'learning_rate': 0.021161154176990864, 'num_leaves': 1515, 'min_data_in_leaf': 729, 'lambda_l2': 0.5906211848282796, 'subsample': 0.952835707051055, 'colsample_bytree': 0.9973787418992177}. Best is trial 23 with value: 0.5370032470095417.
Training until validation scores don't improve for 10 rounds
Training until validation scores don't improve for 10 rounds
Training until validation scores don't improve for 10 rounds
Training until validation scores don't improve for 10 rounds
Training until validation scores don't improve for 10 rounds
Early stopping, best iteration is:
[132]	training's ndcg@1000: 0.611125	valid_1's ndcg@1000: 0.502518
[I 2025-06-21 15:36:52,953] Trial 34 finished with value: 0.5528773076506301 and parameters: {'learning_rate': 0.02623459118934199, 'num_leaves': 490, 'min_data_in_leaf': 1987, 'lambda_l2': 0.23696640614346087, 'subsample': 0.8783777987050957, 'colsample_bytree': 0.8987464493740384}. Best is trial 34 with value: 0.5528773076506301.
2023q1 159
Early stopping, best iteration is:
[144]	training's ndcg@1000: 0.598853	valid_1's ndcg@1000: 0.527307
Early stopping, best iteration is:
[85]	training's ndcg@1000: 0.553902	valid_1's ndcg@1000: 0.532113
Early stopping, best iteration is:
[54]	training's ndcg@1000: 0.672049	valid_1's ndcg@1000: 0.488956
Training until validation scores don't improve for 10 rounds
Training until validation scores don't improve for 10 rounds
Early stopping, best iteration is:
[108]	training's ndcg@1000: 0.740461	valid_1's ndcg@1000: 0.496527
Early stopping, best iteration is:
[103]	training's ndcg@1000: 0.582606	valid_1's ndcg@1000: 0.499071
Training until validation scores don't improve for 10 rounds
Early stopping, best iteration is:
[152]	training's ndcg@1000: 0.59346	valid_1's ndcg@1000: 0.511149
Training until validation scores don't improve for 10 rounds
Completed 2023q1, Results collected.
Training until validation scores don't improve for 10 rounds
Early stopping, best iteration is:
[32]	training's ndcg@1000: 0.636376	valid_1's ndcg@1000: 0.490755
Training until validation scores don't improve for 10 rounds
Early stopping, best iteration is:
[126]	training's ndcg@1000: 0.596371	valid_1's ndcg@1000: 0.491598
[I 2025-06-21 15:38:45,468] Trial 34 finished with value: 0.5415327086273894 and parameters: {'learning_rate': 0.02944594002701893, 'num_leaves': 757, 'min_data_in_leaf': 1992, 'lambda_l2': 0.45169724630199426, 'subsample': 0.8201424002817723, 'colsample_bytree': 0.6882826886841201}. Best is trial 4 with value: 0.5452967307296768.
2023q2 172
Early stopping, best iteration is:
[98]	training's ndcg@1000: 0.573381	valid_1's ndcg@1000: 0.498079
Training until validation scores don't improve for 10 rounds
Early stopping, best iteration is:
[89]	training's ndcg@1000: 0.715802	valid_1's ndcg@1000: 0.494757
[I 2025-06-21 15:39:16,656] Trial 32 finished with value: 0.5261468840416231 and parameters: {'learning_rate': 0.02309413022605829, 'num_leaves': 1426, 'min_data_in_leaf': 420, 'lambda_l2': 0.004616569796155032, 'subsample': 0.665361820111756, 'colsample_bytree': 0.5019942902668754}. Best is trial 30 with value: 0.5263812107516677.
Training until validation scores don't improve for 10 rounds
Early stopping, best iteration is:
[61]	training's ndcg@1000: 0.673742	valid_1's ndcg@1000: 0.485585
[I 2025-06-21 15:39:46,262] Trial 33 finished with value: 0.5236924849215031 and parameters: {'learning_rate': 0.029980182195543787, 'num_leaves': 910, 'min_data_in_leaf': 408, 'lambda_l2': 0.022202430386145815, 'subsample': 0.7279859214926422, 'colsample_bytree': 0.8228517006455945}. Best is trial 33 with value: 0.5236924849215031.
Training until validation scores don't improve for 10 rounds
Early stopping, best iteration is:
[126]	training's ndcg@1000: 0.585493	valid_1's ndcg@1000: 0.500876
[I 2025-06-21 15:40:01,897] Trial 34 finished with value: 0.5358699538431761 and parameters: {'learning_rate': 0.025913139974187094, 'num_leaves': 1815, 'min_data_in_leaf': 1436, 'lambda_l2': 0.7581088574841638, 'subsample': 0.9207535335293539, 'colsample_bytree': 0.8309024955263832}. Best is trial 23 with value: 0.5370032470095417.
2023q3 138
Completed 2023q2, Results collected.
Training until validation scores don't improve for 10 rounds
Early stopping, best iteration is:
[47]	training's ndcg@1000: 0.605672	valid_1's ndcg@1000: 0.523896
Early stopping, best iteration is:
[50]	training's ndcg@1000: 0.626691	valid_1's ndcg@1000: 0.507394
Training until validation scores don't improve for 10 rounds
Completed 2023q3, Results collected.
Training until validation scores don't improve for 10 rounds
Early stopping, best iteration is:
[38]	training's ndcg@1000: 0.600709	valid_1's ndcg@1000: 0.490411
Early stopping, best iteration is:
[77]	training's ndcg@1000: 0.672338	valid_1's ndcg@1000: 0.497018
Training until validation scores don't improve for 10 rounds
Early stopping, best iteration is:
[32]	training's ndcg@1000: 0.596558	valid_1's ndcg@1000: 0.487719
Training until validation scores don't improve for 10 rounds
Training until validation scores don't improve for 10 rounds
Early stopping, best iteration is:
[49]	training's ndcg@1000: 0.6357	valid_1's ndcg@1000: 0.492063
Training until validation scores don't improve for 10 rounds
Early stopping, best iteration is:
[95]	training's ndcg@1000: 0.668067	valid_1's ndcg@1000: 0.493545
[I 2025-06-21 15:44:09,556] Trial 33 finished with value: 0.5251812692000003 and parameters: {'learning_rate': 0.022945496839042106, 'num_leaves': 1323, 'min_data_in_leaf': 416, 'lambda_l2': 0.1435287136199541, 'subsample': 0.6679759586923253, 'colsample_bytree': 0.5031898552504926}. Best is trial 30 with value: 0.5263812107516677.
Early stopping, best iteration is:
[76]	training's ndcg@1000: 0.665604	valid_1's ndcg@1000: 0.484692
[I 2025-06-21 15:44:35,791] Trial 34 finished with value: 0.5230979671946163 and parameters: {'learning_rate': 0.029959840958219033, 'num_leaves': 934, 'min_data_in_leaf': 419, 'lambda_l2': 0.1164751777902685, 'subsample': 0.6017517454344842, 'colsample_bytree': 0.8212167283631335}. Best is trial 33 with value: 0.5236924849215031.
2024q1 63
Training until validation scores don't improve for 10 rounds
Early stopping, best iteration is:
[81]	training's ndcg@1000: 0.69741	valid_1's ndcg@1000: 0.525487
Completed 2024q1, Results collected.
Training until validation scores don't improve for 10 rounds
Early stopping, best iteration is:
[37]	training's ndcg@1000: 0.645059	valid_1's ndcg@1000: 0.486336
Training until validation scores don't improve for 10 rounds
Early stopping, best iteration is:
[31]	training's ndcg@1000: 0.640467	valid_1's ndcg@1000: 0.488082
Training until validation scores don't improve for 10 rounds
Early stopping, best iteration is:
[63]	training's ndcg@1000: 0.683271	valid_1's ndcg@1000: 0.494474
[I 2025-06-21 15:49:11,218] Trial 34 finished with value: 0.5259744876772047 and parameters: {'learning_rate': 0.02374424919354094, 'num_leaves': 1345, 'min_data_in_leaf': 437, 'lambda_l2': 0.0006912669203203992, 'subsample': 0.6564842279547428, 'colsample_bytree': 0.5019452571265184}. Best is trial 30 with value: 0.5263812107516677.
2023q4 74
Completed 2023q4, Results collected.
Completed all folds. Results saved to pkl files.
