[I 2025-06-21 13:54:27,806] Trial 7 finished with value: 0.5498394529247606 and parameters: {'learning_rate': 0.02504827650693955, 'num_leaves': 1646, 'min_data_in_leaf': 584, 'lambda_l2': 0.8079014150290075, 'subsample': 0.7647272255648081, 'colsample_bytree': 0.9265621587916564}. Best is trial 6 with value: 0.5507346381938631.
Training until validation scores don't improve for 10 rounds
Training until validation scores don't improve for 10 rounds
Training until validation scores don't improve for 10 rounds
Training until validation scores don't improve for 10 rounds
Early stopping, best iteration is:
[138]	training's ndcg@1000: 0.561951	valid_1's ndcg@1000: 0.510674
Training until validation scores don't improve for 10 rounds
Training until validation scores don't improve for 10 rounds
Early stopping, best iteration is:
[172]	training's ndcg@1000: 0.571063	valid_1's ndcg@1000: 0.548982
Early stopping, best iteration is:
[96]	training's ndcg@1000: 0.533861	valid_1's ndcg@1000: 0.522112
Early stopping, best iteration is:
[86]	training's ndcg@1000: 0.612393	valid_1's ndcg@1000: 0.489094
Early stopping, best iteration is:
[99]	training's ndcg@1000: 0.566861	valid_1's ndcg@1000: 0.495855
Training until validation scores don't improve for 10 rounds
Training until validation scores don't improve for 10 rounds
Early stopping, best iteration is:
[38]	training's ndcg@1000: 0.533317	valid_1's ndcg@1000: 0.518299
Training until validation scores don't improve for 10 rounds
Training until validation scores don't improve for 10 rounds
Training until validation scores don't improve for 10 rounds
Early stopping, best iteration is:
[166]	training's ndcg@1000: 0.578074	valid_1's ndcg@1000: 0.499667
Early stopping, best iteration is:
[73]	training's ndcg@1000: 0.534375	valid_1's ndcg@1000: 0.487557
Training until validation scores don't improve for 10 rounds
Early stopping, best iteration is:
[256]	training's ndcg@1000: 0.648022	valid_1's ndcg@1000: 0.545436
Early stopping, best iteration is:
[112]	training's ndcg@1000: 0.578263	valid_1's ndcg@1000: 0.493406
Training until validation scores don't improve for 10 rounds
Early stopping, best iteration is:
[140]	training's ndcg@1000: 0.656297	valid_1's ndcg@1000: 0.482405
[I 2025-06-21 13:56:37,487] Trial 6 finished with value: 0.5168964705489263 and parameters: {'learning_rate': 0.027555966901234363, 'num_leaves': 1032, 'min_data_in_leaf': 861, 'lambda_l2': 0.20752030361880347, 'subsample': 0.8200278950973832, 'colsample_bytree': 0.795567765284694}. Best is trial 6 with value: 0.5168964705489263.
Training until validation scores don't improve for 10 rounds
Early stopping, best iteration is:
[55]	training's ndcg@1000: 0.537495	valid_1's ndcg@1000: 0.497124
[I 2025-06-21 13:56:44,256] Trial 7 finished with value: 0.5344003112262049 and parameters: {'learning_rate': 0.01922319702565949, 'num_leaves': 357, 'min_data_in_leaf': 1602, 'lambda_l2': 0.9146753340787205, 'subsample': 0.6573311492002142, 'colsample_bytree': 0.6632870763566725}. Best is trial 1 with value: 0.5360096269760186.
Early stopping, best iteration is:
[210]	training's ndcg@1000: 0.59687	valid_1's ndcg@1000: 0.501837
Early stopping, best iteration is:
[34]	training's ndcg@1000: 0.523362	valid_1's ndcg@1000: 0.485659
Training until validation scores don't improve for 10 rounds
Training until validation scores don't improve for 10 rounds
Early stopping, best iteration is:
[26]	training's ndcg@1000: 0.53595	valid_1's ndcg@1000: 0.479624
[I 2025-06-21 13:57:09,838] Trial 7 finished with value: 0.5200867009146759 and parameters: {'learning_rate': 0.016693555291761884, 'num_leaves': 708, 'min_data_in_leaf': 843, 'lambda_l2': 0.4767944830914488, 'subsample': 0.7933559051745108, 'colsample_bytree': 0.7529899319179816}. Best is trial 0 with value: 0.5205040754223261.
Training until validation scores don't improve for 10 rounds
Early stopping, best iteration is:
[23]	training's ndcg@1000: 0.522194	valid_1's ndcg@1000: 0.488262
Training until validation scores don't improve for 10 rounds
Training until validation scores don't improve for 10 rounds
Early stopping, best iteration is:
[104]	training's ndcg@1000: 0.586145	valid_1's ndcg@1000: 0.532479
Training until validation scores don't improve for 10 rounds
Early stopping, best iteration is:
[62]	training's ndcg@1000: 0.5483	valid_1's ndcg@1000: 0.488441
[I 2025-06-21 13:57:32,002] Trial 7 finished with value: 0.5399448715437627 and parameters: {'learning_rate': 0.01985743065538086, 'num_leaves': 1094, 'min_data_in_leaf': 1736, 'lambda_l2': 0.7750836356749594, 'subsample': 0.8304421771137034, 'colsample_bytree': 0.6245755710957117}. Best is trial 4 with value: 0.5452967307296768.
Early stopping, best iteration is:
[74]	training's ndcg@1000: 0.53667	valid_1's ndcg@1000: 0.528957
Early stopping, best iteration is:
[52]	training's ndcg@1000: 0.52668	valid_1's ndcg@1000: 0.490329
[I 2025-06-21 13:57:41,025] Trial 7 finished with value: 0.5222074448046072 and parameters: {'learning_rate': 0.016193412432820332, 'num_leaves': 1799, 'min_data_in_leaf': 1951, 'lambda_l2': 0.7012952835462125, 'subsample': 0.9020172671349238, 'colsample_bytree': 0.8250261093429574}. Best is trial 3 with value: 0.5241390070133589.
Training until validation scores don't improve for 10 rounds
Training until validation scores don't improve for 10 rounds
Early stopping, best iteration is:
[36]	training's ndcg@1000: 0.529852	valid_1's ndcg@1000: 0.485429
Early stopping, best iteration is:
[73]	training's ndcg@1000: 0.534333	valid_1's ndcg@1000: 0.505868
Training until validation scores don't improve for 10 rounds
Training until validation scores don't improve for 10 rounds
Early stopping, best iteration is:
[32]	training's ndcg@1000: 0.560259	valid_1's ndcg@1000: 0.506308
Training until validation scores don't improve for 10 rounds
Early stopping, best iteration is:
[45]	training's ndcg@1000: 0.54047	valid_1's ndcg@1000: 0.544228
Training until validation scores don't improve for 10 rounds
Training until validation scores don't improve for 10 rounds
Early stopping, best iteration is:
[68]	training's ndcg@1000: 0.542681	valid_1's ndcg@1000: 0.503782
Training until validation scores don't improve for 10 rounds
Early stopping, best iteration is:
[90]	training's ndcg@1000: 0.528088	valid_1's ndcg@1000: 0.52154
Training until validation scores don't improve for 10 rounds
Early stopping, best iteration is:
[63]	training's ndcg@1000: 0.539615	valid_1's ndcg@1000: 0.487203
Training until validation scores don't improve for 10 rounds
Early stopping, best iteration is:
[125]	training's ndcg@1000: 0.560159	valid_1's ndcg@1000: 0.497896
Training until validation scores don't improve for 10 rounds
Training until validation scores don't improve for 10 rounds
Training until validation scores don't improve for 10 rounds
Early stopping, best iteration is:
[113]	training's ndcg@1000: 0.599896	valid_1's ndcg@1000: 0.499308
[I 2025-06-21 13:59:20,824] Trial 8 finished with value: 0.5471273555489541 and parameters: {'learning_rate': 0.016515390939263942, 'num_leaves': 717, 'min_data_in_leaf': 510, 'lambda_l2': 0.7258026331827702, 'subsample': 0.7321580897318432, 'colsample_bytree': 0.9508322035116776}. Best is trial 6 with value: 0.5507346381938631.
Early stopping, best iteration is:
[58]	training's ndcg@1000: 0.547784	valid_1's ndcg@1000: 0.493067
Early stopping, best iteration is:
[64]	training's ndcg@1000: 0.530186	valid_1's ndcg@1000: 0.48938
Early stopping, best iteration is:
[148]	training's ndcg@1000: 0.59034	valid_1's ndcg@1000: 0.525754
Early stopping, best iteration is:
[23]	training's ndcg@1000: 0.525325	valid_1's ndcg@1000: 0.474225
[I 2025-06-21 13:59:26,340] Trial 7 finished with value: 0.5123000125301085 and parameters: {'learning_rate': 0.011232026650189393, 'num_leaves': 1591, 'min_data_in_leaf': 1242, 'lambda_l2': 0.22889724484506935, 'subsample': 0.9877381342708793, 'colsample_bytree': 0.5146488941547251}. Best is trial 6 with value: 0.5168964705489263.
Training until validation scores don't improve for 10 rounds
Early stopping, best iteration is:
[33]	training's ndcg@1000: 0.527022	valid_1's ndcg@1000: 0.491665
Training until validation scores don't improve for 10 rounds
Training until validation scores don't improve for 10 rounds
Training until validation scores don't improve for 10 rounds
Training until validation scores don't improve for 10 rounds
Training until validation scores don't improve for 10 rounds
Early stopping, best iteration is:
[24]	training's ndcg@1000: 0.515802	valid_1's ndcg@1000: 0.484369
Early stopping, best iteration is:
[57]	training's ndcg@1000: 0.538947	valid_1's ndcg@1000: 0.538424
Early stopping, best iteration is:
[54]	training's ndcg@1000: 0.527416	valid_1's ndcg@1000: 0.485257
Training until validation scores don't improve for 10 rounds
Early stopping, best iteration is:
[83]	training's ndcg@1000: 0.547677	valid_1's ndcg@1000: 0.497278
[I 2025-06-21 14:00:22,263] Trial 8 finished with value: 0.5307037492529096 and parameters: {'learning_rate': 0.007983889651006538, 'num_leaves': 1973, 'min_data_in_leaf': 434, 'lambda_l2': 0.9860389444615553, 'subsample': 0.6378578601872494, 'colsample_bytree': 0.6111747648451579}. Best is trial 1 with value: 0.5360096269760186.
Early stopping, best iteration is:
[111]	training's ndcg@1000: 0.581153	valid_1's ndcg@1000: 0.497428
Early stopping, best iteration is:
[106]	training's ndcg@1000: 0.552515	valid_1's ndcg@1000: 0.483893
Training until validation scores don't improve for 10 rounds
Training until validation scores don't improve for 10 rounds
[I 2025-06-21 14:00:38,675] Trial 8 finished with value: 0.5207479990052891 and parameters: {'learning_rate': 0.01654815984065538, 'num_leaves': 1228, 'min_data_in_leaf': 1850, 'lambda_l2': 0.29204457675999007, 'subsample': 0.9457524952817905, 'colsample_bytree': 0.6517893951754221}. Best is trial 8 with value: 0.5207479990052891.
Early stopping, best iteration is:
[31]	training's ndcg@1000: 0.521332	valid_1's ndcg@1000: 0.483722
Training until validation scores don't improve for 10 rounds
Early stopping, best iteration is:
[56]	training's ndcg@1000: 0.545356	valid_1's ndcg@1000: 0.53147
Training until validation scores don't improve for 10 rounds
Training until validation scores don't improve for 10 rounds
Early stopping, best iteration is:
[46]	training's ndcg@1000: 0.523976	valid_1's ndcg@1000: 0.489397
[I 2025-06-21 14:00:58,785] Trial 8 finished with value: 0.5217390157753525 and parameters: {'learning_rate': 0.01427376829740861, 'num_leaves': 1949, 'min_data_in_leaf': 1879, 'lambda_l2': 0.6787977865763901, 'subsample': 0.8834948341174117, 'colsample_bytree': 0.5897213659970024}. Best is trial 3 with value: 0.5241390070133589.
Early stopping, best iteration is:
[53]	training's ndcg@1000: 0.560617	valid_1's ndcg@1000: 0.489227
[I 2025-06-21 14:01:11,006] Trial 8 finished with value: 0.5397556710342691 and parameters: {'learning_rate': 0.015001561533229006, 'num_leaves': 1789, 'min_data_in_leaf': 1187, 'lambda_l2': 0.29660098411991176, 'subsample': 0.6670810337787836, 'colsample_bytree': 0.8257458452151787}. Best is trial 4 with value: 0.5452967307296768.
Training until validation scores don't improve for 10 rounds
Early stopping, best iteration is:
[63]	training's ndcg@1000: 0.556312	valid_1's ndcg@1000: 0.530532
Training until validation scores don't improve for 10 rounds
Training until validation scores don't improve for 10 rounds
Early stopping, best iteration is:
[9]	training's ndcg@1000: 0.512379	valid_1's ndcg@1000: 0.481848
Early stopping, best iteration is:
[32]	training's ndcg@1000: 0.548221	valid_1's ndcg@1000: 0.508588
Training until validation scores don't improve for 10 rounds
Early stopping, best iteration is:
[75]	training's ndcg@1000: 0.553675	valid_1's ndcg@1000: 0.506287
Training until validation scores don't improve for 10 rounds
Training until validation scores don't improve for 10 rounds
Early stopping, best iteration is:
[71]	training's ndcg@1000: 0.530975	valid_1's ndcg@1000: 0.544955
Training until validation scores don't improve for 10 rounds
Early stopping, best iteration is:
[79]	training's ndcg@1000: 0.537463	valid_1's ndcg@1000: 0.521337
Training until validation scores don't improve for 10 rounds
Early stopping, best iteration is:
[24]	training's ndcg@1000: 0.518029	valid_1's ndcg@1000: 0.471161
[I 2025-06-21 14:02:04,273] Trial 8 finished with value: 0.5104000399916088 and parameters: {'learning_rate': 0.018175451228679453, 'num_leaves': 867, 'min_data_in_leaf': 941, 'lambda_l2': 0.8995096175815009, 'subsample': 0.7137815671071468, 'colsample_bytree': 0.7482930080231536}. Best is trial 6 with value: 0.5168964705489263.
Early stopping, best iteration is:
[44]	training's ndcg@1000: 0.554176	valid_1's ndcg@1000: 0.504922
Early stopping, best iteration is:
[40]	training's ndcg@1000: 0.552895	valid_1's ndcg@1000: 0.49616
[I 2025-06-21 14:02:09,862] Trial 9 finished with value: 0.5445237762722906 and parameters: {'learning_rate': 0.006405442065845663, 'num_leaves': 1525, 'min_data_in_leaf': 1929, 'lambda_l2': 0.0950755006917815, 'subsample': 0.7313688405783709, 'colsample_bytree': 0.7933694908065928}. Best is trial 6 with value: 0.5507346381938631.
Training until validation scores don't improve for 10 rounds
Training until validation scores don't improve for 10 rounds
Training until validation scores don't improve for 10 rounds
Training until validation scores don't improve for 10 rounds
Early stopping, best iteration is:
[41]	training's ndcg@1000: 0.534784	valid_1's ndcg@1000: 0.517423
Training until validation scores don't improve for 10 rounds
Training until validation scores don't improve for 10 rounds
Early stopping, best iteration is:
[126]	training's ndcg@1000: 0.579851	valid_1's ndcg@1000: 0.496751
Early stopping, best iteration is:
[79]	training's ndcg@1000: 0.544965	valid_1's ndcg@1000: 0.488314
Early stopping, best iteration is:
[77]	training's ndcg@1000: 0.57581	valid_1's ndcg@1000: 0.498197
Training until validation scores don't improve for 10 rounds
Early stopping, best iteration is:
[187]	training's ndcg@1000: 0.555908	valid_1's ndcg@1000: 0.491108
Training until validation scores don't improve for 10 rounds
Early stopping, best iteration is:
[149]	training's ndcg@1000: 0.630173	valid_1's ndcg@1000: 0.545026
Early stopping, best iteration is:
[45]	training's ndcg@1000: 0.547546	valid_1's ndcg@1000: 0.491127
Training until validation scores don't improve for 10 rounds
Training until validation scores don't improve for 10 rounds
Training until validation scores don't improve for 10 rounds
Early stopping, best iteration is:
[44]	training's ndcg@1000: 0.556757	valid_1's ndcg@1000: 0.497613
Early stopping, best iteration is:
[53]	training's ndcg@1000: 0.536499	valid_1's ndcg@1000: 0.485751
[I 2025-06-21 14:03:52,502] Trial 9 finished with value: 0.5327149753879157 and parameters: {'learning_rate': 0.01829673180239845, 'num_leaves': 1815, 'min_data_in_leaf': 519, 'lambda_l2': 0.6877387092008564, 'subsample': 0.6047420742225985, 'colsample_bytree': 0.7512770519911194}. Best is trial 1 with value: 0.5360096269760186.
Training until validation scores don't improve for 10 rounds
Early stopping, best iteration is:
[50]	training's ndcg@1000: 0.521815	valid_1's ndcg@1000: 0.483547
Training until validation scores don't improve for 10 rounds
Early stopping, best iteration is:
[289]	training's ndcg@1000: 0.606009	valid_1's ndcg@1000: 0.50039
Training until validation scores don't improve for 10 rounds
Training until validation scores don't improve for 10 rounds
Training until validation scores don't improve for 10 rounds
Early stopping, best iteration is:
[35]	training's ndcg@1000: 0.518932	valid_1's ndcg@1000: 0.4833
Early stopping, best iteration is:
[201]	training's ndcg@1000: 0.663313	valid_1's ndcg@1000: 0.540261
Training until validation scores don't improve for 10 rounds
Early stopping, best iteration is:
[70]	training's ndcg@1000: 0.534755	valid_1's ndcg@1000: 0.527364
Early stopping, best iteration is:
[68]	training's ndcg@1000: 0.548252	valid_1's ndcg@1000: 0.488614
[I 2025-06-21 14:04:56,576] Trial 9 finished with value: 0.5385736650349426 and parameters: {'learning_rate': 0.01311518524415983, 'num_leaves': 1171, 'min_data_in_leaf': 1312, 'lambda_l2': 0.7705064941087976, 'subsample': 0.7811312459082904, 'colsample_bytree': 0.9796627356921805}. Best is trial 4 with value: 0.5452967307296768.
Early stopping, best iteration is:
[114]	training's ndcg@1000: 0.556115	valid_1's ndcg@1000: 0.492582
[I 2025-06-21 14:05:08,774] Trial 9 finished with value: 0.5227703542838742 and parameters: {'learning_rate': 0.01554609794146641, 'num_leaves': 1600, 'min_data_in_leaf': 936, 'lambda_l2': 0.94820030269743, 'subsample': 0.6464471483648258, 'colsample_bytree': 0.8052743294461372}. Best is trial 3 with value: 0.5241390070133589.
Training until validation scores don't improve for 10 rounds
Early stopping, best iteration is:
[219]	training's ndcg@1000: 0.619615	valid_1's ndcg@1000: 0.485307
Training until validation scores don't improve for 10 rounds
[I 2025-06-21 14:05:15,494] Trial 9 finished with value: 0.5213267372054602 and parameters: {'learning_rate': 0.01276531050392158, 'num_leaves': 1061, 'min_data_in_leaf': 954, 'lambda_l2': 0.23925414952067037, 'subsample': 0.8642071022896083, 'colsample_bytree': 0.9047557113600166}. Best is trial 9 with value: 0.5213267372054602.
Training until validation scores don't improve for 10 rounds
Training until validation scores don't improve for 10 rounds
Early stopping, best iteration is:
[68]	training's ndcg@1000: 0.524194	valid_1's ndcg@1000: 0.473889
[I 2025-06-21 14:05:33,902] Trial 9 finished with value: 0.5123931884770129 and parameters: {'learning_rate': 0.010903450146234348, 'num_leaves': 465, 'min_data_in_leaf': 1838, 'lambda_l2': 0.2950055180216564, 'subsample': 0.9122858706713532, 'colsample_bytree': 0.9643870847007336}. Best is trial 6 with value: 0.5168964705489263.
Training until validation scores don't improve for 10 rounds
Early stopping, best iteration is:
[93]	training's ndcg@1000: 0.547664	valid_1's ndcg@1000: 0.50385
Early stopping, best iteration is:
[53]	training's ndcg@1000: 0.542731	valid_1's ndcg@1000: 0.544057
Early stopping, best iteration is:
[120]	training's ndcg@1000: 0.624262	valid_1's ndcg@1000: 0.517294
Training until validation scores don't improve for 10 rounds
Early stopping, best iteration is:
[28]	training's ndcg@1000: 0.531327	valid_1's ndcg@1000: 0.518476
Training until validation scores don't improve for 10 rounds
Training until validation scores don't improve for 10 rounds
Training until validation scores don't improve for 10 rounds
Training until validation scores don't improve for 10 rounds
Early stopping, best iteration is:
[54]	training's ndcg@1000: 0.579745	valid_1's ndcg@1000: 0.50552
Training until validation scores don't improve for 10 rounds
Early stopping, best iteration is:
[119]	training's ndcg@1000: 0.54402	valid_1's ndcg@1000: 0.489317
Early stopping, best iteration is:
[31]	training's ndcg@1000: 0.541117	valid_1's ndcg@1000: 0.485809
Early stopping, best iteration is:
[95]	training's ndcg@1000: 0.568767	valid_1's ndcg@1000: 0.521879
Early stopping, best iteration is:
[133]	training's ndcg@1000: 0.560533	valid_1's ndcg@1000: 0.495686
Training until validation scores don't improve for 10 rounds
Early stopping, best iteration is:
[156]	training's ndcg@1000: 0.647689	valid_1's ndcg@1000: 0.502701
[I 2025-06-21 14:07:00,765] Trial 10 finished with value: 0.5522002523086872 and parameters: {'learning_rate': 0.02257788520738183, 'num_leaves': 1578, 'min_data_in_leaf': 821, 'lambda_l2': 0.3387727100556708, 'subsample': 0.8804491306853295, 'colsample_bytree': 0.5248664827265261}. Best is trial 10 with value: 0.5522002523086872.
Training until validation scores don't improve for 10 rounds
Training until validation scores don't improve for 10 rounds
Early stopping, best iteration is:
[59]	training's ndcg@1000: 0.525721	valid_1's ndcg@1000: 0.484456
Training until validation scores don't improve for 10 rounds
Training until validation scores don't improve for 10 rounds
Training until validation scores don't improve for 10 rounds
Early stopping, best iteration is:
[110]	training's ndcg@1000: 0.611256	valid_1's ndcg@1000: 0.497067
Early stopping, best iteration is:
[52]	training's ndcg@1000: 0.544249	valid_1's ndcg@1000: 0.486105
Early stopping, best iteration is:
[75]	training's ndcg@1000: 0.546907	valid_1's ndcg@1000: 0.495643
[I 2025-06-21 14:07:48,504] Trial 10 finished with value: 0.5310336702977672 and parameters: {'learning_rate': 0.0074502099249373075, 'num_leaves': 1103, 'min_data_in_leaf': 614, 'lambda_l2': 0.7918092166136079, 'subsample': 0.7364325402365911, 'colsample_bytree': 0.9721846516108427}. Best is trial 1 with value: 0.5360096269760186.
Training until validation scores don't improve for 10 rounds
Early stopping, best iteration is:
[148]	training's ndcg@1000: 0.58594	valid_1's ndcg@1000: 0.544805
Early stopping, best iteration is:
[126]	training's ndcg@1000: 0.551421	valid_1's ndcg@1000: 0.487393
Training until validation scores don't improve for 10 rounds
Training until validation scores don't improve for 10 rounds
Early stopping, best iteration is:
[223]	training's ndcg@1000: 0.628561	valid_1's ndcg@1000: 0.500258
Training until validation scores don't improve for 10 rounds
Early stopping, best iteration is:
[35]	training's ndcg@1000: 0.576986	valid_1's ndcg@1000: 0.491391
Training until validation scores don't improve for 10 rounds
Early stopping, best iteration is:
[37]	training's ndcg@1000: 0.542283	valid_1's ndcg@1000: 0.53037
Early stopping, best iteration is:
[63]	training's ndcg@1000: 0.545446	valid_1's ndcg@1000: 0.490374
