[I 2025-06-19 15:24:32,064] Trial 15 finished with value: 0.10363555401521686 and parameters: {'learning_rate': 0.022397366281146063, 'num_leaves': 231, 'min_data_in_leaf': 730, 'lambda_l2': 0.2764662867307775, 'subsample': 0.8281477830474537, 'colsample_bytree': 0.6740535781286258}. Best is trial 11 with value: 0.10686291830013028.
Training until validation scores don't improve for 10 rounds
Early stopping, best iteration is:
[266]	training's rmse: 0.936498	valid_1's rmse: 0.990721
Training until validation scores don't improve for 10 rounds
Training until validation scores don't improve for 10 rounds
Early stopping, best iteration is:
[288]	training's rmse: 0.962545	valid_1's rmse: 0.993673
Training until validation scores don't improve for 10 rounds
Training until validation scores don't improve for 10 rounds
Early stopping, best iteration is:
[355]	training's rmse: 0.978061	valid_1's rmse: 0.993179
Early stopping, best iteration is:
[621]	training's rmse: 0.919361	valid_1's rmse: 0.987268
Early stopping, best iteration is:
[177]	training's rmse: 0.957021	valid_1's rmse: 0.992365
Early stopping, best iteration is:
[250]	training's rmse: 0.937931	valid_1's rmse: 0.992045
Training until validation scores don't improve for 10 rounds
Training until validation scores don't improve for 10 rounds
Training until validation scores don't improve for 10 rounds
Training until validation scores don't improve for 10 rounds
Early stopping, best iteration is:
[477]	training's rmse: 0.964012	valid_1's rmse: 0.991397
Early stopping, best iteration is:
[262]	training's rmse: 0.982915	valid_1's rmse: 0.995111
Early stopping, best iteration is:
[420]	training's rmse: 0.950454	valid_1's rmse: 0.992611
Training until validation scores don't improve for 10 rounds
Early stopping, best iteration is:
[269]	training's rmse: 0.937168	valid_1's rmse: 0.990987
[I 2025-06-19 15:29:11,151] Trial 19 finished with value: 0.11696960625344642 and parameters: {'learning_rate': 0.019972673314193095, 'num_leaves': 1877, 'min_data_in_leaf': 611, 'lambda_l2': 0.6711998868578395, 'subsample': 0.9565348525763837, 'colsample_bytree': 0.8275439736382231}. Best is trial 11 with value: 0.11936504261646605.
Training until validation scores don't improve for 10 rounds
Training until validation scores don't improve for 10 rounds
Early stopping, best iteration is:
[275]	training's rmse: 0.943563	valid_1's rmse: 0.991254
Early stopping, best iteration is:
[390]	training's rmse: 0.937418	valid_1's rmse: 0.991355
Training until validation scores don't improve for 10 rounds
Training until validation scores don't improve for 10 rounds
Training until validation scores don't improve for 10 rounds
Early stopping, best iteration is:
[317]	training's rmse: 0.96015	valid_1's rmse: 0.994152
Early stopping, best iteration is:
[107]	training's rmse: 0.970188	valid_1's rmse: 0.99595
Early stopping, best iteration is:
[805]	training's rmse: 0.966149	valid_1's rmse: 0.991792
Training until validation scores don't improve for 10 rounds
Training until validation scores don't improve for 10 rounds
Early stopping, best iteration is:
[553]	training's rmse: 0.951917	valid_1's rmse: 0.991581
Training until validation scores don't improve for 10 rounds
Training until validation scores don't improve for 10 rounds
Early stopping, best iteration is:
[987]	training's rmse: 0.944136	valid_1's rmse: 0.992846
[I 2025-06-19 15:33:15,675] Trial 17 finished with value: 0.11497409974582669 and parameters: {'learning_rate': 0.005004550050728319, 'num_leaves': 1229, 'min_data_in_leaf': 729, 'lambda_l2': 0.4214739920604834, 'subsample': 0.7803785387712248, 'colsample_bytree': 0.5608769930441234}. Best is trial 5 with value: 0.11514199242296116.
Early stopping, best iteration is:
[548]	training's rmse: 0.923845	valid_1's rmse: 0.989063
Training until validation scores don't improve for 10 rounds
Early stopping, best iteration is:
[240]	training's rmse: 0.949742	valid_1's rmse: 0.992963
Training until validation scores don't improve for 10 rounds
[I 2025-06-19 15:33:59,746] Trial 16 finished with value: 0.10502990947257694 and parameters: {'learning_rate': 0.014662181638853982, 'num_leaves': 704, 'min_data_in_leaf': 666, 'lambda_l2': 0.07492745744631246, 'subsample': 0.7507888629710647, 'colsample_bytree': 0.5832732652501532}. Best is trial 11 with value: 0.10686291830013028.
Early stopping, best iteration is:
[387]	training's rmse: 0.954606	valid_1's rmse: 0.992804
[I 2025-06-19 15:34:26,899] Trial 20 finished with value: 0.10124896133888975 and parameters: {'learning_rate': 0.007119401572234907, 'num_leaves': 475, 'min_data_in_leaf': 435, 'lambda_l2': 0.6980878043425515, 'subsample': 0.8466575594110484, 'colsample_bytree': 0.8925506822183795}. Best is trial 13 with value: 0.10163344794665438.
Early stopping, best iteration is:
[477]	training's rmse: 0.973982	valid_1's rmse: 0.993682
[I 2025-06-19 15:34:32,316] Trial 23 finished with value: 0.10507734121450271 and parameters: {'learning_rate': 0.0051450977532855584, 'num_leaves': 704, 'min_data_in_leaf': 1633, 'lambda_l2': 0.5358815876213868, 'subsample': 0.9931516080456304, 'colsample_bytree': 0.5342115388108893}. Best is trial 10 with value: 0.10532221307082346.
Training until validation scores don't improve for 10 rounds
Early stopping, best iteration is:
[407]	training's rmse: 0.967532	valid_1's rmse: 0.991888
Training until validation scores don't improve for 10 rounds
Training until validation scores don't improve for 10 rounds
Early stopping, best iteration is:
[602]	training's rmse: 0.94801	valid_1's rmse: 0.990786
Training until validation scores don't improve for 10 rounds
Early stopping, best iteration is:
[169]	training's rmse: 0.976368	valid_1's rmse: 0.993191
Training until validation scores don't improve for 10 rounds
Early stopping, best iteration is:
[229]	training's rmse: 0.965306	valid_1's rmse: 0.992412
Training until validation scores don't improve for 10 rounds
Early stopping, best iteration is:
[356]	training's rmse: 0.976235	valid_1's rmse: 0.993772
Early stopping, best iteration is:
[571]	training's rmse: 0.921242	valid_1's rmse: 0.989222
Early stopping, best iteration is:
[532]	training's rmse: 0.962836	valid_1's rmse: 0.991661
[I 2025-06-19 15:37:02,005] Trial 18 finished with value: 0.1296490205711389 and parameters: {'learning_rate': 0.009949809928106821, 'num_leaves': 1189, 'min_data_in_leaf': 431, 'lambda_l2': 0.41893967872129123, 'subsample': 0.8633501203658785, 'colsample_bytree': 0.5807247387231805}. Best is trial 18 with value: 0.1296490205711389.
Training until validation scores don't improve for 10 rounds
Early stopping, best iteration is:
[115]	training's rmse: 0.982594	valid_1's rmse: 0.995188
Training until validation scores don't improve for 10 rounds
Training until validation scores don't improve for 10 rounds
Training until validation scores don't improve for 10 rounds
Training until validation scores don't improve for 10 rounds
Early stopping, best iteration is:
[435]	training's rmse: 0.966058	valid_1's rmse: 0.991112
Early stopping, best iteration is:
[714]	training's rmse: 0.941864	valid_1's rmse: 0.991651
Early stopping, best iteration is:
[416]	training's rmse: 0.961842	valid_1's rmse: 0.991669
Training until validation scores don't improve for 10 rounds
Training until validation scores don't improve for 10 rounds
Early stopping, best iteration is:
[418]	training's rmse: 0.928127	valid_1's rmse: 0.987768
Early stopping, best iteration is:
[460]	training's rmse: 0.937376	valid_1's rmse: 0.991024
Early stopping, best iteration is:
[644]	training's rmse: 0.964791	valid_1's rmse: 0.992688
Training until validation scores don't improve for 10 rounds
Training until validation scores don't improve for 10 rounds
Early stopping, best iteration is:
[490]	training's rmse: 0.964457	valid_1's rmse: 0.993098
[I 2025-06-19 15:40:47,006] Trial 18 finished with value: 0.11453010136408856 and parameters: {'learning_rate': 0.011574728300851983, 'num_leaves': 533, 'min_data_in_leaf': 1988, 'lambda_l2': 0.6698417630802718, 'subsample': 0.7716177968006025, 'colsample_bytree': 0.5636056084100969}. Best is trial 5 with value: 0.11514199242296116.
Training until validation scores don't improve for 10 rounds
Training until validation scores don't improve for 10 rounds
Training until validation scores don't improve for 10 rounds
Early stopping, best iteration is:
[420]	training's rmse: 0.959493	valid_1's rmse: 0.993131
[I 2025-06-19 15:41:44,975] Trial 24 finished with value: 0.10446706379147692 and parameters: {'learning_rate': 0.011353471382982067, 'num_leaves': 1797, 'min_data_in_leaf': 1475, 'lambda_l2': 0.7397632886255129, 'subsample': 0.788235188227246, 'colsample_bytree': 0.5019326423063647}. Best is trial 10 with value: 0.10532221307082346.
Early stopping, best iteration is:
[219]	training's rmse: 0.966779	valid_1's rmse: 0.995719
Training until validation scores don't improve for 10 rounds
Early stopping, best iteration is:
[698]	training's rmse: 0.944691	valid_1's rmse: 0.990905
[I 2025-06-19 15:42:40,861] Trial 20 finished with value: 0.11861393006533233 and parameters: {'learning_rate': 0.00777676930200338, 'num_leaves': 750, 'min_data_in_leaf': 759, 'lambda_l2': 0.1663358628442817, 'subsample': 0.8922870430114336, 'colsample_bytree': 0.5531350881261147}. Best is trial 11 with value: 0.11936504261646605.
Early stopping, best iteration is:
[391]	training's rmse: 0.93057	valid_1's rmse: 0.99113
Early stopping, best iteration is:
[532]	training's rmse: 0.968539	valid_1's rmse: 0.994351
Training until validation scores don't improve for 10 rounds
Training until validation scores don't improve for 10 rounds
Training until validation scores don't improve for 10 rounds
Early stopping, best iteration is:
[280]	training's rmse: 0.972287	valid_1's rmse: 0.992982
Early stopping, best iteration is:
[536]	training's rmse: 0.946235	valid_1's rmse: 0.991632
Training until validation scores don't improve for 10 rounds
Training until validation scores don't improve for 10 rounds
Training until validation scores don't improve for 10 rounds
Early stopping, best iteration is:
[430]	training's rmse: 0.955039	valid_1's rmse: 0.991563
Early stopping, best iteration is:
[163]	training's rmse: 0.982119	valid_1's rmse: 0.995151
Training until validation scores don't improve for 10 rounds
Training until validation scores don't improve for 10 rounds
Early stopping, best iteration is:
[466]	training's rmse: 0.922215	valid_1's rmse: 0.989186
Early stopping, best iteration is:
[360]	training's rmse: 0.957326	valid_1's rmse: 0.99168
Early stopping, best iteration is:
[513]	training's rmse: 0.969069	valid_1's rmse: 0.993237
[I 2025-06-19 15:46:37,702] Trial 21 finished with value: 0.10155841527570417 and parameters: {'learning_rate': 0.005095221757738399, 'num_leaves': 670, 'min_data_in_leaf': 1137, 'lambda_l2': 0.8866482265208753, 'subsample': 0.9363233397569969, 'colsample_bytree': 0.8031865728581262}. Best is trial 13 with value: 0.10163344794665438.
Early stopping, best iteration is:
[536]	training's rmse: 0.935654	valid_1's rmse: 0.992657
Training until validation scores don't improve for 10 rounds
[I 2025-06-19 15:46:49,608] Trial 17 finished with value: 0.1057342828101451 and parameters: {'learning_rate': 0.00802183257744478, 'num_leaves': 445, 'min_data_in_leaf': 401, 'lambda_l2': 0.17635485586197752, 'subsample': 0.895078084362708, 'colsample_bytree': 0.5021520692796709}. Best is trial 11 with value: 0.10686291830013028.
Training until validation scores don't improve for 10 rounds
Early stopping, best iteration is:
[523]	training's rmse: 0.947657	valid_1's rmse: 0.990563
Training until validation scores don't improve for 10 rounds
Early stopping, best iteration is:
[487]	training's rmse: 0.965624	valid_1's rmse: 0.991881
Training until validation scores don't improve for 10 rounds
Training until validation scores don't improve for 10 rounds
Training until validation scores don't improve for 10 rounds
Early stopping, best iteration is:
[215]	training's rmse: 0.973618	valid_1's rmse: 0.993734
Early stopping, best iteration is:
[115]	training's rmse: 0.9574	valid_1's rmse: 0.992637
Training until validation scores don't improve for 10 rounds
Training until validation scores don't improve for 10 rounds
Early stopping, best iteration is:
[446]	training's rmse: 0.951719	valid_1's rmse: 0.991948
Early stopping, best iteration is:
[528]	training's rmse: 0.916172	valid_1's rmse: 0.989255
[I 2025-06-19 15:49:33,383] Trial 19 finished with value: 0.12915677591659028 and parameters: {'learning_rate': 0.011485107100609335, 'num_leaves': 1232, 'min_data_in_leaf': 411, 'lambda_l2': 0.4495959106721389, 'subsample': 0.8525882413371686, 'colsample_bytree': 0.5860847545239889}. Best is trial 18 with value: 0.1296490205711389.
Early stopping, best iteration is:
[601]	training's rmse: 0.943117	valid_1's rmse: 0.990534
Early stopping, best iteration is:
[441]	training's rmse: 0.966115	valid_1's rmse: 0.993176
[I 2025-06-19 15:49:49,548] Trial 25 finished with value: 0.10459758811428585 and parameters: {'learning_rate': 0.008937806038404253, 'num_leaves': 1365, 'min_data_in_leaf': 1704, 'lambda_l2': 0.8810347809940072, 'subsample': 0.9456190238014245, 'colsample_bytree': 0.6008385847388535}. Best is trial 10 with value: 0.10532221307082346.
Training until validation scores don't improve for 10 rounds
Early stopping, best iteration is:
[156]	training's rmse: 0.948774	valid_1's rmse: 0.991413
Training until validation scores don't improve for 10 rounds
Training until validation scores don't improve for 10 rounds
Early stopping, best iteration is:
[440]	training's rmse: 0.959094	valid_1's rmse: 0.992461
Training until validation scores don't improve for 10 rounds
Training until validation scores don't improve for 10 rounds
Training until validation scores don't improve for 10 rounds
Early stopping, best iteration is:
[170]	training's rmse: 0.973628	valid_1's rmse: 0.993047
Early stopping, best iteration is:
[49]	training's rmse: 0.976544	valid_1's rmse: 0.996183
Early stopping, best iteration is:
[444]	training's rmse: 0.930558	valid_1's rmse: 0.9875
Training until validation scores don't improve for 10 rounds
Early stopping, best iteration is:
[671]	training's rmse: 0.938175	valid_1's rmse: 0.990617
[I 2025-06-19 15:52:04,696] Trial 21 finished with value: 0.11860817011259955 and parameters: {'learning_rate': 0.010332925040099798, 'num_leaves': 213, 'min_data_in_leaf': 441, 'lambda_l2': 0.47476407038754126, 'subsample': 0.9901916797311194, 'colsample_bytree': 0.5350428219562022}. Best is trial 11 with value: 0.11936504261646605.
Training until validation scores don't improve for 10 rounds
Early stopping, best iteration is:
[107]	training's rmse: 0.981784	valid_1's rmse: 0.995075
Early stopping, best iteration is:
[331]	training's rmse: 0.964515	valid_1's rmse: 0.994301
Training until validation scores don't improve for 10 rounds
Early stopping, best iteration is:
[426]	training's rmse: 0.953332	valid_1's rmse: 0.993176
[I 2025-06-19 15:52:36,183] Trial 19 finished with value: 0.11444909691535073 and parameters: {'learning_rate': 0.008202174839988016, 'num_leaves': 1194, 'min_data_in_leaf': 694, 'lambda_l2': 0.14493497902483565, 'subsample': 0.8465497694057035, 'colsample_bytree': 0.5502342056085769}. Best is trial 5 with value: 0.11514199242296116.
Training until validation scores don't improve for 10 rounds
Early stopping, best iteration is:
[164]	training's rmse: 0.950591	valid_1's rmse: 0.992929
[I 2025-06-19 15:53:09,629] Trial 18 finished with value: 0.10375286058584154 and parameters: {'learning_rate': 0.027983637299265153, 'num_leaves': 844, 'min_data_in_leaf': 911, 'lambda_l2': 0.35434451709360926, 'subsample': 0.6464447726481624, 'colsample_bytree': 0.5955399439035464}. Best is trial 11 with value: 0.10686291830013028.
Training until validation scores don't improve for 10 rounds
Training until validation scores don't improve for 10 rounds
Training until validation scores don't improve for 10 rounds
Early stopping, best iteration is:
[331]	training's rmse: 0.939803	valid_1's rmse: 0.99123
Training until validation scores don't improve for 10 rounds
Early stopping, best iteration is:
[317]	training's rmse: 0.965765	valid_1's rmse: 0.99185
Early stopping, best iteration is:
[247]	training's rmse: 0.971351	valid_1's rmse: 0.99339
[I 2025-06-19 15:54:26,366] Trial 22 finished with value: 0.1012431483785096 and parameters: {'learning_rate': 0.010189203578032834, 'num_leaves': 729, 'min_data_in_leaf': 1231, 'lambda_l2': 0.8448555971474361, 'subsample': 0.9342530400524325, 'colsample_bytree': 0.7997034559415778}. Best is trial 13 with value: 0.10163344794665438.
Training until validation scores don't improve for 10 rounds
Early stopping, best iteration is:
[368]	training's rmse: 0.952479	valid_1's rmse: 0.991536
Training until validation scores don't improve for 10 rounds
Early stopping, best iteration is:
[516]	training's rmse: 0.944699	valid_1's rmse: 0.991461
Training until validation scores don't improve for 10 rounds
Early stopping, best iteration is:
[189]	training's rmse: 0.966583	valid_1's rmse: 0.992665
Training until validation scores don't improve for 10 rounds
Training until validation scores don't improve for 10 rounds
Early stopping, best iteration is:
[291]	training's rmse: 0.966595	valid_1's rmse: 0.993166
[I 2025-06-19 15:55:53,950] Trial 26 finished with value: 0.10494607351501478 and parameters: {'learning_rate': 0.014855347136464974, 'num_leaves': 891, 'min_data_in_leaf': 1930, 'lambda_l2': 0.38428440759301535, 'subsample': 0.8774864759468736, 'colsample_bytree': 0.6751597377335491}. Best is trial 10 with value: 0.10532221307082346.
Training until validation scores don't improve for 10 rounds
Early stopping, best iteration is:
[395]	training's rmse: 0.933066	valid_1's rmse: 0.989028
Early stopping, best iteration is:
[217]	training's rmse: 0.965315	valid_1's rmse: 0.991919
Early stopping, best iteration is:
[296]	training's rmse: 0.977278	valid_1's rmse: 0.993824
Training until validation scores don't improve for 10 rounds
Training until validation scores don't improve for 10 rounds
Training until validation scores don't improve for 10 rounds
Training until validation scores don't improve for 10 rounds
Early stopping, best iteration is:
[102]	training's rmse: 0.969884	valid_1's rmse: 0.993086
Early stopping, best iteration is:
[310]	training's rmse: 0.954995	valid_1's rmse: 0.991303
Early stopping, best iteration is:
[424]	training's rmse: 0.950347	valid_1's rmse: 0.990843
Training until validation scores don't improve for 10 rounds
Early stopping, best iteration is:
[70]	training's rmse: 0.97913	valid_1's rmse: 0.994953
Early stopping, best iteration is:
[405]	training's rmse: 0.949628	valid_1's rmse: 0.990806
Training until validation scores don't improve for 10 rounds
Training until validation scores don't improve for 10 rounds
Early stopping, best iteration is:
[457]	training's rmse: 0.926553	valid_1's rmse: 0.989207
[I 2025-06-19 15:58:34,104] Trial 20 finished with value: 0.13002762747781185 and parameters: {'learning_rate': 0.017037949816864018, 'num_leaves': 1597, 'min_data_in_leaf': 714, 'lambda_l2': 0.3899612161090991, 'subsample': 0.7743751053898499, 'colsample_bytree': 0.5837450625877115}. Best is trial 20 with value: 0.13002762747781185.
Early stopping, best iteration is:
[591]	training's rmse: 0.96498	valid_1's rmse: 0.992529
Training until validation scores don't improve for 10 rounds
Training until validation scores don't improve for 10 rounds
Training until validation scores don't improve for 10 rounds
Early stopping, best iteration is:
[128]	training's rmse: 0.974741	valid_1's rmse: 0.99604
Training until validation scores don't improve for 10 rounds
Early stopping, best iteration is:
[283]	training's rmse: 0.952815	valid_1's rmse: 0.991398
Training until validation scores don't improve for 10 rounds
Early stopping, best iteration is:
[272]	training's rmse: 0.960605	valid_1's rmse: 0.993334
[I 2025-06-19 16:00:12,612] Trial 20 finished with value: 0.11380826581953003 and parameters: {'learning_rate': 0.0133277291704287, 'num_leaves': 444, 'min_data_in_leaf': 952, 'lambda_l2': 0.010394267199574703, 'subsample': 0.7654791807112126, 'colsample_bytree': 0.5492984257604975}. Best is trial 5 with value: 0.11514199242296116.
Early stopping, best iteration is:
[447]	training's rmse: 0.946699	valid_1's rmse: 0.991863
Training until validation scores don't improve for 10 rounds
Early stopping, best iteration is:
[436]	training's rmse: 0.930193	valid_1's rmse: 0.98775
Training until validation scores don't improve for 10 rounds
Early stopping, best iteration is:
[355]	training's rmse: 0.974275	valid_1's rmse: 0.994623
Training until validation scores don't improve for 10 rounds
Early stopping, best iteration is:
[114]	training's rmse: 0.970727	valid_1's rmse: 0.993747
[I 2025-06-19 16:01:01,433] Trial 27 finished with value: 0.10439974385974389 and parameters: {'learning_rate': 0.023209821732874295, 'num_leaves': 1596, 'min_data_in_leaf': 1389, 'lambda_l2': 0.7160639931424365, 'subsample': 0.9083834475668134, 'colsample_bytree': 0.5000093825972132}. Best is trial 10 with value: 0.10532221307082346.
Training until validation scores don't improve for 10 rounds
Training until validation scores don't improve for 10 rounds
Training until validation scores don't improve for 10 rounds
Early stopping, best iteration is:
[509]	training's rmse: 0.943111	valid_1's rmse: 0.992332
